VS filter: testpath:TestAssembly:TRID/Feature:CardsValidation/Scenario:Giving+inputs+from+Excel+file+and+validating+cards+value+on+Closing+Disclosure+page%2c+016 | testpath:TestAssembly:TRID/Feature:CardsValidation/Scenario:Giving+inputs+from+Excel+file+and+validating+cards+value+on+Closing+Disclosure+page%2c+021 | testpath:TestAssembly:TRID/Feature:CardsValidation/Scenario:Giving+inputs+from+Excel+file+and+validating+cards+value+on+Closing+Disclosure+page%2c+020 | testpath:TestAssembly:TRID/Feature:CardsValidation/Scenario:Giving+inputs+from+Excel+file+and+validating+cards+value+on+Closing+Disclosure+page%2c+014 | testpath:TestAssembly:TRID/Feature:CardsValidation/Scenario:Giving+inputs+from+Excel+file+and+validating+cards+value+on+Closing+Disclosure+page%2c+017 | testpath:TestAssembly:TRID/Feature:CardsValidation/Scenario:Giving+inputs+from+Excel+file+and+validating+cards+value+on+Closing+Disclosure+page%2c+019 | testpath:TestAssembly:TRID/Feature:CardsValidation/Scenario:Giving+inputs+from+Excel+file+and+validating+cards+value+on+Closing+Disclosure+page%2c+013
Discovering target: Default
Discovering tests from assembly: F:\Projects\TRID QA\trid-462743\QA\UIAutomation\SpecFramework\bin\Debug\TRID.dll
Appdomain Disposed
Test Suite Dump
#0: TRID/Default - 
#1: Default - 
#2: TRID - 
#122: CardsValidation - 
#250: Giving inputs from Excel file and validating cards value on Closing Disclosure page, 013 - TestAssembly:TRID/Feature:CardsValidation/Scenario:Giving+inputs+from+Excel+file+and+validating+cards+value+on+Closing+Disclosure+page%2c+013
#251: Giving inputs from Excel file and validating cards value on Closing Disclosure page, 014 - TestAssembly:TRID/Feature:CardsValidation/Scenario:Giving+inputs+from+Excel+file+and+validating+cards+value+on+Closing+Disclosure+page%2c+014
#252: Giving inputs from Excel file and validating cards value on Closing Disclosure page, 016 - TestAssembly:TRID/Feature:CardsValidation/Scenario:Giving+inputs+from+Excel+file+and+validating+cards+value+on+Closing+Disclosure+page%2c+016
#253: Giving inputs from Excel file and validating cards value on Closing Disclosure page, 017 - TestAssembly:TRID/Feature:CardsValidation/Scenario:Giving+inputs+from+Excel+file+and+validating+cards+value+on+Closing+Disclosure+page%2c+017
#254: Giving inputs from Excel file and validating cards value on Closing Disclosure page, 019 - TestAssembly:TRID/Feature:CardsValidation/Scenario:Giving+inputs+from+Excel+file+and+validating+cards+value+on+Closing+Disclosure+page%2c+019
#255: Giving inputs from Excel file and validating cards value on Closing Disclosure page, 020 - TestAssembly:TRID/Feature:CardsValidation/Scenario:Giving+inputs+from+Excel+file+and+validating+cards+value+on+Closing+Disclosure+page%2c+020
#256: Giving inputs from Excel file and validating cards value on Closing Disclosure page, 021 - TestAssembly:TRID/Feature:CardsValidation/Scenario:Giving+inputs+from+Excel+file+and+validating+cards+value+on+Closing+Disclosure+page%2c+021
End: Test Suite Dump
Thread#0:Scheduler: get next test for thread
Thread#:Scheduler: testitem #250 from normal test queue 
Thread#0:Scheduler: considering testitem #250 for thread
Thread#0:Scheduler: using testitem #250 for thread
Thread#0:Scheduler: Test #250 is scheduled for thread
Thread#0:Scheduler: with testItemExecutionIndex 0
Thread #0: creating new test thread executor for TRID, Version=1.0.0.0, Culture=neutral, PublicKeyToken=null (target: Default)
Thread#1:Scheduler: get next test for thread
Thread#:Scheduler: testitem #251 from normal test queue 
Thread#1:Scheduler: considering testitem #251 for thread
Thread#1:Scheduler: using testitem #251 for thread
Thread#1:Scheduler: Test #251 is scheduled for thread
Thread#1:Scheduler: with testItemExecutionIndex 1
Thread #1: creating new test thread executor for TRID, Version=1.0.0.0, Culture=neutral, PublicKeyToken=null (target: Default)
Thread#2:Scheduler: get next test for thread
Thread#:Scheduler: testitem #252 from normal test queue 
Thread#2:Scheduler: considering testitem #252 for thread
Thread#2:Scheduler: using testitem #252 for thread
Thread#2:Scheduler: Test #252 is scheduled for thread
Thread#2:Scheduler: with testItemExecutionIndex 2
Thread #2: creating new test thread executor for TRID, Version=1.0.0.0, Culture=neutral, PublicKeyToken=null (target: Default)
Thread#3:Scheduler: get next test for thread
Thread#:Scheduler: testitem #253 from normal test queue 
Thread#3:Scheduler: considering testitem #253 for thread
Thread#3:Scheduler: using testitem #253 for thread
Thread#3:Scheduler: Test #253 is scheduled for thread
Thread#3:Scheduler: with testItemExecutionIndex 3
Thread #3: creating new test thread executor for TRID, Version=1.0.0.0, Culture=neutral, PublicKeyToken=null (target: Default)
Loading SpecRun type 'TechTalk.SpecRun.Framework.TestAssemblyExecutor' from: C:\Users\sandees\AppData\Local\Temp\VisualStudioTestExplorerExtensions\SpecRun.Runner.1.5.2\tools\TechTalk.SpecRun.Framework.Executor.dll
Loading SpecRun type 'TechTalk.SpecRun.Framework.TestAssemblyExecutor' from: C:\Users\sandees\AppData\Local\Temp\VisualStudioTestExplorerExtensions\SpecRun.Runner.1.5.2\tools\TechTalk.SpecRun.Framework.Executor.dll
Loading SpecRun type 'TechTalk.SpecRun.Framework.TestAssemblyExecutor' from: C:\Users\sandees\AppData\Local\Temp\VisualStudioTestExplorerExtensions\SpecRun.Runner.1.5.2\tools\TechTalk.SpecRun.Framework.Executor.dll
Loading SpecRun type 'TechTalk.SpecRun.Framework.TestAssemblyExecutor' from: C:\Users\sandees\AppData\Local\Temp\VisualStudioTestExplorerExtensions\SpecRun.Runner.1.5.2\tools\TechTalk.SpecRun.Framework.Executor.dll
Thread#4:Scheduler: get next test for thread
Thread#:Scheduler: testitem #254 from normal test queue 
Thread#4:Scheduler: considering testitem #254 for thread
Thread#4:Scheduler: using testitem #254 for thread
Thread#4:Scheduler: Test #254 is scheduled for thread
Thread#4:Scheduler: with testItemExecutionIndex 4
Thread #4: creating new test thread executor for TRID, Version=1.0.0.0, Culture=neutral, PublicKeyToken=null (target: Default)
Thread#5:Scheduler: get next test for thread
Thread#:Scheduler: testitem #255 from normal test queue 
Thread#5:Scheduler: considering testitem #255 for thread
Thread#5:Scheduler: using testitem #255 for thread
Thread#5:Scheduler: Test #255 is scheduled for thread
Thread#5:Scheduler: with testItemExecutionIndex 5
Thread #5: creating new test thread executor for TRID, Version=1.0.0.0, Culture=neutral, PublicKeyToken=null (target: Default)
Thread#6:Scheduler: get next test for thread
Thread#:Scheduler: testitem #256 from normal test queue 
Thread#6:Scheduler: considering testitem #256 for thread
Thread#6:Scheduler: using testitem #256 for thread
Thread#6:Scheduler: Test #256 is scheduled for thread
Thread#6:Scheduler: with testItemExecutionIndex 6
Thread #6: creating new test thread executor for TRID, Version=1.0.0.0, Culture=neutral, PublicKeyToken=null (target: Default)
Loading SpecRun type 'TechTalk.SpecRun.Framework.TestAssemblyExecutor' from: C:\Users\sandees\AppData\Local\Temp\VisualStudioTestExplorerExtensions\SpecRun.Runner.1.5.2\tools\TechTalk.SpecRun.Framework.Executor.dll
Loading SpecRun type 'TechTalk.SpecRun.Framework.TestAssemblyExecutor' from: C:\Users\sandees\AppData\Local\Temp\VisualStudioTestExplorerExtensions\SpecRun.Runner.1.5.2\tools\TechTalk.SpecRun.Framework.Executor.dll
Loading SpecRun type 'TechTalk.SpecRun.Framework.TestAssemblyExecutor' from: C:\Users\sandees\AppData\Local\Temp\VisualStudioTestExplorerExtensions\SpecRun.Runner.1.5.2\tools\TechTalk.SpecRun.Framework.Executor.dll
Thread#1: Test #251/0 is started on thread #1
Thread#7:Scheduler: get next test for thread
Thread#:Scheduler: at the end of normal test queue
Thread#7:Scheduler: enumerator for thread is at end
Thread#7:Scheduler: No more tests for thread 
Thread#8:Scheduler: get next test for thread
Thread#:Scheduler: at the end of normal test queue
Thread#8:Scheduler: enumerator for thread is at end
Thread#8:Scheduler: No more tests for thread 
Thread#5: Test #255/0 is started on thread #5
Thread#2: Test #252/0 is started on thread #2
Thread#3: Test #253/0 is started on thread #3
Thread#0: Test #250/0 is started on thread #0
Thread#4: Test #254/0 is started on thread #4
Thread#6: Test #256/0 is started on thread #6
Thread#9:Scheduler: get next test for thread
Thread#:Scheduler: at the end of normal test queue
Thread#9:Scheduler: enumerator for thread is at end
Thread#9:Scheduler: No more tests for thread 
Thread#5:B:Given user is at TRID application homepage
Thread#0:B:Given user is at TRID application homepage
Thread#1:B:Given user is at TRID application homepage
Thread#3:B:Given user is at TRID application homepage
Thread#4:B:Given user is at TRID application homepage
Thread#6:B:Given user is at TRID application homepage
Thread#2:B:Given user is at TRID application homepage
Thread#2:T:done: CardsValidationSteps.GivenUserIsAtTridApplicationHomepage() (32.5s)
Thread#2:B:And user have closing disclosure data from excel sheet ClosingDisclosure for the scenario 14
Thread#0:T:done: CardsValidationSteps.GivenUserIsAtTridApplicationHomepage() (32.5s)
Thread#0:B:And user have closing disclosure data from excel sheet ClosingDisclosure for the scenario 12
Thread#4:T:done: CardsValidationSteps.GivenUserIsAtTridApplicationHomepage() (33.3s)
Thread#4:B:And user have closing disclosure data from excel sheet ClosingDisclosure for the scenario 16
Thread#3:T:done: CardsValidationSteps.GivenUserIsAtTridApplicationHomepage() (33.7s)
Thread#3:B:And user have closing disclosure data from excel sheet ClosingDisclosure for the scenario 15
Thread#6:T:done: CardsValidationSteps.GivenUserIsAtTridApplicationHomepage() (35.4s)
Thread#6:B:And user have closing disclosure data from excel sheet ClosingDisclosure for the scenario 18
Thread#5:T:done: CardsValidationSteps.GivenUserIsAtTridApplicationHomepage() (36.0s)
Thread#5:B:And user have closing disclosure data from excel sheet ClosingDisclosure for the scenario 17
Thread#1:T:done: CardsValidationSteps.GivenUserIsAtTridApplicationHomepage() (36.2s)
Thread#1:B:And user have closing disclosure data from excel sheet ClosingDisclosure for the scenario 13
Thread#0:T:done: CardsValidationSteps.GivenUserHaveClosingDisclosureDataFromExcelSheetForTheScenario("ClosingDisclosure", 12) (11.4s)
Thread#0:B:And user have Mortgage Insurance data from excel sheet MortgageInsurance for the scenario 12
Thread#2:T:done: CardsValidationSteps.GivenUserHaveClosingDisclosureDataFromExcelSheetForTheScenario("ClosingDisclosure", 14) (11.5s)
Thread#2:B:And user have Mortgage Insurance data from excel sheet MortgageInsurance for the scenario 14
Thread#4:T:done: CardsValidationSteps.GivenUserHaveClosingDisclosureDataFromExcelSheetForTheScenario("ClosingDisclosure", 16) (13.2s)
Thread#4:B:And user have Mortgage Insurance data from excel sheet MortgageInsurance for the scenario 16
Thread#3:T:done: CardsValidationSteps.GivenUserHaveClosingDisclosureDataFromExcelSheetForTheScenario("ClosingDisclosure", 15) (12.7s)
Thread#3:B:And user have Mortgage Insurance data from excel sheet MortgageInsurance for the scenario 15
Thread#0:T:done: CardsValidationSteps.GivenUserHaveMortgageInsuranceDataFromExcelSheetForTheScenarioMortgageInsurance("MortgageInsurance", 12) (3.0s)
Thread#0:B:And user have variable loan data from excel sheet ARM Terms for the scenario 1
Thread#6:T:done: CardsValidationSteps.GivenUserHaveClosingDisclosureDataFromExcelSheetForTheScenario("ClosingDisclosure", 18) (12.7s)
Thread#6:B:And user have Mortgage Insurance data from excel sheet MortgageInsurance for the scenario 18
Thread#2:T:done: CardsValidationSteps.GivenUserHaveMortgageInsuranceDataFromExcelSheetForTheScenarioMortgageInsurance("MortgageInsurance", 14) (5.4s)
Thread#2:B:And user have variable loan data from excel sheet ARM Terms for the scenario 1
Thread#4:T:done: CardsValidationSteps.GivenUserHaveMortgageInsuranceDataFromExcelSheetForTheScenarioMortgageInsurance("MortgageInsurance", 16) (4.2s)
Thread#4:B:And user have variable loan data from excel sheet ARM Terms for the scenario 1
Thread#3:T:done: CardsValidationSteps.GivenUserHaveMortgageInsuranceDataFromExcelSheetForTheScenarioMortgageInsurance("MortgageInsurance", 15) (4.9s)
Thread#3:B:And user have variable loan data from excel sheet ARM Terms for the scenario 1
Thread#5:T:done: CardsValidationSteps.GivenUserHaveClosingDisclosureDataFromExcelSheetForTheScenario("ClosingDisclosure", 17) (15.5s)
Thread#5:B:And user have Mortgage Insurance data from excel sheet MortgageInsurance for the scenario 17
Thread#1:T:done: CardsValidationSteps.GivenUserHaveClosingDisclosureDataFromExcelSheetForTheScenario("ClosingDisclosure", 13) (15.5s)
Thread#1:B:And user have Mortgage Insurance data from excel sheet MortgageInsurance for the scenario 13
Thread#6:T:done: CardsValidationSteps.GivenUserHaveMortgageInsuranceDataFromExcelSheetForTheScenarioMortgageInsurance("MortgageInsurance", 18) (5.2s)
Thread#6:B:And user have variable loan data from excel sheet ARM Terms for the scenario 1
Thread#0:T:done: CardsValidationSteps.GivenUserHaveVariableLoanDataFromExcelSheetForTheScenario("ARM Terms", 1) (6.7s)
Thread#0:B:And user have Prepaid Charges data from excel sheet PrepaidCharges for the scenario 12
Thread#2:T:done: CardsValidationSteps.GivenUserHaveVariableLoanDataFromExcelSheetForTheScenario("ARM Terms", 1) (5.0s)
Thread#2:B:And user have Prepaid Charges data from excel sheet PrepaidCharges for the scenario 14
Thread#4:T:done: CardsValidationSteps.GivenUserHaveVariableLoanDataFromExcelSheetForTheScenario("ARM Terms", 1) (4.3s)
Thread#4:B:And user have Prepaid Charges data from excel sheet PrepaidCharges for the scenario 16
Thread#3:T:done: CardsValidationSteps.GivenUserHaveVariableLoanDataFromExcelSheetForTheScenario("ARM Terms", 1) (4.2s)
Thread#3:B:And user have Prepaid Charges data from excel sheet PrepaidCharges for the scenario 15
Thread#5:T:done: CardsValidationSteps.GivenUserHaveMortgageInsuranceDataFromExcelSheetForTheScenarioMortgageInsurance("MortgageInsurance", 17) (4.3s)
Thread#5:B:And user have variable loan data from excel sheet ARM Terms for the scenario 1
Thread#1:T:done: CardsValidationSteps.GivenUserHaveMortgageInsuranceDataFromExcelSheetForTheScenarioMortgageInsurance("MortgageInsurance", 13) (5.1s)
Thread#1:B:And user have variable loan data from excel sheet ARM Terms for the scenario 1
Thread#6:T:done: CardsValidationSteps.GivenUserHaveVariableLoanDataFromExcelSheetForTheScenario("ARM Terms", 1) (5.0s)
Thread#6:B:And user have Prepaid Charges data from excel sheet PrepaidCharges for the scenario 18
Thread#0:T:done: CardsValidationSteps.GivenUserHavePrepaidChargesDataFromExcelSheetPrepaidChargesForTheScenario("PrepaidCharges", 12) (5.5s)
Thread#0:B:And user have Export data from excel sheet Export for the scenario 12
Thread#2:T:done: CardsValidationSteps.GivenUserHavePrepaidChargesDataFromExcelSheetPrepaidChargesForTheScenario("PrepaidCharges", 14) (5.5s)
Thread#2:B:And user have Export data from excel sheet Export for the scenario 14
Thread#4:T:done: CardsValidationSteps.GivenUserHavePrepaidChargesDataFromExcelSheetPrepaidChargesForTheScenario("PrepaidCharges", 16) (5.7s)
Thread#4:B:And user have Export data from excel sheet Export for the scenario 16
Thread#3:T:done: CardsValidationSteps.GivenUserHavePrepaidChargesDataFromExcelSheetPrepaidChargesForTheScenario("PrepaidCharges", 15) (5.6s)
Thread#3:B:And user have Export data from excel sheet Export for the scenario 15
Thread#5:T:done: CardsValidationSteps.GivenUserHaveVariableLoanDataFromExcelSheetForTheScenario("ARM Terms", 1) (6.2s)
Thread#5:B:And user have Prepaid Charges data from excel sheet PrepaidCharges for the scenario 17
Thread#6:T:done: CardsValidationSteps.GivenUserHavePrepaidChargesDataFromExcelSheetPrepaidChargesForTheScenario("PrepaidCharges", 18) (5.1s)
Thread#6:B:And user have Export data from excel sheet Export for the scenario 18
Thread#2:T:done: CardsValidationSteps.GivenUserHaveExportDataFromExcelSheetExportForTheScenario("Export", 14) (3.7s)
Thread#2:B:And user have Escrow Grid data from excel sheet EscrowGrid for the scenario 14
Thread#1:T:done: CardsValidationSteps.GivenUserHaveVariableLoanDataFromExcelSheetForTheScenario("ARM Terms", 1) (6.7s)
Thread#1:B:And user have Prepaid Charges data from excel sheet PrepaidCharges for the scenario 13
Thread#0:T:done: CardsValidationSteps.GivenUserHaveExportDataFromExcelSheetExportForTheScenario("Export", 12) (4.4s)
Thread#0:B:And user have Escrow Grid data from excel sheet EscrowGrid for the scenario 12
Thread#4:T:done: CardsValidationSteps.GivenUserHaveExportDataFromExcelSheetExportForTheScenario("Export", 16) (3.5s)
Thread#4:B:And user have Escrow Grid data from excel sheet EscrowGrid for the scenario 16
Thread#3:T:done: CardsValidationSteps.GivenUserHaveExportDataFromExcelSheetExportForTheScenario("Export", 15) (3.4s)
Thread#3:B:And user have Escrow Grid data from excel sheet EscrowGrid for the scenario 15
Thread#5:T:done: CardsValidationSteps.GivenUserHavePrepaidChargesDataFromExcelSheetPrepaidChargesForTheScenario("PrepaidCharges", 17) (3.7s)
Thread#5:B:And user have Export data from excel sheet Export for the scenario 17
Thread#6:T:done: CardsValidationSteps.GivenUserHaveExportDataFromExcelSheetExportForTheScenario("Export", 18) (2.1s)
Thread#6:B:And user have Escrow Grid data from excel sheet EscrowGrid for the scenario 18
Thread#2:T:done: CardsValidationSteps.GivenUserHaveEscrowGridDataFromExcelSheetForTheScenario("EscrowGrid", 14) (2.8s)
Thread#2:B:When user navigate to Loan Inputs Page
Thread#0:T:done: CardsValidationSteps.GivenUserHaveEscrowGridDataFromExcelSheetForTheScenario("EscrowGrid", 12) (4.3s)
Thread#0:B:When user navigate to Loan Inputs Page
Thread#1:T:done: CardsValidationSteps.GivenUserHavePrepaidChargesDataFromExcelSheetPrepaidChargesForTheScenario("PrepaidCharges", 13) (5.4s)
Thread#1:B:And user have Export data from excel sheet Export for the scenario 13
Thread#2:T:done: CardsValidationSteps.WhenUserNavigateToLoanInputsPage() (3.0s)
Thread#2:B:And user selects Calculation Method
Thread#4:T:done: CardsValidationSteps.GivenUserHaveEscrowGridDataFromExcelSheetForTheScenario("EscrowGrid", 16) (5.4s)
Thread#4:B:When user navigate to Loan Inputs Page
Thread#2:T:done: CardsValidationSteps.WhenUserSelectsCalculationMethodInClosingDisclosurePage() (1.3s)
Thread#2:B:And user selects loan type
Thread#0:T:done: CardsValidationSteps.WhenUserNavigateToLoanInputsPage() (3.2s)
Thread#0:B:And user selects Calculation Method
Thread#2:T:done: CardsValidationSteps.WhenUserSelectsLoanTypeInClosingDisclosurePage() (0.5s)
Thread#2:B:And user selects Frequency of Payments
Thread#5:T:done: CardsValidationSteps.GivenUserHaveExportDataFromExcelSheetExportForTheScenario("Export", 17) (5.7s)
Thread#5:B:And user have Escrow Grid data from excel sheet EscrowGrid for the scenario 17
Thread#3:T:done: CardsValidationSteps.GivenUserHaveEscrowGridDataFromExcelSheetForTheScenario("EscrowGrid", 15) (6.7s)
Thread#3:B:When user navigate to Loan Inputs Page
Thread#2:T:done: CardsValidationSteps.WhenUserSelectsFrequencyOfPaymentsInClosingDisclosurePage() (0.3s)
Thread#2:B:And user selects Loan Term
Thread#0:T:done: CardsValidationSteps.WhenUserSelectsCalculationMethodInClosingDisclosurePage() (0.9s)
Thread#0:B:And user selects loan type
Thread#2:T:done: CardsValidationSteps.WhenUserSelectsLoanTermInClosingDisclosurePage() (0.9s)
Thread#2:B:And user selects Repayment Term Type
Thread#0:T:done: CardsValidationSteps.WhenUserSelectsLoanTypeInClosingDisclosurePage() (0.6s)
Thread#0:B:And user selects Frequency of Payments
Thread#6:T:done: CardsValidationSteps.GivenUserHaveEscrowGridDataFromExcelSheetForTheScenario("EscrowGrid", 18) (7.2s)
Thread#6:B:When user navigate to Loan Inputs Page
Thread#2:T:done: CardsValidationSteps.WhenUserSelectsRepaymentTermTypeInClosingDisclosurePage() (0.5s)
Thread#2:B:And user enters Loan detail input values for computation
Thread#4:T:done: CardsValidationSteps.WhenUserNavigateToLoanInputsPage() (3.7s)
Thread#4:B:And user selects Calculation Method
Thread#1:T:done: CardsValidationSteps.GivenUserHaveExportDataFromExcelSheetExportForTheScenario("Export", 13) (4.2s)
Thread#1:B:And user have Escrow Grid data from excel sheet EscrowGrid for the scenario 13
Thread#0:T:done: CardsValidationSteps.WhenUserSelectsFrequencyOfPaymentsInClosingDisclosurePage() (0.8s)
Thread#0:B:And user selects Loan Term
Thread#0:T:done: CardsValidationSteps.WhenUserSelectsLoanTermInClosingDisclosurePage() (0.8s)
Thread#0:B:And user selects Repayment Term Type
Thread#4:T:done: CardsValidationSteps.WhenUserSelectsCalculationMethodInClosingDisclosurePage() (1.3s)
Thread#4:B:And user selects loan type
Thread#5:T:done: CardsValidationSteps.GivenUserHaveEscrowGridDataFromExcelSheetForTheScenario("EscrowGrid", 17) (3.4s)
Thread#5:B:When user navigate to Loan Inputs Page
Thread#0:T:done: CardsValidationSteps.WhenUserSelectsRepaymentTermTypeInClosingDisclosurePage() (0.6s)
Thread#0:B:And user enters Loan detail input values for computation
Thread#4:T:done: CardsValidationSteps.WhenUserSelectsLoanTypeInClosingDisclosurePage() (0.6s)
Thread#4:B:And user selects Frequency of Payments
Thread#3:T:done: CardsValidationSteps.WhenUserNavigateToLoanInputsPage() (3.7s)
Thread#3:B:And user selects Calculation Method
Thread#4:T:done: CardsValidationSteps.WhenUserSelectsFrequencyOfPaymentsInClosingDisclosurePage() (0.4s)
Thread#4:B:And user selects Loan Term
Thread#3:T:done: CardsValidationSteps.WhenUserSelectsCalculationMethodInClosingDisclosurePage() (0.8s)
Thread#3:B:And user selects loan type
Thread#4:T:done: CardsValidationSteps.WhenUserSelectsLoanTermInClosingDisclosurePage() (0.6s)
Thread#4:B:And user selects Repayment Term Type
Thread#3:T:done: CardsValidationSteps.WhenUserSelectsLoanTypeInClosingDisclosurePage() (0.5s)
Thread#3:B:And user selects Frequency of Payments
Thread#6:T:done: CardsValidationSteps.WhenUserNavigateToLoanInputsPage() (3.6s)
Thread#6:B:And user selects Calculation Method
Thread#4:T:done: CardsValidationSteps.WhenUserSelectsRepaymentTermTypeInClosingDisclosurePage() (0.5s)
Thread#4:B:And user enters Loan detail input values for computation
Thread#1:T:done: CardsValidationSteps.GivenUserHaveEscrowGridDataFromExcelSheetForTheScenario("EscrowGrid", 13) (3.4s)
Thread#1:B:When user navigate to Loan Inputs Page
Thread#3:T:done: CardsValidationSteps.WhenUserSelectsFrequencyOfPaymentsInClosingDisclosurePage() (0.5s)
Thread#3:B:And user selects Loan Term
Thread#6:T:done: CardsValidationSteps.WhenUserSelectsCalculationMethodInClosingDisclosurePage() (0.8s)
Thread#6:B:And user selects loan type
Thread#3:T:done: CardsValidationSteps.WhenUserSelectsLoanTermInClosingDisclosurePage() (0.6s)
Thread#3:B:And user selects Repayment Term Type
Thread#6:T:done: CardsValidationSteps.WhenUserSelectsLoanTypeInClosingDisclosurePage() (0.9s)
Thread#6:B:And user selects Frequency of Payments
Thread#3:T:done: CardsValidationSteps.WhenUserSelectsRepaymentTermTypeInClosingDisclosurePage() (0.8s)
Thread#3:B:And user enters Loan detail input values for computation
Thread#5:T:done: CardsValidationSteps.WhenUserNavigateToLoanInputsPage() (3.6s)
Thread#5:B:And user selects Calculation Method
Thread#6:T:done: CardsValidationSteps.WhenUserSelectsFrequencyOfPaymentsInClosingDisclosurePage() (0.5s)
Thread#6:B:And user selects Loan Term
Thread#6:T:done: CardsValidationSteps.WhenUserSelectsLoanTermInClosingDisclosurePage() (0.3s)
Thread#6:B:And user selects Repayment Term Type
Thread#5:T:done: CardsValidationSteps.WhenUserSelectsCalculationMethodInClosingDisclosurePage() (0.6s)
Thread#5:B:And user selects loan type
Thread#5:T:done: CardsValidationSteps.WhenUserSelectsLoanTypeInClosingDisclosurePage() (0.4s)
Thread#5:B:And user selects Frequency of Payments
Thread#6:T:done: CardsValidationSteps.WhenUserSelectsRepaymentTermTypeInClosingDisclosurePage() (0.4s)
Thread#6:B:And user enters Loan detail input values for computation
Thread#5:T:done: CardsValidationSteps.WhenUserSelectsFrequencyOfPaymentsInClosingDisclosurePage() (0.5s)
Thread#5:B:And user selects Loan Term
Thread#5:T:done: CardsValidationSteps.WhenUserSelectsLoanTermInClosingDisclosurePage() (0.4s)
Thread#5:B:And user selects Repayment Term Type
Thread#1:T:done: CardsValidationSteps.WhenUserNavigateToLoanInputsPage() (3.6s)
Thread#1:B:And user selects Calculation Method
Thread#5:T:done: CardsValidationSteps.WhenUserSelectsRepaymentTermTypeInClosingDisclosurePage() (0.4s)
Thread#5:B:And user enters Loan detail input values for computation
Thread#1:T:done: CardsValidationSteps.WhenUserSelectsCalculationMethodInClosingDisclosurePage() (0.6s)
Thread#1:B:And user selects loan type
Thread#1:T:done: CardsValidationSteps.WhenUserSelectsLoanTypeInClosingDisclosurePage() (0.4s)
Thread#1:B:And user selects Frequency of Payments
Thread#1:T:done: CardsValidationSteps.WhenUserSelectsFrequencyOfPaymentsInClosingDisclosurePage() (0.4s)
Thread#1:B:And user selects Loan Term
Thread#1:T:done: CardsValidationSteps.WhenUserSelectsLoanTermInClosingDisclosurePage() (0.4s)
Thread#1:B:And user selects Repayment Term Type
Thread#1:T:done: CardsValidationSteps.WhenUserSelectsRepaymentTermTypeInClosingDisclosurePage() (1.4s)
Thread#1:B:And user enters Loan detail input values for computation
Thread#0:T:done: CardsValidationSteps.WhenUserEntersLoanDetailInputValuesForComputationforClosingDisclosurepage() (9.9s)
Thread#0:B:And user enters pmi rate values
Thread#4:T:done: CardsValidationSteps.WhenUserEntersLoanDetailInputValuesForComputationforClosingDisclosurepage() (9.6s)
Thread#4:B:And user enters pmi rate values
Thread#2:T:done: CardsValidationSteps.WhenUserEntersLoanDetailInputValuesForComputationforClosingDisclosurepage() (13.6s)
Thread#2:B:And user enters pmi rate values
Thread#3:T:done: CardsValidationSteps.WhenUserEntersLoanDetailInputValuesForComputationforClosingDisclosurepage() (8.4s)
Thread#3:B:And user enters pmi rate values
Thread#6:T:done: CardsValidationSteps.WhenUserEntersLoanDetailInputValuesForComputationforClosingDisclosurepage() (12.4s)
Thread#6:B:And user enters pmi rate values
Thread#5:T:done: CardsValidationSteps.WhenUserEntersLoanDetailInputValuesForComputationforClosingDisclosurepage() (11.1s)
Thread#5:B:And user enters pmi rate values
Thread#6:T:done: CardsValidationSteps.WhenUserEntersPmiRateValues() (0.5s)
Thread#6:B:And user enters other pmi input values
Thread#6:T:done: CardsValidationSteps.WhenUserEntersOtherPmiInputValues() (0.0s)
Thread#6:B:And user enters Escrow Grid Input values
Thread#5:T:done: CardsValidationSteps.WhenUserEntersPmiRateValues() (0.5s)
Thread#5:B:And user enters other pmi input values
Thread#5:T:done: CardsValidationSteps.WhenUserEntersOtherPmiInputValues() (0.1s)
Thread#5:B:And user enters Escrow Grid Input values
Thread#0:T:done: CardsValidationSteps.WhenUserEntersPmiRateValues() (10.2s)
Thread#0:B:And user enters other pmi input values
Thread#1:T:done: CardsValidationSteps.WhenUserEntersLoanDetailInputValuesForComputationforClosingDisclosurepage() (12.9s)
Thread#1:B:And user enters pmi rate values
Thread#4:T:done: CardsValidationSteps.WhenUserEntersPmiRateValues() (10.6s)
Thread#4:B:And user enters other pmi input values
Thread#3:T:done: CardsValidationSteps.WhenUserEntersPmiRateValues() (10.4s)
Thread#3:B:And user enters other pmi input values
Thread#2:T:done: CardsValidationSteps.WhenUserEntersPmiRateValues() (11.2s)
Thread#2:B:And user enters other pmi input values
Thread#0:T:done: CardsValidationSteps.WhenUserEntersOtherPmiInputValues() (4.9s)
Thread#0:B:And user enters Escrow Grid Input values
Thread#4:T:done: CardsValidationSteps.WhenUserEntersOtherPmiInputValues() (5.1s)
Thread#4:B:And user enters Escrow Grid Input values
Thread#3:T:done: CardsValidationSteps.WhenUserEntersOtherPmiInputValues() (5.4s)
Thread#2:T:done: CardsValidationSteps.WhenUserEntersOtherPmiInputValues() (4.6s)
Thread#3:B:And user enters Escrow Grid Input values
Thread#2:B:And user enters Escrow Grid Input values
Thread#1:T:done: CardsValidationSteps.WhenUserEntersPmiRateValues() (10.4s)
Thread#1:B:And user enters other pmi input values
Thread#1:T:done: CardsValidationSteps.WhenUserEntersOtherPmiInputValues() (2.2s)
Thread#1:B:And user enters Escrow Grid Input values
Thread#6:T:done: CardsValidationSteps.WhenUserEntersEscrowGridInputValues() (17.1s)
Thread#6:B:And user enters all input values for Prepaid Charges
Thread#0:T:done: CardsValidationSteps.WhenUserEntersEscrowGridInputValues() (12.9s)
Thread#0:B:And user enters all input values for Prepaid Charges
Thread#4:T:done: CardsValidationSteps.WhenUserEntersEscrowGridInputValues() (11.0s)
Thread#4:B:And user enters all input values for Prepaid Charges
Thread#3:T:done: CardsValidationSteps.WhenUserEntersEscrowGridInputValues() (10.6s)
Thread#3:B:And user enters all input values for Prepaid Charges
Thread#5:T:done: CardsValidationSteps.WhenUserEntersEscrowGridInputValues() (21.5s)
Thread#5:B:And user enters all input values for Prepaid Charges
Thread#6:T:done: CardsValidationSteps.WhenUserEntersAllInputValuesForPrepaidCharges() (9.1s)
Thread#6:B:And user enters input value for prepaid custom fields
Thread#6:T:done: CardsValidationSteps.WhenUserEntersInputValueForPrepaidCustomFields() (0.0s)
Thread#6:B:And user navigates to Disclosure Inputs Page
Thread#6:T:done: CardsValidationSteps.WhenUserNavigatesToDisclosureInputsPage() (1.2s)
Thread#6:B:And user enters disclosed input values for Closing Disclosure Loan Terms & Projected Payments
Thread#1:T:done: CardsValidationSteps.WhenUserEntersEscrowGridInputValues() (14.7s)
Thread#1:B:And user enters all input values for Prepaid Charges
Thread#6:T:done: CardsValidationSteps.WhenUserEntersDisclosedInputValuesForClosingDisclosureLoanTermsProjectedPayments() (4.8s)
Thread#6:B:And user enters disclosed input values for Closing Disclosure Loan Calculations
Thread#2:T:done: CardsValidationSteps.WhenUserEntersEscrowGridInputValues() (22.1s)
Thread#2:B:And user enters all input values for Prepaid Charges
Thread#0:T:done: CardsValidationSteps.WhenUserEntersAllInputValuesForPrepaidCharges() (12.7s)
Thread#0:B:And user enters input value for prepaid custom fields
Thread#0:T:done: CardsValidationSteps.WhenUserEntersInputValueForPrepaidCustomFields() (0.0s)
Thread#4:T:done: CardsValidationSteps.WhenUserEntersAllInputValuesForPrepaidCharges() (12.7s)
Thread#0:B:And user navigates to Disclosure Inputs Page
Thread#4:B:And user enters input value for prepaid custom fields
Thread#4:T:done: CardsValidationSteps.WhenUserEntersInputValueForPrepaidCustomFields() (0.0s)
Thread#3:T:done: CardsValidationSteps.WhenUserEntersAllInputValuesForPrepaidCharges() (12.8s)
Thread#4:B:And user navigates to Disclosure Inputs Page
Thread#3:B:And user enters input value for prepaid custom fields
Thread#3:T:done: CardsValidationSteps.WhenUserEntersInputValueForPrepaidCustomFields() (0.0s)
Thread#3:B:And user navigates to Disclosure Inputs Page
Thread#0:T:done: CardsValidationSteps.WhenUserNavigatesToDisclosureInputsPage() (1.2s)
Thread#0:B:And user enters disclosed input values for Closing Disclosure Loan Terms & Projected Payments
Thread#4:T:done: CardsValidationSteps.WhenUserNavigatesToDisclosureInputsPage() (1.2s)
Thread#4:B:And user enters disclosed input values for Closing Disclosure Loan Terms & Projected Payments
Thread#3:T:done: CardsValidationSteps.WhenUserNavigatesToDisclosureInputsPage() (1.2s)
Thread#3:B:And user enters disclosed input values for Closing Disclosure Loan Terms & Projected Payments
Thread#6:T:done: CardsValidationSteps.WhenUserEntersDisclosedInputValuesForClosingDisclosureLoanCalculations() (5.3s)
Thread#6:B:And user enters disclosed input values for Property Cost and Escrow
Thread#5:T:done: CardsValidationSteps.WhenUserEntersAllInputValuesForPrepaidCharges() (17.7s)
Thread#5:B:And user enters input value for prepaid custom fields
Thread#5:T:done: CardsValidationSteps.WhenUserEntersInputValueForPrepaidCustomFields() (0.0s)
Thread#5:B:And user navigates to Disclosure Inputs Page
Thread#6:T:done: CardsValidationSteps.WhenUserEntersDisclosedInputValuesForPropertyCostAndEscrow() (2.0s)
Thread#6:B:And user navigates to Loan Estimate Cards Page
Thread#4:T:done: CardsValidationSteps.WhenUserEntersDisclosedInputValuesForClosingDisclosureLoanTermsProjectedPayments() (4.9s)
Thread#4:B:And user enters disclosed input values for Closing Disclosure Loan Calculations
Thread#5:T:done: CardsValidationSteps.WhenUserNavigatesToDisclosureInputsPage() (1.5s)
Thread#5:B:And user enters disclosed input values for Closing Disclosure Loan Terms & Projected Payments
Thread#0:T:done: CardsValidationSteps.WhenUserEntersDisclosedInputValuesForClosingDisclosureLoanTermsProjectedPayments() (5.4s)
Thread#0:B:And user enters disclosed input values for Closing Disclosure Loan Calculations
Thread#6:T:done: CardsValidationSteps.WhenUserNavigatesToLoanEstimateCardsPage() (2.1s)
Thread#6:B:And user enters disclsoed input values for Loan Estimate - Comparisons
Thread#3:T:done: CardsValidationSteps.WhenUserEntersDisclosedInputValuesForClosingDisclosureLoanTermsProjectedPayments() (5.7s)
Thread#3:B:And user enters disclosed input values for Closing Disclosure Loan Calculations
Thread#6:T:done: CardsValidationSteps.WhenUserEntersDisclsoedInputValuesForLoanEstimate_Comparisons() (3.1s)
Thread#6:B:And user navigates to Export Page
Thread#5:T:done: CardsValidationSteps.WhenUserEntersDisclosedInputValuesForClosingDisclosureLoanTermsProjectedPayments() (3.8s)
Thread#5:B:And user enters disclosed input values for Closing Disclosure Loan Calculations
Thread#1:T:done: CardsValidationSteps.WhenUserEntersAllInputValuesForPrepaidCharges() (12.9s)
Thread#1:B:And user enters input value for prepaid custom fields
Thread#1:T:done: CardsValidationSteps.WhenUserEntersInputValueForPrepaidCustomFields() (0.0s)
Thread#1:B:And user navigates to Disclosure Inputs Page
Thread#6:T:done: CardsValidationSteps.WhenUserNavigatesToExportPage() (0.6s)
Thread#6:B:And user enters all input values for Export Page
Thread#2:T:done: CardsValidationSteps.WhenUserEntersAllInputValuesForPrepaidCharges() (12.6s)
Thread#2:B:And user enters input value for prepaid custom fields
Thread#2:T:done: CardsValidationSteps.WhenUserEntersInputValueForPrepaidCustomFields() (0.0s)
Thread#2:B:And user navigates to Disclosure Inputs Page
Thread#1:T:done: CardsValidationSteps.WhenUserNavigatesToDisclosureInputsPage() (1.0s)
Thread#1:B:And user enters disclosed input values for Closing Disclosure Loan Terms & Projected Payments
Thread#4:T:done: CardsValidationSteps.WhenUserEntersDisclosedInputValuesForClosingDisclosureLoanCalculations() (5.6s)
Thread#4:B:And user enters disclosed input values for Property Cost and Escrow
Thread#0:T:done: CardsValidationSteps.WhenUserEntersDisclosedInputValuesForClosingDisclosureLoanCalculations() (5.6s)
Thread#0:B:And user enters disclosed input values for Property Cost and Escrow
Thread#3:T:done: CardsValidationSteps.WhenUserEntersDisclosedInputValuesForClosingDisclosureLoanCalculations() (5.1s)
Thread#2:T:done: CardsValidationSteps.WhenUserNavigatesToDisclosureInputsPage() (1.1s)
Thread#3:B:And user enters disclosed input values for Property Cost and Escrow
Thread#2:B:And user enters disclosed input values for Closing Disclosure Loan Terms & Projected Payments
Thread#4:T:done: CardsValidationSteps.WhenUserEntersDisclosedInputValuesForPropertyCostAndEscrow() (1.7s)
Thread#4:B:And user navigates to Loan Estimate Cards Page
Thread#5:T:done: CardsValidationSteps.WhenUserEntersDisclosedInputValuesForClosingDisclosureLoanCalculations() (3.9s)
Thread#5:B:And user enters disclosed input values for Property Cost and Escrow
Thread#3:T:done: CardsValidationSteps.WhenUserEntersDisclosedInputValuesForPropertyCostAndEscrow() (1.6s)
Thread#0:T:done: CardsValidationSteps.WhenUserEntersDisclosedInputValuesForPropertyCostAndEscrow() (2.0s)
Thread#3:B:And user navigates to Loan Estimate Cards Page
Thread#0:B:And user navigates to Loan Estimate Cards Page
Thread#6:T:done: CardsValidationSteps.WhenUserEntersAllInputValuesForExportPage() (4.2s)
Thread#6:B:And user clicks on Export button to generate JSON file
Thread#4:T:done: CardsValidationSteps.WhenUserNavigatesToLoanEstimateCardsPage() (1.0s)
Thread#4:B:And user enters disclsoed input values for Loan Estimate - Comparisons
Thread#5:T:done: CardsValidationSteps.WhenUserEntersDisclosedInputValuesForPropertyCostAndEscrow() (1.5s)
Thread#5:B:And user navigates to Loan Estimate Cards Page
Thread#2:T:done: CardsValidationSteps.WhenUserEntersDisclosedInputValuesForClosingDisclosureLoanTermsProjectedPayments() (2.6s)
Thread#2:B:And user enters disclosed input values for Closing Disclosure Loan Calculations
Thread#3:T:done: CardsValidationSteps.WhenUserNavigatesToLoanEstimateCardsPage() (1.2s)
Thread#3:B:And user enters disclsoed input values for Loan Estimate - Comparisons
Thread#5:T:done: CardsValidationSteps.WhenUserNavigatesToLoanEstimateCardsPage() (1.1s)
Thread#5:B:And user enters disclsoed input values for Loan Estimate - Comparisons
Thread#0:T:done: CardsValidationSteps.WhenUserNavigatesToLoanEstimateCardsPage() (2.5s)
Thread#0:B:And user enters disclsoed input values for Loan Estimate - Comparisons
Thread#4:T:done: CardsValidationSteps.WhenUserEntersDisclsoedInputValuesForLoanEstimate_Comparisons() (2.5s)
Thread#4:B:And user navigates to Export Page
Thread#6:T:done: CardsValidationSteps.WhenUserClicksOnExportButtonToGenerateJsonFile() (3.3s)
Thread#6:B:And user navigates to Closing Disclosure Cards Page
Thread#4:T:done: CardsValidationSteps.WhenUserNavigatesToExportPage() (0.7s)
Thread#4:B:And user enters all input values for Export Page
Thread#1:T:done: CardsValidationSteps.WhenUserEntersDisclosedInputValuesForClosingDisclosureLoanTermsProjectedPayments() (7.0s)
Thread#1:B:And user enters disclosed input values for Closing Disclosure Loan Calculations
Thread#6:T:done: CardsValidationSteps.WhenUserNavigatesToClosingDisclosureCardsPage() (0.8s)
Thread#6:B:Then updated/computed Principal and Interest value should display on Closing Disclosure
Thread#6:T:===========================================================
Thread#6:T:ExpectedComputedValue :610.79
Thread#5:T:done: CardsValidationSteps.WhenUserEntersDisclsoedInputValuesForLoanEstimate_Comparisons() (2.7s)
Thread#5:B:And user navigates to Export Page
Thread#0:T:done: CardsValidationSteps.WhenUserEntersDisclsoedInputValuesForLoanEstimate_Comparisons() (1.9s)
Thread#6:T:ActualComputedValue :610.79
Thread#0:B:And user navigates to Export Page
Thread#6:T:============================================================
Thread#6:T:===========================================================
Thread#6:T:ExpectedDisclosedValue :610.79
Thread#6:T:ActualDisclosedValue :610.79
Thread#6:T:============================================================
Thread#0:T:done: CardsValidationSteps.WhenUserNavigatesToExportPage() (0.5s)
Thread#0:B:And user enters all input values for Export Page
Thread#5:T:done: CardsValidationSteps.WhenUserNavigatesToExportPage() (0.8s)
Thread#5:B:And user enters all input values for Export Page
Thread#6:T:===========================================================
Thread#6:T:ExpectedVarianceValue :0
Thread#6:T:ActualVarianceValue :0
Thread#6:T:============================================================
Thread#6:T:done: CardsValidationSteps.ThenUpdatedComputedPrincipalAndInterestValueShouldDisplayOnClosingDisclosure() (1.4s)
Thread#6:B:And updated/computed Mortgage Insurance value should display on Closing Disclosure
Thread#6:T:===========================================================
Thread#3:T:done: CardsValidationSteps.WhenUserEntersDisclsoedInputValuesForLoanEstimate_Comparisons() (4.7s)
Thread#6:T:ExpectedComputedValue :0
Thread#3:B:And user navigates to Export Page
Thread#6:T:ActualComputedValue :0
Thread#6:T:============================================================
Thread#4:T:done: CardsValidationSteps.WhenUserEntersAllInputValuesForExportPage() (2.5s)
Thread#4:B:And user clicks on Export button to generate JSON file
Thread#3:T:done: CardsValidationSteps.WhenUserNavigatesToExportPage() (0.7s)
Thread#3:B:And user enters all input values for Export Page
Thread#2:T:done: CardsValidationSteps.WhenUserEntersDisclosedInputValuesForClosingDisclosureLoanCalculations() (6.0s)
Thread#2:B:And user enters disclosed input values for Property Cost and Escrow
Thread#5:T:done: CardsValidationSteps.WhenUserEntersAllInputValuesForExportPage() (2.6s)
Thread#5:B:And user clicks on Export button to generate JSON file
Thread#2:T:done: CardsValidationSteps.WhenUserEntersDisclosedInputValuesForPropertyCostAndEscrow() (0.9s)
Thread#1:T:done: CardsValidationSteps.WhenUserEntersDisclosedInputValuesForClosingDisclosureLoanCalculations() (4.0s)
Thread#2:B:And user navigates to Loan Estimate Cards Page
Thread#1:B:And user enters disclosed input values for Property Cost and Escrow
Thread#0:T:done: CardsValidationSteps.WhenUserEntersAllInputValuesForExportPage() (3.4s)
Thread#0:B:And user clicks on Export button to generate JSON file
Thread#2:T:done: CardsValidationSteps.WhenUserNavigatesToLoanEstimateCardsPage() (1.0s)
Thread#2:B:And user enters disclsoed input values for Loan Estimate - Comparisons
Thread#1:T:done: CardsValidationSteps.WhenUserEntersDisclosedInputValuesForPropertyCostAndEscrow() (1.1s)
Thread#1:B:And user navigates to Loan Estimate Cards Page
Thread#6:T:===========================================================
Thread#6:T:ExpectedDisclosedValue :0
Thread#6:T:ActualDisclosedValue :0
Thread#3:T:done: CardsValidationSteps.WhenUserEntersAllInputValuesForExportPage() (2.8s)
Thread#3:B:And user clicks on Export button to generate JSON file
Thread#6:T:============================================================
Thread#6:T:===========================================================
Thread#6:T:ExpectedVarianceValue :0
Thread#4:T:done: CardsValidationSteps.WhenUserClicksOnExportButtonToGenerateJsonFile() (3.4s)
Thread#6:T:ActualVarianceValue :0
Thread#4:B:And user navigates to Closing Disclosure Cards Page
Thread#6:T:============================================================
Thread#6:T:done: CardsValidationSteps.ThenUpdatedComputedMortgageInsuranceValueShouldDisplayOnClosingDisclosure() (4.5s)
Thread#6:B:And updated/computed Scheduled PMI Termination Date value should display on Closing Disclosure
Thread#1:T:done: CardsValidationSteps.WhenUserNavigatesToLoanEstimateCardsPage() (1.0s)
Thread#6:T:===========================================================
Thread#1:B:And user enters disclsoed input values for Loan Estimate - Comparisons
Thread#6:T:ExpectedComputedValue :(C): N/A
Thread#6:T:ActualComputedValue :(C): N/A
Thread#6:T:============================================================
Thread#2:T:done: CardsValidationSteps.WhenUserEntersDisclsoedInputValuesForLoanEstimate_Comparisons() (1.5s)
Thread#2:B:And user navigates to Export Page
Thread#5:T:done: CardsValidationSteps.WhenUserClicksOnExportButtonToGenerateJsonFile() (3.3s)
Thread#5:B:And user navigates to Closing Disclosure Cards Page
Thread#4:T:done: CardsValidationSteps.WhenUserNavigatesToClosingDisclosureCardsPage() (0.9s)
Thread#6:T:===========================================================
Thread#4:B:Then updated/computed Principal and Interest value should display on Closing Disclosure
Thread#6:T:ExpectedDisclosedValue :(D): N/A
Thread#6:T:ActualDisclosedValue :(D): N/A
Thread#4:T:===========================================================
Thread#6:T:============================================================
Thread#4:T:ExpectedComputedValue :303.21
Thread#4:T:ActualComputedValue :303.21
Thread#4:T:============================================================
Thread#6:T:===========================================================
Thread#2:T:done: CardsValidationSteps.WhenUserNavigatesToExportPage() (0.6s)
Thread#6:T:ExpectedVarianceValue :(V): N/A Days
Thread#2:B:And user enters all input values for Export Page
Thread#6:T:ActualVarianceValue :(V): N/A Days
Thread#6:T:============================================================
Thread#4:T:===========================================================
Thread#5:T:done: CardsValidationSteps.WhenUserNavigatesToClosingDisclosureCardsPage() (0.9s)
Thread#5:B:Then updated/computed Principal and Interest value should display on Closing Disclosure
Thread#4:T:ExpectedDisclosedValue :303.21
Thread#6:T:done: CardsValidationSteps.ThenUpdatedComputedScheduledPmiTerminationDateValueShouldDisplayOnClosingDisclosure() (1.5s)
Thread#6:B:And updated/computed Estimated Total Monthly Payment value should display on Closing Disclosure
Thread#4:T:ActualDisclosedValue :303.21
Thread#5:T:===========================================================
Thread#0:T:done: CardsValidationSteps.WhenUserClicksOnExportButtonToGenerateJsonFile() (3.2s)
Thread#4:T:============================================================
Thread#5:T:ExpectedComputedValue :606.91
Thread#0:B:And user navigates to Closing Disclosure Cards Page
Thread#5:T:ActualComputedValue :606.91
Thread#6:T:NUnit.Framework.AssertionException:   Computed value does not match as expected with the difference of 275
Thread#5:T:============================================================
Thread#6:T:  Expected: 885.78999999999996d
Thread#4:T:===========================================================
Thread#4:T:ExpectedVarianceValue :0
Thread#6:T:  But was:  610.78999999999996d
Thread#5:T:===========================================================
Thread#6:T:   at NUnit.Framework.Assert.That[TActual](TActual actual, IResolveConstraint expression, String message, Object[] args)
Thread#4:T:ActualVarianceValue :0
Thread#5:T:ExpectedDisclosedValue :606.91
Thread#4:T:============================================================
Thread#6:T:   at NUnit.Framework.Assert.AreEqual(Object expected, Object actual, String message, Object[] args)
Thread#5:T:ActualDisclosedValue :606.91
Thread#4:T:done: CardsValidationSteps.ThenUpdatedComputedPrincipalAndInterestValueShouldDisplayOnClosingDisclosure() (1.5s)
Thread#6:T:   at TRID.StepDefinitions.CardsValidationSteps.ThenUpdatedComputedEstimatedTotalMonthlyPaymentValueShouldDisplayOnClosingDisclosure() in F:\Projects\TRID QA\trid-462743\QA\UIAutomation\SpecFramework\StepDefinitions\CardsValidationSteps.cs:line 701
Thread#4:B:And updated/computed Mortgage Insurance value should display on Closing Disclosure
Thread#6:T:done: CardsValidationSteps.ThenUpdatedComputedEstimatedTotalMonthlyPaymentValueShouldDisplayOnClosingDisclosure() (0.7s)
Thread#5:T:============================================================
Thread#6:B:And updated/computed APR value should display on Closing Disclosure
Thread#5:T:===========================================================
Thread#5:T:ExpectedVarianceValue :0
Thread#3:T:done: CardsValidationSteps.WhenUserClicksOnExportButtonToGenerateJsonFile() (3.3s)
Thread#5:T:ActualVarianceValue :0
Thread#3:B:And user navigates to Closing Disclosure Cards Page
Thread#5:T:============================================================
Thread#0:T:done: CardsValidationSteps.WhenUserNavigatesToClosingDisclosureCardsPage() (1.0s)
Thread#5:T:done: CardsValidationSteps.ThenUpdatedComputedPrincipalAndInterestValueShouldDisplayOnClosingDisclosure() (1.5s)
Thread#0:B:Then updated/computed Principal and Interest value should display on Closing Disclosure
Thread#5:B:And updated/computed Mortgage Insurance value should display on Closing Disclosure
Thread#6:T:NUnit.Framework.AssertionException:   Computed value does not match as expected with the difference of 3.805
Thread#6:T:  Expected: 3.8050000000000002d
Thread#0:T:===========================================================
Thread#6:T:  But was:  0.0d
Thread#0:T:ExpectedComputedValue :303.34
Thread#6:T:   at NUnit.Framework.Assert.That[TActual](TActual actual, IResolveConstraint expression, String message, Object[] args)
Thread#0:T:ActualComputedValue :303.34
Thread#6:T:   at NUnit.Framework.Assert.AreEqual(Object expected, Object actual, String message, Object[] args)
Thread#0:T:============================================================
Thread#6:T:   at TRID.StepDefinitions.CardsValidationSteps.ThenUpdatedComputedAprValueShouldDisplayOnClosingDisclosure() in F:\Projects\TRID QA\trid-462743\QA\UIAutomation\SpecFramework\StepDefinitions\CardsValidationSteps.cs:line 750
Thread#6:T:done: CardsValidationSteps.ThenUpdatedComputedAprValueShouldDisplayOnClosingDisclosure() (1.0s)
Thread#0:T:===========================================================
Thread#3:T:done: CardsValidationSteps.WhenUserNavigatesToClosingDisclosureCardsPage() (0.8s)
Thread#6:B:And APRWIN info value should display on Closing Disclosure
Thread#0:T:ExpectedDisclosedValue :303.34
Thread#3:B:Then updated/computed Principal and Interest value should display on Closing Disclosure
Thread#1:T:done: CardsValidationSteps.WhenUserEntersDisclsoedInputValuesForLoanEstimate_Comparisons() (3.5s)
Thread#0:T:ActualDisclosedValue :303.34
Thread#5:T:===========================================================
Thread#1:B:And user navigates to Export Page
Thread#0:T:============================================================
Thread#5:T:ExpectedComputedValue :0
Thread#6:T:NUnit.Framework.AssertionException:   Apr Info value does not match as expected with the difference of 3.8052
Thread#5:T:ActualComputedValue :0
Thread#6:T:  Expected: 3.8052000000000001d
Thread#3:T:===========================================================
Thread#6:T:  But was:  0.0d
Thread#5:T:============================================================
Thread#0:T:===========================================================
Thread#3:T:ExpectedComputedValue :1214.39
Thread#6:T:   at NUnit.Framework.Assert.That[TActual](TActual actual, IResolveConstraint expression, String message, Object[] args)
Thread#0:T:ExpectedVarianceValue :0
Thread#3:T:ActualComputedValue :1214.39
Thread#6:T:   at NUnit.Framework.Assert.AreEqual(Object expected, Object actual, String message, Object[] args)
Thread#0:T:ActualVarianceValue :0
Thread#5:T:===========================================================
Thread#3:T:============================================================
Thread#5:T:ExpectedDisclosedValue :0
Thread#6:T:   at TRID.StepDefinitions.CardsValidationSteps.ThenAprwinInfoValueShouldDisplayOnClosingDisclosure() in F:\Projects\TRID QA\trid-462743\QA\UIAutomation\SpecFramework\StepDefinitions\CardsValidationSteps.cs:line 799
Thread#0:T:============================================================
Thread#5:T:ActualDisclosedValue :0
Thread#6:T:done: CardsValidationSteps.ThenAprwinInfoValueShouldDisplayOnClosingDisclosure() (0.6s)
Thread#0:T:done: CardsValidationSteps.ThenUpdatedComputedPrincipalAndInterestValueShouldDisplayOnClosingDisclosure() (1.3s)
Thread#5:T:============================================================
Thread#6:B:And updated/computed Balloon Amount value should display on Closing Disclosure
Thread#0:B:And updated/computed Mortgage Insurance value should display on Closing Disclosure
Thread#3:T:===========================================================
Thread#3:T:ExpectedDisclosedValue :1214.39
Thread#3:T:ActualDisclosedValue :1214.39
Thread#6:T:NUnit.Framework.AssertionException:   Computed value does not match as expected with the difference of 0.230000000000018
Thread#5:T:===========================================================
Thread#3:T:============================================================
Thread#5:T:ExpectedVarianceValue :0
Thread#6:T:  Expected: 610.55999999999995d
Thread#0:T:===========================================================
Thread#1:T:done: CardsValidationSteps.WhenUserNavigatesToExportPage() (0.9s)
Thread#5:T:ActualVarianceValue :0
Thread#0:T:ExpectedComputedValue :18.64
Thread#1:B:And user enters all input values for Export Page
Thread#6:T:  But was:  610.78999999999996d
Thread#0:T:ActualComputedValue :18.64
Thread#5:T:============================================================
Thread#6:T:   at NUnit.Framework.Assert.That[TActual](TActual actual, IResolveConstraint expression, String message, Object[] args)
Thread#3:T:===========================================================
Thread#0:T:============================================================
Thread#5:T:done: CardsValidationSteps.ThenUpdatedComputedMortgageInsuranceValueShouldDisplayOnClosingDisclosure() (1.9s)
Thread#6:T:   at NUnit.Framework.Assert.AreEqual(Object expected, Object actual, String message, Object[] args)
Thread#3:T:ExpectedVarianceValue :0
Thread#5:B:And updated/computed Scheduled PMI Termination Date value should display on Closing Disclosure
Thread#6:T:   at TRID.StepDefinitions.CardsValidationSteps.ThenUpdatedComputedBalloonAmountValueShouldDisplayOnClosingDisclosure() in F:\Projects\TRID QA\trid-462743\QA\UIAutomation\SpecFramework\StepDefinitions\CardsValidationSteps.cs:line 827
Thread#3:T:ActualVarianceValue :0
Thread#6:T:done: CardsValidationSteps.ThenUpdatedComputedBalloonAmountValueShouldDisplayOnClosingDisclosure() (0.7s)
Thread#3:T:============================================================
Thread#6:B:And updated/computed Total of Payments value should display on Closing Disclosure
Thread#3:T:done: CardsValidationSteps.ThenUpdatedComputedPrincipalAndInterestValueShouldDisplayOnClosingDisclosure() (1.5s)
Thread#5:T:===========================================================
Thread#3:B:And updated/computed Mortgage Insurance value should display on Closing Disclosure
Thread#5:T:ExpectedComputedValue :(C): N/A
Thread#2:T:done: CardsValidationSteps.WhenUserEntersAllInputValuesForExportPage() (4.2s)
Thread#5:T:ActualComputedValue :(C): N/A
Thread#2:B:And user clicks on Export button to generate JSON file
Thread#6:T:NUnit.Framework.AssertionException:   Computed value does not match as expected with the difference of 219273.38
Thread#5:T:============================================================
Thread#3:T:===========================================================
Thread#6:T:  Expected: 219884.17000000001d
Thread#3:T:ExpectedComputedValue :80.78
Thread#6:T:  But was:  610.78999999999996d
Thread#3:T:ActualComputedValue :80.78
Thread#6:T:   at NUnit.Framework.Assert.That[TActual](TActual actual, IResolveConstraint expression, String message, Object[] args)
Thread#3:T:============================================================
Thread#6:T:   at NUnit.Framework.Assert.AreEqual(Object expected, Object actual, String message, Object[] args)
Thread#6:T:   at TRID.StepDefinitions.CardsValidationSteps.ThenUpdatedComputedTotalOfPaymentsValueShouldDisplayOnClosingDisclosure() in F:\Projects\TRID QA\trid-462743\QA\UIAutomation\SpecFramework\StepDefinitions\CardsValidationSteps.cs:line 876
Thread#6:T:done: CardsValidationSteps.ThenUpdatedComputedTotalOfPaymentsValueShouldDisplayOnClosingDisclosure() (0.6s)
Thread#4:T:===========================================================
Thread#6:B:And updated/computed Finance Charge value should display on Closing Disclosure
Thread#4:T:ExpectedComputedValue :20.2
Thread#3:T:===========================================================
Thread#4:T:ActualComputedValue :20.2
Thread#3:T:ExpectedDisclosedValue :80.78
Thread#6:T:NUnit.Framework.AssertionException:   Computed value does not match as expected with the difference of 88461.15
Thread#4:T:============================================================
Thread#0:T:===========================================================
Thread#3:T:ActualDisclosedValue :80.78
Thread#6:T:  Expected: 88884.169999999998d
Thread#0:T:ExpectedDisclosedValue :18.64
Thread#3:T:============================================================
Thread#6:T:  But was:  423.01999999999998d
Thread#0:T:ActualDisclosedValue :18.64
Thread#4:T:===========================================================
Thread#0:T:============================================================
Thread#6:T:   at NUnit.Framework.Assert.That[TActual](TActual actual, IResolveConstraint expression, String message, Object[] args)
Thread#4:T:ExpectedDisclosedValue :20.2
Thread#6:T:   at NUnit.Framework.Assert.AreEqual(Object expected, Object actual, String message, Object[] args)
Thread#4:T:ActualDisclosedValue :20.2
Thread#0:T:===========================================================
Thread#6:T:   at TRID.StepDefinitions.CardsValidationSteps.ThenUpdatedComputedFinanceChargeValueShouldDisplayOnClosingDisclosure() in F:\Projects\TRID QA\trid-462743\QA\UIAutomation\SpecFramework\StepDefinitions\CardsValidationSteps.cs:line 925
Thread#0:T:ExpectedVarianceValue :0
Thread#4:T:============================================================
Thread#6:T:done: CardsValidationSteps.ThenUpdatedComputedFinanceChargeValueShouldDisplayOnClosingDisclosure() (0.7s)
Thread#0:T:ActualVarianceValue :0
Thread#6:B:And updated/computed Prepaid Charges value should display on Closing Disclosure
Thread#0:T:============================================================
Thread#4:T:===========================================================
Thread#0:T:done: CardsValidationSteps.ThenUpdatedComputedMortgageInsuranceValueShouldDisplayOnClosingDisclosure() (2.6s)
Thread#4:T:ExpectedVarianceValue :0
Thread#6:T:===========================================================
Thread#0:B:And updated/computed Scheduled PMI Termination Date value should display on Closing Disclosure
Thread#6:T:ExpectedComputedValue :0
Thread#4:T:ActualVarianceValue :0
Thread#6:T:ActualComputedValue :0
Thread#5:T:===========================================================
Thread#3:T:===========================================================
Thread#4:T:============================================================
Thread#5:T:ExpectedDisclosedValue :(D): N/A
Thread#3:T:ExpectedVarianceValue :0
Thread#6:T:============================================================
Thread#0:T:System.FormatException: The string was not recognized as a valid DateTime. There is an unknown word starting at index 1.
Thread#4:T:done: CardsValidationSteps.ThenUpdatedComputedMortgageInsuranceValueShouldDisplayOnClosingDisclosure() (5.1s)
Thread#0:T:   at System.DateTimeParse.Parse(String s, DateTimeFormatInfo dtfi, DateTimeStyles styles)
Thread#5:T:ActualDisclosedValue :(D): N/A
Thread#3:T:ActualVarianceValue :0
Thread#4:B:And updated/computed Scheduled PMI Termination Date value should display on Closing Disclosure
Thread#0:T:   at System.Convert.ToDateTime(String value)
Thread#3:T:============================================================
Thread#5:T:============================================================
Thread#0:T:   at TRID.ProjectLibs.Common.ProjActions.GetDatePart(By element) in F:\Projects\TRID QA\trid-462743\QA\UIAutomation\SpecFramework\ProjectLibs\Common\ProjActions.cs:line 100
Thread#6:T:===========================================================
Thread#3:T:done: CardsValidationSteps.ThenUpdatedComputedMortgageInsuranceValueShouldDisplayOnClosingDisclosure() (2.3s)
Thread#6:T:ExpectedDisclosedValue :0
Thread#0:T:   at TRID.StepDefinitions.CardsValidationSteps.ThenUpdatedComputedScheduledPmiTerminationDateValueShouldDisplayOnClosingDisclosure() in F:\Projects\TRID QA\trid-462743\QA\UIAutomation\SpecFramework\StepDefinitions\CardsValidationSteps.cs:line 603
Thread#4:T:System.FormatException: The string was not recognized as a valid DateTime. There is an unknown word starting at index 1.
Thread#3:B:And updated/computed Scheduled PMI Termination Date value should display on Closing Disclosure
Thread#6:T:ActualDisclosedValue :0
Thread#0:T:done: CardsValidationSteps.ThenUpdatedComputedScheduledPmiTerminationDateValueShouldDisplayOnClosingDisclosure() (0.7s)
Thread#4:T:   at System.DateTimeParse.Parse(String s, DateTimeFormatInfo dtfi, DateTimeStyles styles)
Thread#6:T:============================================================
Thread#5:T:===========================================================
Thread#0:B:And updated/computed Estimated Total Monthly Payment value should display on Closing Disclosure
Thread#4:T:   at System.Convert.ToDateTime(String value)
Thread#5:T:ExpectedVarianceValue :(V): N/A Days
Thread#4:T:   at TRID.ProjectLibs.Common.ProjActions.GetDatePart(By element) in F:\Projects\TRID QA\trid-462743\QA\UIAutomation\SpecFramework\ProjectLibs\Common\ProjActions.cs:line 100
Thread#5:T:ActualVarianceValue :(V): N/A Days
Thread#3:T:System.FormatException: The string was not recognized as a valid DateTime. There is an unknown word starting at index 1.
Thread#4:T:   at TRID.StepDefinitions.CardsValidationSteps.ThenUpdatedComputedScheduledPmiTerminationDateValueShouldDisplayOnClosingDisclosure() in F:\Projects\TRID QA\trid-462743\QA\UIAutomation\SpecFramework\StepDefinitions\CardsValidationSteps.cs:line 603
Thread#3:T:   at System.DateTimeParse.Parse(String s, DateTimeFormatInfo dtfi, DateTimeStyles styles)
Thread#5:T:============================================================
Thread#4:T:done: CardsValidationSteps.ThenUpdatedComputedScheduledPmiTerminationDateValueShouldDisplayOnClosingDisclosure() (0.6s)
Thread#0:T:NUnit.Framework.AssertionException:   Computed value does not match as expected with the difference of 126.93
Thread#6:T:===========================================================
Thread#4:B:And updated/computed Estimated Total Monthly Payment value should display on Closing Disclosure
Thread#3:T:   at System.Convert.ToDateTime(String value)
Thread#0:T:  Expected: 448.91000000000002d
Thread#5:T:done: CardsValidationSteps.ThenUpdatedComputedScheduledPmiTerminationDateValueShouldDisplayOnClosingDisclosure() (3.4s)
Thread#6:T:ExpectedVarianceValue :0
Thread#1:T:done: CardsValidationSteps.WhenUserEntersAllInputValuesForExportPage() (3.6s)
Thread#3:T:   at TRID.ProjectLibs.Common.ProjActions.GetDatePart(By element) in F:\Projects\TRID QA\trid-462743\QA\UIAutomation\SpecFramework\ProjectLibs\Common\ProjActions.cs:line 100
Thread#0:T:  But was:  321.98000000000002d
Thread#1:B:And user clicks on Export button to generate JSON file
Thread#6:T:ActualVarianceValue :0
Thread#3:T:   at TRID.StepDefinitions.CardsValidationSteps.ThenUpdatedComputedScheduledPmiTerminationDateValueShouldDisplayOnClosingDisclosure() in F:\Projects\TRID QA\trid-462743\QA\UIAutomation\SpecFramework\StepDefinitions\CardsValidationSteps.cs:line 603
Thread#5:B:And updated/computed Estimated Total Monthly Payment value should display on Closing Disclosure
Thread#0:T:   at NUnit.Framework.Assert.That[TActual](TActual actual, IResolveConstraint expression, String message, Object[] args)
Thread#6:T:============================================================
Thread#3:T:done: CardsValidationSteps.ThenUpdatedComputedScheduledPmiTerminationDateValueShouldDisplayOnClosingDisclosure() (0.8s)
Thread#2:T:done: CardsValidationSteps.WhenUserClicksOnExportButtonToGenerateJsonFile() (3.2s)
Thread#0:T:   at NUnit.Framework.Assert.AreEqual(Object expected, Object actual, String message, Object[] args)
Thread#6:T:done: CardsValidationSteps.ThenUpdatedComputedPrepaidChargesValueShouldDisplayOnClosingDisclosure() (1.8s)
Thread#2:B:And user navigates to Closing Disclosure Cards Page
Thread#3:B:And updated/computed Estimated Total Monthly Payment value should display on Closing Disclosure
Thread#4:T:NUnit.Framework.AssertionException:   Computed value does not match as expected with the difference of 137.5
Thread#0:T:   at TRID.StepDefinitions.CardsValidationSteps.ThenUpdatedComputedEstimatedTotalMonthlyPaymentValueShouldDisplayOnClosingDisclosure() in F:\Projects\TRID QA\trid-462743\QA\UIAutomation\SpecFramework\StepDefinitions\CardsValidationSteps.cs:line 701
Thread#6:B:And updated/computed Amount Financed value should display on Closing Disclosure
Thread#4:T:  Expected: 460.91000000000002d
Thread#0:T:done: CardsValidationSteps.ThenUpdatedComputedEstimatedTotalMonthlyPaymentValueShouldDisplayOnClosingDisclosure() (0.8s)
Thread#4:T:  But was:  323.41000000000003d
Thread#5:T:NUnit.Framework.AssertionException:   Computed value does not match as expected with the difference of 200
Thread#0:B:And updated/computed APR value should display on Closing Disclosure
Thread#3:T:NUnit.Framework.AssertionException:   Computed value does not match as expected with the difference of 550
Thread#5:T:  Expected: 806.90999999999997d
Thread#4:T:   at NUnit.Framework.Assert.That[TActual](TActual actual, IResolveConstraint expression, String message, Object[] args)
Thread#6:T:===========================================================
Thread#3:T:  Expected: 1845.1700000000001d
Thread#6:T:ExpectedComputedValue :131000
Thread#5:T:  But was:  606.90999999999997d
Thread#4:T:   at NUnit.Framework.Assert.AreEqual(Object expected, Object actual, String message, Object[] args)
Thread#3:T:  But was:  1295.1700000000001d
Thread#6:T:ActualComputedValue :131000
Thread#5:T:   at NUnit.Framework.Assert.That[TActual](TActual actual, IResolveConstraint expression, String message, Object[] args)
Thread#4:T:   at TRID.StepDefinitions.CardsValidationSteps.ThenUpdatedComputedEstimatedTotalMonthlyPaymentValueShouldDisplayOnClosingDisclosure() in F:\Projects\TRID QA\trid-462743\QA\UIAutomation\SpecFramework\StepDefinitions\CardsValidationSteps.cs:line 701
Thread#3:T:   at NUnit.Framework.Assert.That[TActual](TActual actual, IResolveConstraint expression, String message, Object[] args)
Thread#5:T:   at NUnit.Framework.Assert.AreEqual(Object expected, Object actual, String message, Object[] args)
Thread#4:T:done: CardsValidationSteps.ThenUpdatedComputedEstimatedTotalMonthlyPaymentValueShouldDisplayOnClosingDisclosure() (0.9s)
Thread#6:T:============================================================
Thread#3:T:   at NUnit.Framework.Assert.AreEqual(Object expected, Object actual, String message, Object[] args)
Thread#4:B:And updated/computed APR value should display on Closing Disclosure
Thread#0:T:NUnit.Framework.AssertionException:   Computed value does not match as expected with the difference of 3.9
Thread#0:T:  Expected: 3.8999999999999999d
Thread#5:T:   at TRID.StepDefinitions.CardsValidationSteps.ThenUpdatedComputedEstimatedTotalMonthlyPaymentValueShouldDisplayOnClosingDisclosure() in F:\Projects\TRID QA\trid-462743\QA\UIAutomation\SpecFramework\StepDefinitions\CardsValidationSteps.cs:line 701
Thread#3:T:   at TRID.StepDefinitions.CardsValidationSteps.ThenUpdatedComputedEstimatedTotalMonthlyPaymentValueShouldDisplayOnClosingDisclosure() in F:\Projects\TRID QA\trid-462743\QA\UIAutomation\SpecFramework\StepDefinitions\CardsValidationSteps.cs:line 701
Thread#0:T:  But was:  0.0d
Thread#3:T:done: CardsValidationSteps.ThenUpdatedComputedEstimatedTotalMonthlyPaymentValueShouldDisplayOnClosingDisclosure() (0.9s)
Thread#5:T:done: CardsValidationSteps.ThenUpdatedComputedEstimatedTotalMonthlyPaymentValueShouldDisplayOnClosingDisclosure() (1.1s)
Thread#0:T:   at NUnit.Framework.Assert.That[TActual](TActual actual, IResolveConstraint expression, String message, Object[] args)
Thread#3:B:And updated/computed APR value should display on Closing Disclosure
Thread#5:B:And updated/computed APR value should display on Closing Disclosure
Thread#0:T:   at NUnit.Framework.Assert.AreEqual(Object expected, Object actual, String message, Object[] args)
Thread#0:T:   at TRID.StepDefinitions.CardsValidationSteps.ThenUpdatedComputedAprValueShouldDisplayOnClosingDisclosure() in F:\Projects\TRID QA\trid-462743\QA\UIAutomation\SpecFramework\StepDefinitions\CardsValidationSteps.cs:line 750
Thread#6:T:===========================================================
Thread#4:T:System.FormatException: Input string was not in a correct format.
Thread#6:T:ExpectedDisclosedValue :131000
Thread#0:T:done: CardsValidationSteps.ThenUpdatedComputedAprValueShouldDisplayOnClosingDisclosure() (1.1s)
Thread#4:T:   at System.Number.ParseDouble(String value, NumberStyles options, NumberFormatInfo numfmt)
Thread#3:T:NUnit.Framework.AssertionException:   Computed value does not match as expected with the difference of 3.868
Thread#6:T:ActualDisclosedValue :131000
Thread#5:T:NUnit.Framework.AssertionException:   Computed value does not match as expected with the difference of 3.753
Thread#0:B:And APRWIN info value should display on Closing Disclosure
Thread#2:T:done: CardsValidationSteps.WhenUserNavigatesToClosingDisclosureCardsPage() (1.4s)
Thread#4:T:   at System.Convert.ToDouble(String value)
Thread#6:T:============================================================
Thread#2:B:Then updated/computed Principal and Interest value should display on Closing Disclosure
Thread#3:T:  Expected: 3.8679999999999999d
Thread#5:T:  Expected: 3.7530000000000001d
Thread#4:T:   at TRID.ProjectLibs.Common.ProjActions.GetNumericValueFromString(String inputString) in F:\Projects\TRID QA\trid-462743\QA\UIAutomation\SpecFramework\ProjectLibs\Common\ProjActions.cs:line 94
Thread#3:T:  But was:  0.0d
Thread#5:T:  But was:  0.0d
Thread#4:T:   at TRID.StepDefinitions.CardsValidationSteps.ThenUpdatedComputedAprValueShouldDisplayOnClosingDisclosure() in F:\Projects\TRID QA\trid-462743\QA\UIAutomation\SpecFramework\StepDefinitions\CardsValidationSteps.cs:line 747
Thread#3:T:   at NUnit.Framework.Assert.That[TActual](TActual actual, IResolveConstraint expression, String message, Object[] args)
Thread#5:T:   at NUnit.Framework.Assert.That[TActual](TActual actual, IResolveConstraint expression, String message, Object[] args)
Thread#0:T:NUnit.Framework.AssertionException:   Apr Info value does not match as expected with the difference of 3.8958
Thread#4:T:done: CardsValidationSteps.ThenUpdatedComputedAprValueShouldDisplayOnClosingDisclosure() (0.9s)
Thread#6:T:===========================================================
Thread#2:T:===========================================================
Thread#3:T:   at NUnit.Framework.Assert.AreEqual(Object expected, Object actual, String message, Object[] args)
Thread#0:T:  Expected: 3.8957999999999999d
Thread#5:T:   at NUnit.Framework.Assert.AreEqual(Object expected, Object actual, String message, Object[] args)
Thread#6:T:ExpectedVarianceValue :0
Thread#4:B:And APRWIN info value should display on Closing Disclosure
Thread#0:T:  But was:  0.0d
Thread#3:T:   at TRID.StepDefinitions.CardsValidationSteps.ThenUpdatedComputedAprValueShouldDisplayOnClosingDisclosure() in F:\Projects\TRID QA\trid-462743\QA\UIAutomation\SpecFramework\StepDefinitions\CardsValidationSteps.cs:line 750
Thread#2:T:ExpectedComputedValue :606.68
Thread#0:T:   at NUnit.Framework.Assert.That[TActual](TActual actual, IResolveConstraint expression, String message, Object[] args)
Thread#5:T:   at TRID.StepDefinitions.CardsValidationSteps.ThenUpdatedComputedAprValueShouldDisplayOnClosingDisclosure() in F:\Projects\TRID QA\trid-462743\QA\UIAutomation\SpecFramework\StepDefinitions\CardsValidationSteps.cs:line 750
Thread#6:T:ActualVarianceValue :0
Thread#0:T:   at NUnit.Framework.Assert.AreEqual(Object expected, Object actual, String message, Object[] args)
Thread#3:T:done: CardsValidationSteps.ThenUpdatedComputedAprValueShouldDisplayOnClosingDisclosure() (1.0s)
Thread#2:T:ActualComputedValue :606.68
Thread#6:T:============================================================
Thread#5:T:done: CardsValidationSteps.ThenUpdatedComputedAprValueShouldDisplayOnClosingDisclosure() (1.0s)
Thread#0:T:   at TRID.StepDefinitions.CardsValidationSteps.ThenAprwinInfoValueShouldDisplayOnClosingDisclosure() in F:\Projects\TRID QA\trid-462743\QA\UIAutomation\SpecFramework\StepDefinitions\CardsValidationSteps.cs:line 799
Thread#2:T:============================================================
Thread#6:T:done: CardsValidationSteps.ThenUpdatedComputedAmountFinancedValueShouldDisplayOnClosingDisclosure() (2.2s)
Thread#5:B:And APRWIN info value should display on Closing Disclosure
Thread#4:T:System.FormatException: Input string was not in a correct format.
Thread#3:B:And APRWIN info value should display on Closing Disclosure
Thread#0:T:done: CardsValidationSteps.ThenAprwinInfoValueShouldDisplayOnClosingDisclosure() (0.8s)
Thread#4:T:   at System.Number.ParseDouble(String value, NumberStyles options, NumberFormatInfo numfmt)
Thread#6:B:And updated/computed TIP value should display on Closing Disclosure
Thread#0:B:And updated/computed Balloon Amount value should display on Closing Disclosure
Thread#4:T:   at System.Convert.ToDouble(String value)
Thread#2:T:===========================================================
Thread#3:T:NUnit.Framework.AssertionException:   Apr Info value does not match as expected with the difference of 3.8678
Thread#5:T:NUnit.Framework.AssertionException:   Apr Info value does not match as expected with the difference of 3.753
Thread#2:T:ExpectedDisclosedValue :606.68
Thread#4:T:   at TRID.ProjectLibs.Common.ProjActions.GetNumericValueFromString(String inputString) in F:\Projects\TRID QA\trid-462743\QA\UIAutomation\SpecFramework\ProjectLibs\Common\ProjActions.cs:line 94
Thread#3:T:  Expected: 3.8677999999999999d
Thread#6:T:NUnit.Framework.AssertionException:   Computed value does not match as expected with the difference of 67.53
Thread#5:T:  Expected: 3.7530000000000001d
Thread#2:T:ActualDisclosedValue :606.68
Thread#0:T:NUnit.Framework.AssertionException:   Computed value does not match as expected with the difference of 34.21
Thread#4:T:   at TRID.StepDefinitions.CardsValidationSteps.ThenAprwinInfoValueShouldDisplayOnClosingDisclosure() in F:\Projects\TRID QA\trid-462743\QA\UIAutomation\SpecFramework\StepDefinitions\CardsValidationSteps.cs:line 797
Thread#2:T:============================================================
Thread#3:T:  But was:  0.0d
Thread#0:T:  Expected: 269.13d
Thread#5:T:  But was:  0.0d
Thread#6:T:  Expected: 67.849999999999994d
Thread#3:T:   at NUnit.Framework.Assert.That[TActual](TActual actual, IResolveConstraint expression, String message, Object[] args)
Thread#0:T:  But was:  303.33999999999997d
Thread#4:T:done: CardsValidationSteps.ThenAprwinInfoValueShouldDisplayOnClosingDisclosure() (0.8s)
Thread#3:T:   at NUnit.Framework.Assert.AreEqual(Object expected, Object actual, String message, Object[] args)
Thread#4:B:And updated/computed Balloon Amount value should display on Closing Disclosure
Thread#5:T:   at NUnit.Framework.Assert.That[TActual](TActual actual, IResolveConstraint expression, String message, Object[] args)
Thread#0:T:   at NUnit.Framework.Assert.That[TActual](TActual actual, IResolveConstraint expression, String message, Object[] args)
Thread#6:T:  But was:  0.32000000000000001d
Thread#3:T:   at TRID.StepDefinitions.CardsValidationSteps.ThenAprwinInfoValueShouldDisplayOnClosingDisclosure() in F:\Projects\TRID QA\trid-462743\QA\UIAutomation\SpecFramework\StepDefinitions\CardsValidationSteps.cs:line 799
Thread#5:T:   at NUnit.Framework.Assert.AreEqual(Object expected, Object actual, String message, Object[] args)
Thread#6:T:   at NUnit.Framework.Assert.That[TActual](TActual actual, IResolveConstraint expression, String message, Object[] args)
Thread#2:T:===========================================================
Thread#0:T:   at NUnit.Framework.Assert.AreEqual(Object expected, Object actual, String message, Object[] args)
Thread#3:T:done: CardsValidationSteps.ThenAprwinInfoValueShouldDisplayOnClosingDisclosure() (0.7s)
Thread#2:T:ExpectedVarianceValue :0
Thread#5:T:   at TRID.StepDefinitions.CardsValidationSteps.ThenAprwinInfoValueShouldDisplayOnClosingDisclosure() in F:\Projects\TRID QA\trid-462743\QA\UIAutomation\SpecFramework\StepDefinitions\CardsValidationSteps.cs:line 799
Thread#0:T:   at TRID.StepDefinitions.CardsValidationSteps.ThenUpdatedComputedBalloonAmountValueShouldDisplayOnClosingDisclosure() in F:\Projects\TRID QA\trid-462743\QA\UIAutomation\SpecFramework\StepDefinitions\CardsValidationSteps.cs:line 827
Thread#3:B:And updated/computed Balloon Amount value should display on Closing Disclosure
Thread#5:T:done: CardsValidationSteps.ThenAprwinInfoValueShouldDisplayOnClosingDisclosure() (0.8s)
Thread#6:T:   at NUnit.Framework.Assert.AreEqual(Object expected, Object actual, String message, Object[] args)
Thread#2:T:ActualVarianceValue :0
Thread#0:T:done: CardsValidationSteps.ThenUpdatedComputedBalloonAmountValueShouldDisplayOnClosingDisclosure() (0.8s)
Thread#4:T:NUnit.Framework.AssertionException:   Computed value does not match as expected with the difference of 3.55000000000001
Thread#2:T:============================================================
Thread#5:B:And updated/computed Balloon Amount value should display on Closing Disclosure
Thread#0:B:And updated/computed Total of Payments value should display on Closing Disclosure
Thread#6:T:   at TRID.StepDefinitions.CardsValidationSteps.ThenUpdatedComputedTipValueShouldDisplayOnClosingDisclosure() in F:\Projects\TRID QA\trid-462743\QA\UIAutomation\SpecFramework\StepDefinitions\CardsValidationSteps.cs:line 1072
Thread#2:T:done: CardsValidationSteps.ThenUpdatedComputedPrincipalAndInterestValueShouldDisplayOnClosingDisclosure() (1.8s)
Thread#1:T:done: CardsValidationSteps.WhenUserClicksOnExportButtonToGenerateJsonFile() (3.6s)
Thread#4:T:  Expected: 306.75999999999999d
Thread#6:T:done: CardsValidationSteps.ThenUpdatedComputedTipValueShouldDisplayOnClosingDisclosure() (1.0s)
Thread#2:B:And updated/computed Mortgage Insurance value should display on Closing Disclosure
Thread#1:B:And user navigates to Closing Disclosure Cards Page
Thread#3:T:NUnit.Framework.AssertionException:   Computed value does not match as expected with the difference of 1.13000000000011
Thread#4:T:  But was:  303.20999999999998d
Thread#6:B:And updated/computed Escrow Property Costs over one year 11 Months value should display on Closing Disclosure
Thread#3:T:  Expected: 1213.26d
Thread#4:T:   at NUnit.Framework.Assert.That[TActual](TActual actual, IResolveConstraint expression, String message, Object[] args)
Thread#5:T:NUnit.Framework.AssertionException:   Computed value does not match as expected with the difference of 1.70999999999992
Thread#0:T:NUnit.Framework.AssertionException:   Computed value does not match as expected with the difference of 208087.45
Thread#3:T:  But was:  1214.3900000000001d
Thread#4:T:   at NUnit.Framework.Assert.AreEqual(Object expected, Object actual, String message, Object[] args)
Thread#2:T:===========================================================
Thread#0:T:  Expected: 208424.98000000001d
Thread#3:T:   at NUnit.Framework.Assert.That[TActual](TActual actual, IResolveConstraint expression, String message, Object[] args)
Thread#6:T:NUnit.Framework.AssertionException:   Computed value does not match as expected with the difference of 3300
Thread#2:T:ExpectedComputedValue :40.39
Thread#0:T:  But was:  337.52999999999997d
Thread#3:T:   at NUnit.Framework.Assert.AreEqual(Object expected, Object actual, String message, Object[] args)
Thread#5:T:  Expected: 605.20000000000005d
Thread#6:T:  Expected: 3300.0d
Thread#0:T:   at NUnit.Framework.Assert.That[TActual](TActual actual, IResolveConstraint expression, String message, Object[] args)
Thread#3:T:   at TRID.StepDefinitions.CardsValidationSteps.ThenUpdatedComputedBalloonAmountValueShouldDisplayOnClosingDisclosure() in F:\Projects\TRID QA\trid-462743\QA\UIAutomation\SpecFramework\StepDefinitions\CardsValidationSteps.cs:line 827
Thread#2:T:ActualComputedValue :40.39
Thread#6:T:  But was:  0.0d
Thread#4:T:   at TRID.StepDefinitions.CardsValidationSteps.ThenUpdatedComputedBalloonAmountValueShouldDisplayOnClosingDisclosure() in F:\Projects\TRID QA\trid-462743\QA\UIAutomation\SpecFramework\StepDefinitions\CardsValidationSteps.cs:line 827
Thread#0:T:   at NUnit.Framework.Assert.AreEqual(Object expected, Object actual, String message, Object[] args)
Thread#5:T:  But was:  606.90999999999997d
Thread#0:T:   at TRID.StepDefinitions.CardsValidationSteps.ThenUpdatedComputedTotalOfPaymentsValueShouldDisplayOnClosingDisclosure() in F:\Projects\TRID QA\trid-462743\QA\UIAutomation\SpecFramework\StepDefinitions\CardsValidationSteps.cs:line 876
Thread#6:T:   at NUnit.Framework.Assert.That[TActual](TActual actual, IResolveConstraint expression, String message, Object[] args)
Thread#2:T:============================================================
Thread#4:T:done: CardsValidationSteps.ThenUpdatedComputedBalloonAmountValueShouldDisplayOnClosingDisclosure() (1.3s)
Thread#5:T:   at NUnit.Framework.Assert.That[TActual](TActual actual, IResolveConstraint expression, String message, Object[] args)
Thread#3:T:done: CardsValidationSteps.ThenUpdatedComputedBalloonAmountValueShouldDisplayOnClosingDisclosure() (1.0s)
Thread#0:T:done: CardsValidationSteps.ThenUpdatedComputedTotalOfPaymentsValueShouldDisplayOnClosingDisclosure() (0.9s)
Thread#6:T:   at NUnit.Framework.Assert.AreEqual(Object expected, Object actual, String message, Object[] args)
Thread#0:B:And updated/computed Finance Charge value should display on Closing Disclosure
Thread#4:B:And updated/computed Total of Payments value should display on Closing Disclosure
Thread#5:T:   at NUnit.Framework.Assert.AreEqual(Object expected, Object actual, String message, Object[] args)
Thread#3:B:And updated/computed Total of Payments value should display on Closing Disclosure
Thread#5:T:   at TRID.StepDefinitions.CardsValidationSteps.ThenUpdatedComputedBalloonAmountValueShouldDisplayOnClosingDisclosure() in F:\Projects\TRID QA\trid-462743\QA\UIAutomation\SpecFramework\StepDefinitions\CardsValidationSteps.cs:line 827
Thread#6:T:   at TRID.StepDefinitions.CardsValidationSteps.ThenUpdatedComputedEscrowPropertyCostsOverOneYear11MonthsValueShouldDisplayOnClosingDisclosure() in F:\Projects\TRID QA\trid-462743\QA\UIAutomation\SpecFramework\StepDefinitions\CardsValidationSteps.cs:line 1121
Thread#5:T:done: CardsValidationSteps.ThenUpdatedComputedBalloonAmountValueShouldDisplayOnClosingDisclosure() (1.2s)
Thread#6:T:done: CardsValidationSteps.ThenUpdatedComputedEscrowPropertyCostsOverOneYear11MonthsValueShouldDisplayOnClosingDisclosure() (1.0s)
Thread#2:T:===========================================================
Thread#5:B:And updated/computed Total of Payments value should display on Closing Disclosure
Thread#6:B:And updated/computed Escrow Property Costs over one year 12 Months value should display on Closing Disclosure
Thread#2:T:ExpectedDisclosedValue :40.39
Thread#4:T:NUnit.Framework.AssertionException:   Computed value does not match as expected with the difference of 219930.54
Thread#0:T:NUnit.Framework.AssertionException:   Computed value does not match as expected with the difference of 77199.75
Thread#3:T:NUnit.Framework.AssertionException:   Computed value does not match as expected with the difference of 219232.62
Thread#4:T:  Expected: 220253.95000000001d
Thread#2:T:ActualDisclosedValue :40.39
Thread#0:T:  Expected: 77424.979999999996d
Thread#3:T:  Expected: 220608.57000000001d
Thread#4:T:  But was:  323.41000000000003d
Thread#2:T:============================================================
Thread#1:T:done: CardsValidationSteps.WhenUserNavigatesToClosingDisclosureCardsPage() (1.4s)
Thread#0:T:  But was:  225.22999999999999d
Thread#3:T:  But was:  1375.9500000000001d
Thread#6:T:NUnit.Framework.AssertionException:   Computed value does not match as expected with the difference of 3300
Thread#5:T:NUnit.Framework.AssertionException:   Computed value does not match as expected with the difference of 217878.98
Thread#0:T:   at NUnit.Framework.Assert.That[TActual](TActual actual, IResolveConstraint expression, String message, Object[] args)
Thread#4:T:   at NUnit.Framework.Assert.That[TActual](TActual actual, IResolveConstraint expression, String message, Object[] args)
Thread#1:B:Then updated/computed Principal and Interest value should display on Closing Disclosure
Thread#3:T:   at NUnit.Framework.Assert.That[TActual](TActual actual, IResolveConstraint expression, String message, Object[] args)
Thread#4:T:   at NUnit.Framework.Assert.AreEqual(Object expected, Object actual, String message, Object[] args)
Thread#5:T:  Expected: 218485.89000000001d
Thread#0:T:   at NUnit.Framework.Assert.AreEqual(Object expected, Object actual, String message, Object[] args)
Thread#3:T:   at NUnit.Framework.Assert.AreEqual(Object expected, Object actual, String message, Object[] args)
Thread#6:T:  Expected: 3300.0d
Thread#2:T:===========================================================
Thread#0:T:   at TRID.StepDefinitions.CardsValidationSteps.ThenUpdatedComputedFinanceChargeValueShouldDisplayOnClosingDisclosure() in F:\Projects\TRID QA\trid-462743\QA\UIAutomation\SpecFramework\StepDefinitions\CardsValidationSteps.cs:line 925
Thread#3:T:   at TRID.StepDefinitions.CardsValidationSteps.ThenUpdatedComputedTotalOfPaymentsValueShouldDisplayOnClosingDisclosure() in F:\Projects\TRID QA\trid-462743\QA\UIAutomation\SpecFramework\StepDefinitions\CardsValidationSteps.cs:line 876
Thread#6:T:  But was:  0.0d
Thread#2:T:ExpectedVarianceValue :0
Thread#0:T:done: CardsValidationSteps.ThenUpdatedComputedFinanceChargeValueShouldDisplayOnClosingDisclosure() (0.9s)
Thread#5:T:  But was:  606.90999999999997d
Thread#3:T:done: CardsValidationSteps.ThenUpdatedComputedTotalOfPaymentsValueShouldDisplayOnClosingDisclosure() (0.9s)
Thread#2:T:ActualVarianceValue :0
Thread#4:T:   at TRID.StepDefinitions.CardsValidationSteps.ThenUpdatedComputedTotalOfPaymentsValueShouldDisplayOnClosingDisclosure() in F:\Projects\TRID QA\trid-462743\QA\UIAutomation\SpecFramework\StepDefinitions\CardsValidationSteps.cs:line 876
Thread#0:B:And updated/computed Prepaid Charges value should display on Closing Disclosure
Thread#6:T:   at NUnit.Framework.Assert.That[TActual](TActual actual, IResolveConstraint expression, String message, Object[] args)
Thread#2:T:============================================================
Thread#3:B:And updated/computed Finance Charge value should display on Closing Disclosure
Thread#1:T:===========================================================
Thread#5:T:   at NUnit.Framework.Assert.That[TActual](TActual actual, IResolveConstraint expression, String message, Object[] args)
Thread#2:T:done: CardsValidationSteps.ThenUpdatedComputedMortgageInsuranceValueShouldDisplayOnClosingDisclosure() (2.0s)
Thread#1:T:ExpectedComputedValue :305.45
Thread#6:T:   at NUnit.Framework.Assert.AreEqual(Object expected, Object actual, String message, Object[] args)
Thread#4:T:done: CardsValidationSteps.ThenUpdatedComputedTotalOfPaymentsValueShouldDisplayOnClosingDisclosure() (1.2s)
Thread#5:T:   at NUnit.Framework.Assert.AreEqual(Object expected, Object actual, String message, Object[] args)
Thread#2:B:And updated/computed Scheduled PMI Termination Date value should display on Closing Disclosure
Thread#1:T:ActualComputedValue :305.45
Thread#6:T:   at TRID.StepDefinitions.CardsValidationSteps.ThenUpdatedComputedEscrowPropertyCostsOverOneYear12MonthsValueShouldDisplayOnClosingDisclosure() in F:\Projects\TRID QA\trid-462743\QA\UIAutomation\SpecFramework\StepDefinitions\CardsValidationSteps.cs:line 1170
Thread#4:B:And updated/computed Finance Charge value should display on Closing Disclosure
Thread#5:T:   at TRID.StepDefinitions.CardsValidationSteps.ThenUpdatedComputedTotalOfPaymentsValueShouldDisplayOnClosingDisclosure() in F:\Projects\TRID QA\trid-462743\QA\UIAutomation\SpecFramework\StepDefinitions\CardsValidationSteps.cs:line 876
Thread#1:T:============================================================
Thread#3:T:NUnit.Framework.AssertionException:   Computed value does not match as expected with the difference of 88628.26
Thread#5:T:done: CardsValidationSteps.ThenUpdatedComputedTotalOfPaymentsValueShouldDisplayOnClosingDisclosure() (1.2s)
Thread#0:T:===========================================================
Thread#6:T:done: CardsValidationSteps.ThenUpdatedComputedEscrowPropertyCostsOverOneYear12MonthsValueShouldDisplayOnClosingDisclosure() (1.2s)
Thread#5:B:And updated/computed Finance Charge value should display on Closing Disclosure
Thread#3:T:  Expected: 89608.570000000007d
Thread#0:T:ExpectedComputedValue :15.55
Thread#2:T:System.FormatException: The string was not recognized as a valid DateTime. There is an unknown word starting at index 1.
Thread#3:T:  But was:  980.30999999999995d
Thread#6:B:And updated/computed Initial Escrow Payment value should display on Closing Disclosure
Thread#0:T:ActualComputedValue :15.55
Thread#2:T:   at System.DateTimeParse.Parse(String s, DateTimeFormatInfo dtfi, DateTimeStyles styles)
Thread#3:T:   at NUnit.Framework.Assert.That[TActual](TActual actual, IResolveConstraint expression, String message, Object[] args)
Thread#0:T:============================================================
Thread#1:T:===========================================================
Thread#2:T:   at System.Convert.ToDateTime(String value)
Thread#3:T:   at NUnit.Framework.Assert.AreEqual(Object expected, Object actual, String message, Object[] args)
Thread#4:T:NUnit.Framework.AssertionException:   Computed value does not match as expected with the difference of 89029.06
Thread#2:T:   at TRID.ProjectLibs.Common.ProjActions.GetDatePart(By element) in F:\Projects\TRID QA\trid-462743\QA\UIAutomation\SpecFramework\ProjectLibs\Common\ProjActions.cs:line 100
Thread#1:T:ExpectedDisclosedValue :305.45
Thread#4:T:  Expected: 89253.949999999997d
Thread#5:T:NUnit.Framework.AssertionException:   Computed value does not match as expected with the difference of 87068.66
Thread#3:T:   at TRID.StepDefinitions.CardsValidationSteps.ThenUpdatedComputedFinanceChargeValueShouldDisplayOnClosingDisclosure() in F:\Projects\TRID QA\trid-462743\QA\UIAutomation\SpecFramework\StepDefinitions\CardsValidationSteps.cs:line 925
Thread#6:T:NUnit.Framework.AssertionException:   Computed value does not match as expected with the difference of 750
Thread#2:T:   at TRID.StepDefinitions.CardsValidationSteps.ThenUpdatedComputedScheduledPmiTerminationDateValueShouldDisplayOnClosingDisclosure() in F:\Projects\TRID QA\trid-462743\QA\UIAutomation\SpecFramework\StepDefinitions\CardsValidationSteps.cs:line 603
Thread#1:T:ActualDisclosedValue :305.45
Thread#5:T:  Expected: 87485.889999999999d
Thread#4:T:  But was:  224.88999999999999d
Thread#3:T:done: CardsValidationSteps.ThenUpdatedComputedFinanceChargeValueShouldDisplayOnClosingDisclosure() (0.8s)
Thread#1:T:============================================================
Thread#6:T:  Expected: 750.0d
Thread#0:T:===========================================================
Thread#3:B:And updated/computed Prepaid Charges value should display on Closing Disclosure
Thread#4:T:   at NUnit.Framework.Assert.That[TActual](TActual actual, IResolveConstraint expression, String message, Object[] args)
Thread#2:T:done: CardsValidationSteps.ThenUpdatedComputedScheduledPmiTerminationDateValueShouldDisplayOnClosingDisclosure() (0.8s)
Thread#5:T:  But was:  417.23000000000002d
Thread#2:B:And updated/computed Estimated Total Monthly Payment value should display on Closing Disclosure
Thread#0:T:ExpectedDisclosedValue :15.55
Thread#6:T:  But was:  0.0d
Thread#5:T:   at NUnit.Framework.Assert.That[TActual](TActual actual, IResolveConstraint expression, String message, Object[] args)
Thread#0:T:ActualDisclosedValue :15.55
Thread#4:T:   at NUnit.Framework.Assert.AreEqual(Object expected, Object actual, String message, Object[] args)
Thread#5:T:   at NUnit.Framework.Assert.AreEqual(Object expected, Object actual, String message, Object[] args)
Thread#4:T:   at TRID.StepDefinitions.CardsValidationSteps.ThenUpdatedComputedFinanceChargeValueShouldDisplayOnClosingDisclosure() in F:\Projects\TRID QA\trid-462743\QA\UIAutomation\SpecFramework\StepDefinitions\CardsValidationSteps.cs:line 925
Thread#5:T:   at TRID.StepDefinitions.CardsValidationSteps.ThenUpdatedComputedFinanceChargeValueShouldDisplayOnClosingDisclosure() in F:\Projects\TRID QA\trid-462743\QA\UIAutomation\SpecFramework\StepDefinitions\CardsValidationSteps.cs:line 925
Thread#0:T:============================================================
Thread#6:T:   at NUnit.Framework.Assert.That[TActual](TActual actual, IResolveConstraint expression, String message, Object[] args)
Thread#4:T:done: CardsValidationSteps.ThenUpdatedComputedFinanceChargeValueShouldDisplayOnClosingDisclosure() (1.1s)
Thread#1:T:===========================================================
Thread#5:T:done: CardsValidationSteps.ThenUpdatedComputedFinanceChargeValueShouldDisplayOnClosingDisclosure() (1.0s)
Thread#4:B:And updated/computed Prepaid Charges value should display on Closing Disclosure
Thread#3:T:===========================================================
Thread#6:T:   at NUnit.Framework.Assert.AreEqual(Object expected, Object actual, String message, Object[] args)
Thread#1:T:ExpectedVarianceValue :0
Thread#3:T:ExpectedComputedValue :80.78
Thread#5:B:And updated/computed Prepaid Charges value should display on Closing Disclosure
Thread#1:T:ActualVarianceValue :0
Thread#2:T:NUnit.Framework.AssertionException:   Computed value does not match as expected with the difference of 275
Thread#6:T:   at TRID.StepDefinitions.CardsValidationSteps.ThenUpdatedComputedInitialEscrowPaymentValueShouldDisplayOnClosingDisclosure() in F:\Projects\TRID QA\trid-462743\QA\UIAutomation\SpecFramework\StepDefinitions\CardsValidationSteps.cs:line 1220
Thread#3:T:ActualComputedValue :80.78
Thread#1:T:============================================================
Thread#2:T:  Expected: 922.07000000000005d
Thread#6:T:done: CardsValidationSteps.ThenUpdatedComputedInitialEscrowPaymentValueShouldDisplayOnClosingDisclosure() (1.3s)
Thread#0:T:===========================================================
Thread#3:T:============================================================
Thread#1:T:done: CardsValidationSteps.ThenUpdatedComputedPrincipalAndInterestValueShouldDisplayOnClosingDisclosure() (2.3s)
Thread#2:T:  But was:  647.07000000000005d
Thread#0:T:ExpectedVarianceValue :0
Thread#6:B:And updated/computed Non Escrow Property Costs over one year value should display on Closing Disclosure
Thread#4:T:===========================================================
Thread#1:B:And updated/computed Mortgage Insurance value should display on Closing Disclosure
Thread#5:T:===========================================================
Thread#4:T:ExpectedComputedValue :0
Thread#0:T:ActualVarianceValue :0
Thread#2:T:   at NUnit.Framework.Assert.That[TActual](TActual actual, IResolveConstraint expression, String message, Object[] args)
Thread#0:T:============================================================
Thread#4:T:ActualComputedValue :0
Thread#2:T:   at NUnit.Framework.Assert.AreEqual(Object expected, Object actual, String message, Object[] args)
Thread#5:T:ExpectedComputedValue :0
Thread#0:T:done: CardsValidationSteps.ThenUpdatedComputedPrepaidChargesValueShouldDisplayOnClosingDisclosure() (2.3s)
Thread#3:T:===========================================================
Thread#4:T:============================================================
Thread#2:T:   at TRID.StepDefinitions.CardsValidationSteps.ThenUpdatedComputedEstimatedTotalMonthlyPaymentValueShouldDisplayOnClosingDisclosure() in F:\Projects\TRID QA\trid-462743\QA\UIAutomation\SpecFramework\StepDefinitions\CardsValidationSteps.cs:line 701
Thread#5:T:ActualComputedValue :0
Thread#0:B:And updated/computed Amount Financed value should display on Closing Disclosure
Thread#3:T:ExpectedDisclosedValue :80.78
Thread#6:T:===========================================================
Thread#5:T:============================================================
Thread#3:T:ActualDisclosedValue :80.78
Thread#2:T:done: CardsValidationSteps.ThenUpdatedComputedEstimatedTotalMonthlyPaymentValueShouldDisplayOnClosingDisclosure() (1.3s)
Thread#2:B:And updated/computed APR value should display on Closing Disclosure
Thread#6:T:ExpectedComputedValue :0
Thread#3:T:============================================================
Thread#1:T:===========================================================
Thread#6:T:ActualComputedValue :0
Thread#1:T:ExpectedComputedValue :20.2
Thread#0:T:===========================================================
Thread#4:T:===========================================================
Thread#5:T:===========================================================
Thread#6:T:============================================================
Thread#1:T:ActualComputedValue :20.2
Thread#5:T:ExpectedDisclosedValue :0
Thread#3:T:===========================================================
Thread#2:T:NUnit.Framework.AssertionException:   Computed value does not match as expected with the difference of 3.863
Thread#4:T:ExpectedDisclosedValue :0
Thread#0:T:ExpectedComputedValue :130984.45
Thread#5:T:ActualDisclosedValue :0
Thread#1:T:============================================================
Thread#2:T:  Expected: 3.863d
Thread#0:T:ActualComputedValue :130984.45
Thread#3:T:ExpectedVarianceValue :0
Thread#0:T:============================================================
Thread#4:T:ActualDisclosedValue :0
Thread#5:T:============================================================
Thread#2:T:  But was:  0.0d
Thread#6:T:===========================================================
Thread#6:T:ExpectedDisclosedValue :0
Thread#4:T:============================================================
Thread#3:T:ActualVarianceValue :0
Thread#2:T:   at NUnit.Framework.Assert.That[TActual](TActual actual, IResolveConstraint expression, String message, Object[] args)
Thread#6:T:ActualDisclosedValue :0
Thread#3:T:============================================================
Thread#2:T:   at NUnit.Framework.Assert.AreEqual(Object expected, Object actual, String message, Object[] args)
Thread#1:T:===========================================================
Thread#2:T:   at TRID.StepDefinitions.CardsValidationSteps.ThenUpdatedComputedAprValueShouldDisplayOnClosingDisclosure() in F:\Projects\TRID QA\trid-462743\QA\UIAutomation\SpecFramework\StepDefinitions\CardsValidationSteps.cs:line 750
Thread#0:T:===========================================================
Thread#6:T:============================================================
Thread#5:T:===========================================================
Thread#3:T:done: CardsValidationSteps.ThenUpdatedComputedPrepaidChargesValueShouldDisplayOnClosingDisclosure() (2.5s)
Thread#1:T:ExpectedDisclosedValue :20.2
Thread#0:T:ExpectedDisclosedValue :130984.45
Thread#3:B:And updated/computed Amount Financed value should display on Closing Disclosure
Thread#2:T:done: CardsValidationSteps.ThenUpdatedComputedAprValueShouldDisplayOnClosingDisclosure() (1.0s)
Thread#5:T:ExpectedVarianceValue :0
Thread#1:T:ActualDisclosedValue :20.2
Thread#0:T:ActualDisclosedValue :130984.45
Thread#4:T:===========================================================
Thread#1:T:============================================================
Thread#2:B:And APRWIN info value should display on Closing Disclosure
Thread#0:T:============================================================
Thread#4:T:ExpectedVarianceValue :0
Thread#5:T:ActualVarianceValue :0
Thread#4:T:ActualVarianceValue :0
Thread#5:T:============================================================
Thread#6:T:===========================================================
Thread#3:T:===========================================================
Thread#4:T:============================================================
Thread#6:T:ExpectedVarianceValue :0
Thread#1:T:===========================================================
Thread#3:T:ExpectedComputedValue :130919.22
Thread#5:T:done: CardsValidationSteps.ThenUpdatedComputedPrepaidChargesValueShouldDisplayOnClosingDisclosure() (2.5s)
Thread#4:T:done: CardsValidationSteps.ThenUpdatedComputedPrepaidChargesValueShouldDisplayOnClosingDisclosure() (2.6s)
Thread#2:T:NUnit.Framework.AssertionException:   Apr Info value does not match as expected with the difference of 3.8629
Thread#0:T:===========================================================
Thread#1:T:ExpectedVarianceValue :0
Thread#4:B:And updated/computed Amount Financed value should display on Closing Disclosure
Thread#5:B:And updated/computed Amount Financed value should display on Closing Disclosure
Thread#6:T:ActualVarianceValue :0
Thread#0:T:ExpectedVarianceValue :0
Thread#3:T:ActualComputedValue :130919.22
Thread#2:T:  Expected: 3.8628999999999998d
Thread#0:T:ActualVarianceValue :0
Thread#6:T:============================================================
Thread#3:T:============================================================
Thread#1:T:ActualVarianceValue :0
Thread#0:T:============================================================
Thread#2:T:  But was:  0.0d
Thread#1:T:============================================================
Thread#6:T:done: CardsValidationSteps.ThenUpdatedComputedNonEscrowPropertyCostsOverOneYearValueShouldDisplayOnClosingDisclosure() (2.6s)
Thread#0:T:done: CardsValidationSteps.ThenUpdatedComputedAmountFinancedValueShouldDisplayOnClosingDisclosure() (2.1s)
Thread#1:T:done: CardsValidationSteps.ThenUpdatedComputedMortgageInsuranceValueShouldDisplayOnClosingDisclosure() (2.5s)
Thread#4:T:===========================================================
Thread#2:T:   at NUnit.Framework.Assert.That[TActual](TActual actual, IResolveConstraint expression, String message, Object[] args)
Thread#6:B:And updated/computed Estimated Escrow value should display on Closing Disclosure
Thread#1:B:And updated/computed Scheduled PMI Termination Date value should display on Closing Disclosure
Thread#0:B:And updated/computed TIP value should display on Closing Disclosure
Thread#4:T:ExpectedComputedValue :131000
Thread#3:T:===========================================================
Thread#5:T:===========================================================
Thread#2:T:   at NUnit.Framework.Assert.AreEqual(Object expected, Object actual, String message, Object[] args)
Thread#5:T:ExpectedComputedValue :131000
Thread#3:T:ExpectedDisclosedValue :130919.22
Thread#4:T:ActualComputedValue :131000
Thread#2:T:   at TRID.StepDefinitions.CardsValidationSteps.ThenAprwinInfoValueShouldDisplayOnClosingDisclosure() in F:\Projects\TRID QA\trid-462743\QA\UIAutomation\SpecFramework\StepDefinitions\CardsValidationSteps.cs:line 799
Thread#5:T:ActualComputedValue :131000
Thread#3:T:ActualDisclosedValue :130919.22
Thread#4:T:============================================================
Thread#5:T:============================================================
Thread#2:T:done: CardsValidationSteps.ThenAprwinInfoValueShouldDisplayOnClosingDisclosure() (1.1s)
Thread#3:T:============================================================
Thread#1:T:System.FormatException: The string was not recognized as a valid DateTime. There is an unknown word starting at index 1.
Thread#2:B:And updated/computed Balloon Amount value should display on Closing Disclosure
Thread#6:T:NUnit.Framework.AssertionException:   Computed value does not match as expected with the difference of 275
Thread#1:T:   at System.DateTimeParse.Parse(String s, DateTimeFormatInfo dtfi, DateTimeStyles styles)
Thread#0:T:NUnit.Framework.AssertionException:   Computed value does not match as expected with the difference of 57.75
Thread#6:T:  Expected: 275.0d
Thread#1:T:   at System.Convert.ToDateTime(String value)
Thread#0:T:  Expected: 57.899999999999999d
Thread#1:T:   at TRID.ProjectLibs.Common.ProjActions.GetDatePart(By element) in F:\Projects\TRID QA\trid-462743\QA\UIAutomation\SpecFramework\ProjectLibs\Common\ProjActions.cs:line 100
Thread#6:T:  But was:  0.0d
Thread#0:T:  But was:  0.14999999999999999d
Thread#1:T:   at TRID.StepDefinitions.CardsValidationSteps.ThenUpdatedComputedScheduledPmiTerminationDateValueShouldDisplayOnClosingDisclosure() in F:\Projects\TRID QA\trid-462743\QA\UIAutomation\SpecFramework\StepDefinitions\CardsValidationSteps.cs:line 603
Thread#6:T:   at NUnit.Framework.Assert.That[TActual](TActual actual, IResolveConstraint expression, String message, Object[] args)
Thread#4:T:===========================================================
Thread#5:T:===========================================================
Thread#0:T:   at NUnit.Framework.Assert.That[TActual](TActual actual, IResolveConstraint expression, String message, Object[] args)
Thread#1:T:done: CardsValidationSteps.ThenUpdatedComputedScheduledPmiTerminationDateValueShouldDisplayOnClosingDisclosure() (0.8s)
Thread#6:T:   at NUnit.Framework.Assert.AreEqual(Object expected, Object actual, String message, Object[] args)
Thread#3:T:===========================================================
Thread#2:T:NUnit.Framework.AssertionException:   Computed value does not match as expected with the difference of 0.920000000000073
Thread#0:T:   at NUnit.Framework.Assert.AreEqual(Object expected, Object actual, String message, Object[] args)
Thread#4:T:ExpectedDisclosedValue :131000
Thread#5:T:ExpectedDisclosedValue :131000
Thread#1:B:And updated/computed Estimated Total Monthly Payment value should display on Closing Disclosure
Thread#3:T:ExpectedVarianceValue :0
Thread#0:T:   at TRID.StepDefinitions.CardsValidationSteps.ThenUpdatedComputedTipValueShouldDisplayOnClosingDisclosure() in F:\Projects\TRID QA\trid-462743\QA\UIAutomation\SpecFramework\StepDefinitions\CardsValidationSteps.cs:line 1072
Thread#2:T:  Expected: 607.60000000000002d
Thread#4:T:ActualDisclosedValue :131000
Thread#6:T:   at TRID.StepDefinitions.CardsValidationSteps.ThenUpdatedComputedEstimatedEscrowValueShouldDisplayOnClosingDisclosure() in F:\Projects\TRID QA\trid-462743\QA\UIAutomation\SpecFramework\StepDefinitions\CardsValidationSteps.cs:line 1319
Thread#0:T:done: CardsValidationSteps.ThenUpdatedComputedTipValueShouldDisplayOnClosingDisclosure() (1.0s)
Thread#2:T:  But was:  606.67999999999995d
Thread#3:T:ActualVarianceValue :0
Thread#5:T:ActualDisclosedValue :131000
Thread#6:T:done: CardsValidationSteps.ThenUpdatedComputedEstimatedEscrowValueShouldDisplayOnClosingDisclosure() (1.1s)
Thread#0:B:And updated/computed Escrow Property Costs over one year 11 Months value should display on Closing Disclosure
Thread#2:T:   at NUnit.Framework.Assert.That[TActual](TActual actual, IResolveConstraint expression, String message, Object[] args)
Thread#4:T:============================================================
Thread#2:T:   at NUnit.Framework.Assert.AreEqual(Object expected, Object actual, String message, Object[] args)
Thread#3:T:============================================================
Thread#5:T:============================================================
Thread#6:B:And updated/computed Estimated Taxes, Insurance & Assessments value should display on Closing Disclosure
Thread#2:T:   at TRID.StepDefinitions.CardsValidationSteps.ThenUpdatedComputedBalloonAmountValueShouldDisplayOnClosingDisclosure() in F:\Projects\TRID QA\trid-462743\QA\UIAutomation\SpecFramework\StepDefinitions\CardsValidationSteps.cs:line 827
Thread#1:T:NUnit.Framework.AssertionException:   Computed value does not match as expected with the difference of 137.5
Thread#3:T:done: CardsValidationSteps.ThenUpdatedComputedAmountFinancedValueShouldDisplayOnClosingDisclosure() (2.4s)
Thread#2:T:done: CardsValidationSteps.ThenUpdatedComputedBalloonAmountValueShouldDisplayOnClosingDisclosure() (0.9s)
Thread#1:T:  Expected: 463.14999999999998d
Thread#3:B:And updated/computed TIP value should display on Closing Disclosure
Thread#0:T:NUnit.Framework.AssertionException:   Computed value does not match as expected with the difference of 3300.18
Thread#2:B:And updated/computed Total of Payments value should display on Closing Disclosure
Thread#1:T:  But was:  325.64999999999998d
Thread#0:T:  Expected: 3300.1799999999998d
Thread#1:T:   at NUnit.Framework.Assert.That[TActual](TActual actual, IResolveConstraint expression, String message, Object[] args)
Thread#4:T:===========================================================
Thread#6:T:===========================================================
Thread#5:T:===========================================================
Thread#0:T:  But was:  0.0d
Thread#1:T:   at NUnit.Framework.Assert.AreEqual(Object expected, Object actual, String message, Object[] args)
Thread#6:T:ExpectedComputedValue :275
Thread#4:T:ExpectedVarianceValue :0
Thread#0:T:   at NUnit.Framework.Assert.That[TActual](TActual actual, IResolveConstraint expression, String message, Object[] args)
Thread#5:T:ExpectedVarianceValue :0
Thread#3:T:NUnit.Framework.AssertionException:   Computed value does not match as expected with the difference of 66.23
Thread#2:T:NUnit.Framework.AssertionException:   Computed value does not match as expected with the difference of 219697.37
Thread#4:T:ActualVarianceValue :0
Thread#5:T:ActualVarianceValue :0
Thread#6:T:ActualComputedValue :275
Thread#3:T:  Expected: 66.859999999999999d
Thread#1:T:   at TRID.StepDefinitions.CardsValidationSteps.ThenUpdatedComputedEstimatedTotalMonthlyPaymentValueShouldDisplayOnClosingDisclosure() in F:\Projects\TRID QA\trid-462743\QA\UIAutomation\SpecFramework\StepDefinitions\CardsValidationSteps.cs:line 701
Thread#4:T:============================================================
Thread#6:T:============================================================
Thread#0:T:   at NUnit.Framework.Assert.AreEqual(Object expected, Object actual, String message, Object[] args)
Thread#5:T:============================================================
Thread#1:T:done: CardsValidationSteps.ThenUpdatedComputedEstimatedTotalMonthlyPaymentValueShouldDisplayOnClosingDisclosure() (1.0s)
Thread#3:T:  But was:  0.63d
Thread#2:T:  Expected: 220344.44d
Thread#0:T:   at TRID.StepDefinitions.CardsValidationSteps.ThenUpdatedComputedEscrowPropertyCostsOverOneYear11MonthsValueShouldDisplayOnClosingDisclosure() in F:\Projects\TRID QA\trid-462743\QA\UIAutomation\SpecFramework\StepDefinitions\CardsValidationSteps.cs:line 1121
Thread#1:B:And updated/computed APR value should display on Closing Disclosure
Thread#3:T:   at NUnit.Framework.Assert.That[TActual](TActual actual, IResolveConstraint expression, String message, Object[] args)
Thread#2:T:  But was:  647.07000000000005d
Thread#4:T:done: CardsValidationSteps.ThenUpdatedComputedAmountFinancedValueShouldDisplayOnClosingDisclosure() (2.6s)
Thread#0:T:done: CardsValidationSteps.ThenUpdatedComputedEscrowPropertyCostsOverOneYear11MonthsValueShouldDisplayOnClosingDisclosure() (1.0s)
Thread#2:T:   at NUnit.Framework.Assert.That[TActual](TActual actual, IResolveConstraint expression, String message, Object[] args)
Thread#3:T:   at NUnit.Framework.Assert.AreEqual(Object expected, Object actual, String message, Object[] args)
Thread#5:T:done: CardsValidationSteps.ThenUpdatedComputedAmountFinancedValueShouldDisplayOnClosingDisclosure() (2.6s)
Thread#6:T:===========================================================
Thread#0:B:And updated/computed Escrow Property Costs over one year 12 Months value should display on Closing Disclosure
Thread#4:B:And updated/computed TIP value should display on Closing Disclosure
Thread#2:T:   at NUnit.Framework.Assert.AreEqual(Object expected, Object actual, String message, Object[] args)
Thread#6:T:ExpectedDisclosedValue :275
Thread#5:B:And updated/computed TIP value should display on Closing Disclosure
Thread#2:T:   at TRID.StepDefinitions.CardsValidationSteps.ThenUpdatedComputedTotalOfPaymentsValueShouldDisplayOnClosingDisclosure() in F:\Projects\TRID QA\trid-462743\QA\UIAutomation\SpecFramework\StepDefinitions\CardsValidationSteps.cs:line 876
Thread#6:T:ActualDisclosedValue :275
Thread#3:T:   at TRID.StepDefinitions.CardsValidationSteps.ThenUpdatedComputedTipValueShouldDisplayOnClosingDisclosure() in F:\Projects\TRID QA\trid-462743\QA\UIAutomation\SpecFramework\StepDefinitions\CardsValidationSteps.cs:line 1072
Thread#1:T:NUnit.Framework.AssertionException:   Computed value does not match as expected with the difference of 3.919
Thread#2:T:done: CardsValidationSteps.ThenUpdatedComputedTotalOfPaymentsValueShouldDisplayOnClosingDisclosure() (0.8s)
Thread#6:T:============================================================
Thread#3:T:done: CardsValidationSteps.ThenUpdatedComputedTipValueShouldDisplayOnClosingDisclosure() (0.9s)
Thread#1:T:  Expected: 3.919d
Thread#0:T:NUnit.Framework.AssertionException:   Computed value does not match as expected with the difference of 3300.18
Thread#2:B:And updated/computed Finance Charge value should display on Closing Disclosure
Thread#1:T:  But was:  0.0d
Thread#3:B:And updated/computed Escrow Property Costs over one year 11 Months value should display on Closing Disclosure
Thread#0:T:  Expected: 3300.1799999999998d
Thread#1:T:   at NUnit.Framework.Assert.That[TActual](TActual actual, IResolveConstraint expression, String message, Object[] args)
Thread#4:T:NUnit.Framework.AssertionException:   Computed value does not match as expected with the difference of 66.49
Thread#5:T:NUnit.Framework.AssertionException:   Computed value does not match as expected with the difference of 66.46
Thread#0:T:  But was:  0.0d
Thread#1:T:   at NUnit.Framework.Assert.AreEqual(Object expected, Object actual, String message, Object[] args)
Thread#4:T:  Expected: 66.650000000000006d
Thread#5:T:  Expected: 66.780000000000001d
Thread#0:T:   at NUnit.Framework.Assert.That[TActual](TActual actual, IResolveConstraint expression, String message, Object[] args)
Thread#6:T:===========================================================
Thread#4:T:  But was:  0.16d
Thread#1:T:   at TRID.StepDefinitions.CardsValidationSteps.ThenUpdatedComputedAprValueShouldDisplayOnClosingDisclosure() in F:\Projects\TRID QA\trid-462743\QA\UIAutomation\SpecFramework\StepDefinitions\CardsValidationSteps.cs:line 750
Thread#6:T:ExpectedVarianceValue :0
Thread#5:T:  But was:  0.32000000000000001d
Thread#0:T:   at NUnit.Framework.Assert.AreEqual(Object expected, Object actual, String message, Object[] args)
Thread#2:T:NUnit.Framework.AssertionException:   Computed value does not match as expected with the difference of 88894.67
Thread#3:T:NUnit.Framework.AssertionException:   Computed value does not match as expected with the difference of 3300
Thread#4:T:   at NUnit.Framework.Assert.That[TActual](TActual actual, IResolveConstraint expression, String message, Object[] args)
Thread#6:T:ActualVarianceValue :0
Thread#2:T:  Expected: 89344.440000000002d
Thread#3:T:  Expected: 3300.0d
Thread#1:T:done: CardsValidationSteps.ThenUpdatedComputedAprValueShouldDisplayOnClosingDisclosure() (0.9s)
Thread#5:T:   at NUnit.Framework.Assert.That[TActual](TActual actual, IResolveConstraint expression, String message, Object[] args)
Thread#0:T:   at TRID.StepDefinitions.CardsValidationSteps.ThenUpdatedComputedEscrowPropertyCostsOverOneYear12MonthsValueShouldDisplayOnClosingDisclosure() in F:\Projects\TRID QA\trid-462743\QA\UIAutomation\SpecFramework\StepDefinitions\CardsValidationSteps.cs:line 1170
Thread#6:T:============================================================
Thread#5:T:   at NUnit.Framework.Assert.AreEqual(Object expected, Object actual, String message, Object[] args)
Thread#3:T:  But was:  0.0d
Thread#4:T:   at NUnit.Framework.Assert.AreEqual(Object expected, Object actual, String message, Object[] args)
Thread#2:T:  But was:  449.76999999999998d
Thread#0:T:done: CardsValidationSteps.ThenUpdatedComputedEscrowPropertyCostsOverOneYear12MonthsValueShouldDisplayOnClosingDisclosure() (0.9s)
Thread#1:B:And APRWIN info value should display on Closing Disclosure
Thread#0:B:And updated/computed Initial Escrow Payment value should display on Closing Disclosure
Thread#2:T:   at NUnit.Framework.Assert.That[TActual](TActual actual, IResolveConstraint expression, String message, Object[] args)
Thread#5:T:   at TRID.StepDefinitions.CardsValidationSteps.ThenUpdatedComputedTipValueShouldDisplayOnClosingDisclosure() in F:\Projects\TRID QA\trid-462743\QA\UIAutomation\SpecFramework\StepDefinitions\CardsValidationSteps.cs:line 1072
Thread#6:T:done: CardsValidationSteps.ThenUpdatedComputedEstimatedTaxesInsuranceAssessmentsValueShouldDisplayOnClosingDisclosure() (1.9s)
Thread#4:T:   at TRID.StepDefinitions.CardsValidationSteps.ThenUpdatedComputedTipValueShouldDisplayOnClosingDisclosure() in F:\Projects\TRID QA\trid-462743\QA\UIAutomation\SpecFramework\StepDefinitions\CardsValidationSteps.cs:line 1072
Thread#3:T:   at NUnit.Framework.Assert.That[TActual](TActual actual, IResolveConstraint expression, String message, Object[] args)
Thread#5:T:done: CardsValidationSteps.ThenUpdatedComputedTipValueShouldDisplayOnClosingDisclosure() (0.9s)
Thread#3:T:   at NUnit.Framework.Assert.AreEqual(Object expected, Object actual, String message, Object[] args)
Thread#2:T:   at NUnit.Framework.Assert.AreEqual(Object expected, Object actual, String message, Object[] args)
Thread#5:B:And updated/computed Escrow Property Costs over one year 11 Months value should display on Closing Disclosure
Thread#3:T:   at TRID.StepDefinitions.CardsValidationSteps.ThenUpdatedComputedEscrowPropertyCostsOverOneYear11MonthsValueShouldDisplayOnClosingDisclosure() in F:\Projects\TRID QA\trid-462743\QA\UIAutomation\SpecFramework\StepDefinitions\CardsValidationSteps.cs:line 1121
Thread#2:T:   at TRID.StepDefinitions.CardsValidationSteps.ThenUpdatedComputedFinanceChargeValueShouldDisplayOnClosingDisclosure() in F:\Projects\TRID QA\trid-462743\QA\UIAutomation\SpecFramework\StepDefinitions\CardsValidationSteps.cs:line 925
Thread#4:T:done: CardsValidationSteps.ThenUpdatedComputedTipValueShouldDisplayOnClosingDisclosure() (1.1s)
Thread#1:T:NUnit.Framework.AssertionException:   Apr Info value does not match as expected with the difference of 3.9185
Thread#3:T:done: CardsValidationSteps.ThenUpdatedComputedEscrowPropertyCostsOverOneYear11MonthsValueShouldDisplayOnClosingDisclosure() (0.8s)
Thread#2:T:done: CardsValidationSteps.ThenUpdatedComputedFinanceChargeValueShouldDisplayOnClosingDisclosure() (0.9s)
Thread#6:Scheduler: get next test for thread
Thread#:Scheduler: at the end of normal test queue
Thread#6:Scheduler: enumerator for thread is at end
Thread#6:Scheduler: No more tests for thread 
Thread#4:B:And updated/computed Escrow Property Costs over one year 11 Months value should display on Closing Disclosure
Thread#0:T:NUnit.Framework.AssertionException:   Computed value does not match as expected with the difference of 798.43
Thread#2:B:And updated/computed Prepaid Charges value should display on Closing Disclosure
Thread#1:T:  Expected: 3.9184999999999999d
Thread#0:T:  Expected: 798.42999999999995d
Thread#3:B:And updated/computed Escrow Property Costs over one year 12 Months value should display on Closing Disclosure
Thread#5:T:NUnit.Framework.AssertionException:   Computed value does not match as expected with the difference of 2400
Thread#1:T:  But was:  0.0d
Thread#0:T:  But was:  0.0d
Thread#5:T:  Expected: 2400.0d
Thread#0:T:   at NUnit.Framework.Assert.That[TActual](TActual actual, IResolveConstraint expression, String message, Object[] args)
Thread#1:T:   at NUnit.Framework.Assert.That[TActual](TActual actual, IResolveConstraint expression, String message, Object[] args)
Thread#5:T:  But was:  0.0d
Thread#0:T:   at NUnit.Framework.Assert.AreEqual(Object expected, Object actual, String message, Object[] args)
Thread#4:T:NUnit.Framework.AssertionException:   Computed value does not match as expected with the difference of 3300
Thread#2:T:===========================================================
Thread#1:T:   at NUnit.Framework.Assert.AreEqual(Object expected, Object actual, String message, Object[] args)
Thread#5:T:   at NUnit.Framework.Assert.That[TActual](TActual actual, IResolveConstraint expression, String message, Object[] args)
Thread#4:T:  Expected: 3300.0d
Thread#1:T:   at TRID.StepDefinitions.CardsValidationSteps.ThenAprwinInfoValueShouldDisplayOnClosingDisclosure() in F:\Projects\TRID QA\trid-462743\QA\UIAutomation\SpecFramework\StepDefinitions\CardsValidationSteps.cs:line 799
Thread#0:T:   at TRID.StepDefinitions.CardsValidationSteps.ThenUpdatedComputedInitialEscrowPaymentValueShouldDisplayOnClosingDisclosure() in F:\Projects\TRID QA\trid-462743\QA\UIAutomation\SpecFramework\StepDefinitions\CardsValidationSteps.cs:line 1220
Thread#3:T:NUnit.Framework.AssertionException:   Computed value does not match as expected with the difference of 3300
Thread#5:T:   at NUnit.Framework.Assert.AreEqual(Object expected, Object actual, String message, Object[] args)
Thread#2:T:ExpectedComputedValue :0
Thread#0:T:done: CardsValidationSteps.ThenUpdatedComputedInitialEscrowPaymentValueShouldDisplayOnClosingDisclosure() (0.8s)
Thread#5:T:   at TRID.StepDefinitions.CardsValidationSteps.ThenUpdatedComputedEscrowPropertyCostsOverOneYear11MonthsValueShouldDisplayOnClosingDisclosure() in F:\Projects\TRID QA\trid-462743\QA\UIAutomation\SpecFramework\StepDefinitions\CardsValidationSteps.cs:line 1121
Thread#2:T:ActualComputedValue :0
Thread#3:T:  Expected: 3300.0d
Thread#0:B:And updated/computed Non Escrow Property Costs over one year value should display on Closing Disclosure
Thread#1:T:done: CardsValidationSteps.ThenAprwinInfoValueShouldDisplayOnClosingDisclosure() (0.9s)
Thread#5:T:done: CardsValidationSteps.ThenUpdatedComputedEscrowPropertyCostsOverOneYear11MonthsValueShouldDisplayOnClosingDisclosure() (0.8s)
Thread#4:T:  But was:  0.0d
Thread#3:T:  But was:  0.0d
Thread#1:B:And updated/computed Balloon Amount value should display on Closing Disclosure
Thread#2:T:============================================================
Thread#5:B:And updated/computed Escrow Property Costs over one year 12 Months value should display on Closing Disclosure
Thread#3:T:   at NUnit.Framework.Assert.That[TActual](TActual actual, IResolveConstraint expression, String message, Object[] args)
Thread#4:T:   at NUnit.Framework.Assert.That[TActual](TActual actual, IResolveConstraint expression, String message, Object[] args)
Thread#3:T:   at NUnit.Framework.Assert.AreEqual(Object expected, Object actual, String message, Object[] args)
Thread#0:T:===========================================================
Thread#4:T:   at NUnit.Framework.Assert.AreEqual(Object expected, Object actual, String message, Object[] args)
Thread#1:T:NUnit.Framework.AssertionException:   Computed value does not match as expected with the difference of 252.59
Thread#0:T:ExpectedComputedValue :0
Thread#2:T:===========================================================
Thread#3:T:   at TRID.StepDefinitions.CardsValidationSteps.ThenUpdatedComputedEscrowPropertyCostsOverOneYear12MonthsValueShouldDisplayOnClosingDisclosure() in F:\Projects\TRID QA\trid-462743\QA\UIAutomation\SpecFramework\StepDefinitions\CardsValidationSteps.cs:line 1170
Thread#1:T:  Expected: 52.859999999999999d
Thread#4:T:   at TRID.StepDefinitions.CardsValidationSteps.ThenUpdatedComputedEscrowPropertyCostsOverOneYear11MonthsValueShouldDisplayOnClosingDisclosure() in F:\Projects\TRID QA\trid-462743\QA\UIAutomation\SpecFramework\StepDefinitions\CardsValidationSteps.cs:line 1121
Thread#0:T:ActualComputedValue :0
Thread#5:T:NUnit.Framework.AssertionException:   Computed value does not match as expected with the difference of 2400
Thread#2:T:ExpectedDisclosedValue :0
Thread#1:T:  But was:  305.44999999999999d
Thread#0:T:============================================================
Thread#5:T:  Expected: 2400.0d
Thread#2:T:ActualDisclosedValue :0
Thread#3:T:done: CardsValidationSteps.ThenUpdatedComputedEscrowPropertyCostsOverOneYear12MonthsValueShouldDisplayOnClosingDisclosure() (0.9s)
Thread#4:T:done: CardsValidationSteps.ThenUpdatedComputedEscrowPropertyCostsOverOneYear11MonthsValueShouldDisplayOnClosingDisclosure() (1.1s)
Thread#5:T:  But was:  0.0d
Thread#1:T:   at NUnit.Framework.Assert.That[TActual](TActual actual, IResolveConstraint expression, String message, Object[] args)
Thread#2:T:============================================================
Thread#5:T:   at NUnit.Framework.Assert.That[TActual](TActual actual, IResolveConstraint expression, String message, Object[] args)
Thread#1:T:   at NUnit.Framework.Assert.AreEqual(Object expected, Object actual, String message, Object[] args)
Thread#3:B:And updated/computed Initial Escrow Payment value should display on Closing Disclosure
Thread#4:B:And updated/computed Escrow Property Costs over one year 12 Months value should display on Closing Disclosure
Thread#1:T:   at TRID.StepDefinitions.CardsValidationSteps.ThenUpdatedComputedBalloonAmountValueShouldDisplayOnClosingDisclosure() in F:\Projects\TRID QA\trid-462743\QA\UIAutomation\SpecFramework\StepDefinitions\CardsValidationSteps.cs:line 827
Thread#5:T:   at NUnit.Framework.Assert.AreEqual(Object expected, Object actual, String message, Object[] args)
Thread#5:T:   at TRID.StepDefinitions.CardsValidationSteps.ThenUpdatedComputedEscrowPropertyCostsOverOneYear12MonthsValueShouldDisplayOnClosingDisclosure() in F:\Projects\TRID QA\trid-462743\QA\UIAutomation\SpecFramework\StepDefinitions\CardsValidationSteps.cs:line 1170
Thread#1:T:done: CardsValidationSteps.ThenUpdatedComputedBalloonAmountValueShouldDisplayOnClosingDisclosure() (0.7s)
Thread#0:T:===========================================================
Thread#5:T:done: CardsValidationSteps.ThenUpdatedComputedEscrowPropertyCostsOverOneYear12MonthsValueShouldDisplayOnClosingDisclosure() (0.7s)
Thread#0:T:ExpectedDisclosedValue :0
Thread#2:T:===========================================================
Thread#1:B:And updated/computed Total of Payments value should display on Closing Disclosure
Thread#4:T:NUnit.Framework.AssertionException:   Computed value does not match as expected with the difference of 3300
Thread#2:T:ExpectedVarianceValue :0
Thread#3:T:NUnit.Framework.AssertionException:   Computed value does not match as expected with the difference of 750
Thread#5:B:And updated/computed Initial Escrow Payment value should display on Closing Disclosure
Thread#0:T:ActualDisclosedValue :0
Thread#2:T:ActualVarianceValue :0
Thread#4:T:  Expected: 3300.0d
Thread#3:T:  Expected: 750.0d
Thread#0:T:============================================================
Thread#4:T:  But was:  0.0d
Thread#2:T:============================================================
Thread#3:T:  But was:  0.0d
Thread#1:T:NUnit.Framework.AssertionException:   Computed value does not match as expected with the difference of 221284.96
Thread#2:T:done: CardsValidationSteps.ThenUpdatedComputedPrepaidChargesValueShouldDisplayOnClosingDisclosure() (1.8s)
Thread#4:T:   at NUnit.Framework.Assert.That[TActual](TActual actual, IResolveConstraint expression, String message, Object[] args)
Thread#3:T:   at NUnit.Framework.Assert.That[TActual](TActual actual, IResolveConstraint expression, String message, Object[] args)
Thread#5:T:NUnit.Framework.AssertionException:   Computed value does not match as expected with the difference of 1200
Thread#4:T:   at NUnit.Framework.Assert.AreEqual(Object expected, Object actual, String message, Object[] args)
Thread#2:B:And updated/computed Amount Financed value should display on Closing Disclosure
Thread#1:T:  Expected: 221610.60999999999d
Thread#3:T:   at NUnit.Framework.Assert.AreEqual(Object expected, Object actual, String message, Object[] args)
Thread#0:T:===========================================================
Thread#5:T:  Expected: 1200.0d
Thread#4:T:   at TRID.StepDefinitions.CardsValidationSteps.ThenUpdatedComputedEscrowPropertyCostsOverOneYear12MonthsValueShouldDisplayOnClosingDisclosure() in F:\Projects\TRID QA\trid-462743\QA\UIAutomation\SpecFramework\StepDefinitions\CardsValidationSteps.cs:line 1170
Thread#1:T:  But was:  325.64999999999998d
Thread#3:T:   at TRID.StepDefinitions.CardsValidationSteps.ThenUpdatedComputedInitialEscrowPaymentValueShouldDisplayOnClosingDisclosure() in F:\Projects\TRID QA\trid-462743\QA\UIAutomation\SpecFramework\StepDefinitions\CardsValidationSteps.cs:line 1220
Thread#4:T:done: CardsValidationSteps.ThenUpdatedComputedEscrowPropertyCostsOverOneYear12MonthsValueShouldDisplayOnClosingDisclosure() (0.7s)
Thread#0:T:ExpectedVarianceValue :0
Thread#5:T:  But was:  0.0d
Thread#3:T:done: CardsValidationSteps.ThenUpdatedComputedInitialEscrowPaymentValueShouldDisplayOnClosingDisclosure() (0.8s)
Thread#1:T:   at NUnit.Framework.Assert.That[TActual](TActual actual, IResolveConstraint expression, String message, Object[] args)
Thread#0:T:ActualVarianceValue :0
Thread#4:B:And updated/computed Initial Escrow Payment value should display on Closing Disclosure
Thread#3:B:And updated/computed Non Escrow Property Costs over one year value should display on Closing Disclosure
Thread#1:T:   at NUnit.Framework.Assert.AreEqual(Object expected, Object actual, String message, Object[] args)
Thread#5:T:   at NUnit.Framework.Assert.That[TActual](TActual actual, IResolveConstraint expression, String message, Object[] args)
Thread#0:T:============================================================
Thread#2:T:===========================================================
Thread#5:T:   at NUnit.Framework.Assert.AreEqual(Object expected, Object actual, String message, Object[] args)
Thread#1:T:   at TRID.StepDefinitions.CardsValidationSteps.ThenUpdatedComputedTotalOfPaymentsValueShouldDisplayOnClosingDisclosure() in F:\Projects\TRID QA\trid-462743\QA\UIAutomation\SpecFramework\StepDefinitions\CardsValidationSteps.cs:line 876
Thread#0:T:done: CardsValidationSteps.ThenUpdatedComputedNonEscrowPropertyCostsOverOneYearValueShouldDisplayOnClosingDisclosure() (1.8s)
Thread#2:T:ExpectedComputedValue :131000
Thread#1:T:done: CardsValidationSteps.ThenUpdatedComputedTotalOfPaymentsValueShouldDisplayOnClosingDisclosure() (0.8s)
Thread#0:B:And updated/computed Estimated Escrow value should display on Closing Disclosure
Thread#5:T:   at TRID.StepDefinitions.CardsValidationSteps.ThenUpdatedComputedInitialEscrowPaymentValueShouldDisplayOnClosingDisclosure() in F:\Projects\TRID QA\trid-462743\QA\UIAutomation\SpecFramework\StepDefinitions\CardsValidationSteps.cs:line 1220
Thread#2:T:ActualComputedValue :131000
Thread#1:B:And updated/computed Finance Charge value should display on Closing Disclosure
Thread#2:T:============================================================
Thread#5:T:done: CardsValidationSteps.ThenUpdatedComputedInitialEscrowPaymentValueShouldDisplayOnClosingDisclosure() (0.9s)
Thread#4:T:NUnit.Framework.AssertionException:   Computed value does not match as expected with the difference of 750
Thread#3:T:===========================================================
Thread#4:T:  Expected: 750.0d
Thread#5:B:And updated/computed Non Escrow Property Costs over one year value should display on Closing Disclosure
Thread#3:T:ExpectedComputedValue :0
Thread#4:T:  But was:  0.0d
Thread#0:T:NUnit.Framework.AssertionException:   Computed value does not match as expected with the difference of 126.93
Thread#1:T:NUnit.Framework.AssertionException:   Computed value does not match as expected with the difference of 90385.72
Thread#3:T:ActualComputedValue :0
Thread#0:T:  Expected: 126.93000000000001d
Thread#4:T:   at NUnit.Framework.Assert.That[TActual](TActual actual, IResolveConstraint expression, String message, Object[] args)
Thread#1:T:  Expected: 90610.610000000001d
Thread#3:T:============================================================
Thread#2:T:===========================================================
Thread#5:T:NUnit.Framework.AssertionException:   Computed value does not match as expected with the difference of 900
Thread#1:T:  But was:  224.88999999999999d
Thread#0:T:  But was:  0.0d
Thread#5:T:  Expected: 900.0d
Thread#4:T:   at NUnit.Framework.Assert.AreEqual(Object expected, Object actual, String message, Object[] args)
Thread#0:T:   at NUnit.Framework.Assert.That[TActual](TActual actual, IResolveConstraint expression, String message, Object[] args)
Thread#2:T:ExpectedDisclosedValue :131000
Thread#1:T:   at NUnit.Framework.Assert.That[TActual](TActual actual, IResolveConstraint expression, String message, Object[] args)
Thread#0:T:   at NUnit.Framework.Assert.AreEqual(Object expected, Object actual, String message, Object[] args)
Thread#5:T:  But was:  0.0d
Thread#2:T:ActualDisclosedValue :131000
Thread#4:T:   at TRID.StepDefinitions.CardsValidationSteps.ThenUpdatedComputedInitialEscrowPaymentValueShouldDisplayOnClosingDisclosure() in F:\Projects\TRID QA\trid-462743\QA\UIAutomation\SpecFramework\StepDefinitions\CardsValidationSteps.cs:line 1220
Thread#0:T:   at TRID.StepDefinitions.CardsValidationSteps.ThenUpdatedComputedEstimatedEscrowValueShouldDisplayOnClosingDisclosure() in F:\Projects\TRID QA\trid-462743\QA\UIAutomation\SpecFramework\StepDefinitions\CardsValidationSteps.cs:line 1319
Thread#4:T:done: CardsValidationSteps.ThenUpdatedComputedInitialEscrowPaymentValueShouldDisplayOnClosingDisclosure() (1.0s)
Thread#1:T:   at NUnit.Framework.Assert.AreEqual(Object expected, Object actual, String message, Object[] args)
Thread#2:T:============================================================
Thread#5:T:   at NUnit.Framework.Assert.That[TActual](TActual actual, IResolveConstraint expression, String message, Object[] args)
Thread#3:T:===========================================================
Thread#0:T:done: CardsValidationSteps.ThenUpdatedComputedEstimatedEscrowValueShouldDisplayOnClosingDisclosure() (0.8s)
Thread#1:T:   at TRID.StepDefinitions.CardsValidationSteps.ThenUpdatedComputedFinanceChargeValueShouldDisplayOnClosingDisclosure() in F:\Projects\TRID QA\trid-462743\QA\UIAutomation\SpecFramework\StepDefinitions\CardsValidationSteps.cs:line 925
Thread#4:B:And updated/computed Non Escrow Property Costs over one year value should display on Closing Disclosure
Thread#0:B:And updated/computed Estimated Taxes, Insurance & Assessments value should display on Closing Disclosure
Thread#5:T:   at NUnit.Framework.Assert.AreEqual(Object expected, Object actual, String message, Object[] args)
Thread#3:T:ExpectedDisclosedValue :0
Thread#5:T:   at TRID.StepDefinitions.CardsValidationSteps.ThenUpdatedComputedNonEscrowPropertyCostsOverOneYearValueShouldDisplayOnClosingDisclosure() in F:\Projects\TRID QA\trid-462743\QA\UIAutomation\SpecFramework\StepDefinitions\CardsValidationSteps.cs:line 1270
Thread#1:T:done: CardsValidationSteps.ThenUpdatedComputedFinanceChargeValueShouldDisplayOnClosingDisclosure() (0.9s)
Thread#3:T:ActualDisclosedValue :0
Thread#1:B:And updated/computed Prepaid Charges value should display on Closing Disclosure
Thread#5:T:done: CardsValidationSteps.ThenUpdatedComputedNonEscrowPropertyCostsOverOneYearValueShouldDisplayOnClosingDisclosure() (0.9s)
Thread#3:T:============================================================
Thread#5:B:And updated/computed Estimated Escrow value should display on Closing Disclosure
Thread#2:T:===========================================================
Thread#4:T:===========================================================
Thread#2:T:ExpectedVarianceValue :0
Thread#0:T:NUnit.Framework.AssertionException:   Computed value does not match as expected with the difference of 0.0100000000000051
Thread#4:T:ExpectedComputedValue :0
Thread#0:T:  Expected: 126.93000000000001d
Thread#2:T:ActualVarianceValue :0
Thread#0:T:  But was:  126.92d
Thread#4:T:ActualComputedValue :0
Thread#1:T:===========================================================
Thread#3:T:===========================================================
Thread#4:T:============================================================
Thread#0:T:   at NUnit.Framework.Assert.That[TActual](TActual actual, IResolveConstraint expression, String message, Object[] args)
Thread#2:T:============================================================
Thread#5:T:NUnit.Framework.AssertionException:   Computed value does not match as expected with the difference of 200
Thread#3:T:ExpectedVarianceValue :0
Thread#1:T:ExpectedComputedValue :0
Thread#2:T:done: CardsValidationSteps.ThenUpdatedComputedAmountFinancedValueShouldDisplayOnClosingDisclosure() (2.1s)
Thread#0:T:   at NUnit.Framework.Assert.AreEqual(Object expected, Object actual, String message, Object[] args)
Thread#5:T:  Expected: 200.0d
Thread#3:T:ActualVarianceValue :0
Thread#1:T:ActualComputedValue :0
Thread#2:B:And updated/computed TIP value should display on Closing Disclosure
Thread#0:T:   at TRID.StepDefinitions.CardsValidationSteps.ThenUpdatedComputedEstimatedTaxesInsuranceAssessmentsValueShouldDisplayOnClosingDisclosure() in F:\Projects\TRID QA\trid-462743\QA\UIAutomation\SpecFramework\StepDefinitions\CardsValidationSteps.cs:line 1368
Thread#5:T:  But was:  0.0d
Thread#1:T:============================================================
Thread#3:T:============================================================
Thread#0:T:done: CardsValidationSteps.ThenUpdatedComputedEstimatedTaxesInsuranceAssessmentsValueShouldDisplayOnClosingDisclosure() (0.9s)
Thread#4:T:===========================================================
Thread#5:T:   at NUnit.Framework.Assert.That[TActual](TActual actual, IResolveConstraint expression, String message, Object[] args)
Thread#3:T:done: CardsValidationSteps.ThenUpdatedComputedNonEscrowPropertyCostsOverOneYearValueShouldDisplayOnClosingDisclosure() (2.1s)
Thread#4:T:ExpectedDisclosedValue :0
Thread#5:T:   at NUnit.Framework.Assert.AreEqual(Object expected, Object actual, String message, Object[] args)
Thread#3:B:And updated/computed Estimated Escrow value should display on Closing Disclosure
Thread#2:T:NUnit.Framework.AssertionException:   Computed value does not match as expected with the difference of 66.41
Thread#0:Scheduler: get next test for thread
Thread#:Scheduler: at the end of normal test queue
Thread#0:Scheduler: enumerator for thread is at end
Thread#0:Scheduler: No more tests for thread 
Thread#5:T:   at TRID.StepDefinitions.CardsValidationSteps.ThenUpdatedComputedEstimatedEscrowValueShouldDisplayOnClosingDisclosure() in F:\Projects\TRID QA\trid-462743\QA\UIAutomation\SpecFramework\StepDefinitions\CardsValidationSteps.cs:line 1319
Thread#4:T:ActualDisclosedValue :0
Thread#1:T:===========================================================
Thread#2:T:  Expected: 66.719999999999999d
Thread#5:T:done: CardsValidationSteps.ThenUpdatedComputedEstimatedEscrowValueShouldDisplayOnClosingDisclosure() (0.9s)
Thread#4:T:============================================================
Thread#1:T:ExpectedDisclosedValue :0
Thread#2:T:  But was:  0.31d
Thread#5:B:And updated/computed Estimated Taxes, Insurance & Assessments value should display on Closing Disclosure
Thread#3:T:NUnit.Framework.AssertionException:   Computed value does not match as expected with the difference of 550
Thread#1:T:ActualDisclosedValue :0
Thread#2:T:   at NUnit.Framework.Assert.That[TActual](TActual actual, IResolveConstraint expression, String message, Object[] args)
Thread#3:T:  Expected: 550.0d
Thread#2:T:   at NUnit.Framework.Assert.AreEqual(Object expected, Object actual, String message, Object[] args)
Thread#1:T:============================================================
Thread#3:T:  But was:  0.0d
Thread#4:T:===========================================================
Thread#2:T:   at TRID.StepDefinitions.CardsValidationSteps.ThenUpdatedComputedTipValueShouldDisplayOnClosingDisclosure() in F:\Projects\TRID QA\trid-462743\QA\UIAutomation\SpecFramework\StepDefinitions\CardsValidationSteps.cs:line 1072
Thread#4:T:ExpectedVarianceValue :0
Thread#3:T:   at NUnit.Framework.Assert.That[TActual](TActual actual, IResolveConstraint expression, String message, Object[] args)
Thread#2:T:done: CardsValidationSteps.ThenUpdatedComputedTipValueShouldDisplayOnClosingDisclosure() (0.8s)
Thread#5:T:===========================================================
Thread#3:T:   at NUnit.Framework.Assert.AreEqual(Object expected, Object actual, String message, Object[] args)
Thread#1:T:===========================================================
Thread#2:B:And updated/computed Escrow Property Costs over one year 11 Months value should display on Closing Disclosure
Thread#4:T:ActualVarianceValue :0
Thread#3:T:   at TRID.StepDefinitions.CardsValidationSteps.ThenUpdatedComputedEstimatedEscrowValueShouldDisplayOnClosingDisclosure() in F:\Projects\TRID QA\trid-462743\QA\UIAutomation\SpecFramework\StepDefinitions\CardsValidationSteps.cs:line 1319
Thread#5:T:ExpectedComputedValue :275
Thread#1:T:ExpectedVarianceValue :0
Thread#4:T:============================================================
Thread#3:T:done: CardsValidationSteps.ThenUpdatedComputedEstimatedEscrowValueShouldDisplayOnClosingDisclosure() (0.8s)
Thread#1:T:ActualVarianceValue :0
Thread#5:T:ActualComputedValue :275
Thread#4:T:done: CardsValidationSteps.ThenUpdatedComputedNonEscrowPropertyCostsOverOneYearValueShouldDisplayOnClosingDisclosure() (1.9s)
Thread#1:T:============================================================
Thread#3:B:And updated/computed Estimated Taxes, Insurance & Assessments value should display on Closing Disclosure
Thread#4:B:And updated/computed Estimated Escrow value should display on Closing Disclosure
Thread#2:T:NUnit.Framework.AssertionException:   Computed value does not match as expected with the difference of 3300
Thread#5:T:============================================================
Thread#1:T:done: CardsValidationSteps.ThenUpdatedComputedPrepaidChargesValueShouldDisplayOnClosingDisclosure() (1.9s)
Thread#2:T:  Expected: 3300.0d
Thread#1:B:And updated/computed Amount Financed value should display on Closing Disclosure
Thread#3:T:===========================================================
Thread#2:T:  But was:  0.0d
Thread#5:T:===========================================================
Thread#4:T:NUnit.Framework.AssertionException:   Computed value does not match as expected with the difference of 137.5
Thread#2:T:   at NUnit.Framework.Assert.That[TActual](TActual actual, IResolveConstraint expression, String message, Object[] args)
Thread#3:T:ExpectedComputedValue :550
Thread#5:T:ExpectedDisclosedValue :275
Thread#4:T:  Expected: 137.5d
Thread#2:T:   at NUnit.Framework.Assert.AreEqual(Object expected, Object actual, String message, Object[] args)
Thread#3:T:ActualComputedValue :550
Thread#1:T:===========================================================
Thread#2:T:   at TRID.StepDefinitions.CardsValidationSteps.ThenUpdatedComputedEscrowPropertyCostsOverOneYear11MonthsValueShouldDisplayOnClosingDisclosure() in F:\Projects\TRID QA\trid-462743\QA\UIAutomation\SpecFramework\StepDefinitions\CardsValidationSteps.cs:line 1121
Thread#4:T:  But was:  0.0d
Thread#3:T:============================================================
Thread#5:T:ActualDisclosedValue :275
Thread#2:T:done: CardsValidationSteps.ThenUpdatedComputedEscrowPropertyCostsOverOneYear11MonthsValueShouldDisplayOnClosingDisclosure() (0.6s)
Thread#1:T:ExpectedComputedValue :131000
Thread#5:T:============================================================
Thread#4:T:   at NUnit.Framework.Assert.That[TActual](TActual actual, IResolveConstraint expression, String message, Object[] args)
Thread#2:B:And updated/computed Escrow Property Costs over one year 12 Months value should display on Closing Disclosure
Thread#1:T:ActualComputedValue :131000
Thread#4:T:   at NUnit.Framework.Assert.AreEqual(Object expected, Object actual, String message, Object[] args)
Thread#1:T:============================================================
Thread#3:T:===========================================================
Thread#4:T:   at TRID.StepDefinitions.CardsValidationSteps.ThenUpdatedComputedEstimatedEscrowValueShouldDisplayOnClosingDisclosure() in F:\Projects\TRID QA\trid-462743\QA\UIAutomation\SpecFramework\StepDefinitions\CardsValidationSteps.cs:line 1319
Thread#5:T:===========================================================
Thread#2:T:NUnit.Framework.AssertionException:   Computed value does not match as expected with the difference of 3300
Thread#3:T:ExpectedDisclosedValue :550
Thread#5:T:ExpectedVarianceValue :0
Thread#4:T:done: CardsValidationSteps.ThenUpdatedComputedEstimatedEscrowValueShouldDisplayOnClosingDisclosure() (0.7s)
Thread#2:T:  Expected: 3300.0d
Thread#3:T:ActualDisclosedValue :550
Thread#5:T:ActualVarianceValue :0
Thread#2:T:  But was:  0.0d
Thread#3:T:============================================================
Thread#4:B:And updated/computed Estimated Taxes, Insurance & Assessments value should display on Closing Disclosure
Thread#5:T:============================================================
Thread#1:T:===========================================================
Thread#2:T:   at NUnit.Framework.Assert.That[TActual](TActual actual, IResolveConstraint expression, String message, Object[] args)
Thread#5:T:done: CardsValidationSteps.ThenUpdatedComputedEstimatedTaxesInsuranceAssessmentsValueShouldDisplayOnClosingDisclosure() (1.6s)
Thread#1:T:ExpectedDisclosedValue :131000
Thread#2:T:   at NUnit.Framework.Assert.AreEqual(Object expected, Object actual, String message, Object[] args)
Thread#4:T:===========================================================
Thread#3:T:===========================================================
Thread#1:T:ActualDisclosedValue :131000
Thread#2:T:   at TRID.StepDefinitions.CardsValidationSteps.ThenUpdatedComputedEscrowPropertyCostsOverOneYear12MonthsValueShouldDisplayOnClosingDisclosure() in F:\Projects\TRID QA\trid-462743\QA\UIAutomation\SpecFramework\StepDefinitions\CardsValidationSteps.cs:line 1170
Thread#1:T:============================================================
Thread#3:T:ExpectedVarianceValue :0
Thread#5:Scheduler: get next test for thread
Thread#:Scheduler: at the end of normal test queue
Thread#5:Scheduler: enumerator for thread is at end
Thread#5:Scheduler: No more tests for thread 
Thread#2:T:done: CardsValidationSteps.ThenUpdatedComputedEscrowPropertyCostsOverOneYear12MonthsValueShouldDisplayOnClosingDisclosure() (0.6s)
Thread#4:T:ExpectedComputedValue :137.5
Thread#3:T:ActualVarianceValue :0
Thread#2:B:And updated/computed Initial Escrow Payment value should display on Closing Disclosure
Thread#4:T:ActualComputedValue :137.5
Thread#3:T:============================================================
Thread#1:T:===========================================================
Thread#4:T:============================================================
Thread#3:T:done: CardsValidationSteps.ThenUpdatedComputedEstimatedTaxesInsuranceAssessmentsValueShouldDisplayOnClosingDisclosure() (1.4s)
Thread#2:T:NUnit.Framework.AssertionException:   Computed value does not match as expected with the difference of 750
Thread#1:T:ExpectedVarianceValue :0
Thread#2:T:  Expected: 750.0d
Thread#1:T:ActualVarianceValue :0
Thread#4:T:===========================================================
Thread#3:Scheduler: get next test for thread
Thread#:Scheduler: at the end of normal test queue
Thread#3:Scheduler: enumerator for thread is at end
Thread#3:Scheduler: No more tests for thread 
Thread#2:T:  But was:  0.0d
Thread#1:T:============================================================
Thread#4:T:ExpectedDisclosedValue :137.5
Thread#2:T:   at NUnit.Framework.Assert.That[TActual](TActual actual, IResolveConstraint expression, String message, Object[] args)
Thread#1:T:done: CardsValidationSteps.ThenUpdatedComputedAmountFinancedValueShouldDisplayOnClosingDisclosure() (1.5s)
Thread#2:T:   at NUnit.Framework.Assert.AreEqual(Object expected, Object actual, String message, Object[] args)
Thread#4:T:ActualDisclosedValue :137.5
Thread#1:B:And updated/computed TIP value should display on Closing Disclosure
Thread#2:T:   at TRID.StepDefinitions.CardsValidationSteps.ThenUpdatedComputedInitialEscrowPaymentValueShouldDisplayOnClosingDisclosure() in F:\Projects\TRID QA\trid-462743\QA\UIAutomation\SpecFramework\StepDefinitions\CardsValidationSteps.cs:line 1220
Thread#4:T:============================================================
Thread#2:T:done: CardsValidationSteps.ThenUpdatedComputedInitialEscrowPaymentValueShouldDisplayOnClosingDisclosure() (0.5s)
Thread#1:T:NUnit.Framework.AssertionException:   Computed value does not match as expected with the difference of 67.53
Thread#4:T:===========================================================
Thread#1:T:  Expected: 67.689999999999998d
Thread#2:B:And updated/computed Non Escrow Property Costs over one year value should display on Closing Disclosure
Thread#4:T:ExpectedVarianceValue :0
Thread#1:T:  But was:  0.16d
Thread#4:T:ActualVarianceValue :0
Thread#2:T:NUnit.Framework.AssertionException:   Computed value does not match as expected with the difference of 600
Thread#1:T:   at NUnit.Framework.Assert.That[TActual](TActual actual, IResolveConstraint expression, String message, Object[] args)
Thread#4:T:============================================================
Thread#2:T:  Expected: 600.0d
Thread#1:T:   at NUnit.Framework.Assert.AreEqual(Object expected, Object actual, String message, Object[] args)
Thread#4:T:done: CardsValidationSteps.ThenUpdatedComputedEstimatedTaxesInsuranceAssessmentsValueShouldDisplayOnClosingDisclosure() (1.2s)
Thread#2:T:  But was:  0.0d
Thread#1:T:   at TRID.StepDefinitions.CardsValidationSteps.ThenUpdatedComputedTipValueShouldDisplayOnClosingDisclosure() in F:\Projects\TRID QA\trid-462743\QA\UIAutomation\SpecFramework\StepDefinitions\CardsValidationSteps.cs:line 1072
Thread#1:T:done: CardsValidationSteps.ThenUpdatedComputedTipValueShouldDisplayOnClosingDisclosure() (0.5s)
Thread#2:T:   at NUnit.Framework.Assert.That[TActual](TActual actual, IResolveConstraint expression, String message, Object[] args)
Thread#4:Scheduler: get next test for thread
Thread#:Scheduler: at the end of normal test queue
Thread#4:Scheduler: enumerator for thread is at end
Thread#4:Scheduler: No more tests for thread 
Thread#1:B:And updated/computed Escrow Property Costs over one year 11 Months value should display on Closing Disclosure
Thread#2:T:   at NUnit.Framework.Assert.AreEqual(Object expected, Object actual, String message, Object[] args)
Thread#2:T:   at TRID.StepDefinitions.CardsValidationSteps.ThenUpdatedComputedNonEscrowPropertyCostsOverOneYearValueShouldDisplayOnClosingDisclosure() in F:\Projects\TRID QA\trid-462743\QA\UIAutomation\SpecFramework\StepDefinitions\CardsValidationSteps.cs:line 1270
Thread#1:T:NUnit.Framework.AssertionException:   Computed value does not match as expected with the difference of 3300
Thread#2:T:done: CardsValidationSteps.ThenUpdatedComputedNonEscrowPropertyCostsOverOneYearValueShouldDisplayOnClosingDisclosure() (0.5s)
Thread#1:T:  Expected: 3300.0d
Thread#2:B:And updated/computed Estimated Escrow value should display on Closing Disclosure
Thread#1:T:  But was:  0.0d
Thread#1:T:   at NUnit.Framework.Assert.That[TActual](TActual actual, IResolveConstraint expression, String message, Object[] args)
Thread#2:T:NUnit.Framework.AssertionException:   Computed value does not match as expected with the difference of 275
Thread#1:T:   at NUnit.Framework.Assert.AreEqual(Object expected, Object actual, String message, Object[] args)
Thread#2:T:  Expected: 275.0d
Thread#1:T:   at TRID.StepDefinitions.CardsValidationSteps.ThenUpdatedComputedEscrowPropertyCostsOverOneYear11MonthsValueShouldDisplayOnClosingDisclosure() in F:\Projects\TRID QA\trid-462743\QA\UIAutomation\SpecFramework\StepDefinitions\CardsValidationSteps.cs:line 1121
Thread#2:T:  But was:  0.0d
Thread#1:T:done: CardsValidationSteps.ThenUpdatedComputedEscrowPropertyCostsOverOneYear11MonthsValueShouldDisplayOnClosingDisclosure() (0.4s)
Thread#2:T:   at NUnit.Framework.Assert.That[TActual](TActual actual, IResolveConstraint expression, String message, Object[] args)
Thread#1:B:And updated/computed Escrow Property Costs over one year 12 Months value should display on Closing Disclosure
Thread#2:T:   at NUnit.Framework.Assert.AreEqual(Object expected, Object actual, String message, Object[] args)
Thread#2:T:   at TRID.StepDefinitions.CardsValidationSteps.ThenUpdatedComputedEstimatedEscrowValueShouldDisplayOnClosingDisclosure() in F:\Projects\TRID QA\trid-462743\QA\UIAutomation\SpecFramework\StepDefinitions\CardsValidationSteps.cs:line 1319
Thread#1:T:NUnit.Framework.AssertionException:   Computed value does not match as expected with the difference of 3300
Thread#2:T:done: CardsValidationSteps.ThenUpdatedComputedEstimatedEscrowValueShouldDisplayOnClosingDisclosure() (0.3s)
Thread#1:T:  Expected: 3300.0d
Thread#2:B:And updated/computed Estimated Taxes, Insurance & Assessments value should display on Closing Disclosure
Thread#1:T:  But was:  0.0d
Thread#1:T:   at NUnit.Framework.Assert.That[TActual](TActual actual, IResolveConstraint expression, String message, Object[] args)
Thread#2:T:===========================================================
Thread#1:T:   at NUnit.Framework.Assert.AreEqual(Object expected, Object actual, String message, Object[] args)
Thread#2:T:ExpectedComputedValue :325
Thread#1:T:   at TRID.StepDefinitions.CardsValidationSteps.ThenUpdatedComputedEscrowPropertyCostsOverOneYear12MonthsValueShouldDisplayOnClosingDisclosure() in F:\Projects\TRID QA\trid-462743\QA\UIAutomation\SpecFramework\StepDefinitions\CardsValidationSteps.cs:line 1170
Thread#2:T:ActualComputedValue :325
Thread#1:T:done: CardsValidationSteps.ThenUpdatedComputedEscrowPropertyCostsOverOneYear12MonthsValueShouldDisplayOnClosingDisclosure() (0.3s)
Thread#2:T:============================================================
Thread#1:B:And updated/computed Initial Escrow Payment value should display on Closing Disclosure
Thread#2:T:===========================================================
Thread#1:T:NUnit.Framework.AssertionException:   Computed value does not match as expected with the difference of 750
Thread#2:T:ExpectedDisclosedValue :325
Thread#1:T:  Expected: 750.0d
Thread#2:T:ActualDisclosedValue :325
Thread#1:T:  But was:  0.0d
Thread#2:T:============================================================
Thread#1:T:   at NUnit.Framework.Assert.That[TActual](TActual actual, IResolveConstraint expression, String message, Object[] args)
Thread#1:T:   at NUnit.Framework.Assert.AreEqual(Object expected, Object actual, String message, Object[] args)
Thread#2:T:===========================================================
Thread#1:T:   at TRID.StepDefinitions.CardsValidationSteps.ThenUpdatedComputedInitialEscrowPaymentValueShouldDisplayOnClosingDisclosure() in F:\Projects\TRID QA\trid-462743\QA\UIAutomation\SpecFramework\StepDefinitions\CardsValidationSteps.cs:line 1220
Thread#2:T:ExpectedVarianceValue :0
Thread#1:T:done: CardsValidationSteps.ThenUpdatedComputedInitialEscrowPaymentValueShouldDisplayOnClosingDisclosure() (0.3s)
Thread#2:T:ActualVarianceValue :0
Thread#1:B:And updated/computed Non Escrow Property Costs over one year value should display on Closing Disclosure
Thread#2:T:============================================================
Thread#2:T:done: CardsValidationSteps.ThenUpdatedComputedEstimatedTaxesInsuranceAssessmentsValueShouldDisplayOnClosingDisclosure() (0.7s)
Thread#1:T:===========================================================
Thread#1:T:ExpectedComputedValue :0
Thread#2:Scheduler: get next test for thread
Thread#:Scheduler: at the end of normal test queue
Thread#2:Scheduler: enumerator for thread is at end
Thread#2:Scheduler: No more tests for thread 
Thread#1:T:ActualComputedValue :0
Thread#1:T:============================================================
Thread#1:T:===========================================================
Thread#1:T:ExpectedDisclosedValue :0
Thread#1:T:ActualDisclosedValue :0
Thread#1:T:============================================================
Thread#1:T:===========================================================
Thread#1:T:ExpectedVarianceValue :0
Thread#1:T:ActualVarianceValue :0
Thread#1:T:============================================================
Thread#1:T:done: CardsValidationSteps.ThenUpdatedComputedNonEscrowPropertyCostsOverOneYearValueShouldDisplayOnClosingDisclosure() (0.6s)
Thread#1:B:And updated/computed Estimated Escrow value should display on Closing Disclosure
Thread#1:T:NUnit.Framework.AssertionException:   Computed value does not match as expected with the difference of 137.5
Thread#1:T:  Expected: 137.5d
Thread#1:T:  But was:  0.0d
Thread#1:T:   at NUnit.Framework.Assert.That[TActual](TActual actual, IResolveConstraint expression, String message, Object[] args)
Thread#1:T:   at NUnit.Framework.Assert.AreEqual(Object expected, Object actual, String message, Object[] args)
Thread#1:T:   at TRID.StepDefinitions.CardsValidationSteps.ThenUpdatedComputedEstimatedEscrowValueShouldDisplayOnClosingDisclosure() in F:\Projects\TRID QA\trid-462743\QA\UIAutomation\SpecFramework\StepDefinitions\CardsValidationSteps.cs:line 1319
Thread#1:T:done: CardsValidationSteps.ThenUpdatedComputedEstimatedEscrowValueShouldDisplayOnClosingDisclosure() (0.3s)
Thread#1:B:And updated/computed Estimated Taxes, Insurance & Assessments value should display on Closing Disclosure
Thread#1:T:===========================================================
Thread#1:T:ExpectedComputedValue :137.5
Thread#1:T:ActualComputedValue :137.5
Thread#1:T:============================================================
Thread#1:T:===========================================================
Thread#1:T:ExpectedDisclosedValue :137.5
Thread#1:T:ActualDisclosedValue :137.5
Thread#1:T:============================================================
Thread#1:T:===========================================================
Thread#1:T:ExpectedVarianceValue :0
Thread#1:T:ActualVarianceValue :0
Thread#1:T:============================================================
Thread#1:T:done: CardsValidationSteps.ThenUpdatedComputedEstimatedTaxesInsuranceAssessmentsValueShouldDisplayOnClosingDisclosure() (0.6s)
Thread#1:Scheduler: get next test for thread
Thread#:Scheduler: at the end of normal test queue
Thread#1:Scheduler: enumerator for thread is at end
Thread#1:Scheduler: No more tests for thread 
Thread#0:T:##########################################################
Thread#0:T:##########################################################
Thread#0:T:====================================================================================
Thread#0:T:Scenario Number : 13
Thread#0:T:The total number of cards Failue: 13
Thread#0:T:Name of cards Failed: || ScheduledPMITerminationDate || : System.FormatException: The string was not recognized as a valid DateTime. There is an unknown word starting at index 1.
Thread#0:T:   at System.DateTimeParse.Parse(String s, DateTimeFormatInfo dtfi, DateTimeStyles styles)
Thread#6:T:##########################################################
Thread#0:T:   at System.Convert.ToDateTime(String value)
Thread#6:T:##########################################################
Thread#0:T:   at TRID.ProjectLibs.Common.ProjActions.GetDatePart(By element) in F:\Projects\TRID QA\trid-462743\QA\UIAutomation\SpecFramework\ProjectLibs\Common\ProjActions.cs:line 100
Thread#6:T:====================================================================================
Thread#0:T:   at TRID.StepDefinitions.CardsValidationSteps.ThenUpdatedComputedScheduledPmiTerminationDateValueShouldDisplayOnClosingDisclosure() in F:\Projects\TRID QA\trid-462743\QA\UIAutomation\SpecFramework\StepDefinitions\CardsValidationSteps.cs:line 603 
Thread#6:T:Scenario Number : 21
Thread#0:T: ====================================================================================
Thread#6:T:The total number of cards Failue: 11
Thread#0:T:|| EstimatedTotalMonthlyPayment || : NUnit.Framework.AssertionException:   Computed value does not match as expected with the difference of 126.93
Thread#6:T:Name of cards Failed: || EstimatedTotalMonthlyPayment || : NUnit.Framework.AssertionException:   Computed value does not match as expected with the difference of 275
Thread#0:T:  Expected: 448.91000000000002d
Thread#6:T:  Expected: 885.78999999999996d
Thread#0:T:  But was:  321.98000000000002d
Thread#6:T:  But was:  610.78999999999996d
Thread#3:T:##########################################################
Thread#0:T:   at NUnit.Framework.Assert.That[TActual](TActual actual, IResolveConstraint expression, String message, Object[] args)
Thread#6:T:   at NUnit.Framework.Assert.That[TActual](TActual actual, IResolveConstraint expression, String message, Object[] args)
Thread#3:T:##########################################################
Thread#0:T:   at NUnit.Framework.Assert.AreEqual(Object expected, Object actual, String message, Object[] args)
Thread#3:T:====================================================================================
Thread#6:T:   at NUnit.Framework.Assert.AreEqual(Object expected, Object actual, String message, Object[] args)
Thread#0:T:   at TRID.StepDefinitions.CardsValidationSteps.ThenUpdatedComputedEstimatedTotalMonthlyPaymentValueShouldDisplayOnClosingDisclosure() in F:\Projects\TRID QA\trid-462743\QA\UIAutomation\SpecFramework\StepDefinitions\CardsValidationSteps.cs:line 701 
Thread#6:T:   at TRID.StepDefinitions.CardsValidationSteps.ThenUpdatedComputedEstimatedTotalMonthlyPaymentValueShouldDisplayOnClosingDisclosure() in F:\Projects\TRID QA\trid-462743\QA\UIAutomation\SpecFramework\StepDefinitions\CardsValidationSteps.cs:line 701 
Thread#3:T:Scenario Number : 17
Thread#5:T:##########################################################
Thread#0:T: ====================================================================================
Thread#4:T:##########################################################
Thread#5:T:##########################################################
Thread#3:T:The total number of cards Failue: 12
Thread#0:T:|| APR || : NUnit.Framework.AssertionException:   Computed value does not match as expected with the difference of 3.9
Thread#6:T: ====================================================================================
Thread#4:T:##########################################################
Thread#5:T:====================================================================================
Thread#6:T:|| APR || : NUnit.Framework.AssertionException:   Computed value does not match as expected with the difference of 3.805
Thread#0:T:  Expected: 3.8999999999999999d
Thread#4:T:====================================================================================
Thread#3:T:Name of cards Failed: || ScheduledPMITerminationDate || : System.FormatException: The string was not recognized as a valid DateTime. There is an unknown word starting at index 1.
Thread#6:T:  Expected: 3.8050000000000002d
Thread#4:T:Scenario Number : 19
Thread#0:T:  But was:  0.0d
Thread#5:T:Scenario Number : 20
Thread#3:T:   at System.DateTimeParse.Parse(String s, DateTimeFormatInfo dtfi, DateTimeStyles styles)
Thread#6:T:  But was:  0.0d
Thread#0:T:   at NUnit.Framework.Assert.That[TActual](TActual actual, IResolveConstraint expression, String message, Object[] args)
Thread#4:T:The total number of cards Failue: 12
Thread#6:T:   at NUnit.Framework.Assert.That[TActual](TActual actual, IResolveConstraint expression, String message, Object[] args)
Thread#5:T:The total number of cards Failue: 12
Thread#0:T:   at NUnit.Framework.Assert.AreEqual(Object expected, Object actual, String message, Object[] args)
Thread#3:T:   at System.Convert.ToDateTime(String value)
Thread#4:T:Name of cards Failed: || ScheduledPMITerminationDate || : System.FormatException: The string was not recognized as a valid DateTime. There is an unknown word starting at index 1.
Thread#5:T:Name of cards Failed: || EstimatedTotalMonthlyPayment || : NUnit.Framework.AssertionException:   Computed value does not match as expected with the difference of 200
Thread#3:T:   at TRID.ProjectLibs.Common.ProjActions.GetDatePart(By element) in F:\Projects\TRID QA\trid-462743\QA\UIAutomation\SpecFramework\ProjectLibs\Common\ProjActions.cs:line 100
Thread#6:T:   at NUnit.Framework.Assert.AreEqual(Object expected, Object actual, String message, Object[] args)
Thread#0:T:   at TRID.StepDefinitions.CardsValidationSteps.ThenUpdatedComputedAprValueShouldDisplayOnClosingDisclosure() in F:\Projects\TRID QA\trid-462743\QA\UIAutomation\SpecFramework\StepDefinitions\CardsValidationSteps.cs:line 750 
Thread#4:T:   at System.DateTimeParse.Parse(String s, DateTimeFormatInfo dtfi, DateTimeStyles styles)
Thread#5:T:  Expected: 806.90999999999997d
Thread#6:T:   at TRID.StepDefinitions.CardsValidationSteps.ThenUpdatedComputedAprValueShouldDisplayOnClosingDisclosure() in F:\Projects\TRID QA\trid-462743\QA\UIAutomation\SpecFramework\StepDefinitions\CardsValidationSteps.cs:line 750 
Thread#3:T:   at TRID.StepDefinitions.CardsValidationSteps.ThenUpdatedComputedScheduledPmiTerminationDateValueShouldDisplayOnClosingDisclosure() in F:\Projects\TRID QA\trid-462743\QA\UIAutomation\SpecFramework\StepDefinitions\CardsValidationSteps.cs:line 603 
Thread#0:T: ====================================================================================
Thread#3:T: ====================================================================================
Thread#4:T:   at System.Convert.ToDateTime(String value)
Thread#6:T: ====================================================================================
Thread#5:T:  But was:  606.90999999999997d
Thread#0:T:|| APRWIN || : NUnit.Framework.AssertionException:   Apr Info value does not match as expected with the difference of 3.8958
Thread#3:T:|| EstimatedTotalMonthlyPayment || : NUnit.Framework.AssertionException:   Computed value does not match as expected with the difference of 550
Thread#4:T:   at TRID.ProjectLibs.Common.ProjActions.GetDatePart(By element) in F:\Projects\TRID QA\trid-462743\QA\UIAutomation\SpecFramework\ProjectLibs\Common\ProjActions.cs:line 100
Thread#5:T:   at NUnit.Framework.Assert.That[TActual](TActual actual, IResolveConstraint expression, String message, Object[] args)
Thread#0:T:  Expected: 3.8957999999999999d
Thread#3:T:  Expected: 1845.1700000000001d
Thread#6:T:|| APRWIN || : NUnit.Framework.AssertionException:   Apr Info value does not match as expected with the difference of 3.8052
Thread#5:T:   at NUnit.Framework.Assert.AreEqual(Object expected, Object actual, String message, Object[] args)
Thread#0:T:  But was:  0.0d
Thread#6:T:  Expected: 3.8052000000000001d
Thread#5:T:   at TRID.StepDefinitions.CardsValidationSteps.ThenUpdatedComputedEstimatedTotalMonthlyPaymentValueShouldDisplayOnClosingDisclosure() in F:\Projects\TRID QA\trid-462743\QA\UIAutomation\SpecFramework\StepDefinitions\CardsValidationSteps.cs:line 701 
Thread#3:T:  But was:  1295.1700000000001d
Thread#4:T:   at TRID.StepDefinitions.CardsValidationSteps.ThenUpdatedComputedScheduledPmiTerminationDateValueShouldDisplayOnClosingDisclosure() in F:\Projects\TRID QA\trid-462743\QA\UIAutomation\SpecFramework\StepDefinitions\CardsValidationSteps.cs:line 603 
Thread#0:T:   at NUnit.Framework.Assert.That[TActual](TActual actual, IResolveConstraint expression, String message, Object[] args)
Thread#4:T: ====================================================================================
Thread#5:T: ====================================================================================
Thread#0:T:   at NUnit.Framework.Assert.AreEqual(Object expected, Object actual, String message, Object[] args)
Thread#3:T:   at NUnit.Framework.Assert.That[TActual](TActual actual, IResolveConstraint expression, String message, Object[] args)
Thread#6:T:  But was:  0.0d
Thread#5:T:|| APR || : NUnit.Framework.AssertionException:   Computed value does not match as expected with the difference of 3.753
Thread#0:T:   at TRID.StepDefinitions.CardsValidationSteps.ThenAprwinInfoValueShouldDisplayOnClosingDisclosure() in F:\Projects\TRID QA\trid-462743\QA\UIAutomation\SpecFramework\StepDefinitions\CardsValidationSteps.cs:line 799 
Thread#4:T:|| EstimatedTotalMonthlyPayment || : NUnit.Framework.AssertionException:   Computed value does not match as expected with the difference of 137.5
Thread#5:T:  Expected: 3.7530000000000001d
Thread#6:T:   at NUnit.Framework.Assert.That[TActual](TActual actual, IResolveConstraint expression, String message, Object[] args)
Thread#0:T: ====================================================================================
Thread#3:T:   at NUnit.Framework.Assert.AreEqual(Object expected, Object actual, String message, Object[] args)
Thread#5:T:  But was:  0.0d
Thread#4:T:  Expected: 460.91000000000002d
Thread#0:T:|| BalloonAmount || : NUnit.Framework.AssertionException:   Computed value does not match as expected with the difference of 34.21
Thread#6:T:   at NUnit.Framework.Assert.AreEqual(Object expected, Object actual, String message, Object[] args)
Thread#3:T:   at TRID.StepDefinitions.CardsValidationSteps.ThenUpdatedComputedEstimatedTotalMonthlyPaymentValueShouldDisplayOnClosingDisclosure() in F:\Projects\TRID QA\trid-462743\QA\UIAutomation\SpecFramework\StepDefinitions\CardsValidationSteps.cs:line 701 
Thread#4:T:  But was:  323.41000000000003d
Thread#5:T:   at NUnit.Framework.Assert.That[TActual](TActual actual, IResolveConstraint expression, String message, Object[] args)
Thread#3:T: ====================================================================================
Thread#0:T:  Expected: 269.13d
Thread#2:T:##########################################################
Thread#5:T:   at NUnit.Framework.Assert.AreEqual(Object expected, Object actual, String message, Object[] args)
Thread#4:T:   at NUnit.Framework.Assert.That[TActual](TActual actual, IResolveConstraint expression, String message, Object[] args)
Thread#0:T:  But was:  303.33999999999997d
Thread#6:T:   at TRID.StepDefinitions.CardsValidationSteps.ThenAprwinInfoValueShouldDisplayOnClosingDisclosure() in F:\Projects\TRID QA\trid-462743\QA\UIAutomation\SpecFramework\StepDefinitions\CardsValidationSteps.cs:line 799 
Thread#2:T:##########################################################
Thread#3:T:|| APR || : NUnit.Framework.AssertionException:   Computed value does not match as expected with the difference of 3.868
Thread#5:T:   at TRID.StepDefinitions.CardsValidationSteps.ThenUpdatedComputedAprValueShouldDisplayOnClosingDisclosure() in F:\Projects\TRID QA\trid-462743\QA\UIAutomation\SpecFramework\StepDefinitions\CardsValidationSteps.cs:line 750 
Thread#6:T: ====================================================================================
Thread#4:T:   at NUnit.Framework.Assert.AreEqual(Object expected, Object actual, String message, Object[] args)
Thread#0:T:   at NUnit.Framework.Assert.That[TActual](TActual actual, IResolveConstraint expression, String message, Object[] args)
Thread#5:T: ====================================================================================
Thread#0:T:   at NUnit.Framework.Assert.AreEqual(Object expected, Object actual, String message, Object[] args)
Thread#2:T:====================================================================================
Thread#3:T:  Expected: 3.8679999999999999d
Thread#6:T:|| BalloonAmount || : NUnit.Framework.AssertionException:   Computed value does not match as expected with the difference of 0.230000000000018
Thread#2:T:Scenario Number : 16
Thread#5:T:|| APRWIN || : NUnit.Framework.AssertionException:   Apr Info value does not match as expected with the difference of 3.753
Thread#6:T:  Expected: 610.55999999999995d
Thread#3:T:  But was:  0.0d
Thread#4:T:   at TRID.StepDefinitions.CardsValidationSteps.ThenUpdatedComputedEstimatedTotalMonthlyPaymentValueShouldDisplayOnClosingDisclosure() in F:\Projects\TRID QA\trid-462743\QA\UIAutomation\SpecFramework\StepDefinitions\CardsValidationSteps.cs:line 701 
Thread#2:T:The total number of cards Failue: 13
Thread#6:T:  But was:  610.78999999999996d
Thread#0:T:   at TRID.StepDefinitions.CardsValidationSteps.ThenUpdatedComputedBalloonAmountValueShouldDisplayOnClosingDisclosure() in F:\Projects\TRID QA\trid-462743\QA\UIAutomation\SpecFramework\StepDefinitions\CardsValidationSteps.cs:line 827 
Thread#5:T:  Expected: 3.7530000000000001d
Thread#3:T:   at NUnit.Framework.Assert.That[TActual](TActual actual, IResolveConstraint expression, String message, Object[] args)
Thread#4:T: ====================================================================================
Thread#3:T:   at NUnit.Framework.Assert.AreEqual(Object expected, Object actual, String message, Object[] args)
Thread#5:T:  But was:  0.0d
Thread#0:T: ====================================================================================
Thread#2:T:Name of cards Failed: || ScheduledPMITerminationDate || : System.FormatException: The string was not recognized as a valid DateTime. There is an unknown word starting at index 1.
Thread#6:T:   at NUnit.Framework.Assert.That[TActual](TActual actual, IResolveConstraint expression, String message, Object[] args)
Thread#4:T:|| APR || : System.FormatException: Input string was not in a correct format.
Thread#0:T:|| TotalOfPayments || : NUnit.Framework.AssertionException:   Computed value does not match as expected with the difference of 208087.45
Thread#2:T:   at System.DateTimeParse.Parse(String s, DateTimeFormatInfo dtfi, DateTimeStyles styles)
Thread#5:T:   at NUnit.Framework.Assert.That[TActual](TActual actual, IResolveConstraint expression, String message, Object[] args)
Thread#4:T:   at System.Number.ParseDouble(String value, NumberStyles options, NumberFormatInfo numfmt)
Thread#6:T:   at NUnit.Framework.Assert.AreEqual(Object expected, Object actual, String message, Object[] args)
Thread#3:T:   at TRID.StepDefinitions.CardsValidationSteps.ThenUpdatedComputedAprValueShouldDisplayOnClosingDisclosure() in F:\Projects\TRID QA\trid-462743\QA\UIAutomation\SpecFramework\StepDefinitions\CardsValidationSteps.cs:line 750 
Thread#5:T:   at NUnit.Framework.Assert.AreEqual(Object expected, Object actual, String message, Object[] args)
Thread#2:T:   at System.Convert.ToDateTime(String value)
Thread#6:T:   at TRID.StepDefinitions.CardsValidationSteps.ThenUpdatedComputedBalloonAmountValueShouldDisplayOnClosingDisclosure() in F:\Projects\TRID QA\trid-462743\QA\UIAutomation\SpecFramework\StepDefinitions\CardsValidationSteps.cs:line 827 
Thread#0:T:  Expected: 208424.98000000001d
Thread#6:T: ====================================================================================
Thread#4:T:   at System.Convert.ToDouble(String value)
Thread#2:T:   at TRID.ProjectLibs.Common.ProjActions.GetDatePart(By element) in F:\Projects\TRID QA\trid-462743\QA\UIAutomation\SpecFramework\ProjectLibs\Common\ProjActions.cs:line 100
Thread#3:T: ====================================================================================
Thread#0:T:  But was:  337.52999999999997d
Thread#5:T:   at TRID.StepDefinitions.CardsValidationSteps.ThenAprwinInfoValueShouldDisplayOnClosingDisclosure() in F:\Projects\TRID QA\trid-462743\QA\UIAutomation\SpecFramework\StepDefinitions\CardsValidationSteps.cs:line 799 
Thread#2:T:   at TRID.StepDefinitions.CardsValidationSteps.ThenUpdatedComputedScheduledPmiTerminationDateValueShouldDisplayOnClosingDisclosure() in F:\Projects\TRID QA\trid-462743\QA\UIAutomation\SpecFramework\StepDefinitions\CardsValidationSteps.cs:line 603 
Thread#4:T:   at TRID.ProjectLibs.Common.ProjActions.GetNumericValueFromString(String inputString) in F:\Projects\TRID QA\trid-462743\QA\UIAutomation\SpecFramework\ProjectLibs\Common\ProjActions.cs:line 94
Thread#5:T: ====================================================================================
Thread#0:T:   at NUnit.Framework.Assert.That[TActual](TActual actual, IResolveConstraint expression, String message, Object[] args)
Thread#3:T:|| APRWIN || : NUnit.Framework.AssertionException:   Apr Info value does not match as expected with the difference of 3.8678
Thread#6:T:|| TotalOfPayments || : NUnit.Framework.AssertionException:   Computed value does not match as expected with the difference of 219273.38
Thread#3:T:  Expected: 3.8677999999999999d
Thread#0:T:   at NUnit.Framework.Assert.AreEqual(Object expected, Object actual, String message, Object[] args)
Thread#4:T:   at TRID.StepDefinitions.CardsValidationSteps.ThenUpdatedComputedAprValueShouldDisplayOnClosingDisclosure() in F:\Projects\TRID QA\trid-462743\QA\UIAutomation\SpecFramework\StepDefinitions\CardsValidationSteps.cs:line 747 
Thread#2:T: ====================================================================================
Thread#5:T:|| BalloonAmount || : NUnit.Framework.AssertionException:   Computed value does not match as expected with the difference of 1.70999999999992
Thread#6:T:  Expected: 219884.17000000001d
Thread#4:T: ====================================================================================
Thread#0:T:   at TRID.StepDefinitions.CardsValidationSteps.ThenUpdatedComputedTotalOfPaymentsValueShouldDisplayOnClosingDisclosure() in F:\Projects\TRID QA\trid-462743\QA\UIAutomation\SpecFramework\StepDefinitions\CardsValidationSteps.cs:line 876 
Thread#5:T:  Expected: 605.20000000000005d
Thread#6:T:  But was:  610.78999999999996d
Thread#0:T: ====================================================================================
Thread#3:T:  But was:  0.0d
Thread#2:T:|| EstimatedTotalMonthlyPayment || : NUnit.Framework.AssertionException:   Computed value does not match as expected with the difference of 275
Thread#0:T:|| FinanceCharge || : NUnit.Framework.AssertionException:   Computed value does not match as expected with the difference of 77199.75
Thread#4:T:|| APRWIN || : System.FormatException: Input string was not in a correct format.
Thread#6:T:   at NUnit.Framework.Assert.That[TActual](TActual actual, IResolveConstraint expression, String message, Object[] args)
Thread#5:T:  But was:  606.90999999999997d
Thread#2:T:  Expected: 922.07000000000005d
Thread#3:T:   at NUnit.Framework.Assert.That[TActual](TActual actual, IResolveConstraint expression, String message, Object[] args)
Thread#0:T:  Expected: 77424.979999999996d
Thread#5:T:   at NUnit.Framework.Assert.That[TActual](TActual actual, IResolveConstraint expression, String message, Object[] args)
Thread#3:T:   at NUnit.Framework.Assert.AreEqual(Object expected, Object actual, String message, Object[] args)
Thread#2:T:  But was:  647.07000000000005d
Thread#6:T:   at NUnit.Framework.Assert.AreEqual(Object expected, Object actual, String message, Object[] args)
Thread#4:T:   at System.Number.ParseDouble(String value, NumberStyles options, NumberFormatInfo numfmt)
Thread#1:T:##########################################################
Thread#5:T:   at NUnit.Framework.Assert.AreEqual(Object expected, Object actual, String message, Object[] args)
Thread#1:T:##########################################################
Thread#0:T:  But was:  225.22999999999999d
Thread#6:T:   at TRID.StepDefinitions.CardsValidationSteps.ThenUpdatedComputedTotalOfPaymentsValueShouldDisplayOnClosingDisclosure() in F:\Projects\TRID QA\trid-462743\QA\UIAutomation\SpecFramework\StepDefinitions\CardsValidationSteps.cs:line 876 
Thread#2:T:   at NUnit.Framework.Assert.That[TActual](TActual actual, IResolveConstraint expression, String message, Object[] args)
Thread#4:T:   at System.Convert.ToDouble(String value)
Thread#3:T:   at TRID.StepDefinitions.CardsValidationSteps.ThenAprwinInfoValueShouldDisplayOnClosingDisclosure() in F:\Projects\TRID QA\trid-462743\QA\UIAutomation\SpecFramework\StepDefinitions\CardsValidationSteps.cs:line 799 
Thread#2:T:   at NUnit.Framework.Assert.AreEqual(Object expected, Object actual, String message, Object[] args)
Thread#1:T:====================================================================================
Thread#0:T:   at NUnit.Framework.Assert.That[TActual](TActual actual, IResolveConstraint expression, String message, Object[] args)
Thread#2:T:   at TRID.StepDefinitions.CardsValidationSteps.ThenUpdatedComputedEstimatedTotalMonthlyPaymentValueShouldDisplayOnClosingDisclosure() in F:\Projects\TRID QA\trid-462743\QA\UIAutomation\SpecFramework\StepDefinitions\CardsValidationSteps.cs:line 701 
Thread#1:T:Scenario Number : 14
Thread#6:T: ====================================================================================
Thread#4:T:   at TRID.ProjectLibs.Common.ProjActions.GetNumericValueFromString(String inputString) in F:\Projects\TRID QA\trid-462743\QA\UIAutomation\SpecFramework\ProjectLibs\Common\ProjActions.cs:line 94
Thread#5:T:   at TRID.StepDefinitions.CardsValidationSteps.ThenUpdatedComputedBalloonAmountValueShouldDisplayOnClosingDisclosure() in F:\Projects\TRID QA\trid-462743\QA\UIAutomation\SpecFramework\StepDefinitions\CardsValidationSteps.cs:line 827 
Thread#3:T: ====================================================================================
Thread#1:T:The total number of cards Failue: 12
Thread#4:T:   at TRID.StepDefinitions.CardsValidationSteps.ThenAprwinInfoValueShouldDisplayOnClosingDisclosure() in F:\Projects\TRID QA\trid-462743\QA\UIAutomation\SpecFramework\StepDefinitions\CardsValidationSteps.cs:line 797 
Thread#0:T:   at NUnit.Framework.Assert.AreEqual(Object expected, Object actual, String message, Object[] args)
Thread#5:T: ====================================================================================
Thread#1:T:Name of cards Failed: || ScheduledPMITerminationDate || : System.FormatException: The string was not recognized as a valid DateTime. There is an unknown word starting at index 1.
Thread#2:T: ====================================================================================
Thread#4:T: ====================================================================================
Thread#3:T:|| BalloonAmount || : NUnit.Framework.AssertionException:   Computed value does not match as expected with the difference of 1.13000000000011
Thread#5:T:|| TotalOfPayments || : NUnit.Framework.AssertionException:   Computed value does not match as expected with the difference of 217878.98
Thread#0:T:   at TRID.StepDefinitions.CardsValidationSteps.ThenUpdatedComputedFinanceChargeValueShouldDisplayOnClosingDisclosure() in F:\Projects\TRID QA\trid-462743\QA\UIAutomation\SpecFramework\StepDefinitions\CardsValidationSteps.cs:line 925 
Thread#4:T:|| BalloonAmount || : NUnit.Framework.AssertionException:   Computed value does not match as expected with the difference of 3.55000000000001
Thread#6:T:|| FinanceCharge || : NUnit.Framework.AssertionException:   Computed value does not match as expected with the difference of 88461.15
Thread#2:T:|| APR || : NUnit.Framework.AssertionException:   Computed value does not match as expected with the difference of 3.863
Thread#5:T:  Expected: 218485.89000000001d
Thread#0:T: ====================================================================================
Thread#4:T:  Expected: 306.75999999999999d
Thread#1:T:   at System.DateTimeParse.Parse(String s, DateTimeFormatInfo dtfi, DateTimeStyles styles)
Thread#3:T:  Expected: 1213.26d
Thread#0:T:|| TIP || : NUnit.Framework.AssertionException:   Computed value does not match as expected with the difference of 57.75
Thread#6:T:  Expected: 88884.169999999998d
Thread#5:T:  But was:  606.90999999999997d
Thread#3:T:  But was:  1214.3900000000001d
Thread#2:T:  Expected: 3.863d
Thread#2:T:  But was:  0.0d
Thread#4:T:  But was:  303.20999999999998d
Thread#5:T:   at NUnit.Framework.Assert.That[TActual](TActual actual, IResolveConstraint expression, String message, Object[] args)
Thread#1:T:   at System.Convert.ToDateTime(String value)
Thread#0:T:  Expected: 57.899999999999999d
Thread#6:T:  But was:  423.01999999999998d
Thread#3:T:   at NUnit.Framework.Assert.That[TActual](TActual actual, IResolveConstraint expression, String message, Object[] args)
Thread#1:T:   at TRID.ProjectLibs.Common.ProjActions.GetDatePart(By element) in F:\Projects\TRID QA\trid-462743\QA\UIAutomation\SpecFramework\ProjectLibs\Common\ProjActions.cs:line 100
Thread#6:T:   at NUnit.Framework.Assert.That[TActual](TActual actual, IResolveConstraint expression, String message, Object[] args)
Thread#2:T:   at NUnit.Framework.Assert.That[TActual](TActual actual, IResolveConstraint expression, String message, Object[] args)
Thread#1:T:   at TRID.StepDefinitions.CardsValidationSteps.ThenUpdatedComputedScheduledPmiTerminationDateValueShouldDisplayOnClosingDisclosure() in F:\Projects\TRID QA\trid-462743\QA\UIAutomation\SpecFramework\StepDefinitions\CardsValidationSteps.cs:line 603 
Thread#5:T:   at NUnit.Framework.Assert.AreEqual(Object expected, Object actual, String message, Object[] args)
Thread#6:T:   at NUnit.Framework.Assert.AreEqual(Object expected, Object actual, String message, Object[] args)
Thread#2:T:   at NUnit.Framework.Assert.AreEqual(Object expected, Object actual, String message, Object[] args)
Thread#4:T:   at NUnit.Framework.Assert.That[TActual](TActual actual, IResolveConstraint expression, String message, Object[] args)
Thread#0:T:  But was:  0.14999999999999999d
Thread#3:T:   at NUnit.Framework.Assert.AreEqual(Object expected, Object actual, String message, Object[] args)
Thread#6:T:   at TRID.StepDefinitions.CardsValidationSteps.ThenUpdatedComputedFinanceChargeValueShouldDisplayOnClosingDisclosure() in F:\Projects\TRID QA\trid-462743\QA\UIAutomation\SpecFramework\StepDefinitions\CardsValidationSteps.cs:line 925 
Thread#5:T:   at TRID.StepDefinitions.CardsValidationSteps.ThenUpdatedComputedTotalOfPaymentsValueShouldDisplayOnClosingDisclosure() in F:\Projects\TRID QA\trid-462743\QA\UIAutomation\SpecFramework\StepDefinitions\CardsValidationSteps.cs:line 876 
Thread#3:T:   at TRID.StepDefinitions.CardsValidationSteps.ThenUpdatedComputedBalloonAmountValueShouldDisplayOnClosingDisclosure() in F:\Projects\TRID QA\trid-462743\QA\UIAutomation\SpecFramework\StepDefinitions\CardsValidationSteps.cs:line 827 
Thread#0:T:   at NUnit.Framework.Assert.That[TActual](TActual actual, IResolveConstraint expression, String message, Object[] args)
Thread#1:T: ====================================================================================
Thread#4:T:   at NUnit.Framework.Assert.AreEqual(Object expected, Object actual, String message, Object[] args)
Thread#2:T:   at TRID.StepDefinitions.CardsValidationSteps.ThenUpdatedComputedAprValueShouldDisplayOnClosingDisclosure() in F:\Projects\TRID QA\trid-462743\QA\UIAutomation\SpecFramework\StepDefinitions\CardsValidationSteps.cs:line 750 
Thread#4:T:   at TRID.StepDefinitions.CardsValidationSteps.ThenUpdatedComputedBalloonAmountValueShouldDisplayOnClosingDisclosure() in F:\Projects\TRID QA\trid-462743\QA\UIAutomation\SpecFramework\StepDefinitions\CardsValidationSteps.cs:line 827 
Thread#3:T: ====================================================================================
Thread#5:T: ====================================================================================
Thread#0:T:   at NUnit.Framework.Assert.AreEqual(Object expected, Object actual, String message, Object[] args)
Thread#6:T: ====================================================================================
Thread#1:T:|| EstimatedTotalMonthlyPayment || : NUnit.Framework.AssertionException:   Computed value does not match as expected with the difference of 137.5
Thread#2:T: ====================================================================================
Thread#6:T:|| TIP || : NUnit.Framework.AssertionException:   Computed value does not match as expected with the difference of 67.53
Thread#0:T:   at TRID.StepDefinitions.CardsValidationSteps.ThenUpdatedComputedTipValueShouldDisplayOnClosingDisclosure() in F:\Projects\TRID QA\trid-462743\QA\UIAutomation\SpecFramework\StepDefinitions\CardsValidationSteps.cs:line 1072 
Thread#2:T:|| APRWIN || : NUnit.Framework.AssertionException:   Apr Info value does not match as expected with the difference of 3.8629
Thread#5:T:|| FinanceCharge || : NUnit.Framework.AssertionException:   Computed value does not match as expected with the difference of 87068.66
Thread#0:T: ====================================================================================
Thread#1:T:  Expected: 463.14999999999998d
Thread#2:T:  Expected: 3.8628999999999998d
Thread#3:T:|| TotalOfPayments || : NUnit.Framework.AssertionException:   Computed value does not match as expected with the difference of 219232.62
Thread#6:T:  Expected: 67.849999999999994d
Thread#4:T: ====================================================================================
Thread#5:T:  Expected: 87485.889999999999d
Thread#4:T:|| TotalOfPayments || : NUnit.Framework.AssertionException:   Computed value does not match as expected with the difference of 219930.54
Thread#3:T:  Expected: 220608.57000000001d
Thread#2:T:  But was:  0.0d
Thread#1:T:  But was:  325.64999999999998d
Thread#0:T:|| EscrowPropertyOver1Year11Months || : NUnit.Framework.AssertionException:   Computed value does not match as expected with the difference of 3300.18
Thread#2:T:   at NUnit.Framework.Assert.That[TActual](TActual actual, IResolveConstraint expression, String message, Object[] args)
Thread#6:T:  But was:  0.32000000000000001d
Thread#5:T:  But was:  417.23000000000002d
Thread#0:T:  Expected: 3300.1799999999998d
Thread#3:T:  But was:  1375.9500000000001d
Thread#4:T:  Expected: 220253.95000000001d
Thread#1:T:   at NUnit.Framework.Assert.That[TActual](TActual actual, IResolveConstraint expression, String message, Object[] args)
Thread#5:T:   at NUnit.Framework.Assert.That[TActual](TActual actual, IResolveConstraint expression, String message, Object[] args)
Thread#2:T:   at NUnit.Framework.Assert.AreEqual(Object expected, Object actual, String message, Object[] args)
Thread#1:T:   at NUnit.Framework.Assert.AreEqual(Object expected, Object actual, String message, Object[] args)
Thread#6:T:   at NUnit.Framework.Assert.That[TActual](TActual actual, IResolveConstraint expression, String message, Object[] args)
Thread#4:T:  But was:  323.41000000000003d
Thread#1:T:   at TRID.StepDefinitions.CardsValidationSteps.ThenUpdatedComputedEstimatedTotalMonthlyPaymentValueShouldDisplayOnClosingDisclosure() in F:\Projects\TRID QA\trid-462743\QA\UIAutomation\SpecFramework\StepDefinitions\CardsValidationSteps.cs:line 701 
Thread#6:T:   at NUnit.Framework.Assert.AreEqual(Object expected, Object actual, String message, Object[] args)
Thread#5:T:   at NUnit.Framework.Assert.AreEqual(Object expected, Object actual, String message, Object[] args)
Thread#3:T:   at NUnit.Framework.Assert.That[TActual](TActual actual, IResolveConstraint expression, String message, Object[] args)
Thread#2:T:   at TRID.StepDefinitions.CardsValidationSteps.ThenAprwinInfoValueShouldDisplayOnClosingDisclosure() in F:\Projects\TRID QA\trid-462743\QA\UIAutomation\SpecFramework\StepDefinitions\CardsValidationSteps.cs:line 799 
Thread#4:T:   at NUnit.Framework.Assert.That[TActual](TActual actual, IResolveConstraint expression, String message, Object[] args)
Thread#0:T:  But was:  0.0d
Thread#6:T:   at TRID.StepDefinitions.CardsValidationSteps.ThenUpdatedComputedTipValueShouldDisplayOnClosingDisclosure() in F:\Projects\TRID QA\trid-462743\QA\UIAutomation\SpecFramework\StepDefinitions\CardsValidationSteps.cs:line 1072 
Thread#2:T: ====================================================================================
Thread#1:T: ====================================================================================
Thread#3:T:   at NUnit.Framework.Assert.AreEqual(Object expected, Object actual, String message, Object[] args)
Thread#4:T:   at NUnit.Framework.Assert.AreEqual(Object expected, Object actual, String message, Object[] args)
Thread#4:T:   at TRID.StepDefinitions.CardsValidationSteps.ThenUpdatedComputedTotalOfPaymentsValueShouldDisplayOnClosingDisclosure() in F:\Projects\TRID QA\trid-462743\QA\UIAutomation\SpecFramework\StepDefinitions\CardsValidationSteps.cs:line 876 
Thread#5:T:   at TRID.StepDefinitions.CardsValidationSteps.ThenUpdatedComputedFinanceChargeValueShouldDisplayOnClosingDisclosure() in F:\Projects\TRID QA\trid-462743\QA\UIAutomation\SpecFramework\StepDefinitions\CardsValidationSteps.cs:line 925 
Thread#0:T:   at NUnit.Framework.Assert.That[TActual](TActual actual, IResolveConstraint expression, String message, Object[] args)
Thread#3:T:   at TRID.StepDefinitions.CardsValidationSteps.ThenUpdatedComputedTotalOfPaymentsValueShouldDisplayOnClosingDisclosure() in F:\Projects\TRID QA\trid-462743\QA\UIAutomation\SpecFramework\StepDefinitions\CardsValidationSteps.cs:line 876 
Thread#2:T:|| BalloonAmount || : NUnit.Framework.AssertionException:   Computed value does not match as expected with the difference of 0.920000000000073
Thread#1:T:|| APR || : NUnit.Framework.AssertionException:   Computed value does not match as expected with the difference of 3.919
Thread#0:T:   at NUnit.Framework.Assert.AreEqual(Object expected, Object actual, String message, Object[] args)
Thread#6:T: ====================================================================================
Thread#3:T: ====================================================================================
Thread#2:T:  Expected: 607.60000000000002d
Thread#0:T:   at TRID.StepDefinitions.CardsValidationSteps.ThenUpdatedComputedEscrowPropertyCostsOverOneYear11MonthsValueShouldDisplayOnClosingDisclosure() in F:\Projects\TRID QA\trid-462743\QA\UIAutomation\SpecFramework\StepDefinitions\CardsValidationSteps.cs:line 1121 
Thread#6:T:|| EscrowPropertyOver1Year11Months || : NUnit.Framework.AssertionException:   Computed value does not match as expected with the difference of 3300
Thread#3:T:|| FinanceCharge || : NUnit.Framework.AssertionException:   Computed value does not match as expected with the difference of 88628.26
Thread#2:T:  But was:  606.67999999999995d
Thread#0:T: ====================================================================================
Thread#5:T: ====================================================================================
Thread#1:T:  Expected: 3.919d
Thread#3:T:  Expected: 89608.570000000007d
Thread#2:T:   at NUnit.Framework.Assert.That[TActual](TActual actual, IResolveConstraint expression, String message, Object[] args)
Thread#0:T:|| EscrowPropertyOver1Year12Months || : NUnit.Framework.AssertionException:   Computed value does not match as expected with the difference of 3300.18
Thread#3:T:  But was:  980.30999999999995d
Thread#6:T:  Expected: 3300.0d
Thread#5:T:|| TIP || : NUnit.Framework.AssertionException:   Computed value does not match as expected with the difference of 66.46
Thread#0:T:  Expected: 3300.1799999999998d
Thread#3:T:   at NUnit.Framework.Assert.That[TActual](TActual actual, IResolveConstraint expression, String message, Object[] args)
Thread#6:T:  But was:  0.0d
Thread#4:T: ====================================================================================
Thread#0:T:  But was:  0.0d
Thread#5:T:  Expected: 66.780000000000001d
Thread#2:T:   at NUnit.Framework.Assert.AreEqual(Object expected, Object actual, String message, Object[] args)
Thread#1:T:  But was:  0.0d
Thread#0:T:   at NUnit.Framework.Assert.That[TActual](TActual actual, IResolveConstraint expression, String message, Object[] args)
Thread#5:T:  But was:  0.32000000000000001d
Thread#4:T:|| FinanceCharge || : NUnit.Framework.AssertionException:   Computed value does not match as expected with the difference of 89029.06
Thread#2:T:   at TRID.StepDefinitions.CardsValidationSteps.ThenUpdatedComputedBalloonAmountValueShouldDisplayOnClosingDisclosure() in F:\Projects\TRID QA\trid-462743\QA\UIAutomation\SpecFramework\StepDefinitions\CardsValidationSteps.cs:line 827 
Thread#1:T:   at NUnit.Framework.Assert.That[TActual](TActual actual, IResolveConstraint expression, String message, Object[] args)
Thread#6:T:   at NUnit.Framework.Assert.That[TActual](TActual actual, IResolveConstraint expression, String message, Object[] args)
Thread#3:T:   at NUnit.Framework.Assert.AreEqual(Object expected, Object actual, String message, Object[] args)
Thread#0:T:   at NUnit.Framework.Assert.AreEqual(Object expected, Object actual, String message, Object[] args)
Thread#5:T:   at NUnit.Framework.Assert.That[TActual](TActual actual, IResolveConstraint expression, String message, Object[] args)
Thread#4:T:  Expected: 89253.949999999997d
Thread#2:T: ====================================================================================
Thread#1:T:   at NUnit.Framework.Assert.AreEqual(Object expected, Object actual, String message, Object[] args)
Thread#6:T:   at NUnit.Framework.Assert.AreEqual(Object expected, Object actual, String message, Object[] args)
Thread#2:T:|| TotalOfPayments || : NUnit.Framework.AssertionException:   Computed value does not match as expected with the difference of 219697.37
Thread#1:T:   at TRID.StepDefinitions.CardsValidationSteps.ThenUpdatedComputedAprValueShouldDisplayOnClosingDisclosure() in F:\Projects\TRID QA\trid-462743\QA\UIAutomation\SpecFramework\StepDefinitions\CardsValidationSteps.cs:line 750 
Thread#5:T:   at NUnit.Framework.Assert.AreEqual(Object expected, Object actual, String message, Object[] args)
Thread#1:T: ====================================================================================
Thread#0:T:   at TRID.StepDefinitions.CardsValidationSteps.ThenUpdatedComputedEscrowPropertyCostsOverOneYear12MonthsValueShouldDisplayOnClosingDisclosure() in F:\Projects\TRID QA\trid-462743\QA\UIAutomation\SpecFramework\StepDefinitions\CardsValidationSteps.cs:line 1170 
Thread#2:T:  Expected: 220344.44d
Thread#3:T:   at TRID.StepDefinitions.CardsValidationSteps.ThenUpdatedComputedFinanceChargeValueShouldDisplayOnClosingDisclosure() in F:\Projects\TRID QA\trid-462743\QA\UIAutomation\SpecFramework\StepDefinitions\CardsValidationSteps.cs:line 925 
Thread#6:T:   at TRID.StepDefinitions.CardsValidationSteps.ThenUpdatedComputedEscrowPropertyCostsOverOneYear11MonthsValueShouldDisplayOnClosingDisclosure() in F:\Projects\TRID QA\trid-462743\QA\UIAutomation\SpecFramework\StepDefinitions\CardsValidationSteps.cs:line 1121 
Thread#0:T: ====================================================================================
Thread#3:T: ====================================================================================
Thread#1:T:|| APRWIN || : NUnit.Framework.AssertionException:   Apr Info value does not match as expected with the difference of 3.9185
Thread#6:T: ====================================================================================
Thread#4:T:  But was:  224.88999999999999d
Thread#0:T:|| InitialEscrowPayment || : NUnit.Framework.AssertionException:   Computed value does not match as expected with the difference of 798.43
Thread#3:T:|| TIP || : NUnit.Framework.AssertionException:   Computed value does not match as expected with the difference of 66.23
Thread#1:T:  Expected: 3.9184999999999999d
Thread#0:T:  Expected: 798.42999999999995d
Thread#5:T:   at TRID.StepDefinitions.CardsValidationSteps.ThenUpdatedComputedTipValueShouldDisplayOnClosingDisclosure() in F:\Projects\TRID QA\trid-462743\QA\UIAutomation\SpecFramework\StepDefinitions\CardsValidationSteps.cs:line 1072 
Thread#2:T:  But was:  647.07000000000005d
Thread#1:T:  But was:  0.0d
Thread#3:T:  Expected: 66.859999999999999d
Thread#0:T:  But was:  0.0d
Thread#6:T:|| EscrowPropertyOver1Year12Months || : NUnit.Framework.AssertionException:   Computed value does not match as expected with the difference of 3300
Thread#5:T: ====================================================================================
Thread#0:T:   at NUnit.Framework.Assert.That[TActual](TActual actual, IResolveConstraint expression, String message, Object[] args)
Thread#4:T:   at NUnit.Framework.Assert.That[TActual](TActual actual, IResolveConstraint expression, String message, Object[] args)
Thread#1:T:   at NUnit.Framework.Assert.That[TActual](TActual actual, IResolveConstraint expression, String message, Object[] args)
Thread#5:T:|| EscrowPropertyOver1Year11Months || : NUnit.Framework.AssertionException:   Computed value does not match as expected with the difference of 2400
Thread#0:T:   at NUnit.Framework.Assert.AreEqual(Object expected, Object actual, String message, Object[] args)
Thread#1:T:   at NUnit.Framework.Assert.AreEqual(Object expected, Object actual, String message, Object[] args)
Thread#5:T:  Expected: 2400.0d
Thread#4:T:   at NUnit.Framework.Assert.AreEqual(Object expected, Object actual, String message, Object[] args)
Thread#6:T:  Expected: 3300.0d
Thread#3:T:  But was:  0.63d
Thread#2:T:   at NUnit.Framework.Assert.That[TActual](TActual actual, IResolveConstraint expression, String message, Object[] args)
Thread#0:T:   at TRID.StepDefinitions.CardsValidationSteps.ThenUpdatedComputedInitialEscrowPaymentValueShouldDisplayOnClosingDisclosure() in F:\Projects\TRID QA\trid-462743\QA\UIAutomation\SpecFramework\StepDefinitions\CardsValidationSteps.cs:line 1220 
Thread#1:T:   at TRID.StepDefinitions.CardsValidationSteps.ThenAprwinInfoValueShouldDisplayOnClosingDisclosure() in F:\Projects\TRID QA\trid-462743\QA\UIAutomation\SpecFramework\StepDefinitions\CardsValidationSteps.cs:line 799 
Thread#0:T: ====================================================================================
Thread#2:T:   at NUnit.Framework.Assert.AreEqual(Object expected, Object actual, String message, Object[] args)
Thread#5:T:  But was:  0.0d
Thread#1:T: ====================================================================================
Thread#3:T:   at NUnit.Framework.Assert.That[TActual](TActual actual, IResolveConstraint expression, String message, Object[] args)
Thread#0:T:|| EstimatedEscrow || : NUnit.Framework.AssertionException:   Computed value does not match as expected with the difference of 126.93
Thread#6:T:  But was:  0.0d
Thread#3:T:   at NUnit.Framework.Assert.AreEqual(Object expected, Object actual, String message, Object[] args)
Thread#5:T:   at NUnit.Framework.Assert.That[TActual](TActual actual, IResolveConstraint expression, String message, Object[] args)
Thread#1:T:|| BalloonAmount || : NUnit.Framework.AssertionException:   Computed value does not match as expected with the difference of 252.59
Thread#4:T:   at TRID.StepDefinitions.CardsValidationSteps.ThenUpdatedComputedFinanceChargeValueShouldDisplayOnClosingDisclosure() in F:\Projects\TRID QA\trid-462743\QA\UIAutomation\SpecFramework\StepDefinitions\CardsValidationSteps.cs:line 925 
Thread#0:T:  Expected: 126.93000000000001d
Thread#2:T:   at TRID.StepDefinitions.CardsValidationSteps.ThenUpdatedComputedTotalOfPaymentsValueShouldDisplayOnClosingDisclosure() in F:\Projects\TRID QA\trid-462743\QA\UIAutomation\SpecFramework\StepDefinitions\CardsValidationSteps.cs:line 876 
Thread#5:T:   at NUnit.Framework.Assert.AreEqual(Object expected, Object actual, String message, Object[] args)
Thread#6:T:   at NUnit.Framework.Assert.That[TActual](TActual actual, IResolveConstraint expression, String message, Object[] args)
Thread#0:T:  But was:  0.0d
Thread#4:T: ====================================================================================
Thread#2:T: ====================================================================================
Thread#6:T:   at NUnit.Framework.Assert.AreEqual(Object expected, Object actual, String message, Object[] args)
Thread#3:T:   at TRID.StepDefinitions.CardsValidationSteps.ThenUpdatedComputedTipValueShouldDisplayOnClosingDisclosure() in F:\Projects\TRID QA\trid-462743\QA\UIAutomation\SpecFramework\StepDefinitions\CardsValidationSteps.cs:line 1072 
Thread#0:T:   at NUnit.Framework.Assert.That[TActual](TActual actual, IResolveConstraint expression, String message, Object[] args)
Thread#5:T:   at TRID.StepDefinitions.CardsValidationSteps.ThenUpdatedComputedEscrowPropertyCostsOverOneYear11MonthsValueShouldDisplayOnClosingDisclosure() in F:\Projects\TRID QA\trid-462743\QA\UIAutomation\SpecFramework\StepDefinitions\CardsValidationSteps.cs:line 1121 
Thread#2:T:|| FinanceCharge || : NUnit.Framework.AssertionException:   Computed value does not match as expected with the difference of 88894.67
Thread#6:T:   at TRID.StepDefinitions.CardsValidationSteps.ThenUpdatedComputedEscrowPropertyCostsOverOneYear12MonthsValueShouldDisplayOnClosingDisclosure() in F:\Projects\TRID QA\trid-462743\QA\UIAutomation\SpecFramework\StepDefinitions\CardsValidationSteps.cs:line 1170 
Thread#3:T: ====================================================================================
Thread#0:T:   at NUnit.Framework.Assert.AreEqual(Object expected, Object actual, String message, Object[] args)
Thread#5:T: ====================================================================================
Thread#2:T:  Expected: 89344.440000000002d
Thread#6:T: ====================================================================================
Thread#0:T:   at TRID.StepDefinitions.CardsValidationSteps.ThenUpdatedComputedEstimatedEscrowValueShouldDisplayOnClosingDisclosure() in F:\Projects\TRID QA\trid-462743\QA\UIAutomation\SpecFramework\StepDefinitions\CardsValidationSteps.cs:line 1319 
Thread#4:T:|| TIP || : NUnit.Framework.AssertionException:   Computed value does not match as expected with the difference of 66.49
Thread#3:T:|| EscrowPropertyOver1Year11Months || : NUnit.Framework.AssertionException:   Computed value does not match as expected with the difference of 3300
Thread#1:T:  Expected: 52.859999999999999d
Thread#0:T: ====================================================================================
Thread#5:T:|| EscrowPropertyOver1Year12Months || : NUnit.Framework.AssertionException:   Computed value does not match as expected with the difference of 2400
Thread#3:T:  Expected: 3300.0d
Thread#1:T:  But was:  305.44999999999999d
Thread#4:T:  Expected: 66.650000000000006d
Thread#0:T:|| EstimatedTaxesInsuranceAssessments || : NUnit.Framework.AssertionException:   Computed value does not match as expected with the difference of 0.0100000000000051
Thread#2:T:  But was:  449.76999999999998d
Thread#1:T:   at NUnit.Framework.Assert.That[TActual](TActual actual, IResolveConstraint expression, String message, Object[] args)
Thread#0:T:  Expected: 126.93000000000001d
Thread#6:T:|| InitialEscrowPayment || : NUnit.Framework.AssertionException:   Computed value does not match as expected with the difference of 750
Thread#4:T:  But was:  0.16d
Thread#3:T:  But was:  0.0d
Thread#0:T:  But was:  126.92d
Thread#2:T:   at NUnit.Framework.Assert.That[TActual](TActual actual, IResolveConstraint expression, String message, Object[] args)
Thread#5:T:  Expected: 2400.0d
Thread#6:T:  Expected: 750.0d
Thread#0:T:   at NUnit.Framework.Assert.That[TActual](TActual actual, IResolveConstraint expression, String message, Object[] args)
Thread#5:T:  But was:  0.0d
Thread#3:T:   at NUnit.Framework.Assert.That[TActual](TActual actual, IResolveConstraint expression, String message, Object[] args)
Thread#4:T:   at NUnit.Framework.Assert.That[TActual](TActual actual, IResolveConstraint expression, String message, Object[] args)
Thread#6:T:  But was:  0.0d
Thread#1:T:   at NUnit.Framework.Assert.AreEqual(Object expected, Object actual, String message, Object[] args)
Thread#2:T:   at NUnit.Framework.Assert.AreEqual(Object expected, Object actual, String message, Object[] args)
Thread#5:T:   at NUnit.Framework.Assert.That[TActual](TActual actual, IResolveConstraint expression, String message, Object[] args)
Thread#4:T:   at NUnit.Framework.Assert.AreEqual(Object expected, Object actual, String message, Object[] args)
Thread#6:T:   at NUnit.Framework.Assert.That[TActual](TActual actual, IResolveConstraint expression, String message, Object[] args)
Thread#0:T:   at NUnit.Framework.Assert.AreEqual(Object expected, Object actual, String message, Object[] args)
Thread#1:T:   at TRID.StepDefinitions.CardsValidationSteps.ThenUpdatedComputedBalloonAmountValueShouldDisplayOnClosingDisclosure() in F:\Projects\TRID QA\trid-462743\QA\UIAutomation\SpecFramework\StepDefinitions\CardsValidationSteps.cs:line 827 
Thread#2:T:   at TRID.StepDefinitions.CardsValidationSteps.ThenUpdatedComputedFinanceChargeValueShouldDisplayOnClosingDisclosure() in F:\Projects\TRID QA\trid-462743\QA\UIAutomation\SpecFramework\StepDefinitions\CardsValidationSteps.cs:line 925 
Thread#3:T:   at NUnit.Framework.Assert.AreEqual(Object expected, Object actual, String message, Object[] args)
Thread#5:T:   at NUnit.Framework.Assert.AreEqual(Object expected, Object actual, String message, Object[] args)
Thread#4:T:   at TRID.StepDefinitions.CardsValidationSteps.ThenUpdatedComputedTipValueShouldDisplayOnClosingDisclosure() in F:\Projects\TRID QA\trid-462743\QA\UIAutomation\SpecFramework\StepDefinitions\CardsValidationSteps.cs:line 1072 
Thread#0:T:   at TRID.StepDefinitions.CardsValidationSteps.ThenUpdatedComputedEstimatedTaxesInsuranceAssessmentsValueShouldDisplayOnClosingDisclosure() in F:\Projects\TRID QA\trid-462743\QA\UIAutomation\SpecFramework\StepDefinitions\CardsValidationSteps.cs:line 1368 
Thread#6:T:   at NUnit.Framework.Assert.AreEqual(Object expected, Object actual, String message, Object[] args)
Thread#2:T: ====================================================================================
Thread#3:T:   at TRID.StepDefinitions.CardsValidationSteps.ThenUpdatedComputedEscrowPropertyCostsOverOneYear11MonthsValueShouldDisplayOnClosingDisclosure() in F:\Projects\TRID QA\trid-462743\QA\UIAutomation\SpecFramework\StepDefinitions\CardsValidationSteps.cs:line 1121 
Thread#5:T:   at TRID.StepDefinitions.CardsValidationSteps.ThenUpdatedComputedEscrowPropertyCostsOverOneYear12MonthsValueShouldDisplayOnClosingDisclosure() in F:\Projects\TRID QA\trid-462743\QA\UIAutomation\SpecFramework\StepDefinitions\CardsValidationSteps.cs:line 1170 
Thread#0:T: ====================================================================================
Thread#2:T:|| TIP || : NUnit.Framework.AssertionException:   Computed value does not match as expected with the difference of 66.41
Thread#1:T: ====================================================================================
Thread#5:T: ====================================================================================
Thread#6:T:   at TRID.StepDefinitions.CardsValidationSteps.ThenUpdatedComputedInitialEscrowPaymentValueShouldDisplayOnClosingDisclosure() in F:\Projects\TRID QA\trid-462743\QA\UIAutomation\SpecFramework\StepDefinitions\CardsValidationSteps.cs:line 1220 
Thread#4:T: ====================================================================================
Thread#3:T: ====================================================================================
Thread#2:T:  Expected: 66.719999999999999d
Thread#3:T:|| EscrowPropertyOver1Year12Months || : NUnit.Framework.AssertionException:   Computed value does not match as expected with the difference of 3300
Thread#6:T: ====================================================================================
Thread#5:T:|| InitialEscrowPayment || : NUnit.Framework.AssertionException:   Computed value does not match as expected with the difference of 1200
Thread#4:T:|| EscrowPropertyOver1Year11Months || : NUnit.Framework.AssertionException:   Computed value does not match as expected with the difference of 3300
Thread#0:T:====================================================================================
Thread#3:T:  Expected: 3300.0d
Thread#1:T:|| TotalOfPayments || : NUnit.Framework.AssertionException:   Computed value does not match as expected with the difference of 221284.96
Thread#0:T:##########################################################
Thread#6:T:|| EstimatedEscrow || : NUnit.Framework.AssertionException:   Computed value does not match as expected with the difference of 275
Thread#2:T:  But was:  0.31d
Thread#0:T:##########################################################
Thread#1:T:  Expected: 221610.60999999999d
Thread#2:T:   at NUnit.Framework.Assert.That[TActual](TActual actual, IResolveConstraint expression, String message, Object[] args)
Thread#5:T:  Expected: 1200.0d
Thread#6:T:  Expected: 275.0d
Thread#0: Test #250/0 is finished on thread #0 as CleanupFailed within 198.4846711 seconds
Thread#3:T:  But was:  0.0d
Thread#2:T:   at NUnit.Framework.Assert.AreEqual(Object expected, Object actual, String message, Object[] args)
Thread#4:T:  Expected: 3300.0d
Thread#5:T:  But was:  0.0d
Thread#1:T:  But was:  325.64999999999998d
Thread#6:T:  But was:  0.0d
Thread#3:T:   at NUnit.Framework.Assert.That[TActual](TActual actual, IResolveConstraint expression, String message, Object[] args)
Thread#4:T:  But was:  0.0d
Thread#1:T:   at NUnit.Framework.Assert.That[TActual](TActual actual, IResolveConstraint expression, String message, Object[] args)
Thread#5:T:   at NUnit.Framework.Assert.That[TActual](TActual actual, IResolveConstraint expression, String message, Object[] args)
Thread#2:T:   at TRID.StepDefinitions.CardsValidationSteps.ThenUpdatedComputedTipValueShouldDisplayOnClosingDisclosure() in F:\Projects\TRID QA\trid-462743\QA\UIAutomation\SpecFramework\StepDefinitions\CardsValidationSteps.cs:line 1072 
Thread#1:T:   at NUnit.Framework.Assert.AreEqual(Object expected, Object actual, String message, Object[] args)
Thread#6:T:   at NUnit.Framework.Assert.That[TActual](TActual actual, IResolveConstraint expression, String message, Object[] args)
Thread#4:T:   at NUnit.Framework.Assert.That[TActual](TActual actual, IResolveConstraint expression, String message, Object[] args)
Thread#5:T:   at NUnit.Framework.Assert.AreEqual(Object expected, Object actual, String message, Object[] args)
Appdomain Disposed
Thread#3:T:   at NUnit.Framework.Assert.AreEqual(Object expected, Object actual, String message, Object[] args)
Thread#4:T:   at NUnit.Framework.Assert.AreEqual(Object expected, Object actual, String message, Object[] args)
Thread#1:T:   at TRID.StepDefinitions.CardsValidationSteps.ThenUpdatedComputedTotalOfPaymentsValueShouldDisplayOnClosingDisclosure() in F:\Projects\TRID QA\trid-462743\QA\UIAutomation\SpecFramework\StepDefinitions\CardsValidationSteps.cs:line 876 
Thread#2:T: ====================================================================================
Thread#5:T:   at TRID.StepDefinitions.CardsValidationSteps.ThenUpdatedComputedInitialEscrowPaymentValueShouldDisplayOnClosingDisclosure() in F:\Projects\TRID QA\trid-462743\QA\UIAutomation\SpecFramework\StepDefinitions\CardsValidationSteps.cs:line 1220 
Thread#6:T:   at NUnit.Framework.Assert.AreEqual(Object expected, Object actual, String message, Object[] args)
Thread#3:T:   at TRID.StepDefinitions.CardsValidationSteps.ThenUpdatedComputedEscrowPropertyCostsOverOneYear12MonthsValueShouldDisplayOnClosingDisclosure() in F:\Projects\TRID QA\trid-462743\QA\UIAutomation\SpecFramework\StepDefinitions\CardsValidationSteps.cs:line 1170 
Thread#2:T:|| EscrowPropertyOver1Year11Months || : NUnit.Framework.AssertionException:   Computed value does not match as expected with the difference of 3300
Thread#1:T: ====================================================================================
Thread#4:T:   at TRID.StepDefinitions.CardsValidationSteps.ThenUpdatedComputedEscrowPropertyCostsOverOneYear11MonthsValueShouldDisplayOnClosingDisclosure() in F:\Projects\TRID QA\trid-462743\QA\UIAutomation\SpecFramework\StepDefinitions\CardsValidationSteps.cs:line 1121 
Thread#6:T:   at TRID.StepDefinitions.CardsValidationSteps.ThenUpdatedComputedEstimatedEscrowValueShouldDisplayOnClosingDisclosure() in F:\Projects\TRID QA\trid-462743\QA\UIAutomation\SpecFramework\StepDefinitions\CardsValidationSteps.cs:line 1319 
Thread#5:T: ====================================================================================
Thread#3:T: ====================================================================================
Thread#2:T:  Expected: 3300.0d
Thread#4:T: ====================================================================================
Thread#1:T:|| FinanceCharge || : NUnit.Framework.AssertionException:   Computed value does not match as expected with the difference of 90385.72
Thread#6:T: ====================================================================================
Thread#1:T:  Expected: 90610.610000000001d
Thread#5:T:|| NonEscrowPropertyOverOneYear || : NUnit.Framework.AssertionException:   Computed value does not match as expected with the difference of 900
Thread#6:T:====================================================================================
Thread#2:T:  But was:  0.0d
Thread#4:T:|| EscrowPropertyOver1Year12Months || : NUnit.Framework.AssertionException:   Computed value does not match as expected with the difference of 3300
Thread#3:T:|| InitialEscrowPayment || : NUnit.Framework.AssertionException:   Computed value does not match as expected with the difference of 750
Thread#5:T:  Expected: 900.0d
Thread#1:T:  But was:  224.88999999999999d
Thread#3:T:  Expected: 750.0d
Thread#6:T:##########################################################
Thread#1:T:   at NUnit.Framework.Assert.That[TActual](TActual actual, IResolveConstraint expression, String message, Object[] args)
Thread#2:T:   at NUnit.Framework.Assert.That[TActual](TActual actual, IResolveConstraint expression, String message, Object[] args)
Thread#3:T:  But was:  0.0d
Thread#4:T:  Expected: 3300.0d
Thread#5:T:  But was:  0.0d
Thread#1:T:   at NUnit.Framework.Assert.AreEqual(Object expected, Object actual, String message, Object[] args)
Thread#6:T:##########################################################
Thread#3:T:   at NUnit.Framework.Assert.That[TActual](TActual actual, IResolveConstraint expression, String message, Object[] args)
Thread#2:T:   at NUnit.Framework.Assert.AreEqual(Object expected, Object actual, String message, Object[] args)
Thread#5:T:   at NUnit.Framework.Assert.That[TActual](TActual actual, IResolveConstraint expression, String message, Object[] args)
Thread#1:T:   at TRID.StepDefinitions.CardsValidationSteps.ThenUpdatedComputedFinanceChargeValueShouldDisplayOnClosingDisclosure() in F:\Projects\TRID QA\trid-462743\QA\UIAutomation\SpecFramework\StepDefinitions\CardsValidationSteps.cs:line 925 
Thread#3:T:   at NUnit.Framework.Assert.AreEqual(Object expected, Object actual, String message, Object[] args)
Thread#2:T:   at TRID.StepDefinitions.CardsValidationSteps.ThenUpdatedComputedEscrowPropertyCostsOverOneYear11MonthsValueShouldDisplayOnClosingDisclosure() in F:\Projects\TRID QA\trid-462743\QA\UIAutomation\SpecFramework\StepDefinitions\CardsValidationSteps.cs:line 1121 
Thread#4:T:  But was:  0.0d
Thread#1:T: ====================================================================================
Thread#5:T:   at NUnit.Framework.Assert.AreEqual(Object expected, Object actual, String message, Object[] args)
Thread#2:T: ====================================================================================
Thread#1:T:|| TIP || : NUnit.Framework.AssertionException:   Computed value does not match as expected with the difference of 67.53
Thread#6: Test #256/0 is finished on thread #6 as CleanupFailed within 199.7104366 seconds
Thread#3:T:   at TRID.StepDefinitions.CardsValidationSteps.ThenUpdatedComputedInitialEscrowPaymentValueShouldDisplayOnClosingDisclosure() in F:\Projects\TRID QA\trid-462743\QA\UIAutomation\SpecFramework\StepDefinitions\CardsValidationSteps.cs:line 1220 
Thread#5:T:   at TRID.StepDefinitions.CardsValidationSteps.ThenUpdatedComputedNonEscrowPropertyCostsOverOneYearValueShouldDisplayOnClosingDisclosure() in F:\Projects\TRID QA\trid-462743\QA\UIAutomation\SpecFramework\StepDefinitions\CardsValidationSteps.cs:line 1270 
Thread#4:T:   at NUnit.Framework.Assert.That[TActual](TActual actual, IResolveConstraint expression, String message, Object[] args)
Thread#2:T:|| EscrowPropertyOver1Year12Months || : NUnit.Framework.AssertionException:   Computed value does not match as expected with the difference of 3300
Thread#1:T:  Expected: 67.689999999999998d
Thread#5:T: ====================================================================================
Thread#3:T: ====================================================================================
Thread#1:T:  But was:  0.16d
Thread#4:T:   at NUnit.Framework.Assert.AreEqual(Object expected, Object actual, String message, Object[] args)
Thread#2:T:  Expected: 3300.0d
Thread#5:T:|| EstimatedEscrow || : NUnit.Framework.AssertionException:   Computed value does not match as expected with the difference of 200
Thread#1:T:   at NUnit.Framework.Assert.That[TActual](TActual actual, IResolveConstraint expression, String message, Object[] args)
Thread#2:T:  But was:  0.0d
Thread#4:T:   at TRID.StepDefinitions.CardsValidationSteps.ThenUpdatedComputedEscrowPropertyCostsOverOneYear12MonthsValueShouldDisplayOnClosingDisclosure() in F:\Projects\TRID QA\trid-462743\QA\UIAutomation\SpecFramework\StepDefinitions\CardsValidationSteps.cs:line 1170 
Thread#5:T:  Expected: 200.0d
Thread#3:T:|| EstimatedEscrow || : NUnit.Framework.AssertionException:   Computed value does not match as expected with the difference of 550
Thread#2:T:   at NUnit.Framework.Assert.That[TActual](TActual actual, IResolveConstraint expression, String message, Object[] args)
Appdomain Disposed
Thread#4:T: ====================================================================================
Thread#1:T:   at NUnit.Framework.Assert.AreEqual(Object expected, Object actual, String message, Object[] args)
Thread#3:T:  Expected: 550.0d
Thread#5:T:  But was:  0.0d
Thread#1:T:   at TRID.StepDefinitions.CardsValidationSteps.ThenUpdatedComputedTipValueShouldDisplayOnClosingDisclosure() in F:\Projects\TRID QA\trid-462743\QA\UIAutomation\SpecFramework\StepDefinitions\CardsValidationSteps.cs:line 1072 
Thread#2:T:   at NUnit.Framework.Assert.AreEqual(Object expected, Object actual, String message, Object[] args)
Thread#4:T:|| InitialEscrowPayment || : NUnit.Framework.AssertionException:   Computed value does not match as expected with the difference of 750
Thread#3:T:  But was:  0.0d
Thread#5:T:   at NUnit.Framework.Assert.That[TActual](TActual actual, IResolveConstraint expression, String message, Object[] args)
Thread#2:T:   at TRID.StepDefinitions.CardsValidationSteps.ThenUpdatedComputedEscrowPropertyCostsOverOneYear12MonthsValueShouldDisplayOnClosingDisclosure() in F:\Projects\TRID QA\trid-462743\QA\UIAutomation\SpecFramework\StepDefinitions\CardsValidationSteps.cs:line 1170 
Thread#1:T: ====================================================================================
Thread#4:T:  Expected: 750.0d
Thread#5:T:   at NUnit.Framework.Assert.AreEqual(Object expected, Object actual, String message, Object[] args)
Thread#3:T:   at NUnit.Framework.Assert.That[TActual](TActual actual, IResolveConstraint expression, String message, Object[] args)
Thread#2:T: ====================================================================================
Thread#1:T:|| EscrowPropertyOver1Year11Months || : NUnit.Framework.AssertionException:   Computed value does not match as expected with the difference of 3300
Thread#4:T:  But was:  0.0d
Thread#5:T:   at TRID.StepDefinitions.CardsValidationSteps.ThenUpdatedComputedEstimatedEscrowValueShouldDisplayOnClosingDisclosure() in F:\Projects\TRID QA\trid-462743\QA\UIAutomation\SpecFramework\StepDefinitions\CardsValidationSteps.cs:line 1319 
Thread#2:T:|| InitialEscrowPayment || : NUnit.Framework.AssertionException:   Computed value does not match as expected with the difference of 750
Thread#1:T:  Expected: 3300.0d
Thread#5:T: ====================================================================================
Thread#3:T:   at NUnit.Framework.Assert.AreEqual(Object expected, Object actual, String message, Object[] args)
Thread#4:T:   at NUnit.Framework.Assert.That[TActual](TActual actual, IResolveConstraint expression, String message, Object[] args)
Thread#5:T:====================================================================================
Thread#3:T:   at TRID.StepDefinitions.CardsValidationSteps.ThenUpdatedComputedEstimatedEscrowValueShouldDisplayOnClosingDisclosure() in F:\Projects\TRID QA\trid-462743\QA\UIAutomation\SpecFramework\StepDefinitions\CardsValidationSteps.cs:line 1319 
Thread#2:T:  Expected: 750.0d
Thread#1:T:  But was:  0.0d
Thread#4:T:   at NUnit.Framework.Assert.AreEqual(Object expected, Object actual, String message, Object[] args)
Thread#3:T: ====================================================================================
Thread#5:T:##########################################################
Thread#2:T:  But was:  0.0d
Thread#1:T:   at NUnit.Framework.Assert.That[TActual](TActual actual, IResolveConstraint expression, String message, Object[] args)
Thread#3:T:====================================================================================
Thread#4:T:   at TRID.StepDefinitions.CardsValidationSteps.ThenUpdatedComputedInitialEscrowPaymentValueShouldDisplayOnClosingDisclosure() in F:\Projects\TRID QA\trid-462743\QA\UIAutomation\SpecFramework\StepDefinitions\CardsValidationSteps.cs:line 1220 
Thread#1:T:   at NUnit.Framework.Assert.AreEqual(Object expected, Object actual, String message, Object[] args)
Thread#5:T:##########################################################
Thread#2:T:   at NUnit.Framework.Assert.That[TActual](TActual actual, IResolveConstraint expression, String message, Object[] args)
Thread#3:T:##########################################################
Thread#1:T:   at TRID.StepDefinitions.CardsValidationSteps.ThenUpdatedComputedEscrowPropertyCostsOverOneYear11MonthsValueShouldDisplayOnClosingDisclosure() in F:\Projects\TRID QA\trid-462743\QA\UIAutomation\SpecFramework\StepDefinitions\CardsValidationSteps.cs:line 1121 
Thread#4:T: ====================================================================================
Thread#2:T:   at NUnit.Framework.Assert.AreEqual(Object expected, Object actual, String message, Object[] args)
Thread#5: Test #255/0 is finished on thread #5 as CleanupFailed within 200.8986038 seconds
Thread#3:T:##########################################################
Thread#1:T: ====================================================================================
Thread#2:T:   at TRID.StepDefinitions.CardsValidationSteps.ThenUpdatedComputedInitialEscrowPaymentValueShouldDisplayOnClosingDisclosure() in F:\Projects\TRID QA\trid-462743\QA\UIAutomation\SpecFramework\StepDefinitions\CardsValidationSteps.cs:line 1220 
Thread#4:T:|| EstimatedEscrow || : NUnit.Framework.AssertionException:   Computed value does not match as expected with the difference of 137.5
Thread#1:T:|| EscrowPropertyOver1Year12Months || : NUnit.Framework.AssertionException:   Computed value does not match as expected with the difference of 3300
Thread#3: Test #253/0 is finished on thread #3 as CleanupFailed within 200.9993719 seconds
Thread#2:T: ====================================================================================
Thread#4:T:  Expected: 137.5d
Thread#1:T:  Expected: 3300.0d
Thread#2:T:|| NonEscrowPropertyOverOneYear || : NUnit.Framework.AssertionException:   Computed value does not match as expected with the difference of 600
Appdomain Disposed
Thread#4:T:  But was:  0.0d
Thread#1:T:  But was:  0.0d
Thread#2:T:  Expected: 600.0d
Thread#4:T:   at NUnit.Framework.Assert.That[TActual](TActual actual, IResolveConstraint expression, String message, Object[] args)
Thread#1:T:   at NUnit.Framework.Assert.That[TActual](TActual actual, IResolveConstraint expression, String message, Object[] args)
Appdomain Disposed
Thread#2:T:  But was:  0.0d
Thread#1:T:   at NUnit.Framework.Assert.AreEqual(Object expected, Object actual, String message, Object[] args)
Thread#4:T:   at NUnit.Framework.Assert.AreEqual(Object expected, Object actual, String message, Object[] args)
Thread#2:T:   at NUnit.Framework.Assert.That[TActual](TActual actual, IResolveConstraint expression, String message, Object[] args)
Thread#1:T:   at TRID.StepDefinitions.CardsValidationSteps.ThenUpdatedComputedEscrowPropertyCostsOverOneYear12MonthsValueShouldDisplayOnClosingDisclosure() in F:\Projects\TRID QA\trid-462743\QA\UIAutomation\SpecFramework\StepDefinitions\CardsValidationSteps.cs:line 1170 
Thread#4:T:   at TRID.StepDefinitions.CardsValidationSteps.ThenUpdatedComputedEstimatedEscrowValueShouldDisplayOnClosingDisclosure() in F:\Projects\TRID QA\trid-462743\QA\UIAutomation\SpecFramework\StepDefinitions\CardsValidationSteps.cs:line 1319 
Thread#2:T:   at NUnit.Framework.Assert.AreEqual(Object expected, Object actual, String message, Object[] args)
Thread#1:T: ====================================================================================
Thread#4:T: ====================================================================================
Thread#2:T:   at TRID.StepDefinitions.CardsValidationSteps.ThenUpdatedComputedNonEscrowPropertyCostsOverOneYearValueShouldDisplayOnClosingDisclosure() in F:\Projects\TRID QA\trid-462743\QA\UIAutomation\SpecFramework\StepDefinitions\CardsValidationSteps.cs:line 1270 
Thread#4:T:====================================================================================
Thread#1:T:|| InitialEscrowPayment || : NUnit.Framework.AssertionException:   Computed value does not match as expected with the difference of 750
Thread#2:T: ====================================================================================
Thread#4:T:##########################################################
Thread#1:T:  Expected: 750.0d
Thread#2:T:|| EstimatedEscrow || : NUnit.Framework.AssertionException:   Computed value does not match as expected with the difference of 275
Thread#4:T:##########################################################
Thread#1:T:  But was:  0.0d
Thread#2:T:  Expected: 275.0d
Thread#1:T:   at NUnit.Framework.Assert.That[TActual](TActual actual, IResolveConstraint expression, String message, Object[] args)
Thread#4: Test #254/0 is finished on thread #4 as CleanupFailed within 201.6075059 seconds
Thread#2:T:  But was:  0.0d
Thread#1:T:   at NUnit.Framework.Assert.AreEqual(Object expected, Object actual, String message, Object[] args)
Thread#2:T:   at NUnit.Framework.Assert.That[TActual](TActual actual, IResolveConstraint expression, String message, Object[] args)
Appdomain Disposed
Thread#1:T:   at TRID.StepDefinitions.CardsValidationSteps.ThenUpdatedComputedInitialEscrowPaymentValueShouldDisplayOnClosingDisclosure() in F:\Projects\TRID QA\trid-462743\QA\UIAutomation\SpecFramework\StepDefinitions\CardsValidationSteps.cs:line 1220 
Thread#2:T:   at NUnit.Framework.Assert.AreEqual(Object expected, Object actual, String message, Object[] args)
Thread#1:T: ====================================================================================
Thread#2:T:   at TRID.StepDefinitions.CardsValidationSteps.ThenUpdatedComputedEstimatedEscrowValueShouldDisplayOnClosingDisclosure() in F:\Projects\TRID QA\trid-462743\QA\UIAutomation\SpecFramework\StepDefinitions\CardsValidationSteps.cs:line 1319 
Thread#1:T:|| EstimatedEscrow || : NUnit.Framework.AssertionException:   Computed value does not match as expected with the difference of 137.5
Thread#2:T: ====================================================================================
Thread#1:T:  Expected: 137.5d
Thread#2:T:====================================================================================
Thread#1:T:  But was:  0.0d
Thread#2:T:##########################################################
Thread#1:T:   at NUnit.Framework.Assert.That[TActual](TActual actual, IResolveConstraint expression, String message, Object[] args)
Thread#2:T:##########################################################
Thread#1:T:   at NUnit.Framework.Assert.AreEqual(Object expected, Object actual, String message, Object[] args)
Thread#2: Test #252/0 is finished on thread #2 as CleanupFailed within 202.0641248 seconds
Thread#1:T:   at TRID.StepDefinitions.CardsValidationSteps.ThenUpdatedComputedEstimatedEscrowValueShouldDisplayOnClosingDisclosure() in F:\Projects\TRID QA\trid-462743\QA\UIAutomation\SpecFramework\StepDefinitions\CardsValidationSteps.cs:line 1319 
Thread#1:T: ====================================================================================
Appdomain Disposed
Thread#1:T:====================================================================================
Thread#1:T:##########################################################
Thread#1:T:##########################################################
Thread#1: Test #251/0 is finished on thread #1 as CleanupFailed within 202.3157506 seconds
Appdomain Disposed
Thread#-1:Scheduler: get next test for thread
Thread#:Scheduler: at the end of normal test queue
Thread#-1:Scheduler: enumerator for thread is at end
Total: 7
Succeeded: 0
Ignored: 0
Pending: 0
Skipped: 0
Failed: 7
