VS filter: testpath:TestAssembly:TRID/Feature:CardsValidation/Scenario:Giving+inputs+from+Excel+file+and+validating+cards+value+on+Closing+Disclosure+page%2c+022 | testpath:TestAssembly:TRID/Feature:CardsValidation/Scenario:Giving+inputs+from+Excel+file+and+validating+cards+value+on+Closing+Disclosure+page%2c+042 | testpath:TestAssembly:TRID/Feature:CardsValidation/Scenario:Giving+inputs+from+Excel+file+and+validating+cards+value+on+Closing+Disclosure+page%2c+040 | testpath:TestAssembly:TRID/Feature:CardsValidation/Scenario:Giving+inputs+from+Excel+file+and+validating+cards+value+on+Closing+Disclosure+page%2c+041 | testpath:TestAssembly:TRID/Feature:CardsValidation/Scenario:Giving+inputs+from+Excel+file+and+validating+cards+value+on+Closing+Disclosure+page%2c+043
Discovering target: Default
Discovering tests from assembly: F:\Projects\TRID QA\trid-462743\QA\UIAutomation\SpecFramework\bin\Debug\TRID.dll
Appdomain Disposed
Test Suite Dump
#0: TRID/Default - 
#1: Default - 
#2: TRID - 
#122: CardsValidation - 
#257: Giving inputs from Excel file and validating cards value on Closing Disclosure page, 022 - TestAssembly:TRID/Feature:CardsValidation/Scenario:Giving+inputs+from+Excel+file+and+validating+cards+value+on+Closing+Disclosure+page%2c+022
#262: Giving inputs from Excel file and validating cards value on Closing Disclosure page, 040 - TestAssembly:TRID/Feature:CardsValidation/Scenario:Giving+inputs+from+Excel+file+and+validating+cards+value+on+Closing+Disclosure+page%2c+040
#263: Giving inputs from Excel file and validating cards value on Closing Disclosure page, 041 - TestAssembly:TRID/Feature:CardsValidation/Scenario:Giving+inputs+from+Excel+file+and+validating+cards+value+on+Closing+Disclosure+page%2c+041
#264: Giving inputs from Excel file and validating cards value on Closing Disclosure page, 042 - TestAssembly:TRID/Feature:CardsValidation/Scenario:Giving+inputs+from+Excel+file+and+validating+cards+value+on+Closing+Disclosure+page%2c+042
#265: Giving inputs from Excel file and validating cards value on Closing Disclosure page, 043 - TestAssembly:TRID/Feature:CardsValidation/Scenario:Giving+inputs+from+Excel+file+and+validating+cards+value+on+Closing+Disclosure+page%2c+043
End: Test Suite Dump
Thread#0:Scheduler: get next test for thread
Thread#:Scheduler: testitem #257 from normal test queue 
Thread#0:Scheduler: considering testitem #257 for thread
Thread#0:Scheduler: using testitem #257 for thread
Thread#0:Scheduler: Test #257 is scheduled for thread
Thread#0:Scheduler: with testItemExecutionIndex 0
Thread #0: creating new test thread executor for TRID, Version=1.0.0.0, Culture=neutral, PublicKeyToken=null (target: Default)
Thread#1:Scheduler: get next test for thread
Thread#:Scheduler: testitem #262 from normal test queue 
Thread#1:Scheduler: considering testitem #262 for thread
Thread#1:Scheduler: using testitem #262 for thread
Thread#1:Scheduler: Test #262 is scheduled for thread
Thread#1:Scheduler: with testItemExecutionIndex 1
Thread #1: creating new test thread executor for TRID, Version=1.0.0.0, Culture=neutral, PublicKeyToken=null (target: Default)
Thread#2:Scheduler: get next test for thread
Thread#:Scheduler: testitem #263 from normal test queue 
Thread#2:Scheduler: considering testitem #263 for thread
Thread#2:Scheduler: using testitem #263 for thread
Thread#2:Scheduler: Test #263 is scheduled for thread
Thread#2:Scheduler: with testItemExecutionIndex 2
Thread #2: creating new test thread executor for TRID, Version=1.0.0.0, Culture=neutral, PublicKeyToken=null (target: Default)
Thread#3:Scheduler: get next test for thread
Thread#:Scheduler: testitem #264 from normal test queue 
Thread#3:Scheduler: considering testitem #264 for thread
Thread#3:Scheduler: using testitem #264 for thread
Thread#3:Scheduler: Test #264 is scheduled for thread
Thread#3:Scheduler: with testItemExecutionIndex 3
Thread #3: creating new test thread executor for TRID, Version=1.0.0.0, Culture=neutral, PublicKeyToken=null (target: Default)
Loading SpecRun type 'TechTalk.SpecRun.Framework.TestAssemblyExecutor' from: C:\Users\sandees\AppData\Local\Temp\VisualStudioTestExplorerExtensions\SpecRun.Runner.1.5.2\tools\TechTalk.SpecRun.Framework.Executor.dll
Loading SpecRun type 'TechTalk.SpecRun.Framework.TestAssemblyExecutor' from: C:\Users\sandees\AppData\Local\Temp\VisualStudioTestExplorerExtensions\SpecRun.Runner.1.5.2\tools\TechTalk.SpecRun.Framework.Executor.dll
Thread#4:Scheduler: get next test for thread
Loading SpecRun type 'TechTalk.SpecRun.Framework.TestAssemblyExecutor' from: C:\Users\sandees\AppData\Local\Temp\VisualStudioTestExplorerExtensions\SpecRun.Runner.1.5.2\tools\TechTalk.SpecRun.Framework.Executor.dll
Thread#:Scheduler: testitem #265 from normal test queue 
Thread#4:Scheduler: considering testitem #265 for thread
Thread#4:Scheduler: using testitem #265 for thread
Thread#4:Scheduler: Test #265 is scheduled for thread
Thread#4:Scheduler: with testItemExecutionIndex 4
Thread #4: creating new test thread executor for TRID, Version=1.0.0.0, Culture=neutral, PublicKeyToken=null (target: Default)
Loading SpecRun type 'TechTalk.SpecRun.Framework.TestAssemblyExecutor' from: C:\Users\sandees\AppData\Local\Temp\VisualStudioTestExplorerExtensions\SpecRun.Runner.1.5.2\tools\TechTalk.SpecRun.Framework.Executor.dll
Loading SpecRun type 'TechTalk.SpecRun.Framework.TestAssemblyExecutor' from: C:\Users\sandees\AppData\Local\Temp\VisualStudioTestExplorerExtensions\SpecRun.Runner.1.5.2\tools\TechTalk.SpecRun.Framework.Executor.dll
Thread#5:Scheduler: get next test for thread
Thread#:Scheduler: at the end of normal test queue
Thread#5:Scheduler: enumerator for thread is at end
Thread#5:Scheduler: No more tests for thread 
Thread#6:Scheduler: get next test for thread
Thread#:Scheduler: at the end of normal test queue
Thread#6:Scheduler: enumerator for thread is at end
Thread#6:Scheduler: No more tests for thread 
Thread#7:Scheduler: get next test for thread
Thread#:Scheduler: at the end of normal test queue
Thread#7:Scheduler: enumerator for thread is at end
Thread#7:Scheduler: No more tests for thread 
Thread#8:Scheduler: get next test for thread
Thread#:Scheduler: at the end of normal test queue
Thread#8:Scheduler: enumerator for thread is at end
Thread#8:Scheduler: No more tests for thread 
Thread#1: Test #262/0 is started on thread #1
Thread#3: Test #264/0 is started on thread #3
Thread#2: Test #263/0 is started on thread #2
Thread#9:Scheduler: get next test for thread
Thread#:Scheduler: at the end of normal test queue
Thread#9:Scheduler: enumerator for thread is at end
Thread#9:Scheduler: No more tests for thread 
Thread#4: Test #265/0 is started on thread #4
Thread#0: Test #257/0 is started on thread #0
Thread#3:B:Given user is at TRID application homepage
Thread#4:B:Given user is at TRID application homepage
Thread#2:B:Given user is at TRID application homepage
Thread#1:B:Given user is at TRID application homepage
Thread#0:B:Given user is at TRID application homepage
Thread#2:T:done: CardsValidationSteps.GivenUserIsAtTridApplicationHomepage() (28.6s)
Thread#2:B:And user have closing disclosure data from excel sheet ClosingDisclosure for the scenario 25
Thread#0:T:done: CardsValidationSteps.GivenUserIsAtTridApplicationHomepage() (29.4s)
Thread#0:B:And user have closing disclosure data from excel sheet ClosingDisclosure for the scenario 19
Thread#3:T:done: CardsValidationSteps.GivenUserIsAtTridApplicationHomepage() (31.6s)
Thread#3:B:And user have closing disclosure data from excel sheet ClosingDisclosure for the scenario 26
Thread#2:T:done: CardsValidationSteps.GivenUserHaveClosingDisclosureDataFromExcelSheetForTheScenario("ClosingDisclosure", 25) (3.7s)
Thread#2:B:And user have Mortgage Insurance data from excel sheet MortgageInsurance for the scenario 25
Thread#4:T:done: CardsValidationSteps.GivenUserIsAtTridApplicationHomepage() (33.0s)
Thread#4:B:And user have closing disclosure data from excel sheet ClosingDisclosure for the scenario 27
Thread#1:T:done: CardsValidationSteps.GivenUserIsAtTridApplicationHomepage() (33.4s)
Thread#1:B:And user have closing disclosure data from excel sheet ClosingDisclosure for the scenario 24
Thread#0:T:done: CardsValidationSteps.GivenUserHaveClosingDisclosureDataFromExcelSheetForTheScenario("ClosingDisclosure", 19) (4.4s)
Thread#0:B:And user have Mortgage Insurance data from excel sheet MortgageInsurance for the scenario 19
Thread#2:T:done: CardsValidationSteps.GivenUserHaveMortgageInsuranceDataFromExcelSheetForTheScenarioMortgageInsurance("MortgageInsurance", 25) (1.9s)
Thread#2:B:And user have variable loan data from excel sheet ARM Terms for the scenario 1
Thread#0:T:done: CardsValidationSteps.GivenUserHaveMortgageInsuranceDataFromExcelSheetForTheScenarioMortgageInsurance("MortgageInsurance", 19) (3.0s)
Thread#0:B:And user have variable loan data from excel sheet ARM Terms for the scenario 1
Thread#2:T:done: CardsValidationSteps.GivenUserHaveVariableLoanDataFromExcelSheetForTheScenario("ARM Terms", 1) (4.2s)
Thread#2:B:And user have Prepaid Charges data from excel sheet PrepaidCharges for the scenario 25
Thread#3:T:done: CardsValidationSteps.GivenUserHaveClosingDisclosureDataFromExcelSheetForTheScenario("ClosingDisclosure", 26) (7.0s)
Thread#3:B:And user have Mortgage Insurance data from excel sheet MortgageInsurance for the scenario 26
Thread#4:T:done: CardsValidationSteps.GivenUserHaveClosingDisclosureDataFromExcelSheetForTheScenario("ClosingDisclosure", 27) (7.0s)
Thread#4:B:And user have Mortgage Insurance data from excel sheet MortgageInsurance for the scenario 27
Thread#0:T:done: CardsValidationSteps.GivenUserHaveVariableLoanDataFromExcelSheetForTheScenario("ARM Terms", 1) (3.1s)
Thread#0:B:And user have Prepaid Charges data from excel sheet PrepaidCharges for the scenario 19
Thread#1:T:done: CardsValidationSteps.GivenUserHaveClosingDisclosureDataFromExcelSheetForTheScenario("ClosingDisclosure", 24) (7.4s)
Thread#1:B:And user have Mortgage Insurance data from excel sheet MortgageInsurance for the scenario 24
Thread#3:T:done: CardsValidationSteps.GivenUserHaveMortgageInsuranceDataFromExcelSheetForTheScenarioMortgageInsurance("MortgageInsurance", 26) (2.8s)
Thread#3:B:And user have variable loan data from excel sheet ARM Terms for the scenario 1
Thread#2:T:done: CardsValidationSteps.GivenUserHavePrepaidChargesDataFromExcelSheetPrepaidChargesForTheScenario("PrepaidCharges", 25) (3.1s)
Thread#2:B:And user have Export data from excel sheet Export for the scenario 25
Thread#4:T:done: CardsValidationSteps.GivenUserHaveMortgageInsuranceDataFromExcelSheetForTheScenarioMortgageInsurance("MortgageInsurance", 27) (1.8s)
Thread#4:B:And user have variable loan data from excel sheet ARM Terms for the scenario 1
Thread#1:T:done: CardsValidationSteps.GivenUserHaveMortgageInsuranceDataFromExcelSheetForTheScenarioMortgageInsurance("MortgageInsurance", 24) (2.0s)
Thread#1:B:And user have variable loan data from excel sheet ARM Terms for the scenario 1
Thread#0:T:done: CardsValidationSteps.GivenUserHavePrepaidChargesDataFromExcelSheetPrepaidChargesForTheScenario("PrepaidCharges", 19) (2.9s)
Thread#0:B:And user have Export data from excel sheet Export for the scenario 19
Thread#3:T:done: CardsValidationSteps.GivenUserHaveVariableLoanDataFromExcelSheetForTheScenario("ARM Terms", 1) (2.7s)
Thread#3:B:And user have Prepaid Charges data from excel sheet PrepaidCharges for the scenario 26
Thread#2:T:done: CardsValidationSteps.GivenUserHaveExportDataFromExcelSheetExportForTheScenario("Export", 25) (2.5s)
Thread#2:B:And user have Escrow Grid data from excel sheet EscrowGrid for the scenario 25
Thread#4:T:done: CardsValidationSteps.GivenUserHaveVariableLoanDataFromExcelSheetForTheScenario("ARM Terms", 1) (3.4s)
Thread#4:B:And user have Prepaid Charges data from excel sheet PrepaidCharges for the scenario 27
Thread#1:T:done: CardsValidationSteps.GivenUserHaveVariableLoanDataFromExcelSheetForTheScenario("ARM Terms", 1) (3.0s)
Thread#1:B:And user have Prepaid Charges data from excel sheet PrepaidCharges for the scenario 24
Thread#0:T:done: CardsValidationSteps.GivenUserHaveExportDataFromExcelSheetExportForTheScenario("Export", 19) (3.0s)
Thread#0:B:And user have Escrow Grid data from excel sheet EscrowGrid for the scenario 19
Thread#3:T:done: CardsValidationSteps.GivenUserHavePrepaidChargesDataFromExcelSheetPrepaidChargesForTheScenario("PrepaidCharges", 26) (3.3s)
Thread#3:B:And user have Export data from excel sheet Export for the scenario 26
Thread#2:T:done: CardsValidationSteps.GivenUserHaveEscrowGridDataFromExcelSheetForTheScenario("EscrowGrid", 25) (4.1s)
Thread#2:B:When user navigate to Loan Inputs Page
Thread#0:T:done: CardsValidationSteps.GivenUserHaveEscrowGridDataFromExcelSheetForTheScenario("EscrowGrid", 19) (4.5s)
Thread#0:B:When user navigate to Loan Inputs Page
Thread#4:T:done: CardsValidationSteps.GivenUserHavePrepaidChargesDataFromExcelSheetPrepaidChargesForTheScenario("PrepaidCharges", 27) (5.2s)
Thread#4:B:And user have Export data from excel sheet Export for the scenario 27
Thread#1:T:done: CardsValidationSteps.GivenUserHavePrepaidChargesDataFromExcelSheetPrepaidChargesForTheScenario("PrepaidCharges", 24) (4.5s)
Thread#1:B:And user have Export data from excel sheet Export for the scenario 24
Thread#3:T:done: CardsValidationSteps.GivenUserHaveExportDataFromExcelSheetExportForTheScenario("Export", 26) (3.2s)
Thread#3:B:And user have Escrow Grid data from excel sheet EscrowGrid for the scenario 26
Thread#2:T:done: CardsValidationSteps.WhenUserNavigateToLoanInputsPage() (3.9s)
Thread#2:B:And user selects Calculation Method
Thread#2:T:done: CardsValidationSteps.WhenUserSelectsCalculationMethodInClosingDisclosurePage() (0.6s)
Thread#2:B:And user selects loan type
Thread#2:T:done: CardsValidationSteps.WhenUserSelectsLoanTypeInClosingDisclosurePage() (0.3s)
Thread#2:B:And user selects Frequency of Payments
Thread#4:T:done: CardsValidationSteps.GivenUserHaveExportDataFromExcelSheetExportForTheScenario("Export", 27) (2.8s)
Thread#4:B:And user have Escrow Grid data from excel sheet EscrowGrid for the scenario 27
Thread#2:T:done: CardsValidationSteps.WhenUserSelectsFrequencyOfPaymentsInClosingDisclosurePage() (0.8s)
Thread#2:B:And user selects Loan Term
Thread#0:T:done: CardsValidationSteps.WhenUserNavigateToLoanInputsPage() (3.6s)
Thread#0:B:And user selects Calculation Method
Thread#1:T:done: CardsValidationSteps.GivenUserHaveExportDataFromExcelSheetExportForTheScenario("Export", 24) (3.6s)
Thread#1:B:And user have Escrow Grid data from excel sheet EscrowGrid for the scenario 24
Thread#2:T:done: CardsValidationSteps.WhenUserSelectsLoanTermInClosingDisclosurePage() (0.5s)
Thread#2:B:And user selects Repayment Term Type
Thread#0:T:done: CardsValidationSteps.WhenUserSelectsCalculationMethodInClosingDisclosurePage() (0.6s)
Thread#0:B:And user selects loan type
Thread#2:T:done: CardsValidationSteps.WhenUserSelectsRepaymentTermTypeInClosingDisclosurePage() (0.6s)
Thread#2:B:And user enters Loan detail input values for computation
Thread#0:T:done: CardsValidationSteps.WhenUserSelectsLoanTypeInClosingDisclosurePage() (0.4s)
Thread#0:B:And user selects Frequency of Payments
Thread#3:T:done: CardsValidationSteps.GivenUserHaveEscrowGridDataFromExcelSheetForTheScenario("EscrowGrid", 26) (4.5s)
Thread#3:B:When user navigate to Loan Inputs Page
Thread#0:T:done: CardsValidationSteps.WhenUserSelectsFrequencyOfPaymentsInClosingDisclosurePage() (0.2s)
Thread#0:B:And user selects Loan Term
Thread#0:T:done: CardsValidationSteps.WhenUserSelectsLoanTermInClosingDisclosurePage() (0.2s)
Thread#0:B:And user selects Repayment Term Type
Thread#4:T:done: CardsValidationSteps.GivenUserHaveEscrowGridDataFromExcelSheetForTheScenario("EscrowGrid", 27) (2.5s)
Thread#4:B:When user navigate to Loan Inputs Page
Thread#0:T:done: CardsValidationSteps.WhenUserSelectsRepaymentTermTypeInClosingDisclosurePage() (0.5s)
Thread#0:B:And user enters Loan detail input values for computation
Thread#1:T:done: CardsValidationSteps.GivenUserHaveEscrowGridDataFromExcelSheetForTheScenario("EscrowGrid", 24) (2.0s)
Thread#1:B:When user navigate to Loan Inputs Page
Thread#3:T:done: CardsValidationSteps.WhenUserNavigateToLoanInputsPage() (2.9s)
Thread#3:B:And user selects Calculation Method
Thread#4:T:done: CardsValidationSteps.WhenUserNavigateToLoanInputsPage() (2.8s)
Thread#4:B:And user selects Calculation Method
Thread#3:T:done: CardsValidationSteps.WhenUserSelectsCalculationMethodInClosingDisclosurePage() (0.6s)
Thread#3:B:And user selects loan type
Thread#3:T:done: CardsValidationSteps.WhenUserSelectsLoanTypeInClosingDisclosurePage() (0.4s)
Thread#3:B:And user selects Frequency of Payments
Thread#1:T:done: CardsValidationSteps.WhenUserNavigateToLoanInputsPage() (2.9s)
Thread#1:B:And user selects Calculation Method
Thread#4:T:done: CardsValidationSteps.WhenUserSelectsCalculationMethodInClosingDisclosurePage() (0.5s)
Thread#4:B:And user selects loan type
Thread#3:T:done: CardsValidationSteps.WhenUserSelectsFrequencyOfPaymentsInClosingDisclosurePage() (0.3s)
Thread#3:B:And user selects Loan Term
Thread#4:T:done: CardsValidationSteps.WhenUserSelectsLoanTypeInClosingDisclosurePage() (0.2s)
Thread#4:B:And user selects Frequency of Payments
Thread#1:T:done: CardsValidationSteps.WhenUserSelectsCalculationMethodInClosingDisclosurePage() (0.3s)
Thread#1:B:And user selects loan type
Thread#3:T:done: CardsValidationSteps.WhenUserSelectsLoanTermInClosingDisclosurePage() (0.2s)
Thread#3:B:And user selects Repayment Term Type
Thread#4:T:done: CardsValidationSteps.WhenUserSelectsFrequencyOfPaymentsInClosingDisclosurePage() (0.2s)
Thread#4:B:And user selects Loan Term
Thread#3:T:done: CardsValidationSteps.WhenUserSelectsRepaymentTermTypeInClosingDisclosurePage() (0.2s)
Thread#3:B:And user enters Loan detail input values for computation
Thread#1:T:done: CardsValidationSteps.WhenUserSelectsLoanTypeInClosingDisclosurePage() (0.3s)
Thread#1:B:And user selects Frequency of Payments
Thread#4:T:done: CardsValidationSteps.WhenUserSelectsLoanTermInClosingDisclosurePage() (0.2s)
Thread#4:B:And user selects Repayment Term Type
Thread#1:T:done: CardsValidationSteps.WhenUserSelectsFrequencyOfPaymentsInClosingDisclosurePage() (0.2s)
Thread#1:B:And user selects Loan Term
Thread#4:T:done: CardsValidationSteps.WhenUserSelectsRepaymentTermTypeInClosingDisclosurePage() (0.2s)
Thread#4:B:And user enters Loan detail input values for computation
Thread#1:T:done: CardsValidationSteps.WhenUserSelectsLoanTermInClosingDisclosurePage() (0.2s)
Thread#1:B:And user selects Repayment Term Type
Thread#1:T:done: CardsValidationSteps.WhenUserSelectsRepaymentTermTypeInClosingDisclosurePage() (0.3s)
Thread#1:B:And user enters Loan detail input values for computation
Thread#0:T:done: CardsValidationSteps.WhenUserEntersLoanDetailInputValuesForComputationforClosingDisclosurepage() (8.4s)
Thread#0:B:And user enters pmi rate values
Thread#0:T:done: CardsValidationSteps.WhenUserEntersPmiRateValues() (0.4s)
Thread#0:B:And user enters other pmi input values
Thread#2:T:done: CardsValidationSteps.WhenUserEntersLoanDetailInputValuesForComputationforClosingDisclosurepage() (10.0s)
Thread#2:B:And user enters pmi rate values
Thread#0:T:done: CardsValidationSteps.WhenUserEntersOtherPmiInputValues() (0.1s)
Thread#0:B:And user enters Escrow Grid Input values
Thread#2:T:done: CardsValidationSteps.WhenUserEntersPmiRateValues() (0.3s)
Thread#2:B:And user enters other pmi input values
Thread#2:T:done: CardsValidationSteps.WhenUserEntersOtherPmiInputValues() (0.0s)
Thread#2:B:And user enters Escrow Grid Input values
Thread#3:T:done: CardsValidationSteps.WhenUserEntersLoanDetailInputValuesForComputationforClosingDisclosurepage() (6.4s)
Thread#3:B:And user enters pmi rate values
Thread#4:T:done: CardsValidationSteps.WhenUserEntersLoanDetailInputValuesForComputationforClosingDisclosurepage() (6.3s)
Thread#4:B:And user enters pmi rate values
Thread#3:T:done: CardsValidationSteps.WhenUserEntersPmiRateValues() (0.3s)
Thread#3:B:And user enters other pmi input values
Thread#3:T:done: CardsValidationSteps.WhenUserEntersOtherPmiInputValues() (0.0s)
Thread#3:B:And user enters Escrow Grid Input values
Thread#1:T:done: CardsValidationSteps.WhenUserEntersLoanDetailInputValuesForComputationforClosingDisclosurepage() (6.7s)
Thread#1:B:And user enters pmi rate values
Thread#4:T:done: CardsValidationSteps.WhenUserEntersPmiRateValues() (8.5s)
Thread#4:B:And user enters other pmi input values
Thread#1:T:done: CardsValidationSteps.WhenUserEntersPmiRateValues() (9.3s)
Thread#1:B:And user enters other pmi input values
Thread#4:T:done: CardsValidationSteps.WhenUserEntersOtherPmiInputValues() (3.0s)
Thread#4:B:And user enters Escrow Grid Input values
Thread#2:T:done: CardsValidationSteps.WhenUserEntersEscrowGridInputValues() (14.6s)
Thread#2:B:And user enters all input values for Prepaid Charges
Thread#1:T:done: CardsValidationSteps.WhenUserEntersOtherPmiInputValues() (3.6s)
Thread#1:B:And user enters Escrow Grid Input values
Thread#3:T:done: CardsValidationSteps.WhenUserEntersEscrowGridInputValues() (16.5s)
Thread#3:B:And user enters all input values for Prepaid Charges
Thread#0:T:done: CardsValidationSteps.WhenUserEntersEscrowGridInputValues() (21.4s)
Thread#0:B:And user enters all input values for Prepaid Charges
Thread#2:T:done: CardsValidationSteps.WhenUserEntersAllInputValuesForPrepaidCharges() (12.3s)
Thread#2:B:And user enters input value for prepaid custom fields
Thread#2:T:done: CardsValidationSteps.WhenUserEntersInputValueForPrepaidCustomFields() (0.0s)
Thread#2:B:And user navigates to Disclosure Inputs Page
Thread#2:T:done: CardsValidationSteps.WhenUserNavigatesToDisclosureInputsPage() (1.3s)
Thread#2:B:And user enters disclosed input values for Closing Disclosure Loan Terms & Projected Payments
Thread#4:T:done: CardsValidationSteps.WhenUserEntersEscrowGridInputValues() (15.4s)
Thread#4:B:And user enters all input values for Prepaid Charges
Thread#3:T:done: CardsValidationSteps.WhenUserEntersAllInputValuesForPrepaidCharges() (12.4s)
Thread#3:B:And user enters input value for prepaid custom fields
Thread#3:T:done: CardsValidationSteps.WhenUserEntersInputValueForPrepaidCustomFields() (0.0s)
Thread#3:B:And user navigates to Disclosure Inputs Page
Thread#1:T:done: CardsValidationSteps.WhenUserEntersEscrowGridInputValues() (15.3s)
Thread#1:B:And user enters all input values for Prepaid Charges
Thread#3:T:done: CardsValidationSteps.WhenUserNavigatesToDisclosureInputsPage() (1.1s)
Thread#3:B:And user enters disclosed input values for Closing Disclosure Loan Terms & Projected Payments
Thread#2:T:done: CardsValidationSteps.WhenUserEntersDisclosedInputValuesForClosingDisclosureLoanTermsProjectedPayments() (3.1s)
Thread#2:B:And user enters disclosed input values for Closing Disclosure Loan Calculations
Thread#0:T:done: CardsValidationSteps.WhenUserEntersAllInputValuesForPrepaidCharges() (11.1s)
Thread#0:B:And user enters input value for prepaid custom fields
Thread#0:T:done: CardsValidationSteps.WhenUserEntersInputValueForPrepaidCustomFields() (0.0s)
Thread#0:B:And user navigates to Disclosure Inputs Page
Thread#0:T:done: CardsValidationSteps.WhenUserNavigatesToDisclosureInputsPage() (1.0s)
Thread#0:B:And user enters disclosed input values for Closing Disclosure Loan Terms & Projected Payments
Thread#3:T:done: CardsValidationSteps.WhenUserEntersDisclosedInputValuesForClosingDisclosureLoanTermsProjectedPayments() (2.4s)
Thread#3:B:And user enters disclosed input values for Closing Disclosure Loan Calculations
Thread#2:T:done: CardsValidationSteps.WhenUserEntersDisclosedInputValuesForClosingDisclosureLoanCalculations() (3.3s)
Thread#2:B:And user enters disclosed input values for Property Cost and Escrow
Thread#0:T:done: CardsValidationSteps.WhenUserEntersDisclosedInputValuesForClosingDisclosureLoanTermsProjectedPayments() (2.4s)
Thread#0:B:And user enters disclosed input values for Closing Disclosure Loan Calculations
Thread#2:T:done: CardsValidationSteps.WhenUserEntersDisclosedInputValuesForPropertyCostAndEscrow() (1.3s)
Thread#2:B:And user navigates to Loan Estimate Cards Page
Thread#3:T:done: CardsValidationSteps.WhenUserEntersDisclosedInputValuesForClosingDisclosureLoanCalculations() (2.6s)
Thread#3:B:And user enters disclosed input values for Property Cost and Escrow
Thread#2:T:done: CardsValidationSteps.WhenUserNavigatesToLoanEstimateCardsPage() (1.1s)
Thread#2:B:And user enters disclsoed input values for Loan Estimate - Comparisons
Thread#3:T:done: CardsValidationSteps.WhenUserEntersDisclosedInputValuesForPropertyCostAndEscrow() (1.1s)
Thread#3:B:And user navigates to Loan Estimate Cards Page
Thread#4:T:done: CardsValidationSteps.WhenUserEntersAllInputValuesForPrepaidCharges() (8.9s)
Thread#4:B:And user enters input value for prepaid custom fields
Thread#4:T:done: CardsValidationSteps.WhenUserEntersInputValueForPrepaidCustomFields() (0.0s)
Thread#4:B:And user navigates to Disclosure Inputs Page
Thread#0:T:done: CardsValidationSteps.WhenUserEntersDisclosedInputValuesForClosingDisclosureLoanCalculations() (2.7s)
Thread#0:B:And user enters disclosed input values for Property Cost and Escrow
Thread#3:T:done: CardsValidationSteps.WhenUserNavigatesToLoanEstimateCardsPage() (1.4s)
Thread#3:B:And user enters disclsoed input values for Loan Estimate - Comparisons
Thread#2:T:done: CardsValidationSteps.WhenUserEntersDisclsoedInputValuesForLoanEstimate_Comparisons() (1.7s)
Thread#2:B:And user navigates to Export Page
Thread#1:T:done: CardsValidationSteps.WhenUserEntersAllInputValuesForPrepaidCharges() (8.5s)
Thread#4:T:done: CardsValidationSteps.WhenUserNavigatesToDisclosureInputsPage() (1.1s)
Thread#1:B:And user enters input value for prepaid custom fields
Thread#4:B:And user enters disclosed input values for Closing Disclosure Loan Terms & Projected Payments
Thread#1:T:done: CardsValidationSteps.WhenUserEntersInputValueForPrepaidCustomFields() (0.0s)
Thread#2:T:done: CardsValidationSteps.WhenUserNavigatesToExportPage() (0.6s)
Thread#2:B:And user enters all input values for Export Page
Thread#1:B:And user navigates to Disclosure Inputs Page
Thread#0:T:done: CardsValidationSteps.WhenUserEntersDisclosedInputValuesForPropertyCostAndEscrow() (1.3s)
Thread#0:B:And user navigates to Loan Estimate Cards Page
Thread#0:T:done: CardsValidationSteps.WhenUserNavigatesToLoanEstimateCardsPage() (0.9s)
Thread#0:B:And user enters disclsoed input values for Loan Estimate - Comparisons
Thread#1:T:done: CardsValidationSteps.WhenUserNavigatesToDisclosureInputsPage() (1.0s)
Thread#3:T:done: CardsValidationSteps.WhenUserEntersDisclsoedInputValuesForLoanEstimate_Comparisons() (2.0s)
Thread#3:B:And user navigates to Export Page
Thread#1:B:And user enters disclosed input values for Closing Disclosure Loan Terms & Projected Payments
Thread#3:T:done: CardsValidationSteps.WhenUserNavigatesToExportPage() (0.6s)
Thread#3:B:And user enters all input values for Export Page
Thread#4:T:done: CardsValidationSteps.WhenUserEntersDisclosedInputValuesForClosingDisclosureLoanTermsProjectedPayments() (2.3s)
Thread#0:T:done: CardsValidationSteps.WhenUserEntersDisclsoedInputValuesForLoanEstimate_Comparisons() (1.3s)
Thread#0:B:And user navigates to Export Page
Thread#4:B:And user enters disclosed input values for Closing Disclosure Loan Calculations
Thread#2:T:done: CardsValidationSteps.WhenUserEntersAllInputValuesForExportPage() (2.8s)
Thread#2:B:And user clicks on Export button to generate JSON file
Thread#0:T:done: CardsValidationSteps.WhenUserNavigatesToExportPage() (0.8s)
Thread#0:B:And user enters all input values for Export Page
Thread#1:T:done: CardsValidationSteps.WhenUserEntersDisclosedInputValuesForClosingDisclosureLoanTermsProjectedPayments() (2.7s)
Thread#1:B:And user enters disclosed input values for Closing Disclosure Loan Calculations
Thread#3:T:done: CardsValidationSteps.WhenUserEntersAllInputValuesForExportPage() (2.9s)
Thread#3:B:And user clicks on Export button to generate JSON file
Thread#4:T:done: CardsValidationSteps.WhenUserEntersDisclosedInputValuesForClosingDisclosureLoanCalculations() (2.9s)
Thread#4:B:And user enters disclosed input values for Property Cost and Escrow
Thread#0:T:done: CardsValidationSteps.WhenUserEntersAllInputValuesForExportPage() (2.8s)
Thread#0:B:And user clicks on Export button to generate JSON file
Thread#2:T:done: CardsValidationSteps.WhenUserClicksOnExportButtonToGenerateJsonFile() (3.4s)
Thread#2:B:And user navigates to Closing Disclosure Cards Page
Thread#4:T:done: CardsValidationSteps.WhenUserEntersDisclosedInputValuesForPropertyCostAndEscrow() (1.0s)
Thread#4:B:And user navigates to Loan Estimate Cards Page
Thread#1:T:done: CardsValidationSteps.WhenUserEntersDisclosedInputValuesForClosingDisclosureLoanCalculations() (2.5s)
Thread#1:B:And user enters disclosed input values for Property Cost and Escrow
Thread#2:T:done: CardsValidationSteps.WhenUserNavigatesToClosingDisclosureCardsPage() (1.0s)
Thread#2:B:Then updated/computed Principal and Interest value should display on Closing Disclosure
Thread#2:T:===========================================================
Thread#2:T:ExpectedComputedValue :606.91
Thread#2:T:ActualComputedValue :606.91
Thread#2:T:============================================================
Thread#2:T:===========================================================
Thread#2:T:ExpectedDisclosedValue :606.91
Thread#2:T:ActualDisclosedValue :606.91
Thread#1:T:done: CardsValidationSteps.WhenUserEntersDisclosedInputValuesForPropertyCostAndEscrow() (0.9s)
Thread#2:T:============================================================
Thread#1:B:And user navigates to Loan Estimate Cards Page
Thread#3:T:done: CardsValidationSteps.WhenUserClicksOnExportButtonToGenerateJsonFile() (3.5s)
Thread#3:B:And user navigates to Closing Disclosure Cards Page
Thread#4:T:done: CardsValidationSteps.WhenUserNavigatesToLoanEstimateCardsPage() (1.3s)
Thread#4:B:And user enters disclsoed input values for Loan Estimate - Comparisons
Thread#2:T:===========================================================
Thread#2:T:ExpectedVarianceValue :0
Thread#2:T:ActualVarianceValue :0
Thread#2:T:============================================================
Thread#2:T:done: CardsValidationSteps.ThenUpdatedComputedPrincipalAndInterestValueShouldDisplayOnClosingDisclosure() (1.6s)
Thread#2:B:And updated/computed Mortgage Insurance value should display on Closing Disclosure
Thread#3:T:done: CardsValidationSteps.WhenUserNavigatesToClosingDisclosureCardsPage() (0.9s)
Thread#3:B:Then updated/computed Principal and Interest value should display on Closing Disclosure
Thread#2:T:===========================================================
Thread#0:T:done: CardsValidationSteps.WhenUserClicksOnExportButtonToGenerateJsonFile() (3.2s)
Thread#0:B:And user navigates to Closing Disclosure Cards Page
Thread#3:T:===========================================================
Thread#2:T:ExpectedComputedValue :0
Thread#3:T:ExpectedComputedValue :606.91
Thread#2:T:ActualComputedValue :0
Thread#3:T:ActualComputedValue :606.91
Thread#2:T:============================================================
Thread#3:T:============================================================
Thread#1:T:done: CardsValidationSteps.WhenUserNavigatesToLoanEstimateCardsPage() (1.4s)
Thread#2:T:===========================================================
Thread#1:B:And user enters disclsoed input values for Loan Estimate - Comparisons
Thread#3:T:===========================================================
Thread#2:T:ExpectedDisclosedValue :0
Thread#3:T:ExpectedDisclosedValue :606.91
Thread#2:T:ActualDisclosedValue :0
Thread#3:T:ActualDisclosedValue :606.91
Thread#0:T:done: CardsValidationSteps.WhenUserNavigatesToClosingDisclosureCardsPage() (0.9s)
Thread#0:B:Then updated/computed Principal and Interest value should display on Closing Disclosure
Thread#2:T:============================================================
Thread#3:T:============================================================
Thread#0:T:===========================================================
Thread#2:T:===========================================================
Thread#3:T:===========================================================
Thread#0:T:ExpectedComputedValue :610.79
Thread#2:T:ExpectedVarianceValue :0
Thread#4:T:done: CardsValidationSteps.WhenUserEntersDisclsoedInputValuesForLoanEstimate_Comparisons() (1.9s)
Thread#3:T:ExpectedVarianceValue :0
Thread#0:T:ActualComputedValue :610.79
Thread#2:T:ActualVarianceValue :0
Thread#3:T:ActualVarianceValue :0
Thread#4:B:And user navigates to Export Page
Thread#0:T:============================================================
Thread#2:T:============================================================
Thread#3:T:============================================================
Thread#3:T:done: CardsValidationSteps.ThenUpdatedComputedPrincipalAndInterestValueShouldDisplayOnClosingDisclosure() (1.6s)
Thread#2:T:done: CardsValidationSteps.ThenUpdatedComputedMortgageInsuranceValueShouldDisplayOnClosingDisclosure() (1.6s)
Thread#0:T:===========================================================
Thread#2:B:And updated/computed Scheduled PMI Termination Date value should display on Closing Disclosure
Thread#3:B:And updated/computed Mortgage Insurance value should display on Closing Disclosure
Thread#0:T:ExpectedDisclosedValue :610.79
Thread#0:T:ActualDisclosedValue :610.79
Thread#2:T:===========================================================
Thread#3:T:===========================================================
Thread#4:T:done: CardsValidationSteps.WhenUserNavigatesToExportPage() (0.5s)
Thread#0:T:============================================================
Thread#2:T:ExpectedComputedValue :(C): N/A
Thread#3:T:ExpectedComputedValue :0
Thread#4:B:And user enters all input values for Export Page
Thread#2:T:ActualComputedValue :(C): N/A
Thread#3:T:ActualComputedValue :0
Thread#0:T:===========================================================
Thread#2:T:============================================================
Thread#3:T:============================================================
Thread#0:T:ExpectedVarianceValue :0
Thread#0:T:ActualVarianceValue :0
Thread#3:T:===========================================================
Thread#2:T:===========================================================
Thread#0:T:============================================================
Thread#3:T:ExpectedDisclosedValue :0
Thread#2:T:ExpectedDisclosedValue :(D): N/A
Thread#0:T:done: CardsValidationSteps.ThenUpdatedComputedPrincipalAndInterestValueShouldDisplayOnClosingDisclosure() (1.6s)
Thread#3:T:ActualDisclosedValue :0
Thread#2:T:ActualDisclosedValue :(D): N/A
Thread#0:B:And updated/computed Mortgage Insurance value should display on Closing Disclosure
Thread#3:T:============================================================
Thread#2:T:============================================================
Thread#0:T:===========================================================
Thread#3:T:===========================================================
Thread#2:T:===========================================================
Thread#0:T:ExpectedComputedValue :0
Thread#3:T:ExpectedVarianceValue :0
Thread#2:T:ExpectedVarianceValue :(V): N/A Days
Thread#0:T:ActualComputedValue :0
Thread#3:T:ActualVarianceValue :0
Thread#2:T:ActualVarianceValue :(V): N/A Days
Thread#3:T:============================================================
Thread#1:T:done: CardsValidationSteps.WhenUserEntersDisclsoedInputValuesForLoanEstimate_Comparisons() (2.4s)
Thread#0:T:============================================================
Thread#2:T:============================================================
Thread#1:B:And user navigates to Export Page
Thread#3:T:done: CardsValidationSteps.ThenUpdatedComputedMortgageInsuranceValueShouldDisplayOnClosingDisclosure() (1.5s)
Thread#2:T:done: CardsValidationSteps.ThenUpdatedComputedScheduledPmiTerminationDateValueShouldDisplayOnClosingDisclosure() (1.5s)
Thread#0:T:===========================================================
Thread#3:B:And updated/computed Scheduled PMI Termination Date value should display on Closing Disclosure
Thread#2:B:And updated/computed Estimated Total Monthly Payment value should display on Closing Disclosure
Thread#0:T:ExpectedDisclosedValue :0
Thread#0:T:ActualDisclosedValue :0
Thread#3:T:===========================================================
Thread#2:T:NUnit.Framework.AssertionException:   Computed value does not match as expected with the difference of 275
Thread#0:T:============================================================
Thread#3:T:ExpectedComputedValue :(C): N/A
Thread#2:T:  Expected: 881.90999999999997d
Thread#3:T:ActualComputedValue :(C): N/A
Thread#0:T:===========================================================
Thread#2:T:  But was:  606.90999999999997d
Thread#3:T:============================================================
Thread#0:T:ExpectedVarianceValue :0
Thread#2:T:   at NUnit.Framework.Assert.That[TActual](TActual actual, IResolveConstraint expression, String message, Object[] args)
Thread#0:T:ActualVarianceValue :0
Thread#2:T:   at NUnit.Framework.Assert.AreEqual(Object expected, Object actual, String message, Object[] args)
Thread#3:T:===========================================================
Thread#1:T:done: CardsValidationSteps.WhenUserNavigatesToExportPage() (0.8s)
Thread#0:T:============================================================
Thread#2:T:   at TRID.StepDefinitions.CardsValidationSteps.ThenUpdatedComputedEstimatedTotalMonthlyPaymentValueShouldDisplayOnClosingDisclosure() in F:\Projects\TRID QA\trid-462743\QA\UIAutomation\SpecFramework\StepDefinitions\CardsValidationSteps.cs:line 701
Thread#1:B:And user enters all input values for Export Page
Thread#3:T:ExpectedDisclosedValue :(D): N/A
Thread#0:T:done: CardsValidationSteps.ThenUpdatedComputedMortgageInsuranceValueShouldDisplayOnClosingDisclosure() (1.5s)
Thread#2:T:done: CardsValidationSteps.ThenUpdatedComputedEstimatedTotalMonthlyPaymentValueShouldDisplayOnClosingDisclosure() (0.8s)
Thread#0:B:And updated/computed Scheduled PMI Termination Date value should display on Closing Disclosure
Thread#3:T:ActualDisclosedValue :(D): N/A
Thread#2:B:And updated/computed APR value should display on Closing Disclosure
Thread#3:T:============================================================
Thread#0:T:===========================================================
Thread#2:T:NUnit.Framework.AssertionException:   Computed value does not match as expected with the difference of 3.753
Thread#0:T:ExpectedComputedValue :(C): N/A
Thread#2:T:  Expected: 3.7530000000000001d
Thread#0:T:ActualComputedValue :(C): N/A
Thread#3:T:===========================================================
Thread#2:T:  But was:  0.0d
Thread#0:T:============================================================
Thread#3:T:ExpectedVarianceValue :(V): N/A Days
Thread#2:T:   at NUnit.Framework.Assert.That[TActual](TActual actual, IResolveConstraint expression, String message, Object[] args)
Thread#3:T:ActualVarianceValue :(V): N/A Days
Thread#2:T:   at NUnit.Framework.Assert.AreEqual(Object expected, Object actual, String message, Object[] args)
Thread#0:T:===========================================================
Thread#3:T:============================================================
Thread#0:T:ExpectedDisclosedValue :(D): N/A
Thread#2:T:   at TRID.StepDefinitions.CardsValidationSteps.ThenUpdatedComputedAprValueShouldDisplayOnClosingDisclosure() in F:\Projects\TRID QA\trid-462743\QA\UIAutomation\SpecFramework\StepDefinitions\CardsValidationSteps.cs:line 750
Thread#3:T:done: CardsValidationSteps.ThenUpdatedComputedScheduledPmiTerminationDateValueShouldDisplayOnClosingDisclosure() (1.7s)
Thread#0:T:ActualDisclosedValue :(D): N/A
Thread#2:T:done: CardsValidationSteps.ThenUpdatedComputedAprValueShouldDisplayOnClosingDisclosure() (0.7s)
Thread#3:B:And updated/computed Estimated Total Monthly Payment value should display on Closing Disclosure
Thread#0:T:============================================================
Thread#2:B:And APRWIN info value should display on Closing Disclosure
Thread#3:T:===========================================================
Thread#0:T:===========================================================
Thread#2:T:NUnit.Framework.AssertionException:   Apr Info value does not match as expected with the difference of 3.753
Thread#3:T:ExpectedComputedValue :606.91
Thread#4:T:done: CardsValidationSteps.WhenUserEntersAllInputValuesForExportPage() (3.4s)
Thread#0:T:ExpectedVarianceValue :(V): N/A Days
Thread#2:T:  Expected: 3.7530000000000001d
Thread#4:B:And user clicks on Export button to generate JSON file
Thread#3:T:ActualComputedValue :606.91
Thread#0:T:ActualVarianceValue :(V): N/A Days
Thread#2:T:  But was:  0.0d
Thread#3:T:============================================================
Thread#0:T:============================================================
Thread#2:T:   at NUnit.Framework.Assert.That[TActual](TActual actual, IResolveConstraint expression, String message, Object[] args)
Thread#0:T:done: CardsValidationSteps.ThenUpdatedComputedScheduledPmiTerminationDateValueShouldDisplayOnClosingDisclosure() (1.4s)
Thread#2:T:   at NUnit.Framework.Assert.AreEqual(Object expected, Object actual, String message, Object[] args)
Thread#0:B:And updated/computed Estimated Total Monthly Payment value should display on Closing Disclosure
Thread#3:T:===========================================================
Thread#2:T:   at TRID.StepDefinitions.CardsValidationSteps.ThenAprwinInfoValueShouldDisplayOnClosingDisclosure() in F:\Projects\TRID QA\trid-462743\QA\UIAutomation\SpecFramework\StepDefinitions\CardsValidationSteps.cs:line 799
Thread#3:T:ExpectedDisclosedValue :606.91
Thread#2:T:done: CardsValidationSteps.ThenAprwinInfoValueShouldDisplayOnClosingDisclosure() (0.7s)
Thread#0:T:NUnit.Framework.AssertionException:   Computed value does not match as expected with the difference of 275
Thread#3:T:ActualDisclosedValue :606.91
Thread#0:T:  Expected: 885.78999999999996d
Thread#2:B:And updated/computed Balloon Amount value should display on Closing Disclosure
Thread#3:T:============================================================
Thread#0:T:  But was:  610.78999999999996d
Thread#0:T:   at NUnit.Framework.Assert.That[TActual](TActual actual, IResolveConstraint expression, String message, Object[] args)
Thread#0:T:   at NUnit.Framework.Assert.AreEqual(Object expected, Object actual, String message, Object[] args)
Thread#0:T:   at TRID.StepDefinitions.CardsValidationSteps.ThenUpdatedComputedEstimatedTotalMonthlyPaymentValueShouldDisplayOnClosingDisclosure() in F:\Projects\TRID QA\trid-462743\QA\UIAutomation\SpecFramework\StepDefinitions\CardsValidationSteps.cs:line 701
Thread#0:T:done: CardsValidationSteps.ThenUpdatedComputedEstimatedTotalMonthlyPaymentValueShouldDisplayOnClosingDisclosure() (0.8s)
Thread#0:B:And updated/computed APR value should display on Closing Disclosure
Thread#2:T:NUnit.Framework.AssertionException:   Computed value does not match as expected with the difference of 1.70999999999992
Thread#3:T:===========================================================
Thread#2:T:  Expected: 605.20000000000005d
Thread#3:T:ExpectedVarianceValue :0
Thread#2:T:  But was:  606.90999999999997d
Thread#3:T:ActualVarianceValue :0
Thread#2:T:   at NUnit.Framework.Assert.That[TActual](TActual actual, IResolveConstraint expression, String message, Object[] args)
Thread#3:T:============================================================
Thread#2:T:   at NUnit.Framework.Assert.AreEqual(Object expected, Object actual, String message, Object[] args)
Thread#3:T:done: CardsValidationSteps.ThenUpdatedComputedEstimatedTotalMonthlyPaymentValueShouldDisplayOnClosingDisclosure() (2.5s)
Thread#2:T:   at TRID.StepDefinitions.CardsValidationSteps.ThenUpdatedComputedBalloonAmountValueShouldDisplayOnClosingDisclosure() in F:\Projects\TRID QA\trid-462743\QA\UIAutomation\SpecFramework\StepDefinitions\CardsValidationSteps.cs:line 827
Thread#3:B:And updated/computed APR value should display on Closing Disclosure
Thread#2:T:done: CardsValidationSteps.ThenUpdatedComputedBalloonAmountValueShouldDisplayOnClosingDisclosure() (1.6s)
Thread#2:B:And updated/computed Total of Payments value should display on Closing Disclosure
Thread#3:T:NUnit.Framework.AssertionException:   Computed value does not match as expected with the difference of 3.845
Thread#3:T:  Expected: 3.8450000000000002d
Thread#1:T:done: CardsValidationSteps.WhenUserEntersAllInputValuesForExportPage() (4.0s)
Thread#2:T:NUnit.Framework.AssertionException:   Computed value does not match as expected with the difference of 217878.98
Thread#3:T:  But was:  0.0d
Thread#2:T:  Expected: 218485.89000000001d
Thread#1:B:And user clicks on Export button to generate JSON file
Thread#3:T:   at NUnit.Framework.Assert.That[TActual](TActual actual, IResolveConstraint expression, String message, Object[] args)
Thread#2:T:  But was:  606.90999999999997d
Thread#0:T:NUnit.Framework.AssertionException:   Computed value does not match as expected with the difference of 3.805
Thread#3:T:   at NUnit.Framework.Assert.AreEqual(Object expected, Object actual, String message, Object[] args)
Thread#0:T:  Expected: 3.8050000000000002d
Thread#2:T:   at NUnit.Framework.Assert.That[TActual](TActual actual, IResolveConstraint expression, String message, Object[] args)
Thread#0:T:  But was:  0.0d
Thread#3:T:   at TRID.StepDefinitions.CardsValidationSteps.ThenUpdatedComputedAprValueShouldDisplayOnClosingDisclosure() in F:\Projects\TRID QA\trid-462743\QA\UIAutomation\SpecFramework\StepDefinitions\CardsValidationSteps.cs:line 750
Thread#2:T:   at NUnit.Framework.Assert.AreEqual(Object expected, Object actual, String message, Object[] args)
Thread#0:T:   at NUnit.Framework.Assert.That[TActual](TActual actual, IResolveConstraint expression, String message, Object[] args)
Thread#2:T:   at TRID.StepDefinitions.CardsValidationSteps.ThenUpdatedComputedTotalOfPaymentsValueShouldDisplayOnClosingDisclosure() in F:\Projects\TRID QA\trid-462743\QA\UIAutomation\SpecFramework\StepDefinitions\CardsValidationSteps.cs:line 876
Thread#3:T:done: CardsValidationSteps.ThenUpdatedComputedAprValueShouldDisplayOnClosingDisclosure() (0.7s)
Thread#0:T:   at NUnit.Framework.Assert.AreEqual(Object expected, Object actual, String message, Object[] args)
Thread#3:B:And APRWIN info value should display on Closing Disclosure
Thread#2:T:done: CardsValidationSteps.ThenUpdatedComputedTotalOfPaymentsValueShouldDisplayOnClosingDisclosure() (0.7s)
Thread#0:T:   at TRID.StepDefinitions.CardsValidationSteps.ThenUpdatedComputedAprValueShouldDisplayOnClosingDisclosure() in F:\Projects\TRID QA\trid-462743\QA\UIAutomation\SpecFramework\StepDefinitions\CardsValidationSteps.cs:line 750
Thread#2:B:And updated/computed Finance Charge value should display on Closing Disclosure
Thread#0:T:done: CardsValidationSteps.ThenUpdatedComputedAprValueShouldDisplayOnClosingDisclosure() (2.0s)
Thread#3:T:NUnit.Framework.AssertionException:   Apr Info value does not match as expected with the difference of 3.8447
Thread#0:B:And APRWIN info value should display on Closing Disclosure
Thread#3:T:  Expected: 3.8447d
Thread#4:T:done: CardsValidationSteps.WhenUserClicksOnExportButtonToGenerateJsonFile() (3.5s)
Thread#3:T:  But was:  0.0d
Thread#4:B:And user navigates to Closing Disclosure Cards Page
Thread#2:T:NUnit.Framework.AssertionException:   Computed value does not match as expected with the difference of 87068.66
Thread#3:T:   at NUnit.Framework.Assert.That[TActual](TActual actual, IResolveConstraint expression, String message, Object[] args)
Thread#2:T:  Expected: 87485.889999999999d
Thread#0:T:NUnit.Framework.AssertionException:   Apr Info value does not match as expected with the difference of 3.8052
Thread#3:T:   at NUnit.Framework.Assert.AreEqual(Object expected, Object actual, String message, Object[] args)
Thread#0:T:  Expected: 3.8052000000000001d
Thread#2:T:  But was:  417.23000000000002d
Thread#3:T:   at TRID.StepDefinitions.CardsValidationSteps.ThenAprwinInfoValueShouldDisplayOnClosingDisclosure() in F:\Projects\TRID QA\trid-462743\QA\UIAutomation\SpecFramework\StepDefinitions\CardsValidationSteps.cs:line 799
Thread#0:T:  But was:  0.0d
Thread#2:T:   at NUnit.Framework.Assert.That[TActual](TActual actual, IResolveConstraint expression, String message, Object[] args)
Thread#3:T:done: CardsValidationSteps.ThenAprwinInfoValueShouldDisplayOnClosingDisclosure() (0.7s)
Thread#0:T:   at NUnit.Framework.Assert.That[TActual](TActual actual, IResolveConstraint expression, String message, Object[] args)
Thread#2:T:   at NUnit.Framework.Assert.AreEqual(Object expected, Object actual, String message, Object[] args)
Thread#3:B:And updated/computed Balloon Amount value should display on Closing Disclosure
Thread#0:T:   at NUnit.Framework.Assert.AreEqual(Object expected, Object actual, String message, Object[] args)
Thread#2:T:   at TRID.StepDefinitions.CardsValidationSteps.ThenUpdatedComputedFinanceChargeValueShouldDisplayOnClosingDisclosure() in F:\Projects\TRID QA\trid-462743\QA\UIAutomation\SpecFramework\StepDefinitions\CardsValidationSteps.cs:line 925
Thread#0:T:   at TRID.StepDefinitions.CardsValidationSteps.ThenAprwinInfoValueShouldDisplayOnClosingDisclosure() in F:\Projects\TRID QA\trid-462743\QA\UIAutomation\SpecFramework\StepDefinitions\CardsValidationSteps.cs:line 799
Thread#2:T:done: CardsValidationSteps.ThenUpdatedComputedFinanceChargeValueShouldDisplayOnClosingDisclosure() (0.8s)
Thread#3:T:NUnit.Framework.AssertionException:   Computed value does not match as expected with the difference of 1.70999999999992
Thread#0:T:done: CardsValidationSteps.ThenAprwinInfoValueShouldDisplayOnClosingDisclosure() (0.7s)
Thread#2:B:And updated/computed Prepaid Charges value should display on Closing Disclosure
Thread#3:T:  Expected: 605.20000000000005d
Thread#0:B:And updated/computed Balloon Amount value should display on Closing Disclosure
Thread#3:T:  But was:  606.90999999999997d
Thread#2:T:===========================================================
Thread#2:T:ExpectedComputedValue :0
Thread#3:T:   at NUnit.Framework.Assert.That[TActual](TActual actual, IResolveConstraint expression, String message, Object[] args)
Thread#0:T:NUnit.Framework.AssertionException:   Computed value does not match as expected with the difference of 0.230000000000018
Thread#0:T:  Expected: 610.55999999999995d
Thread#2:T:ActualComputedValue :0
Thread#3:T:   at NUnit.Framework.Assert.AreEqual(Object expected, Object actual, String message, Object[] args)
Thread#0:T:  But was:  610.78999999999996d
Thread#2:T:============================================================
Thread#3:T:   at TRID.StepDefinitions.CardsValidationSteps.ThenUpdatedComputedBalloonAmountValueShouldDisplayOnClosingDisclosure() in F:\Projects\TRID QA\trid-462743\QA\UIAutomation\SpecFramework\StepDefinitions\CardsValidationSteps.cs:line 827
Thread#3:T:done: CardsValidationSteps.ThenUpdatedComputedBalloonAmountValueShouldDisplayOnClosingDisclosure() (0.5s)
Thread#0:T:   at NUnit.Framework.Assert.That[TActual](TActual actual, IResolveConstraint expression, String message, Object[] args)
Thread#0:T:   at NUnit.Framework.Assert.AreEqual(Object expected, Object actual, String message, Object[] args)
Thread#3:B:And updated/computed Total of Payments value should display on Closing Disclosure
Thread#2:T:===========================================================
Thread#2:T:ExpectedDisclosedValue :0
Thread#0:T:   at TRID.StepDefinitions.CardsValidationSteps.ThenUpdatedComputedBalloonAmountValueShouldDisplayOnClosingDisclosure() in F:\Projects\TRID QA\trid-462743\QA\UIAutomation\SpecFramework\StepDefinitions\CardsValidationSteps.cs:line 827
Thread#2:T:ActualDisclosedValue :0
Thread#3:T:NUnit.Framework.AssertionException:   Computed value does not match as expected with the difference of 217878.98
Thread#0:T:done: CardsValidationSteps.ThenUpdatedComputedBalloonAmountValueShouldDisplayOnClosingDisclosure() (0.6s)
Thread#2:T:============================================================
Thread#3:T:  Expected: 219795.89000000001d
Thread#0:B:And updated/computed Total of Payments value should display on Closing Disclosure
Thread#3:T:  But was:  1916.9100000000001d
Thread#2:T:===========================================================
Thread#3:T:   at NUnit.Framework.Assert.That[TActual](TActual actual, IResolveConstraint expression, String message, Object[] args)
Thread#2:T:ExpectedVarianceValue :0
Thread#0:T:NUnit.Framework.AssertionException:   Computed value does not match as expected with the difference of 219273.38
Thread#0:T:  Expected: 219884.17000000001d
Thread#2:T:ActualVarianceValue :0
Thread#3:T:   at NUnit.Framework.Assert.AreEqual(Object expected, Object actual, String message, Object[] args)
Thread#2:T:============================================================
Thread#0:T:  But was:  610.78999999999996d
Thread#4:T:done: CardsValidationSteps.WhenUserNavigatesToClosingDisclosureCardsPage() (1.9s)
Thread#3:T:   at TRID.StepDefinitions.CardsValidationSteps.ThenUpdatedComputedTotalOfPaymentsValueShouldDisplayOnClosingDisclosure() in F:\Projects\TRID QA\trid-462743\QA\UIAutomation\SpecFramework\StepDefinitions\CardsValidationSteps.cs:line 876
Thread#0:T:   at NUnit.Framework.Assert.That[TActual](TActual actual, IResolveConstraint expression, String message, Object[] args)
Thread#4:B:Then updated/computed Principal and Interest value should display on Closing Disclosure
Thread#2:T:done: CardsValidationSteps.ThenUpdatedComputedPrepaidChargesValueShouldDisplayOnClosingDisclosure() (1.4s)
Thread#3:T:done: CardsValidationSteps.ThenUpdatedComputedTotalOfPaymentsValueShouldDisplayOnClosingDisclosure() (0.9s)
Thread#0:T:   at NUnit.Framework.Assert.AreEqual(Object expected, Object actual, String message, Object[] args)
Thread#2:B:And updated/computed Amount Financed value should display on Closing Disclosure
Thread#3:B:And updated/computed Finance Charge value should display on Closing Disclosure
Thread#4:T:===========================================================
Thread#0:T:   at TRID.StepDefinitions.CardsValidationSteps.ThenUpdatedComputedTotalOfPaymentsValueShouldDisplayOnClosingDisclosure() in F:\Projects\TRID QA\trid-462743\QA\UIAutomation\SpecFramework\StepDefinitions\CardsValidationSteps.cs:line 876
Thread#4:T:ExpectedComputedValue :606.91
Thread#0:T:done: CardsValidationSteps.ThenUpdatedComputedTotalOfPaymentsValueShouldDisplayOnClosingDisclosure() (0.7s)
Thread#2:T:===========================================================
Thread#3:T:NUnit.Framework.AssertionException:   Computed value does not match as expected with the difference of 87068.66
Thread#0:B:And updated/computed Finance Charge value should display on Closing Disclosure
Thread#2:T:ExpectedComputedValue :131000
Thread#4:T:ActualComputedValue :606.91
Thread#3:T:  Expected: 88795.889999999999d
Thread#1:T:done: CardsValidationSteps.WhenUserClicksOnExportButtonToGenerateJsonFile() (3.4s)
Thread#4:T:============================================================
Thread#2:T:ActualComputedValue :131000
Thread#3:T:  But was:  1727.23d
Thread#1:B:And user navigates to Closing Disclosure Cards Page
Thread#2:T:============================================================
Thread#3:T:   at NUnit.Framework.Assert.That[TActual](TActual actual, IResolveConstraint expression, String message, Object[] args)
Thread#0:T:NUnit.Framework.AssertionException:   Computed value does not match as expected with the difference of 88461.15
Thread#4:T:===========================================================
Thread#3:T:   at NUnit.Framework.Assert.AreEqual(Object expected, Object actual, String message, Object[] args)
Thread#0:T:  Expected: 88884.169999999998d
Thread#4:T:ExpectedDisclosedValue :606.91
Thread#2:T:===========================================================
Thread#3:T:   at TRID.StepDefinitions.CardsValidationSteps.ThenUpdatedComputedFinanceChargeValueShouldDisplayOnClosingDisclosure() in F:\Projects\TRID QA\trid-462743\QA\UIAutomation\SpecFramework\StepDefinitions\CardsValidationSteps.cs:line 925
Thread#0:T:  But was:  423.01999999999998d
Thread#4:T:ActualDisclosedValue :606.91
Thread#2:T:ExpectedDisclosedValue :131000
Thread#3:T:done: CardsValidationSteps.ThenUpdatedComputedFinanceChargeValueShouldDisplayOnClosingDisclosure() (0.8s)
Thread#0:T:   at NUnit.Framework.Assert.That[TActual](TActual actual, IResolveConstraint expression, String message, Object[] args)
Thread#2:T:ActualDisclosedValue :131000
Thread#4:T:============================================================
Thread#0:T:   at NUnit.Framework.Assert.AreEqual(Object expected, Object actual, String message, Object[] args)
Thread#3:B:And updated/computed Prepaid Charges value should display on Closing Disclosure
Thread#2:T:============================================================
Thread#0:T:   at TRID.StepDefinitions.CardsValidationSteps.ThenUpdatedComputedFinanceChargeValueShouldDisplayOnClosingDisclosure() in F:\Projects\TRID QA\trid-462743\QA\UIAutomation\SpecFramework\StepDefinitions\CardsValidationSteps.cs:line 925
Thread#0:T:done: CardsValidationSteps.ThenUpdatedComputedFinanceChargeValueShouldDisplayOnClosingDisclosure() (0.9s)
Thread#2:T:===========================================================
Thread#4:T:===========================================================
Thread#3:T:===========================================================
Thread#0:B:And updated/computed Prepaid Charges value should display on Closing Disclosure
Thread#2:T:ExpectedVarianceValue :0
Thread#1:T:done: CardsValidationSteps.WhenUserNavigatesToClosingDisclosureCardsPage() (0.9s)
Thread#3:T:ExpectedComputedValue :1310
Thread#4:T:ExpectedVarianceValue :0
Thread#1:B:Then updated/computed Principal and Interest value should display on Closing Disclosure
Thread#2:T:ActualVarianceValue :0
Thread#3:T:ActualComputedValue :1310
Thread#4:T:ActualVarianceValue :0
Thread#2:T:============================================================
Thread#3:T:============================================================
Thread#4:T:============================================================
Thread#0:T:===========================================================
Thread#2:T:done: CardsValidationSteps.ThenUpdatedComputedAmountFinancedValueShouldDisplayOnClosingDisclosure() (1.7s)
Thread#4:T:done: CardsValidationSteps.ThenUpdatedComputedPrincipalAndInterestValueShouldDisplayOnClosingDisclosure() (1.8s)
Thread#0:T:ExpectedComputedValue :0
Thread#2:B:And updated/computed TIP value should display on Closing Disclosure
Thread#1:T:===========================================================
Thread#4:B:And updated/computed Mortgage Insurance value should display on Closing Disclosure
Thread#0:T:ActualComputedValue :0
Thread#1:T:ExpectedComputedValue :606.91
Thread#3:T:===========================================================
Thread#0:T:============================================================
Thread#1:T:ActualComputedValue :606.91
Thread#2:T:NUnit.Framework.AssertionException:   Computed value does not match as expected with the difference of 66.46
Thread#1:T:============================================================
Thread#3:T:ExpectedDisclosedValue :1310
Thread#2:T:  Expected: 66.780000000000001d
Thread#4:T:===========================================================
Thread#3:T:ActualDisclosedValue :1310
Thread#0:T:===========================================================
Thread#3:T:============================================================
Thread#2:T:  But was:  0.32000000000000001d
Thread#4:T:ExpectedComputedValue :40.39
Thread#0:T:ExpectedDisclosedValue :0
Thread#1:T:===========================================================
Thread#4:T:ActualComputedValue :40.39
Thread#0:T:ActualDisclosedValue :0
Thread#2:T:   at NUnit.Framework.Assert.That[TActual](TActual actual, IResolveConstraint expression, String message, Object[] args)
Thread#1:T:ExpectedDisclosedValue :606.91
Thread#0:T:============================================================
Thread#4:T:============================================================
Thread#2:T:   at NUnit.Framework.Assert.AreEqual(Object expected, Object actual, String message, Object[] args)
Thread#1:T:ActualDisclosedValue :606.91
Thread#3:T:===========================================================
Thread#2:T:   at TRID.StepDefinitions.CardsValidationSteps.ThenUpdatedComputedTipValueShouldDisplayOnClosingDisclosure() in F:\Projects\TRID QA\trid-462743\QA\UIAutomation\SpecFramework\StepDefinitions\CardsValidationSteps.cs:line 1072
Thread#1:T:============================================================
Thread#3:T:ExpectedVarianceValue :0
Thread#2:T:done: CardsValidationSteps.ThenUpdatedComputedTipValueShouldDisplayOnClosingDisclosure() (0.9s)
Thread#0:T:===========================================================
Thread#4:T:===========================================================
Thread#3:T:ActualVarianceValue :0
Thread#2:B:And updated/computed Escrow Property Costs over one year 11 Months value should display on Closing Disclosure
Thread#0:T:ExpectedVarianceValue :0
Thread#4:T:ExpectedDisclosedValue :40.39
Thread#1:T:===========================================================
Thread#3:T:============================================================
Thread#0:T:ActualVarianceValue :0
Thread#4:T:ActualDisclosedValue :40.39
Thread#3:T:done: CardsValidationSteps.ThenUpdatedComputedPrepaidChargesValueShouldDisplayOnClosingDisclosure() (1.9s)
Thread#1:T:ExpectedVarianceValue :0
Thread#0:T:============================================================
Thread#2:T:NUnit.Framework.AssertionException:   Computed value does not match as expected with the difference of 3300
Thread#1:T:ActualVarianceValue :0
Thread#0:T:done: CardsValidationSteps.ThenUpdatedComputedPrepaidChargesValueShouldDisplayOnClosingDisclosure() (1.7s)
Thread#2:T:  Expected: 3300.0d
Thread#3:B:And updated/computed Amount Financed value should display on Closing Disclosure
Thread#0:B:And updated/computed Amount Financed value should display on Closing Disclosure
Thread#2:T:  But was:  0.0d
Thread#1:T:============================================================
Thread#4:T:============================================================
Thread#2:T:   at NUnit.Framework.Assert.That[TActual](TActual actual, IResolveConstraint expression, String message, Object[] args)
Thread#1:T:done: CardsValidationSteps.ThenUpdatedComputedPrincipalAndInterestValueShouldDisplayOnClosingDisclosure() (1.8s)
Thread#2:T:   at NUnit.Framework.Assert.AreEqual(Object expected, Object actual, String message, Object[] args)
Thread#0:T:===========================================================
Thread#3:T:===========================================================
Thread#1:B:And updated/computed Mortgage Insurance value should display on Closing Disclosure
Thread#2:T:   at TRID.StepDefinitions.CardsValidationSteps.ThenUpdatedComputedEscrowPropertyCostsOverOneYear11MonthsValueShouldDisplayOnClosingDisclosure() in F:\Projects\TRID QA\trid-462743\QA\UIAutomation\SpecFramework\StepDefinitions\CardsValidationSteps.cs:line 1121
Thread#4:T:===========================================================
Thread#0:T:ExpectedComputedValue :131000
Thread#3:T:ExpectedComputedValue :129690
Thread#4:T:ExpectedVarianceValue :0
Thread#0:T:ActualComputedValue :131000
Thread#2:T:done: CardsValidationSteps.ThenUpdatedComputedEscrowPropertyCostsOverOneYear11MonthsValueShouldDisplayOnClosingDisclosure() (0.7s)
Thread#3:T:ActualComputedValue :129690
Thread#4:T:ActualVarianceValue :0
Thread#2:B:And updated/computed Escrow Property Costs over one year 12 Months value should display on Closing Disclosure
Thread#0:T:============================================================
Thread#1:T:===========================================================
Thread#3:T:============================================================
Thread#1:T:ExpectedComputedValue :40.39
Thread#4:T:============================================================
Thread#1:T:ActualComputedValue :40.39
Thread#2:T:NUnit.Framework.AssertionException:   Computed value does not match as expected with the difference of 3300
Thread#4:T:done: CardsValidationSteps.ThenUpdatedComputedMortgageInsuranceValueShouldDisplayOnClosingDisclosure() (2.1s)
Thread#0:T:===========================================================
Thread#3:T:===========================================================
Thread#1:T:============================================================
Thread#2:T:  Expected: 3300.0d
Thread#4:B:And updated/computed Scheduled PMI Termination Date value should display on Closing Disclosure
Thread#3:T:ExpectedDisclosedValue :129690
Thread#0:T:ExpectedDisclosedValue :131000
Thread#3:T:ActualDisclosedValue :129690
Thread#2:T:  But was:  0.0d
Thread#0:T:ActualDisclosedValue :131000
Thread#3:T:============================================================
Thread#2:T:   at NUnit.Framework.Assert.That[TActual](TActual actual, IResolveConstraint expression, String message, Object[] args)
Thread#0:T:============================================================
Thread#4:T:System.FormatException: The string was not recognized as a valid DateTime. There is an unknown word starting at index 1.
Thread#1:T:===========================================================
Thread#4:T:   at System.DateTimeParse.Parse(String s, DateTimeFormatInfo dtfi, DateTimeStyles styles)
Thread#2:T:   at NUnit.Framework.Assert.AreEqual(Object expected, Object actual, String message, Object[] args)
Thread#1:T:ExpectedDisclosedValue :40.39
Thread#3:T:===========================================================
Thread#4:T:   at System.Convert.ToDateTime(String value)
Thread#2:T:   at TRID.StepDefinitions.CardsValidationSteps.ThenUpdatedComputedEscrowPropertyCostsOverOneYear12MonthsValueShouldDisplayOnClosingDisclosure() in F:\Projects\TRID QA\trid-462743\QA\UIAutomation\SpecFramework\StepDefinitions\CardsValidationSteps.cs:line 1170
Thread#1:T:ActualDisclosedValue :40.39
Thread#3:T:ExpectedVarianceValue :0
Thread#0:T:===========================================================
Thread#1:T:============================================================
Thread#2:T:done: CardsValidationSteps.ThenUpdatedComputedEscrowPropertyCostsOverOneYear12MonthsValueShouldDisplayOnClosingDisclosure() (0.9s)
Thread#3:T:ActualVarianceValue :0
Thread#0:T:ExpectedVarianceValue :0
Thread#4:T:   at TRID.ProjectLibs.Common.ProjActions.GetDatePart(By element) in F:\Projects\TRID QA\trid-462743\QA\UIAutomation\SpecFramework\ProjectLibs\Common\ProjActions.cs:line 100
Thread#2:B:And updated/computed Initial Escrow Payment value should display on Closing Disclosure
Thread#3:T:============================================================
Thread#0:T:ActualVarianceValue :0
Thread#4:T:   at TRID.StepDefinitions.CardsValidationSteps.ThenUpdatedComputedScheduledPmiTerminationDateValueShouldDisplayOnClosingDisclosure() in F:\Projects\TRID QA\trid-462743\QA\UIAutomation\SpecFramework\StepDefinitions\CardsValidationSteps.cs:line 603
Thread#3:T:done: CardsValidationSteps.ThenUpdatedComputedAmountFinancedValueShouldDisplayOnClosingDisclosure() (1.8s)
Thread#0:T:============================================================
Thread#4:T:done: CardsValidationSteps.ThenUpdatedComputedScheduledPmiTerminationDateValueShouldDisplayOnClosingDisclosure() (0.9s)
Thread#3:B:And updated/computed TIP value should display on Closing Disclosure
Thread#0:T:done: CardsValidationSteps.ThenUpdatedComputedAmountFinancedValueShouldDisplayOnClosingDisclosure() (1.9s)
Thread#1:T:===========================================================
Thread#2:T:NUnit.Framework.AssertionException:   Computed value does not match as expected with the difference of 750
Thread#4:B:And updated/computed Estimated Total Monthly Payment value should display on Closing Disclosure
Thread#1:T:ExpectedVarianceValue :0
Thread#0:B:And updated/computed TIP value should display on Closing Disclosure
Thread#2:T:  Expected: 750.0d
Thread#1:T:ActualVarianceValue :0
Thread#3:T:NUnit.Framework.AssertionException:   Computed value does not match as expected with the difference of 66.46
Thread#2:T:  But was:  0.0d
Thread#4:T:===========================================================
Thread#1:T:============================================================
Thread#3:T:  Expected: 66.780000000000001d
Thread#0:T:NUnit.Framework.AssertionException:   Computed value does not match as expected with the difference of 67.53
Thread#1:T:done: CardsValidationSteps.ThenUpdatedComputedMortgageInsuranceValueShouldDisplayOnClosingDisclosure() (2.0s)
Thread#4:T:ExpectedComputedValue :647.3
Thread#2:T:   at NUnit.Framework.Assert.That[TActual](TActual actual, IResolveConstraint expression, String message, Object[] args)
Thread#0:T:  Expected: 67.849999999999994d
Thread#3:T:  But was:  0.32000000000000001d
Thread#4:T:ActualComputedValue :647.3
Thread#1:B:And updated/computed Scheduled PMI Termination Date value should display on Closing Disclosure
Thread#0:T:  But was:  0.32000000000000001d
Thread#2:T:   at NUnit.Framework.Assert.AreEqual(Object expected, Object actual, String message, Object[] args)
Thread#4:T:============================================================
Thread#3:T:   at NUnit.Framework.Assert.That[TActual](TActual actual, IResolveConstraint expression, String message, Object[] args)
Thread#0:T:   at NUnit.Framework.Assert.That[TActual](TActual actual, IResolveConstraint expression, String message, Object[] args)
Thread#2:T:   at TRID.StepDefinitions.CardsValidationSteps.ThenUpdatedComputedInitialEscrowPaymentValueShouldDisplayOnClosingDisclosure() in F:\Projects\TRID QA\trid-462743\QA\UIAutomation\SpecFramework\StepDefinitions\CardsValidationSteps.cs:line 1220
Thread#0:T:   at NUnit.Framework.Assert.AreEqual(Object expected, Object actual, String message, Object[] args)
Thread#3:T:   at NUnit.Framework.Assert.AreEqual(Object expected, Object actual, String message, Object[] args)
Thread#2:T:done: CardsValidationSteps.ThenUpdatedComputedInitialEscrowPaymentValueShouldDisplayOnClosingDisclosure() (1.0s)
Thread#1:T:System.FormatException: The string was not recognized as a valid DateTime. There is an unknown word starting at index 1.
Thread#4:T:===========================================================
Thread#3:T:   at TRID.StepDefinitions.CardsValidationSteps.ThenUpdatedComputedTipValueShouldDisplayOnClosingDisclosure() in F:\Projects\TRID QA\trid-462743\QA\UIAutomation\SpecFramework\StepDefinitions\CardsValidationSteps.cs:line 1072
Thread#0:T:   at TRID.StepDefinitions.CardsValidationSteps.ThenUpdatedComputedTipValueShouldDisplayOnClosingDisclosure() in F:\Projects\TRID QA\trid-462743\QA\UIAutomation\SpecFramework\StepDefinitions\CardsValidationSteps.cs:line 1072
Thread#1:T:   at System.DateTimeParse.Parse(String s, DateTimeFormatInfo dtfi, DateTimeStyles styles)
Thread#4:T:ExpectedDisclosedValue :647.3
Thread#3:T:done: CardsValidationSteps.ThenUpdatedComputedTipValueShouldDisplayOnClosingDisclosure() (0.8s)
Thread#0:T:done: CardsValidationSteps.ThenUpdatedComputedTipValueShouldDisplayOnClosingDisclosure() (0.7s)
Thread#2:B:And updated/computed Non Escrow Property Costs over one year value should display on Closing Disclosure
Thread#1:T:   at System.Convert.ToDateTime(String value)
Thread#3:B:And updated/computed Escrow Property Costs over one year 11 Months value should display on Closing Disclosure
Thread#0:B:And updated/computed Escrow Property Costs over one year 11 Months value should display on Closing Disclosure
Thread#4:T:ActualDisclosedValue :647.3
Thread#1:T:   at TRID.ProjectLibs.Common.ProjActions.GetDatePart(By element) in F:\Projects\TRID QA\trid-462743\QA\UIAutomation\SpecFramework\ProjectLibs\Common\ProjActions.cs:line 100
Thread#1:T:   at TRID.StepDefinitions.CardsValidationSteps.ThenUpdatedComputedScheduledPmiTerminationDateValueShouldDisplayOnClosingDisclosure() in F:\Projects\TRID QA\trid-462743\QA\UIAutomation\SpecFramework\StepDefinitions\CardsValidationSteps.cs:line 603
Thread#4:T:============================================================
Thread#1:T:done: CardsValidationSteps.ThenUpdatedComputedScheduledPmiTerminationDateValueShouldDisplayOnClosingDisclosure() (0.6s)
Thread#2:T:===========================================================
Thread#3:T:===========================================================
Thread#2:T:ExpectedComputedValue :0
Thread#1:B:And updated/computed Estimated Total Monthly Payment value should display on Closing Disclosure
Thread#3:T:ExpectedComputedValue :0
Thread#0:T:NUnit.Framework.AssertionException:   Computed value does not match as expected with the difference of 3300
Thread#2:T:ActualComputedValue :0
Thread#0:T:  Expected: 3300.0d
Thread#3:T:ActualComputedValue :0
Thread#2:T:============================================================
Thread#0:T:  But was:  0.0d
Thread#4:T:===========================================================
Thread#3:T:============================================================
Thread#0:T:   at NUnit.Framework.Assert.That[TActual](TActual actual, IResolveConstraint expression, String message, Object[] args)
Thread#4:T:ExpectedVarianceValue :0
Thread#0:T:   at NUnit.Framework.Assert.AreEqual(Object expected, Object actual, String message, Object[] args)
Thread#1:T:===========================================================
Thread#4:T:ActualVarianceValue :0
Thread#1:T:ExpectedComputedValue :647.3
Thread#0:T:   at TRID.StepDefinitions.CardsValidationSteps.ThenUpdatedComputedEscrowPropertyCostsOverOneYear11MonthsValueShouldDisplayOnClosingDisclosure() in F:\Projects\TRID QA\trid-462743\QA\UIAutomation\SpecFramework\StepDefinitions\CardsValidationSteps.cs:line 1121
Thread#3:T:===========================================================
Thread#2:T:===========================================================
Thread#4:T:============================================================
Thread#0:T:done: CardsValidationSteps.ThenUpdatedComputedEscrowPropertyCostsOverOneYear11MonthsValueShouldDisplayOnClosingDisclosure() (0.8s)
Thread#1:T:ActualComputedValue :647.3
Thread#2:T:ExpectedDisclosedValue :0
Thread#4:T:done: CardsValidationSteps.ThenUpdatedComputedEstimatedTotalMonthlyPaymentValueShouldDisplayOnClosingDisclosure() (1.9s)
Thread#0:B:And updated/computed Escrow Property Costs over one year 12 Months value should display on Closing Disclosure
Thread#1:T:============================================================
Thread#3:T:ExpectedDisclosedValue :0
Thread#2:T:ActualDisclosedValue :0
Thread#4:B:And updated/computed APR value should display on Closing Disclosure
Thread#3:T:ActualDisclosedValue :0
Thread#2:T:============================================================
Thread#3:T:============================================================
Thread#1:T:===========================================================
Thread#0:T:NUnit.Framework.AssertionException:   Computed value does not match as expected with the difference of 3300
Thread#1:T:ExpectedDisclosedValue :647.3
Thread#4:T:NUnit.Framework.AssertionException:   Computed value does not match as expected with the difference of 3.95
Thread#2:T:===========================================================
Thread#0:T:  Expected: 3300.0d
Thread#1:T:ActualDisclosedValue :647.3
Thread#4:T:  Expected: 3.9500000000000002d
Thread#0:T:  But was:  0.0d
Thread#2:T:ExpectedVarianceValue :0
Thread#3:T:===========================================================
Thread#4:T:  But was:  0.0d
Thread#1:T:============================================================
Thread#0:T:   at NUnit.Framework.Assert.That[TActual](TActual actual, IResolveConstraint expression, String message, Object[] args)
Thread#3:T:ExpectedVarianceValue :0
Thread#4:T:   at NUnit.Framework.Assert.That[TActual](TActual actual, IResolveConstraint expression, String message, Object[] args)
Thread#2:T:ActualVarianceValue :0
Thread#0:T:   at NUnit.Framework.Assert.AreEqual(Object expected, Object actual, String message, Object[] args)
Thread#3:T:ActualVarianceValue :0
Thread#2:T:============================================================
Thread#4:T:   at NUnit.Framework.Assert.AreEqual(Object expected, Object actual, String message, Object[] args)
Thread#0:T:   at TRID.StepDefinitions.CardsValidationSteps.ThenUpdatedComputedEscrowPropertyCostsOverOneYear12MonthsValueShouldDisplayOnClosingDisclosure() in F:\Projects\TRID QA\trid-462743\QA\UIAutomation\SpecFramework\StepDefinitions\CardsValidationSteps.cs:line 1170
Thread#1:T:===========================================================
Thread#2:T:done: CardsValidationSteps.ThenUpdatedComputedNonEscrowPropertyCostsOverOneYearValueShouldDisplayOnClosingDisclosure() (2.0s)
Thread#3:T:============================================================
Thread#0:T:done: CardsValidationSteps.ThenUpdatedComputedEscrowPropertyCostsOverOneYear12MonthsValueShouldDisplayOnClosingDisclosure() (0.9s)
Thread#4:T:   at TRID.StepDefinitions.CardsValidationSteps.ThenUpdatedComputedAprValueShouldDisplayOnClosingDisclosure() in F:\Projects\TRID QA\trid-462743\QA\UIAutomation\SpecFramework\StepDefinitions\CardsValidationSteps.cs:line 750
Thread#2:B:And updated/computed Estimated Escrow value should display on Closing Disclosure
Thread#1:T:ExpectedVarianceValue :0
Thread#3:T:done: CardsValidationSteps.ThenUpdatedComputedEscrowPropertyCostsOverOneYear11MonthsValueShouldDisplayOnClosingDisclosure() (2.0s)
Thread#0:B:And updated/computed Initial Escrow Payment value should display on Closing Disclosure
Thread#4:T:done: CardsValidationSteps.ThenUpdatedComputedAprValueShouldDisplayOnClosingDisclosure() (0.9s)
Thread#3:B:And updated/computed Escrow Property Costs over one year 12 Months value should display on Closing Disclosure
Thread#1:T:ActualVarianceValue :0
Thread#4:B:And APRWIN info value should display on Closing Disclosure
Thread#2:T:NUnit.Framework.AssertionException:   Computed value does not match as expected with the difference of 275
Thread#1:T:============================================================
Thread#0:T:NUnit.Framework.AssertionException:   Computed value does not match as expected with the difference of 750
Thread#2:T:  Expected: 275.0d
Thread#1:T:done: CardsValidationSteps.ThenUpdatedComputedEstimatedTotalMonthlyPaymentValueShouldDisplayOnClosingDisclosure() (2.0s)
Thread#0:T:  Expected: 750.0d
Thread#2:T:  But was:  0.0d
Thread#1:B:And updated/computed APR value should display on Closing Disclosure
Thread#3:T:===========================================================
Thread#0:T:  But was:  0.0d
Thread#4:T:NUnit.Framework.AssertionException:   Apr Info value does not match as expected with the difference of 3.9497
Thread#3:T:ExpectedComputedValue :0
Thread#0:T:   at NUnit.Framework.Assert.That[TActual](TActual actual, IResolveConstraint expression, String message, Object[] args)
Thread#2:T:   at NUnit.Framework.Assert.That[TActual](TActual actual, IResolveConstraint expression, String message, Object[] args)
Thread#4:T:  Expected: 3.9497d
Thread#3:T:ActualComputedValue :0
Thread#0:T:   at NUnit.Framework.Assert.AreEqual(Object expected, Object actual, String message, Object[] args)
Thread#2:T:   at NUnit.Framework.Assert.AreEqual(Object expected, Object actual, String message, Object[] args)
Thread#1:T:NUnit.Framework.AssertionException:   Computed value does not match as expected with the difference of 3.866
Thread#0:T:   at TRID.StepDefinitions.CardsValidationSteps.ThenUpdatedComputedInitialEscrowPaymentValueShouldDisplayOnClosingDisclosure() in F:\Projects\TRID QA\trid-462743\QA\UIAutomation\SpecFramework\StepDefinitions\CardsValidationSteps.cs:line 1220
Thread#4:T:  But was:  0.0d
Thread#3:T:============================================================
Thread#2:T:   at TRID.StepDefinitions.CardsValidationSteps.ThenUpdatedComputedEstimatedEscrowValueShouldDisplayOnClosingDisclosure() in F:\Projects\TRID QA\trid-462743\QA\UIAutomation\SpecFramework\StepDefinitions\CardsValidationSteps.cs:line 1319
Thread#1:T:  Expected: 3.8660000000000001d
Thread#0:T:done: CardsValidationSteps.ThenUpdatedComputedInitialEscrowPaymentValueShouldDisplayOnClosingDisclosure() (0.7s)
Thread#4:T:   at NUnit.Framework.Assert.That[TActual](TActual actual, IResolveConstraint expression, String message, Object[] args)
Thread#2:T:done: CardsValidationSteps.ThenUpdatedComputedEstimatedEscrowValueShouldDisplayOnClosingDisclosure() (0.9s)
Thread#0:B:And updated/computed Non Escrow Property Costs over one year value should display on Closing Disclosure
Thread#1:T:  But was:  0.0d
Thread#4:T:   at NUnit.Framework.Assert.AreEqual(Object expected, Object actual, String message, Object[] args)
Thread#2:B:And updated/computed Estimated Taxes, Insurance & Assessments value should display on Closing Disclosure
Thread#1:T:   at NUnit.Framework.Assert.That[TActual](TActual actual, IResolveConstraint expression, String message, Object[] args)
Thread#4:T:   at TRID.StepDefinitions.CardsValidationSteps.ThenAprwinInfoValueShouldDisplayOnClosingDisclosure() in F:\Projects\TRID QA\trid-462743\QA\UIAutomation\SpecFramework\StepDefinitions\CardsValidationSteps.cs:line 799
Thread#3:T:===========================================================
Thread#1:T:   at NUnit.Framework.Assert.AreEqual(Object expected, Object actual, String message, Object[] args)
Thread#4:T:done: CardsValidationSteps.ThenAprwinInfoValueShouldDisplayOnClosingDisclosure() (0.9s)
Thread#0:T:NUnit.Framework.AssertionException:   Computed value does not match as expected with the difference of 600
Thread#3:T:ExpectedDisclosedValue :0
Thread#1:T:   at TRID.StepDefinitions.CardsValidationSteps.ThenUpdatedComputedAprValueShouldDisplayOnClosingDisclosure() in F:\Projects\TRID QA\trid-462743\QA\UIAutomation\SpecFramework\StepDefinitions\CardsValidationSteps.cs:line 750
Thread#0:T:  Expected: 600.0d
Thread#2:T:===========================================================
Thread#4:B:And updated/computed Balloon Amount value should display on Closing Disclosure
Thread#3:T:ActualDisclosedValue :0
Thread#1:T:done: CardsValidationSteps.ThenUpdatedComputedAprValueShouldDisplayOnClosingDisclosure() (0.9s)
Thread#2:T:ExpectedComputedValue :275
Thread#0:T:  But was:  0.0d
Thread#3:T:============================================================
Thread#1:B:And APRWIN info value should display on Closing Disclosure
Thread#2:T:ActualComputedValue :275
Thread#0:T:   at NUnit.Framework.Assert.That[TActual](TActual actual, IResolveConstraint expression, String message, Object[] args)
Thread#2:T:============================================================
Thread#0:T:   at NUnit.Framework.Assert.AreEqual(Object expected, Object actual, String message, Object[] args)
Thread#1:T:NUnit.Framework.AssertionException:   Apr Info value does not match as expected with the difference of 3.8659
Thread#4:T:NUnit.Framework.AssertionException:   Computed value does not match as expected with the difference of 1.70999999999992
Thread#0:T:   at TRID.StepDefinitions.CardsValidationSteps.ThenUpdatedComputedNonEscrowPropertyCostsOverOneYearValueShouldDisplayOnClosingDisclosure() in F:\Projects\TRID QA\trid-462743\QA\UIAutomation\SpecFramework\StepDefinitions\CardsValidationSteps.cs:line 1270
Thread#3:T:===========================================================
Thread#4:T:  Expected: 605.20000000000005d
Thread#3:T:ExpectedVarianceValue :0
Thread#0:T:done: CardsValidationSteps.ThenUpdatedComputedNonEscrowPropertyCostsOverOneYearValueShouldDisplayOnClosingDisclosure() (0.8s)
Thread#1:T:  Expected: 3.8658999999999999d
Thread#2:T:===========================================================
Thread#4:T:  But was:  606.90999999999997d
Thread#3:T:ActualVarianceValue :0
Thread#1:T:  But was:  0.0d
Thread#0:B:And updated/computed Estimated Escrow value should display on Closing Disclosure
Thread#2:T:ExpectedDisclosedValue :275
Thread#3:T:============================================================
Thread#1:T:   at NUnit.Framework.Assert.That[TActual](TActual actual, IResolveConstraint expression, String message, Object[] args)
Thread#4:T:   at NUnit.Framework.Assert.That[TActual](TActual actual, IResolveConstraint expression, String message, Object[] args)
Thread#3:T:done: CardsValidationSteps.ThenUpdatedComputedEscrowPropertyCostsOverOneYear12MonthsValueShouldDisplayOnClosingDisclosure() (2.0s)
Thread#2:T:ActualDisclosedValue :275
Thread#1:T:   at NUnit.Framework.Assert.AreEqual(Object expected, Object actual, String message, Object[] args)
Thread#4:T:   at NUnit.Framework.Assert.AreEqual(Object expected, Object actual, String message, Object[] args)
Thread#2:T:============================================================
Thread#3:B:And updated/computed Initial Escrow Payment value should display on Closing Disclosure
Thread#1:T:   at TRID.StepDefinitions.CardsValidationSteps.ThenAprwinInfoValueShouldDisplayOnClosingDisclosure() in F:\Projects\TRID QA\trid-462743\QA\UIAutomation\SpecFramework\StepDefinitions\CardsValidationSteps.cs:line 799
Thread#4:T:   at TRID.StepDefinitions.CardsValidationSteps.ThenUpdatedComputedBalloonAmountValueShouldDisplayOnClosingDisclosure() in F:\Projects\TRID QA\trid-462743\QA\UIAutomation\SpecFramework\StepDefinitions\CardsValidationSteps.cs:line 827
Thread#0:T:NUnit.Framework.AssertionException:   Computed value does not match as expected with the difference of 275
Thread#1:T:done: CardsValidationSteps.ThenAprwinInfoValueShouldDisplayOnClosingDisclosure() (1.0s)
Thread#4:T:done: CardsValidationSteps.ThenUpdatedComputedBalloonAmountValueShouldDisplayOnClosingDisclosure() (1.0s)
Thread#0:T:  Expected: 275.0d
Thread#1:B:And updated/computed Balloon Amount value should display on Closing Disclosure
Thread#2:T:===========================================================
Thread#4:B:And updated/computed Total of Payments value should display on Closing Disclosure
Thread#3:T:===========================================================
Thread#0:T:  But was:  0.0d
Thread#2:T:ExpectedVarianceValue :0
Thread#3:T:ExpectedComputedValue :0
Thread#0:T:   at NUnit.Framework.Assert.That[TActual](TActual actual, IResolveConstraint expression, String message, Object[] args)
Thread#2:T:ActualVarianceValue :0
Thread#3:T:ActualComputedValue :0
Thread#0:T:   at NUnit.Framework.Assert.AreEqual(Object expected, Object actual, String message, Object[] args)
Thread#2:T:============================================================
Thread#3:T:============================================================
Thread#0:T:   at TRID.StepDefinitions.CardsValidationSteps.ThenUpdatedComputedEstimatedEscrowValueShouldDisplayOnClosingDisclosure() in F:\Projects\TRID QA\trid-462743\QA\UIAutomation\SpecFramework\StepDefinitions\CardsValidationSteps.cs:line 1319
Thread#2:T:done: CardsValidationSteps.ThenUpdatedComputedEstimatedTaxesInsuranceAssessmentsValueShouldDisplayOnClosingDisclosure() (2.1s)
Thread#4:T:NUnit.Framework.AssertionException:   Computed value does not match as expected with the difference of 219777.31
Thread#0:T:done: CardsValidationSteps.ThenUpdatedComputedEstimatedEscrowValueShouldDisplayOnClosingDisclosure() (1.2s)
Thread#1:T:NUnit.Framework.AssertionException:   Computed value does not match as expected with the difference of 1.70999999999992
Thread#4:T:  Expected: 221734.60999999999d
Thread#1:T:  Expected: 605.20000000000005d
Thread#0:B:And updated/computed Estimated Taxes, Insurance & Assessments value should display on Closing Disclosure
Thread#3:T:===========================================================
Thread#2:Scheduler: get next test for thread
Thread#:Scheduler: at the end of normal test queue
Thread#2:Scheduler: enumerator for thread is at end
Thread#2:Scheduler: No more tests for thread 
Thread#1:T:  But was:  606.90999999999997d
Thread#4:T:  But was:  1957.3d
Thread#3:T:ExpectedDisclosedValue :0
Thread#1:T:   at NUnit.Framework.Assert.That[TActual](TActual actual, IResolveConstraint expression, String message, Object[] args)
Thread#4:T:   at NUnit.Framework.Assert.That[TActual](TActual actual, IResolveConstraint expression, String message, Object[] args)
Thread#3:T:ActualDisclosedValue :0
Thread#0:T:===========================================================
Thread#1:T:   at NUnit.Framework.Assert.AreEqual(Object expected, Object actual, String message, Object[] args)
Thread#4:T:   at NUnit.Framework.Assert.AreEqual(Object expected, Object actual, String message, Object[] args)
Thread#0:T:ExpectedComputedValue :325
Thread#3:T:============================================================
Thread#1:T:   at TRID.StepDefinitions.CardsValidationSteps.ThenUpdatedComputedBalloonAmountValueShouldDisplayOnClosingDisclosure() in F:\Projects\TRID QA\trid-462743\QA\UIAutomation\SpecFramework\StepDefinitions\CardsValidationSteps.cs:line 827
Thread#0:T:ActualComputedValue :325
Thread#4:T:   at TRID.StepDefinitions.CardsValidationSteps.ThenUpdatedComputedTotalOfPaymentsValueShouldDisplayOnClosingDisclosure() in F:\Projects\TRID QA\trid-462743\QA\UIAutomation\SpecFramework\StepDefinitions\CardsValidationSteps.cs:line 876
Thread#1:T:done: CardsValidationSteps.ThenUpdatedComputedBalloonAmountValueShouldDisplayOnClosingDisclosure() (1.0s)
Thread#0:T:============================================================
Thread#4:T:done: CardsValidationSteps.ThenUpdatedComputedTotalOfPaymentsValueShouldDisplayOnClosingDisclosure() (1.1s)
Thread#1:B:And updated/computed Total of Payments value should display on Closing Disclosure
Thread#4:B:And updated/computed Finance Charge value should display on Closing Disclosure
Thread#3:T:===========================================================
Thread#0:T:===========================================================
Thread#3:T:ExpectedVarianceValue :0
Thread#1:T:NUnit.Framework.AssertionException:   Computed value does not match as expected with the difference of 219777.31
Thread#0:T:ExpectedDisclosedValue :325
Thread#3:T:ActualVarianceValue :0
Thread#1:T:  Expected: 220424.60999999999d
Thread#4:T:NUnit.Framework.AssertionException:   Computed value does not match as expected with the difference of 88966.99
Thread#0:T:ActualDisclosedValue :325
Thread#3:T:============================================================
Thread#4:T:  Expected: 90734.610000000001d
Thread#1:T:  But was:  647.29999999999995d
Thread#0:T:============================================================
Thread#3:T:done: CardsValidationSteps.ThenUpdatedComputedInitialEscrowPaymentValueShouldDisplayOnClosingDisclosure() (2.1s)
Thread#1:T:   at NUnit.Framework.Assert.That[TActual](TActual actual, IResolveConstraint expression, String message, Object[] args)
Thread#4:T:  But was:  1767.6199999999999d
Thread#3:B:And updated/computed Non Escrow Property Costs over one year value should display on Closing Disclosure
Thread#1:T:   at NUnit.Framework.Assert.AreEqual(Object expected, Object actual, String message, Object[] args)
Thread#4:T:   at NUnit.Framework.Assert.That[TActual](TActual actual, IResolveConstraint expression, String message, Object[] args)
Thread#0:T:===========================================================
Thread#1:T:   at TRID.StepDefinitions.CardsValidationSteps.ThenUpdatedComputedTotalOfPaymentsValueShouldDisplayOnClosingDisclosure() in F:\Projects\TRID QA\trid-462743\QA\UIAutomation\SpecFramework\StepDefinitions\CardsValidationSteps.cs:line 876
Thread#4:T:   at NUnit.Framework.Assert.AreEqual(Object expected, Object actual, String message, Object[] args)
Thread#0:T:ExpectedVarianceValue :0
Thread#3:T:NUnit.Framework.AssertionException:   Computed value does not match as expected with the difference of 3300
Thread#1:T:done: CardsValidationSteps.ThenUpdatedComputedTotalOfPaymentsValueShouldDisplayOnClosingDisclosure() (0.8s)
Thread#0:T:ActualVarianceValue :0
Thread#4:T:   at TRID.StepDefinitions.CardsValidationSteps.ThenUpdatedComputedFinanceChargeValueShouldDisplayOnClosingDisclosure() in F:\Projects\TRID QA\trid-462743\QA\UIAutomation\SpecFramework\StepDefinitions\CardsValidationSteps.cs:line 925
Thread#3:T:  Expected: 3300.0d
Thread#1:B:And updated/computed Finance Charge value should display on Closing Disclosure
Thread#0:T:============================================================
Thread#3:T:  But was:  0.0d
Thread#4:T:done: CardsValidationSteps.ThenUpdatedComputedFinanceChargeValueShouldDisplayOnClosingDisclosure() (0.8s)
Thread#0:T:done: CardsValidationSteps.ThenUpdatedComputedEstimatedTaxesInsuranceAssessmentsValueShouldDisplayOnClosingDisclosure() (1.7s)
Thread#3:T:   at NUnit.Framework.Assert.That[TActual](TActual actual, IResolveConstraint expression, String message, Object[] args)
Thread#4:B:And updated/computed Prepaid Charges value should display on Closing Disclosure
Thread#1:T:NUnit.Framework.AssertionException:   Computed value does not match as expected with the difference of 88966.99
Thread#3:T:   at NUnit.Framework.Assert.AreEqual(Object expected, Object actual, String message, Object[] args)
Thread#1:T:  Expected: 89424.610000000001d
Thread#3:T:   at TRID.StepDefinitions.CardsValidationSteps.ThenUpdatedComputedNonEscrowPropertyCostsOverOneYearValueShouldDisplayOnClosingDisclosure() in F:\Projects\TRID QA\trid-462743\QA\UIAutomation\SpecFramework\StepDefinitions\CardsValidationSteps.cs:line 1270
Thread#1:T:  But was:  457.62d
Thread#0:Scheduler: get next test for thread
Thread#:Scheduler: at the end of normal test queue
Thread#0:Scheduler: enumerator for thread is at end
Thread#0:Scheduler: No more tests for thread 
Thread#4:T:===========================================================
Thread#3:T:done: CardsValidationSteps.ThenUpdatedComputedNonEscrowPropertyCostsOverOneYearValueShouldDisplayOnClosingDisclosure() (0.6s)
Thread#1:T:   at NUnit.Framework.Assert.That[TActual](TActual actual, IResolveConstraint expression, String message, Object[] args)
Thread#4:T:ExpectedComputedValue :1310
Thread#3:B:And updated/computed Estimated Escrow value should display on Closing Disclosure
Thread#1:T:   at NUnit.Framework.Assert.AreEqual(Object expected, Object actual, String message, Object[] args)
Thread#4:T:ActualComputedValue :1310
Thread#1:T:   at TRID.StepDefinitions.CardsValidationSteps.ThenUpdatedComputedFinanceChargeValueShouldDisplayOnClosingDisclosure() in F:\Projects\TRID QA\trid-462743\QA\UIAutomation\SpecFramework\StepDefinitions\CardsValidationSteps.cs:line 925
Thread#3:T:===========================================================
Thread#4:T:============================================================
Thread#1:T:done: CardsValidationSteps.ThenUpdatedComputedFinanceChargeValueShouldDisplayOnClosingDisclosure() (0.7s)
Thread#3:T:ExpectedComputedValue :0
Thread#1:B:And updated/computed Prepaid Charges value should display on Closing Disclosure
Thread#4:T:===========================================================
Thread#3:T:ActualComputedValue :0
Thread#4:T:ExpectedDisclosedValue :1310
Thread#3:T:============================================================
Thread#1:T:===========================================================
Thread#4:T:ActualDisclosedValue :1310
Thread#1:T:ExpectedComputedValue :0
Thread#4:T:============================================================
Thread#3:T:===========================================================
Thread#1:T:ActualComputedValue :0
Thread#3:T:ExpectedDisclosedValue :0
Thread#4:T:===========================================================
Thread#1:T:============================================================
Thread#3:T:ActualDisclosedValue :0
Thread#4:T:ExpectedVarianceValue :0
Thread#3:T:============================================================
Thread#4:T:ActualVarianceValue :0
Thread#1:T:===========================================================
Thread#4:T:============================================================
Thread#1:T:ExpectedDisclosedValue :0
Thread#3:T:===========================================================
Thread#4:T:done: CardsValidationSteps.ThenUpdatedComputedPrepaidChargesValueShouldDisplayOnClosingDisclosure() (1.4s)
Thread#1:T:ActualDisclosedValue :0
Thread#3:T:ExpectedVarianceValue :0
Thread#4:B:And updated/computed Amount Financed value should display on Closing Disclosure
Thread#1:T:============================================================
Thread#3:T:ActualVarianceValue :0
Thread#3:T:============================================================
Thread#4:T:===========================================================
Thread#1:T:===========================================================
Thread#4:T:ExpectedComputedValue :129690
Thread#3:T:done: CardsValidationSteps.ThenUpdatedComputedEstimatedEscrowValueShouldDisplayOnClosingDisclosure() (1.4s)
Thread#1:T:ExpectedVarianceValue :0
Thread#4:T:ActualComputedValue :129690
Thread#3:B:And updated/computed Estimated Taxes, Insurance & Assessments value should display on Closing Disclosure
Thread#1:T:ActualVarianceValue :0
Thread#4:T:============================================================
Thread#1:T:============================================================
Thread#3:T:===========================================================
Thread#4:T:===========================================================
Thread#1:T:done: CardsValidationSteps.ThenUpdatedComputedPrepaidChargesValueShouldDisplayOnClosingDisclosure() (1.4s)
Thread#3:T:ExpectedComputedValue :275
Thread#4:T:ExpectedDisclosedValue :129690
Thread#1:B:And updated/computed Amount Financed value should display on Closing Disclosure
Thread#3:T:ActualComputedValue :275
Thread#4:T:ActualDisclosedValue :129690
Thread#3:T:============================================================
Thread#4:T:============================================================
Thread#1:T:===========================================================
Thread#1:T:ExpectedComputedValue :131000
Thread#3:T:===========================================================
Thread#4:T:===========================================================
Thread#1:T:ActualComputedValue :131000
Thread#3:T:ExpectedDisclosedValue :275
Thread#4:T:ExpectedVarianceValue :0
Thread#1:T:============================================================
Thread#4:T:ActualVarianceValue :0
Thread#3:T:ActualDisclosedValue :275
Thread#3:T:============================================================
Thread#4:T:============================================================
Thread#1:T:===========================================================
Thread#4:T:done: CardsValidationSteps.ThenUpdatedComputedAmountFinancedValueShouldDisplayOnClosingDisclosure() (1.2s)
Thread#1:T:ExpectedDisclosedValue :131000
Thread#3:T:===========================================================
Thread#4:B:And updated/computed TIP value should display on Closing Disclosure
Thread#1:T:ActualDisclosedValue :131000
Thread#3:T:ExpectedVarianceValue :0
Thread#1:T:============================================================
Thread#3:T:ActualVarianceValue :0
Thread#4:T:NUnit.Framework.AssertionException:   Computed value does not match as expected with the difference of 66.46
Thread#3:T:============================================================
Thread#4:T:  Expected: 66.780000000000001d
Thread#1:T:===========================================================
Thread#3:T:done: CardsValidationSteps.ThenUpdatedComputedEstimatedTaxesInsuranceAssessmentsValueShouldDisplayOnClosingDisclosure() (1.2s)
Thread#4:T:  But was:  0.32000000000000001d
Thread#1:T:ExpectedVarianceValue :0
Thread#4:T:   at NUnit.Framework.Assert.That[TActual](TActual actual, IResolveConstraint expression, String message, Object[] args)
Thread#1:T:ActualVarianceValue :0
Thread#3:Scheduler: get next test for thread
Thread#:Scheduler: at the end of normal test queue
Thread#3:Scheduler: enumerator for thread is at end
Thread#3:Scheduler: No more tests for thread 
Thread#4:T:   at NUnit.Framework.Assert.AreEqual(Object expected, Object actual, String message, Object[] args)
Thread#1:T:============================================================
Thread#1:T:done: CardsValidationSteps.ThenUpdatedComputedAmountFinancedValueShouldDisplayOnClosingDisclosure() (1.3s)
Thread#4:T:   at TRID.StepDefinitions.CardsValidationSteps.ThenUpdatedComputedTipValueShouldDisplayOnClosingDisclosure() in F:\Projects\TRID QA\trid-462743\QA\UIAutomation\SpecFramework\StepDefinitions\CardsValidationSteps.cs:line 1072
Thread#1:B:And updated/computed TIP value should display on Closing Disclosure
Thread#4:T:done: CardsValidationSteps.ThenUpdatedComputedTipValueShouldDisplayOnClosingDisclosure() (0.6s)
Thread#4:B:And updated/computed Escrow Property Costs over one year 11 Months value should display on Closing Disclosure
Thread#1:T:NUnit.Framework.AssertionException:   Computed value does not match as expected with the difference of 66.46
Thread#1:T:  Expected: 66.780000000000001d
Thread#4:T:===========================================================
Thread#1:T:  But was:  0.32000000000000001d
Thread#4:T:ExpectedComputedValue :0
Thread#1:T:   at NUnit.Framework.Assert.That[TActual](TActual actual, IResolveConstraint expression, String message, Object[] args)
Thread#4:T:ActualComputedValue :0
Thread#1:T:   at NUnit.Framework.Assert.AreEqual(Object expected, Object actual, String message, Object[] args)
Thread#4:T:============================================================
Thread#1:T:   at TRID.StepDefinitions.CardsValidationSteps.ThenUpdatedComputedTipValueShouldDisplayOnClosingDisclosure() in F:\Projects\TRID QA\trid-462743\QA\UIAutomation\SpecFramework\StepDefinitions\CardsValidationSteps.cs:line 1072
Thread#4:T:===========================================================
Thread#1:T:done: CardsValidationSteps.ThenUpdatedComputedTipValueShouldDisplayOnClosingDisclosure() (0.6s)
Thread#4:T:ExpectedDisclosedValue :0
Thread#1:B:And updated/computed Escrow Property Costs over one year 11 Months value should display on Closing Disclosure
Thread#4:T:ActualDisclosedValue :0
Thread#4:T:============================================================
Thread#1:T:===========================================================
Thread#1:T:ExpectedComputedValue :0
Thread#4:T:===========================================================
Thread#1:T:ActualComputedValue :0
Thread#4:T:ExpectedVarianceValue :0
Thread#1:T:============================================================
Thread#4:T:ActualVarianceValue :0
Thread#1:T:===========================================================
Thread#4:T:============================================================
Thread#1:T:ExpectedDisclosedValue :0
Thread#4:T:done: CardsValidationSteps.ThenUpdatedComputedEscrowPropertyCostsOverOneYear11MonthsValueShouldDisplayOnClosingDisclosure() (1.2s)
Thread#1:T:ActualDisclosedValue :0
Thread#4:B:And updated/computed Escrow Property Costs over one year 12 Months value should display on Closing Disclosure
Thread#1:T:============================================================
Thread#4:T:===========================================================
Thread#1:T:===========================================================
Thread#4:T:ExpectedComputedValue :0
Thread#1:T:ExpectedVarianceValue :0
Thread#4:T:ActualComputedValue :0
Thread#1:T:ActualVarianceValue :0
Thread#4:T:============================================================
Thread#1:T:============================================================
Thread#1:T:done: CardsValidationSteps.ThenUpdatedComputedEscrowPropertyCostsOverOneYear11MonthsValueShouldDisplayOnClosingDisclosure() (1.1s)
Thread#4:T:===========================================================
Thread#1:B:And updated/computed Escrow Property Costs over one year 12 Months value should display on Closing Disclosure
Thread#4:T:ExpectedDisclosedValue :0
Thread#4:T:ActualDisclosedValue :0
Thread#1:T:===========================================================
Thread#4:T:============================================================
Thread#1:T:ExpectedComputedValue :0
Thread#1:T:ActualComputedValue :0
Thread#4:T:===========================================================
Thread#4:T:ExpectedVarianceValue :0
Thread#1:T:============================================================
Thread#4:T:ActualVarianceValue :0
Thread#1:T:===========================================================
Thread#4:T:============================================================
Thread#1:T:ExpectedDisclosedValue :0
Thread#4:T:done: CardsValidationSteps.ThenUpdatedComputedEscrowPropertyCostsOverOneYear12MonthsValueShouldDisplayOnClosingDisclosure() (1.1s)
Thread#1:T:ActualDisclosedValue :0
Thread#4:B:And updated/computed Initial Escrow Payment value should display on Closing Disclosure
Thread#1:T:============================================================
Thread#4:T:===========================================================
Thread#1:T:===========================================================
Thread#4:T:ExpectedComputedValue :0
Thread#1:T:ExpectedVarianceValue :0
Thread#4:T:ActualComputedValue :0
Thread#1:T:ActualVarianceValue :0
Thread#4:T:============================================================
Thread#1:T:============================================================
Thread#4:T:===========================================================
Thread#1:T:done: CardsValidationSteps.ThenUpdatedComputedEscrowPropertyCostsOverOneYear12MonthsValueShouldDisplayOnClosingDisclosure() (1.1s)
Thread#4:T:ExpectedDisclosedValue :0
Thread#1:B:And updated/computed Initial Escrow Payment value should display on Closing Disclosure
Thread#4:T:ActualDisclosedValue :0
Thread#1:T:===========================================================
Thread#4:T:============================================================
Thread#1:T:ExpectedComputedValue :0
Thread#4:T:===========================================================
Thread#1:T:ActualComputedValue :0
Thread#4:T:ExpectedVarianceValue :0
Thread#1:T:============================================================
Thread#4:T:ActualVarianceValue :0
Thread#4:T:============================================================
Thread#1:T:===========================================================
Thread#1:T:ExpectedDisclosedValue :0
Thread#4:T:done: CardsValidationSteps.ThenUpdatedComputedInitialEscrowPaymentValueShouldDisplayOnClosingDisclosure() (1.0s)
Thread#1:T:ActualDisclosedValue :0
Thread#4:B:And updated/computed Non Escrow Property Costs over one year value should display on Closing Disclosure
Thread#1:T:============================================================
Thread#4:T:NUnit.Framework.AssertionException:   Computed value does not match as expected with the difference of 3300
Thread#1:T:===========================================================
Thread#4:T:  Expected: 3300.0d
Thread#1:T:ExpectedVarianceValue :0
Thread#4:T:  But was:  0.0d
Thread#1:T:ActualVarianceValue :0
Thread#4:T:   at NUnit.Framework.Assert.That[TActual](TActual actual, IResolveConstraint expression, String message, Object[] args)
Thread#1:T:============================================================
Thread#4:T:   at NUnit.Framework.Assert.AreEqual(Object expected, Object actual, String message, Object[] args)
Thread#1:T:done: CardsValidationSteps.ThenUpdatedComputedInitialEscrowPaymentValueShouldDisplayOnClosingDisclosure() (1.0s)
Thread#4:T:   at TRID.StepDefinitions.CardsValidationSteps.ThenUpdatedComputedNonEscrowPropertyCostsOverOneYearValueShouldDisplayOnClosingDisclosure() in F:\Projects\TRID QA\trid-462743\QA\UIAutomation\SpecFramework\StepDefinitions\CardsValidationSteps.cs:line 1270
Thread#1:B:And updated/computed Non Escrow Property Costs over one year value should display on Closing Disclosure
Thread#4:T:done: CardsValidationSteps.ThenUpdatedComputedNonEscrowPropertyCostsOverOneYearValueShouldDisplayOnClosingDisclosure() (0.5s)
Thread#4:B:And updated/computed Estimated Escrow value should display on Closing Disclosure
Thread#1:T:NUnit.Framework.AssertionException:   Computed value does not match as expected with the difference of 3300
Thread#4:T:===========================================================
Thread#1:T:  Expected: 3300.0d
Thread#4:T:ExpectedComputedValue :0
Thread#1:T:  But was:  0.0d
Thread#4:T:ActualComputedValue :0
Thread#1:T:   at NUnit.Framework.Assert.That[TActual](TActual actual, IResolveConstraint expression, String message, Object[] args)
Thread#4:T:============================================================
Thread#1:T:   at NUnit.Framework.Assert.AreEqual(Object expected, Object actual, String message, Object[] args)
Thread#1:T:   at TRID.StepDefinitions.CardsValidationSteps.ThenUpdatedComputedNonEscrowPropertyCostsOverOneYearValueShouldDisplayOnClosingDisclosure() in F:\Projects\TRID QA\trid-462743\QA\UIAutomation\SpecFramework\StepDefinitions\CardsValidationSteps.cs:line 1270
Thread#4:T:===========================================================
Thread#1:T:done: CardsValidationSteps.ThenUpdatedComputedNonEscrowPropertyCostsOverOneYearValueShouldDisplayOnClosingDisclosure() (0.5s)
Thread#4:T:ExpectedDisclosedValue :0
Thread#1:B:And updated/computed Estimated Escrow value should display on Closing Disclosure
Thread#4:T:ActualDisclosedValue :0
Thread#4:T:============================================================
Thread#1:T:===========================================================
Thread#1:T:ExpectedComputedValue :0
Thread#4:T:===========================================================
Thread#1:T:ActualComputedValue :0
Thread#4:T:ExpectedVarianceValue :0
Thread#1:T:============================================================
Thread#4:T:ActualVarianceValue :0
Thread#4:T:============================================================
Thread#1:T:===========================================================
Thread#4:T:done: CardsValidationSteps.ThenUpdatedComputedEstimatedEscrowValueShouldDisplayOnClosingDisclosure() (1.0s)
Thread#1:T:ExpectedDisclosedValue :0
Thread#0:T:##########################################################
Thread#4:B:And updated/computed Estimated Taxes, Insurance & Assessments value should display on Closing Disclosure
Thread#1:T:ActualDisclosedValue :0
Thread#0:T:##########################################################
Thread#1:T:============================================================
Thread#4:T:===========================================================
Thread#0:T:====================================================================================
Thread#4:T:ExpectedComputedValue :275
Thread#0:T:Scenario Number : 22
Thread#1:T:===========================================================
Thread#4:T:ActualComputedValue :275
Thread#0:T:The total number of cards Failue: 12
Thread#2:T:##########################################################
Thread#1:T:ExpectedVarianceValue :0
Thread#4:T:============================================================
Thread#0:T:Name of cards Failed: || EstimatedTotalMonthlyPayment || : NUnit.Framework.AssertionException:   Computed value does not match as expected with the difference of 275
Thread#2:T:##########################################################
Thread#1:T:ActualVarianceValue :0
Thread#0:T:  Expected: 885.78999999999996d
Thread#1:T:============================================================
Thread#2:T:====================================================================================
Thread#0:T:  But was:  610.78999999999996d
Thread#4:T:===========================================================
Thread#1:T:done: CardsValidationSteps.ThenUpdatedComputedEstimatedEscrowValueShouldDisplayOnClosingDisclosure() (1.2s)
Thread#2:T:Scenario Number : 41
Thread#0:T:   at NUnit.Framework.Assert.That[TActual](TActual actual, IResolveConstraint expression, String message, Object[] args)
Thread#4:T:ExpectedDisclosedValue :275
Thread#1:B:And updated/computed Estimated Taxes, Insurance & Assessments value should display on Closing Disclosure
Thread#0:T:   at NUnit.Framework.Assert.AreEqual(Object expected, Object actual, String message, Object[] args)
Thread#2:T:The total number of cards Failue: 11
Thread#4:T:ActualDisclosedValue :275
Thread#0:T:   at TRID.StepDefinitions.CardsValidationSteps.ThenUpdatedComputedEstimatedTotalMonthlyPaymentValueShouldDisplayOnClosingDisclosure() in F:\Projects\TRID QA\trid-462743\QA\UIAutomation\SpecFramework\StepDefinitions\CardsValidationSteps.cs:line 701 
Thread#2:T:Name of cards Failed: || EstimatedTotalMonthlyPayment || : NUnit.Framework.AssertionException:   Computed value does not match as expected with the difference of 275
Thread#4:T:============================================================
Thread#0:T: ====================================================================================
Thread#2:T:  Expected: 881.90999999999997d
Thread#1:T:===========================================================
Thread#0:T:|| APR || : NUnit.Framework.AssertionException:   Computed value does not match as expected with the difference of 3.805
Thread#1:T:ExpectedComputedValue :275
Thread#2:T:  But was:  606.90999999999997d
Thread#0:T:  Expected: 3.8050000000000002d
Thread#4:T:===========================================================
Thread#2:T:   at NUnit.Framework.Assert.That[TActual](TActual actual, IResolveConstraint expression, String message, Object[] args)
Thread#1:T:ActualComputedValue :275
Thread#4:T:ExpectedVarianceValue :0
Thread#0:T:  But was:  0.0d
Thread#2:T:   at NUnit.Framework.Assert.AreEqual(Object expected, Object actual, String message, Object[] args)
Thread#1:T:============================================================
Thread#3:T:##########################################################
Thread#0:T:   at NUnit.Framework.Assert.That[TActual](TActual actual, IResolveConstraint expression, String message, Object[] args)
Thread#4:T:ActualVarianceValue :0
Thread#2:T:   at TRID.StepDefinitions.CardsValidationSteps.ThenUpdatedComputedEstimatedTotalMonthlyPaymentValueShouldDisplayOnClosingDisclosure() in F:\Projects\TRID QA\trid-462743\QA\UIAutomation\SpecFramework\StepDefinitions\CardsValidationSteps.cs:line 701 
Thread#0:T:   at NUnit.Framework.Assert.AreEqual(Object expected, Object actual, String message, Object[] args)
Thread#3:T:##########################################################
Thread#4:T:============================================================
Thread#2:T: ====================================================================================
Thread#0:T:   at TRID.StepDefinitions.CardsValidationSteps.ThenUpdatedComputedAprValueShouldDisplayOnClosingDisclosure() in F:\Projects\TRID QA\trid-462743\QA\UIAutomation\SpecFramework\StepDefinitions\CardsValidationSteps.cs:line 750 
Thread#3:T:====================================================================================
Thread#2:T:|| APR || : NUnit.Framework.AssertionException:   Computed value does not match as expected with the difference of 3.753
Thread#4:T:done: CardsValidationSteps.ThenUpdatedComputedEstimatedTaxesInsuranceAssessmentsValueShouldDisplayOnClosingDisclosure() (1.5s)
Thread#1:T:===========================================================
Thread#0:T: ====================================================================================
Thread#2:T:  Expected: 3.7530000000000001d
Thread#1:T:ExpectedDisclosedValue :275
Thread#3:T:Scenario Number : 42
Thread#0:T:|| APRWIN || : NUnit.Framework.AssertionException:   Apr Info value does not match as expected with the difference of 3.8052
Thread#1:T:ActualDisclosedValue :275
Thread#4:Scheduler: get next test for thread
Thread#:Scheduler: at the end of normal test queue
Thread#4:Scheduler: enumerator for thread is at end
Thread#4:Scheduler: No more tests for thread 
Thread#3:T:The total number of cards Failue: 7
Thread#0:T:  Expected: 3.8052000000000001d
Thread#1:T:============================================================
Thread#0:T:  But was:  0.0d
Thread#2:T:  But was:  0.0d
Thread#3:T:Name of cards Failed: || APR || : NUnit.Framework.AssertionException:   Computed value does not match as expected with the difference of 3.845
Thread#0:T:   at NUnit.Framework.Assert.That[TActual](TActual actual, IResolveConstraint expression, String message, Object[] args)
Thread#2:T:   at NUnit.Framework.Assert.That[TActual](TActual actual, IResolveConstraint expression, String message, Object[] args)
Thread#3:T:  Expected: 3.8450000000000002d
Thread#0:T:   at NUnit.Framework.Assert.AreEqual(Object expected, Object actual, String message, Object[] args)
Thread#2:T:   at NUnit.Framework.Assert.AreEqual(Object expected, Object actual, String message, Object[] args)
Thread#3:T:  But was:  0.0d
Thread#1:T:===========================================================
Thread#0:T:   at TRID.StepDefinitions.CardsValidationSteps.ThenAprwinInfoValueShouldDisplayOnClosingDisclosure() in F:\Projects\TRID QA\trid-462743\QA\UIAutomation\SpecFramework\StepDefinitions\CardsValidationSteps.cs:line 799 
Thread#1:T:ExpectedVarianceValue :0
Thread#3:T:   at NUnit.Framework.Assert.That[TActual](TActual actual, IResolveConstraint expression, String message, Object[] args)
Thread#2:T:   at TRID.StepDefinitions.CardsValidationSteps.ThenUpdatedComputedAprValueShouldDisplayOnClosingDisclosure() in F:\Projects\TRID QA\trid-462743\QA\UIAutomation\SpecFramework\StepDefinitions\CardsValidationSteps.cs:line 750 
Thread#0:T: ====================================================================================
Thread#1:T:ActualVarianceValue :0
Thread#3:T:   at NUnit.Framework.Assert.AreEqual(Object expected, Object actual, String message, Object[] args)
Thread#2:T: ====================================================================================
Thread#0:T:|| BalloonAmount || : NUnit.Framework.AssertionException:   Computed value does not match as expected with the difference of 0.230000000000018
Thread#1:T:============================================================
Thread#3:T:   at TRID.StepDefinitions.CardsValidationSteps.ThenUpdatedComputedAprValueShouldDisplayOnClosingDisclosure() in F:\Projects\TRID QA\trid-462743\QA\UIAutomation\SpecFramework\StepDefinitions\CardsValidationSteps.cs:line 750 
Thread#2:T:|| APRWIN || : NUnit.Framework.AssertionException:   Apr Info value does not match as expected with the difference of 3.753
Thread#0:T:  Expected: 610.55999999999995d
Thread#3:T: ====================================================================================
Thread#2:T:  Expected: 3.7530000000000001d
Thread#1:T:done: CardsValidationSteps.ThenUpdatedComputedEstimatedTaxesInsuranceAssessmentsValueShouldDisplayOnClosingDisclosure() (1.7s)
Thread#0:T:  But was:  610.78999999999996d
Thread#3:T:|| APRWIN || : NUnit.Framework.AssertionException:   Apr Info value does not match as expected with the difference of 3.8447
Thread#2:T:  But was:  0.0d
Thread#0:T:   at NUnit.Framework.Assert.That[TActual](TActual actual, IResolveConstraint expression, String message, Object[] args)
Thread#3:T:  Expected: 3.8447d
Thread#2:T:   at NUnit.Framework.Assert.That[TActual](TActual actual, IResolveConstraint expression, String message, Object[] args)
Thread#1:Scheduler: get next test for thread
Thread#:Scheduler: at the end of normal test queue
Thread#1:Scheduler: enumerator for thread is at end
Thread#1:Scheduler: No more tests for thread 
Thread#0:T:   at NUnit.Framework.Assert.AreEqual(Object expected, Object actual, String message, Object[] args)
Thread#3:T:  But was:  0.0d
Thread#2:T:   at NUnit.Framework.Assert.AreEqual(Object expected, Object actual, String message, Object[] args)
Thread#0:T:   at TRID.StepDefinitions.CardsValidationSteps.ThenUpdatedComputedBalloonAmountValueShouldDisplayOnClosingDisclosure() in F:\Projects\TRID QA\trid-462743\QA\UIAutomation\SpecFramework\StepDefinitions\CardsValidationSteps.cs:line 827 
Thread#3:T:   at NUnit.Framework.Assert.That[TActual](TActual actual, IResolveConstraint expression, String message, Object[] args)
Thread#2:T:   at TRID.StepDefinitions.CardsValidationSteps.ThenAprwinInfoValueShouldDisplayOnClosingDisclosure() in F:\Projects\TRID QA\trid-462743\QA\UIAutomation\SpecFramework\StepDefinitions\CardsValidationSteps.cs:line 799 
Thread#0:T: ====================================================================================
Thread#3:T:   at NUnit.Framework.Assert.AreEqual(Object expected, Object actual, String message, Object[] args)
Thread#2:T: ====================================================================================
Thread#0:T:|| TotalOfPayments || : NUnit.Framework.AssertionException:   Computed value does not match as expected with the difference of 219273.38
Thread#3:T:   at TRID.StepDefinitions.CardsValidationSteps.ThenAprwinInfoValueShouldDisplayOnClosingDisclosure() in F:\Projects\TRID QA\trid-462743\QA\UIAutomation\SpecFramework\StepDefinitions\CardsValidationSteps.cs:line 799 
Thread#2:T:|| BalloonAmount || : NUnit.Framework.AssertionException:   Computed value does not match as expected with the difference of 1.70999999999992
Thread#0:T:  Expected: 219884.17000000001d
Thread#3:T: ====================================================================================
Thread#2:T:  Expected: 605.20000000000005d
Thread#0:T:  But was:  610.78999999999996d
Thread#2:T:  But was:  606.90999999999997d
Thread#3:T:|| BalloonAmount || : NUnit.Framework.AssertionException:   Computed value does not match as expected with the difference of 1.70999999999992
Thread#0:T:   at NUnit.Framework.Assert.That[TActual](TActual actual, IResolveConstraint expression, String message, Object[] args)
Thread#2:T:   at NUnit.Framework.Assert.That[TActual](TActual actual, IResolveConstraint expression, String message, Object[] args)
Thread#3:T:  Expected: 605.20000000000005d
Thread#0:T:   at NUnit.Framework.Assert.AreEqual(Object expected, Object actual, String message, Object[] args)
Thread#2:T:   at NUnit.Framework.Assert.AreEqual(Object expected, Object actual, String message, Object[] args)
Thread#3:T:  But was:  606.90999999999997d
Thread#0:T:   at TRID.StepDefinitions.CardsValidationSteps.ThenUpdatedComputedTotalOfPaymentsValueShouldDisplayOnClosingDisclosure() in F:\Projects\TRID QA\trid-462743\QA\UIAutomation\SpecFramework\StepDefinitions\CardsValidationSteps.cs:line 876 
Thread#2:T:   at TRID.StepDefinitions.CardsValidationSteps.ThenUpdatedComputedBalloonAmountValueShouldDisplayOnClosingDisclosure() in F:\Projects\TRID QA\trid-462743\QA\UIAutomation\SpecFramework\StepDefinitions\CardsValidationSteps.cs:line 827 
Thread#3:T:   at NUnit.Framework.Assert.That[TActual](TActual actual, IResolveConstraint expression, String message, Object[] args)
Thread#0:T: ====================================================================================
Thread#3:T:   at NUnit.Framework.Assert.AreEqual(Object expected, Object actual, String message, Object[] args)
Thread#2:T: ====================================================================================
Thread#0:T:|| FinanceCharge || : NUnit.Framework.AssertionException:   Computed value does not match as expected with the difference of 88461.15
Thread#3:T:   at TRID.StepDefinitions.CardsValidationSteps.ThenUpdatedComputedBalloonAmountValueShouldDisplayOnClosingDisclosure() in F:\Projects\TRID QA\trid-462743\QA\UIAutomation\SpecFramework\StepDefinitions\CardsValidationSteps.cs:line 827 
Thread#2:T:|| TotalOfPayments || : NUnit.Framework.AssertionException:   Computed value does not match as expected with the difference of 217878.98
Thread#0:T:  Expected: 88884.169999999998d
Thread#3:T: ====================================================================================
Thread#2:T:  Expected: 218485.89000000001d
Thread#0:T:  But was:  423.01999999999998d
Thread#2:T:  But was:  606.90999999999997d
Thread#3:T:|| TotalOfPayments || : NUnit.Framework.AssertionException:   Computed value does not match as expected with the difference of 217878.98
Thread#0:T:   at NUnit.Framework.Assert.That[TActual](TActual actual, IResolveConstraint expression, String message, Object[] args)
Thread#2:T:   at NUnit.Framework.Assert.That[TActual](TActual actual, IResolveConstraint expression, String message, Object[] args)
Thread#3:T:  Expected: 219795.89000000001d
Thread#0:T:   at NUnit.Framework.Assert.AreEqual(Object expected, Object actual, String message, Object[] args)
Thread#3:T:  But was:  1916.9100000000001d
Thread#2:T:   at NUnit.Framework.Assert.AreEqual(Object expected, Object actual, String message, Object[] args)
Thread#0:T:   at TRID.StepDefinitions.CardsValidationSteps.ThenUpdatedComputedFinanceChargeValueShouldDisplayOnClosingDisclosure() in F:\Projects\TRID QA\trid-462743\QA\UIAutomation\SpecFramework\StepDefinitions\CardsValidationSteps.cs:line 925 
Thread#2:T:   at TRID.StepDefinitions.CardsValidationSteps.ThenUpdatedComputedTotalOfPaymentsValueShouldDisplayOnClosingDisclosure() in F:\Projects\TRID QA\trid-462743\QA\UIAutomation\SpecFramework\StepDefinitions\CardsValidationSteps.cs:line 876 
Thread#3:T:   at NUnit.Framework.Assert.That[TActual](TActual actual, IResolveConstraint expression, String message, Object[] args)
Thread#0:T: ====================================================================================
Thread#2:T: ====================================================================================
Thread#0:T:|| TIP || : NUnit.Framework.AssertionException:   Computed value does not match as expected with the difference of 67.53
Thread#3:T:   at NUnit.Framework.Assert.AreEqual(Object expected, Object actual, String message, Object[] args)
Thread#2:T:|| FinanceCharge || : NUnit.Framework.AssertionException:   Computed value does not match as expected with the difference of 87068.66
Thread#0:T:  Expected: 67.849999999999994d
Thread#3:T:   at TRID.StepDefinitions.CardsValidationSteps.ThenUpdatedComputedTotalOfPaymentsValueShouldDisplayOnClosingDisclosure() in F:\Projects\TRID QA\trid-462743\QA\UIAutomation\SpecFramework\StepDefinitions\CardsValidationSteps.cs:line 876 
Thread#2:T:  Expected: 87485.889999999999d
Thread#0:T:  But was:  0.32000000000000001d
Thread#3:T: ====================================================================================
Thread#2:T:  But was:  417.23000000000002d
Thread#3:T:|| FinanceCharge || : NUnit.Framework.AssertionException:   Computed value does not match as expected with the difference of 87068.66
Thread#0:T:   at NUnit.Framework.Assert.That[TActual](TActual actual, IResolveConstraint expression, String message, Object[] args)
Thread#2:T:   at NUnit.Framework.Assert.That[TActual](TActual actual, IResolveConstraint expression, String message, Object[] args)
Thread#3:T:  Expected: 88795.889999999999d
Thread#2:T:   at NUnit.Framework.Assert.AreEqual(Object expected, Object actual, String message, Object[] args)
Thread#0:T:   at NUnit.Framework.Assert.AreEqual(Object expected, Object actual, String message, Object[] args)
Thread#2:T:   at TRID.StepDefinitions.CardsValidationSteps.ThenUpdatedComputedFinanceChargeValueShouldDisplayOnClosingDisclosure() in F:\Projects\TRID QA\trid-462743\QA\UIAutomation\SpecFramework\StepDefinitions\CardsValidationSteps.cs:line 925 
Thread#3:T:  But was:  1727.23d
Thread#0:T:   at TRID.StepDefinitions.CardsValidationSteps.ThenUpdatedComputedTipValueShouldDisplayOnClosingDisclosure() in F:\Projects\TRID QA\trid-462743\QA\UIAutomation\SpecFramework\StepDefinitions\CardsValidationSteps.cs:line 1072 
Thread#3:T:   at NUnit.Framework.Assert.That[TActual](TActual actual, IResolveConstraint expression, String message, Object[] args)
Thread#2:T: ====================================================================================
Thread#0:T: ====================================================================================
Thread#2:T:|| TIP || : NUnit.Framework.AssertionException:   Computed value does not match as expected with the difference of 66.46
Thread#3:T:   at NUnit.Framework.Assert.AreEqual(Object expected, Object actual, String message, Object[] args)
Thread#0:T:|| EscrowPropertyOver1Year11Months || : NUnit.Framework.AssertionException:   Computed value does not match as expected with the difference of 3300
Thread#2:T:  Expected: 66.780000000000001d
Thread#3:T:   at TRID.StepDefinitions.CardsValidationSteps.ThenUpdatedComputedFinanceChargeValueShouldDisplayOnClosingDisclosure() in F:\Projects\TRID QA\trid-462743\QA\UIAutomation\SpecFramework\StepDefinitions\CardsValidationSteps.cs:line 925 
Thread#0:T:  Expected: 3300.0d
Thread#3:T: ====================================================================================
Thread#2:T:  But was:  0.32000000000000001d
Thread#0:T:  But was:  0.0d
Thread#2:T:   at NUnit.Framework.Assert.That[TActual](TActual actual, IResolveConstraint expression, String message, Object[] args)
Thread#3:T:|| TIP || : NUnit.Framework.AssertionException:   Computed value does not match as expected with the difference of 66.46
Thread#0:T:   at NUnit.Framework.Assert.That[TActual](TActual actual, IResolveConstraint expression, String message, Object[] args)
Thread#2:T:   at NUnit.Framework.Assert.AreEqual(Object expected, Object actual, String message, Object[] args)
Thread#3:T:  Expected: 66.780000000000001d
Thread#0:T:   at NUnit.Framework.Assert.AreEqual(Object expected, Object actual, String message, Object[] args)
Thread#3:T:  But was:  0.32000000000000001d
Thread#2:T:   at TRID.StepDefinitions.CardsValidationSteps.ThenUpdatedComputedTipValueShouldDisplayOnClosingDisclosure() in F:\Projects\TRID QA\trid-462743\QA\UIAutomation\SpecFramework\StepDefinitions\CardsValidationSteps.cs:line 1072 
Thread#0:T:   at TRID.StepDefinitions.CardsValidationSteps.ThenUpdatedComputedEscrowPropertyCostsOverOneYear11MonthsValueShouldDisplayOnClosingDisclosure() in F:\Projects\TRID QA\trid-462743\QA\UIAutomation\SpecFramework\StepDefinitions\CardsValidationSteps.cs:line 1121 
Thread#2:T: ====================================================================================
Thread#3:T:   at NUnit.Framework.Assert.That[TActual](TActual actual, IResolveConstraint expression, String message, Object[] args)
Thread#0:T: ====================================================================================
Thread#2:T:|| EscrowPropertyOver1Year11Months || : NUnit.Framework.AssertionException:   Computed value does not match as expected with the difference of 3300
Thread#3:T:   at NUnit.Framework.Assert.AreEqual(Object expected, Object actual, String message, Object[] args)
Thread#0:T:|| EscrowPropertyOver1Year12Months || : NUnit.Framework.AssertionException:   Computed value does not match as expected with the difference of 3300
Thread#2:T:  Expected: 3300.0d
Thread#0:T:  Expected: 3300.0d
Thread#3:T:   at TRID.StepDefinitions.CardsValidationSteps.ThenUpdatedComputedTipValueShouldDisplayOnClosingDisclosure() in F:\Projects\TRID QA\trid-462743\QA\UIAutomation\SpecFramework\StepDefinitions\CardsValidationSteps.cs:line 1072 
Thread#2:T:  But was:  0.0d
Thread#3:T: ====================================================================================
Thread#0:T:  But was:  0.0d
Thread#0:T:   at NUnit.Framework.Assert.That[TActual](TActual actual, IResolveConstraint expression, String message, Object[] args)
Thread#2:T:   at NUnit.Framework.Assert.That[TActual](TActual actual, IResolveConstraint expression, String message, Object[] args)
Thread#3:T:|| NonEscrowPropertyOverOneYear || : NUnit.Framework.AssertionException:   Computed value does not match as expected with the difference of 3300
Thread#0:T:   at NUnit.Framework.Assert.AreEqual(Object expected, Object actual, String message, Object[] args)
Thread#2:T:   at NUnit.Framework.Assert.AreEqual(Object expected, Object actual, String message, Object[] args)
Thread#3:T:  Expected: 3300.0d
Thread#0:T:   at TRID.StepDefinitions.CardsValidationSteps.ThenUpdatedComputedEscrowPropertyCostsOverOneYear12MonthsValueShouldDisplayOnClosingDisclosure() in F:\Projects\TRID QA\trid-462743\QA\UIAutomation\SpecFramework\StepDefinitions\CardsValidationSteps.cs:line 1170 
Thread#2:T:   at TRID.StepDefinitions.CardsValidationSteps.ThenUpdatedComputedEscrowPropertyCostsOverOneYear11MonthsValueShouldDisplayOnClosingDisclosure() in F:\Projects\TRID QA\trid-462743\QA\UIAutomation\SpecFramework\StepDefinitions\CardsValidationSteps.cs:line 1121 
Thread#3:T:  But was:  0.0d
Thread#0:T: ====================================================================================
Thread#3:T:   at NUnit.Framework.Assert.That[TActual](TActual actual, IResolveConstraint expression, String message, Object[] args)
Thread#2:T: ====================================================================================
Thread#0:T:|| InitialEscrowPayment || : NUnit.Framework.AssertionException:   Computed value does not match as expected with the difference of 750
Thread#3:T:   at NUnit.Framework.Assert.AreEqual(Object expected, Object actual, String message, Object[] args)
Thread#2:T:|| EscrowPropertyOver1Year12Months || : NUnit.Framework.AssertionException:   Computed value does not match as expected with the difference of 3300
Thread#0:T:  Expected: 750.0d
Thread#3:T:   at TRID.StepDefinitions.CardsValidationSteps.ThenUpdatedComputedNonEscrowPropertyCostsOverOneYearValueShouldDisplayOnClosingDisclosure() in F:\Projects\TRID QA\trid-462743\QA\UIAutomation\SpecFramework\StepDefinitions\CardsValidationSteps.cs:line 1270 
Thread#2:T:  Expected: 3300.0d
Thread#0:T:  But was:  0.0d
Thread#3:T: ====================================================================================
Thread#2:T:  But was:  0.0d
Thread#0:T:   at NUnit.Framework.Assert.That[TActual](TActual actual, IResolveConstraint expression, String message, Object[] args)
Thread#3:T:====================================================================================
Thread#0:T:   at NUnit.Framework.Assert.AreEqual(Object expected, Object actual, String message, Object[] args)
Thread#2:T:   at NUnit.Framework.Assert.That[TActual](TActual actual, IResolveConstraint expression, String message, Object[] args)
Thread#0:T:   at TRID.StepDefinitions.CardsValidationSteps.ThenUpdatedComputedInitialEscrowPaymentValueShouldDisplayOnClosingDisclosure() in F:\Projects\TRID QA\trid-462743\QA\UIAutomation\SpecFramework\StepDefinitions\CardsValidationSteps.cs:line 1220 
Thread#3:T:##########################################################
Thread#2:T:   at NUnit.Framework.Assert.AreEqual(Object expected, Object actual, String message, Object[] args)
Thread#3:T:##########################################################
Thread#0:T: ====================================================================================
Thread#2:T:   at TRID.StepDefinitions.CardsValidationSteps.ThenUpdatedComputedEscrowPropertyCostsOverOneYear12MonthsValueShouldDisplayOnClosingDisclosure() in F:\Projects\TRID QA\trid-462743\QA\UIAutomation\SpecFramework\StepDefinitions\CardsValidationSteps.cs:line 1170 
Thread#0:T:|| NonEscrowPropertyOverOneYear || : NUnit.Framework.AssertionException:   Computed value does not match as expected with the difference of 600
Thread#3: Test #264/0 is finished on thread #3 as CleanupFailed within 155.9373023 seconds
Thread#2:T: ====================================================================================
Thread#0:T:  Expected: 600.0d
Thread#2:T:|| InitialEscrowPayment || : NUnit.Framework.AssertionException:   Computed value does not match as expected with the difference of 750
Thread#0:T:  But was:  0.0d
Appdomain Disposed
Thread#2:T:  Expected: 750.0d
Thread#0:T:   at NUnit.Framework.Assert.That[TActual](TActual actual, IResolveConstraint expression, String message, Object[] args)
Thread#2:T:  But was:  0.0d
Thread#0:T:   at NUnit.Framework.Assert.AreEqual(Object expected, Object actual, String message, Object[] args)
Thread#2:T:   at NUnit.Framework.Assert.That[TActual](TActual actual, IResolveConstraint expression, String message, Object[] args)
Thread#0:T:   at TRID.StepDefinitions.CardsValidationSteps.ThenUpdatedComputedNonEscrowPropertyCostsOverOneYearValueShouldDisplayOnClosingDisclosure() in F:\Projects\TRID QA\trid-462743\QA\UIAutomation\SpecFramework\StepDefinitions\CardsValidationSteps.cs:line 1270 
Thread#2:T:   at NUnit.Framework.Assert.AreEqual(Object expected, Object actual, String message, Object[] args)
Thread#0:T: ====================================================================================
Thread#2:T:   at TRID.StepDefinitions.CardsValidationSteps.ThenUpdatedComputedInitialEscrowPaymentValueShouldDisplayOnClosingDisclosure() in F:\Projects\TRID QA\trid-462743\QA\UIAutomation\SpecFramework\StepDefinitions\CardsValidationSteps.cs:line 1220 
Thread#0:T:|| EstimatedEscrow || : NUnit.Framework.AssertionException:   Computed value does not match as expected with the difference of 275
Thread#0:T:  Expected: 275.0d
Thread#2:T: ====================================================================================
Thread#0:T:  But was:  0.0d
Thread#2:T:|| EstimatedEscrow || : NUnit.Framework.AssertionException:   Computed value does not match as expected with the difference of 275
Thread#0:T:   at NUnit.Framework.Assert.That[TActual](TActual actual, IResolveConstraint expression, String message, Object[] args)
Thread#2:T:  Expected: 275.0d
Thread#0:T:   at NUnit.Framework.Assert.AreEqual(Object expected, Object actual, String message, Object[] args)
Thread#2:T:  But was:  0.0d
Thread#0:T:   at TRID.StepDefinitions.CardsValidationSteps.ThenUpdatedComputedEstimatedEscrowValueShouldDisplayOnClosingDisclosure() in F:\Projects\TRID QA\trid-462743\QA\UIAutomation\SpecFramework\StepDefinitions\CardsValidationSteps.cs:line 1319 
Thread#2:T:   at NUnit.Framework.Assert.That[TActual](TActual actual, IResolveConstraint expression, String message, Object[] args)
Thread#0:T: ====================================================================================
Thread#2:T:   at NUnit.Framework.Assert.AreEqual(Object expected, Object actual, String message, Object[] args)
Thread#0:T:====================================================================================
Thread#2:T:   at TRID.StepDefinitions.CardsValidationSteps.ThenUpdatedComputedEstimatedEscrowValueShouldDisplayOnClosingDisclosure() in F:\Projects\TRID QA\trid-462743\QA\UIAutomation\SpecFramework\StepDefinitions\CardsValidationSteps.cs:line 1319 
Thread#0:T:##########################################################
Thread#2:T: ====================================================================================
Thread#0:T:##########################################################
Thread#2:T:====================================================================================
Thread#0: Test #257/0 is finished on thread #0 as CleanupFailed within 157.3465551 seconds
Thread#2:T:##########################################################
Thread#2:T:##########################################################
Appdomain Disposed
Thread#2: Test #263/0 is finished on thread #2 as CleanupFailed within 157.607914 seconds
Appdomain Disposed
Thread#4:T:##########################################################
Thread#4:T:##########################################################
Thread#4:T:====================================================================================
Thread#4:T:Scenario Number : 43
Thread#4:T:The total number of cards Failue: 8
Thread#4:T:Name of cards Failed: || ScheduledPMITerminationDate || : System.FormatException: The string was not recognized as a valid DateTime. There is an unknown word starting at index 1.
Thread#4:T:   at System.DateTimeParse.Parse(String s, DateTimeFormatInfo dtfi, DateTimeStyles styles)
Thread#4:T:   at System.Convert.ToDateTime(String value)
Thread#4:T:   at TRID.ProjectLibs.Common.ProjActions.GetDatePart(By element) in F:\Projects\TRID QA\trid-462743\QA\UIAutomation\SpecFramework\ProjectLibs\Common\ProjActions.cs:line 100
Thread#4:T:   at TRID.StepDefinitions.CardsValidationSteps.ThenUpdatedComputedScheduledPmiTerminationDateValueShouldDisplayOnClosingDisclosure() in F:\Projects\TRID QA\trid-462743\QA\UIAutomation\SpecFramework\StepDefinitions\CardsValidationSteps.cs:line 603 
Thread#4:T: ====================================================================================
Thread#4:T:|| APR || : NUnit.Framework.AssertionException:   Computed value does not match as expected with the difference of 3.95
Thread#4:T:  Expected: 3.9500000000000002d
Thread#4:T:  But was:  0.0d
Thread#4:T:   at NUnit.Framework.Assert.That[TActual](TActual actual, IResolveConstraint expression, String message, Object[] args)
Thread#4:T:   at NUnit.Framework.Assert.AreEqual(Object expected, Object actual, String message, Object[] args)
Thread#4:T:   at TRID.StepDefinitions.CardsValidationSteps.ThenUpdatedComputedAprValueShouldDisplayOnClosingDisclosure() in F:\Projects\TRID QA\trid-462743\QA\UIAutomation\SpecFramework\StepDefinitions\CardsValidationSteps.cs:line 750 
Thread#4:T: ====================================================================================
Thread#4:T:|| APRWIN || : NUnit.Framework.AssertionException:   Apr Info value does not match as expected with the difference of 3.9497
Thread#4:T:  Expected: 3.9497d
Thread#4:T:  But was:  0.0d
Thread#4:T:   at NUnit.Framework.Assert.That[TActual](TActual actual, IResolveConstraint expression, String message, Object[] args)
Thread#4:T:   at NUnit.Framework.Assert.AreEqual(Object expected, Object actual, String message, Object[] args)
Thread#4:T:   at TRID.StepDefinitions.CardsValidationSteps.ThenAprwinInfoValueShouldDisplayOnClosingDisclosure() in F:\Projects\TRID QA\trid-462743\QA\UIAutomation\SpecFramework\StepDefinitions\CardsValidationSteps.cs:line 799 
Thread#4:T: ====================================================================================
Thread#4:T:|| BalloonAmount || : NUnit.Framework.AssertionException:   Computed value does not match as expected with the difference of 1.70999999999992
Thread#4:T:  Expected: 605.20000000000005d
Thread#4:T:  But was:  606.90999999999997d
Thread#4:T:   at NUnit.Framework.Assert.That[TActual](TActual actual, IResolveConstraint expression, String message, Object[] args)
Thread#4:T:   at NUnit.Framework.Assert.AreEqual(Object expected, Object actual, String message, Object[] args)
Thread#4:T:   at TRID.StepDefinitions.CardsValidationSteps.ThenUpdatedComputedBalloonAmountValueShouldDisplayOnClosingDisclosure() in F:\Projects\TRID QA\trid-462743\QA\UIAutomation\SpecFramework\StepDefinitions\CardsValidationSteps.cs:line 827 
Thread#4:T: ====================================================================================
Thread#4:T:|| TotalOfPayments || : NUnit.Framework.AssertionException:   Computed value does not match as expected with the difference of 219777.31
Thread#4:T:  Expected: 221734.60999999999d
Thread#4:T:  But was:  1957.3d
Thread#4:T:   at NUnit.Framework.Assert.That[TActual](TActual actual, IResolveConstraint expression, String message, Object[] args)
Thread#4:T:   at NUnit.Framework.Assert.AreEqual(Object expected, Object actual, String message, Object[] args)
Thread#4:T:   at TRID.StepDefinitions.CardsValidationSteps.ThenUpdatedComputedTotalOfPaymentsValueShouldDisplayOnClosingDisclosure() in F:\Projects\TRID QA\trid-462743\QA\UIAutomation\SpecFramework\StepDefinitions\CardsValidationSteps.cs:line 876 
Thread#4:T: ====================================================================================
Thread#4:T:|| FinanceCharge || : NUnit.Framework.AssertionException:   Computed value does not match as expected with the difference of 88966.99
Thread#4:T:  Expected: 90734.610000000001d
Thread#4:T:  But was:  1767.6199999999999d
Thread#4:T:   at NUnit.Framework.Assert.That[TActual](TActual actual, IResolveConstraint expression, String message, Object[] args)
Thread#4:T:   at NUnit.Framework.Assert.AreEqual(Object expected, Object actual, String message, Object[] args)
Thread#4:T:   at TRID.StepDefinitions.CardsValidationSteps.ThenUpdatedComputedFinanceChargeValueShouldDisplayOnClosingDisclosure() in F:\Projects\TRID QA\trid-462743\QA\UIAutomation\SpecFramework\StepDefinitions\CardsValidationSteps.cs:line 925 
Thread#4:T: ====================================================================================
Thread#4:T:|| TIP || : NUnit.Framework.AssertionException:   Computed value does not match as expected with the difference of 66.46
Thread#4:T:  Expected: 66.780000000000001d
Thread#4:T:  But was:  0.32000000000000001d
Thread#1:T:##########################################################
Thread#4:T:   at NUnit.Framework.Assert.That[TActual](TActual actual, IResolveConstraint expression, String message, Object[] args)
Thread#1:T:##########################################################
Thread#4:T:   at NUnit.Framework.Assert.AreEqual(Object expected, Object actual, String message, Object[] args)
Thread#1:T:====================================================================================
Thread#4:T:   at TRID.StepDefinitions.CardsValidationSteps.ThenUpdatedComputedTipValueShouldDisplayOnClosingDisclosure() in F:\Projects\TRID QA\trid-462743\QA\UIAutomation\SpecFramework\StepDefinitions\CardsValidationSteps.cs:line 1072 
Thread#1:T:Scenario Number : 40
Thread#4:T: ====================================================================================
Thread#1:T:The total number of cards Failue: 8
Thread#4:T:|| NonEscrowPropertyOverOneYear || : NUnit.Framework.AssertionException:   Computed value does not match as expected with the difference of 3300
Thread#1:T:Name of cards Failed: || ScheduledPMITerminationDate || : System.FormatException: The string was not recognized as a valid DateTime. There is an unknown word starting at index 1.
Thread#4:T:  Expected: 3300.0d
Thread#1:T:   at System.DateTimeParse.Parse(String s, DateTimeFormatInfo dtfi, DateTimeStyles styles)
Thread#4:T:  But was:  0.0d
Thread#1:T:   at System.Convert.ToDateTime(String value)
Thread#4:T:   at NUnit.Framework.Assert.That[TActual](TActual actual, IResolveConstraint expression, String message, Object[] args)
Thread#1:T:   at TRID.ProjectLibs.Common.ProjActions.GetDatePart(By element) in F:\Projects\TRID QA\trid-462743\QA\UIAutomation\SpecFramework\ProjectLibs\Common\ProjActions.cs:line 100
Thread#4:T:   at NUnit.Framework.Assert.AreEqual(Object expected, Object actual, String message, Object[] args)
Thread#1:T:   at TRID.StepDefinitions.CardsValidationSteps.ThenUpdatedComputedScheduledPmiTerminationDateValueShouldDisplayOnClosingDisclosure() in F:\Projects\TRID QA\trid-462743\QA\UIAutomation\SpecFramework\StepDefinitions\CardsValidationSteps.cs:line 603 
Thread#4:T:   at TRID.StepDefinitions.CardsValidationSteps.ThenUpdatedComputedNonEscrowPropertyCostsOverOneYearValueShouldDisplayOnClosingDisclosure() in F:\Projects\TRID QA\trid-462743\QA\UIAutomation\SpecFramework\StepDefinitions\CardsValidationSteps.cs:line 1270 
Thread#1:T: ====================================================================================
Thread#4:T: ====================================================================================
Thread#1:T:|| APR || : NUnit.Framework.AssertionException:   Computed value does not match as expected with the difference of 3.866
Thread#4:T:====================================================================================
Thread#1:T:  Expected: 3.8660000000000001d
Thread#4:T:##########################################################
Thread#1:T:  But was:  0.0d
Thread#4:T:##########################################################
Thread#1:T:   at NUnit.Framework.Assert.That[TActual](TActual actual, IResolveConstraint expression, String message, Object[] args)
Thread#4: Test #265/0 is finished on thread #4 as CleanupFailed within 163.1919826 seconds
Thread#1:T:   at NUnit.Framework.Assert.AreEqual(Object expected, Object actual, String message, Object[] args)
Thread#1:T:   at TRID.StepDefinitions.CardsValidationSteps.ThenUpdatedComputedAprValueShouldDisplayOnClosingDisclosure() in F:\Projects\TRID QA\trid-462743\QA\UIAutomation\SpecFramework\StepDefinitions\CardsValidationSteps.cs:line 750 
Appdomain Disposed
Thread#1:T: ====================================================================================
Thread#1:T:|| APRWIN || : NUnit.Framework.AssertionException:   Apr Info value does not match as expected with the difference of 3.8659
Thread#1:T:  Expected: 3.8658999999999999d
Thread#1:T:  But was:  0.0d
Thread#1:T:   at NUnit.Framework.Assert.That[TActual](TActual actual, IResolveConstraint expression, String message, Object[] args)
Thread#1:T:   at NUnit.Framework.Assert.AreEqual(Object expected, Object actual, String message, Object[] args)
Thread#1:T:   at TRID.StepDefinitions.CardsValidationSteps.ThenAprwinInfoValueShouldDisplayOnClosingDisclosure() in F:\Projects\TRID QA\trid-462743\QA\UIAutomation\SpecFramework\StepDefinitions\CardsValidationSteps.cs:line 799 
Thread#1:T: ====================================================================================
Thread#1:T:|| BalloonAmount || : NUnit.Framework.AssertionException:   Computed value does not match as expected with the difference of 1.70999999999992
Thread#1:T:  Expected: 605.20000000000005d
Thread#1:T:  But was:  606.90999999999997d
Thread#1:T:   at NUnit.Framework.Assert.That[TActual](TActual actual, IResolveConstraint expression, String message, Object[] args)
Thread#1:T:   at NUnit.Framework.Assert.AreEqual(Object expected, Object actual, String message, Object[] args)
Thread#1:T:   at TRID.StepDefinitions.CardsValidationSteps.ThenUpdatedComputedBalloonAmountValueShouldDisplayOnClosingDisclosure() in F:\Projects\TRID QA\trid-462743\QA\UIAutomation\SpecFramework\StepDefinitions\CardsValidationSteps.cs:line 827 
Thread#1:T: ====================================================================================
Thread#1:T:|| TotalOfPayments || : NUnit.Framework.AssertionException:   Computed value does not match as expected with the difference of 219777.31
Thread#1:T:  Expected: 220424.60999999999d
Thread#1:T:  But was:  647.29999999999995d
Thread#1:T:   at NUnit.Framework.Assert.That[TActual](TActual actual, IResolveConstraint expression, String message, Object[] args)
Thread#1:T:   at NUnit.Framework.Assert.AreEqual(Object expected, Object actual, String message, Object[] args)
Thread#1:T:   at TRID.StepDefinitions.CardsValidationSteps.ThenUpdatedComputedTotalOfPaymentsValueShouldDisplayOnClosingDisclosure() in F:\Projects\TRID QA\trid-462743\QA\UIAutomation\SpecFramework\StepDefinitions\CardsValidationSteps.cs:line 876 
Thread#1:T: ====================================================================================
Thread#1:T:|| FinanceCharge || : NUnit.Framework.AssertionException:   Computed value does not match as expected with the difference of 88966.99
Thread#1:T:  Expected: 89424.610000000001d
Thread#1:T:  But was:  457.62d
Thread#1:T:   at NUnit.Framework.Assert.That[TActual](TActual actual, IResolveConstraint expression, String message, Object[] args)
Thread#1:T:   at NUnit.Framework.Assert.AreEqual(Object expected, Object actual, String message, Object[] args)
Thread#1:T:   at TRID.StepDefinitions.CardsValidationSteps.ThenUpdatedComputedFinanceChargeValueShouldDisplayOnClosingDisclosure() in F:\Projects\TRID QA\trid-462743\QA\UIAutomation\SpecFramework\StepDefinitions\CardsValidationSteps.cs:line 925 
Thread#1:T: ====================================================================================
Thread#1:T:|| TIP || : NUnit.Framework.AssertionException:   Computed value does not match as expected with the difference of 66.46
Thread#1:T:  Expected: 66.780000000000001d
Thread#1:T:  But was:  0.32000000000000001d
Thread#1:T:   at NUnit.Framework.Assert.That[TActual](TActual actual, IResolveConstraint expression, String message, Object[] args)
Thread#1:T:   at NUnit.Framework.Assert.AreEqual(Object expected, Object actual, String message, Object[] args)
Thread#1:T:   at TRID.StepDefinitions.CardsValidationSteps.ThenUpdatedComputedTipValueShouldDisplayOnClosingDisclosure() in F:\Projects\TRID QA\trid-462743\QA\UIAutomation\SpecFramework\StepDefinitions\CardsValidationSteps.cs:line 1072 
Thread#1:T: ====================================================================================
Thread#1:T:|| NonEscrowPropertyOverOneYear || : NUnit.Framework.AssertionException:   Computed value does not match as expected with the difference of 3300
Thread#1:T:  Expected: 3300.0d
Thread#1:T:  But was:  0.0d
Thread#1:T:   at NUnit.Framework.Assert.That[TActual](TActual actual, IResolveConstraint expression, String message, Object[] args)
Thread#1:T:   at NUnit.Framework.Assert.AreEqual(Object expected, Object actual, String message, Object[] args)
Thread#1:T:   at TRID.StepDefinitions.CardsValidationSteps.ThenUpdatedComputedNonEscrowPropertyCostsOverOneYearValueShouldDisplayOnClosingDisclosure() in F:\Projects\TRID QA\trid-462743\QA\UIAutomation\SpecFramework\StepDefinitions\CardsValidationSteps.cs:line 1270 
Thread#1:T: ====================================================================================
Thread#1:T:====================================================================================
Thread#1:T:##########################################################
Thread#1:T:##########################################################
Thread#1: Test #262/0 is finished on thread #1 as CleanupFailed within 165.7535768 seconds
Appdomain Disposed
Thread#-1:Scheduler: get next test for thread
Thread#:Scheduler: at the end of normal test queue
Thread#-1:Scheduler: enumerator for thread is at end
Total: 5
Succeeded: 0
Ignored: 0
Pending: 0
Skipped: 0
Failed: 5
