VS filter: testpath:TestAssembly:TRID/Feature:CardsValidation/Scenario:Uploading+JSON+file+and+Validating+cards+value+on+Closing+Disclosure+page%2c+138
Discovering target: Default
Discovering tests from assembly: F:\Projects\TRID QA\trid-462743\QA\UIAutomation\SpecFramework\bin\Debug\TRID.dll
Appdomain Disposed
Test Suite Dump
#0: TRID/Default - 
#1: Default - 
#2: TRID - 
#154: CardsValidation - 
#302: Uploading JSON file and Validating cards value on Closing Disclosure page, 138 - TestAssembly:TRID/Feature:CardsValidation/Scenario:Uploading+JSON+file+and+Validating+cards+value+on+Closing+Disclosure+page%2c+138
End: Test Suite Dump
Thread#0:Scheduler: get next test for thread
Thread#:Scheduler: testitem #302 from normal test queue 
Thread#0:Scheduler: considering testitem #302 for thread
Thread#0:Scheduler: using testitem #302 for thread
Thread#0:Scheduler: Test #302 is scheduled for thread
Thread#0:Scheduler: with testItemExecutionIndex 0
Thread #0: creating new test thread executor for TRID, Version=1.0.0.0, Culture=neutral, PublicKeyToken=null (target: Default)
Loading SpecRun type 'TechTalk.SpecRun.Framework.TestAssemblyExecutor' from: C:\Users\sandees\AppData\Local\Temp\VisualStudioTestExplorerExtensions\SpecRun.Runner.1.5.2\tools\TechTalk.SpecRun.Framework.Executor.dll
Thread#0: Test #302/0 is started on thread #0
Thread#0:B:Given user is at TRID application homepage
Thread#0:T:done: CardsValidationSteps.GivenUserIsAtTridApplicationHomepage() (93.4s)
Thread#0:B:And user have closing disclosure data from excel sheet ClosingDisclosure for the scenario 124
Thread#0:T:done: CardsValidationSteps.GivenUserHaveClosingDisclosureDataFromExcelSheetForTheScenario("ClosingDisclosure", 124) (1.0s)
Thread#0:B:When user upload json file for the scenario
Thread#0:T:done: CardsValidationSteps.WhenUserUploadJsonFileForTheScenario() (2.0s)
Thread#0:B:And user navigates to Closing Disclosure Cards Page
Thread#0:T:done: CardsValidationSteps.WhenUserNavigatesToClosingDisclosureCardsPage() (1.4s)
Thread#0:B:Then updated/computed Principal and Interest value should display on Closing Disclosure
Thread#0:T:NUnit.Framework.AssertionException:   Computed value does not match as expected with the difference of 606.68
Thread#0:T:  Expected: 0.0d
Thread#0:T:  But was:  606.67999999999995d
Thread#0:T:   at NUnit.Framework.Assert.That[TActual](TActual actual, IResolveConstraint expression, String message, Object[] args)
Thread#0:T:   at NUnit.Framework.Assert.AreEqual(Object expected, Object actual, String message, Object[] args)
Thread#0:T:   at TRID.StepDefinitions.CardsValidationSteps.ThenUpdatedComputedPrincipalAndInterestValueShouldDisplayOnClosingDisclosure() in F:\Projects\TRID QA\trid-462743\QA\UIAutomation\SpecFramework\StepDefinitions\CardsValidationSteps.cs:line 503
Thread#0:T:done: CardsValidationSteps.ThenUpdatedComputedPrincipalAndInterestValueShouldDisplayOnClosingDisclosure() (0.2s)
Thread#0:B:And updated/computed Mortgage Insurance value should display on Closing Disclosure
Thread#0:T:===========================================================
Thread#0:T:ExpectedComputedValue :0
Thread#0:T:ActualComputedValue :0
Thread#0:T:============================================================
Thread#0:T:===========================================================
Thread#0:T:ExpectedDisclosedValue :0
Thread#0:T:ActualDisclosedValue :0
Thread#0:T:============================================================
Thread#0:T:===========================================================
Thread#0:T:ExpectedVarianceValue :0
Thread#0:T:ActualVarianceValue :0
Thread#0:T:============================================================
Thread#0:T:done: CardsValidationSteps.ThenUpdatedComputedMortgageInsuranceValueShouldDisplayOnClosingDisclosure() (0.5s)
Thread#0:B:And updated/computed Estimated Total Monthly Payment value should display on Closing Disclosure
Thread#0:T:NUnit.Framework.AssertionException:   Computed value does not match as expected with the difference of 606.68
Thread#0:T:  Expected: 0.0d
Thread#0:T:  But was:  606.67999999999995d
Thread#0:T:   at NUnit.Framework.Assert.That[TActual](TActual actual, IResolveConstraint expression, String message, Object[] args)
Thread#0:T:   at NUnit.Framework.Assert.AreEqual(Object expected, Object actual, String message, Object[] args)
Thread#0:T:   at TRID.StepDefinitions.CardsValidationSteps.ThenUpdatedComputedEstimatedTotalMonthlyPaymentValueShouldDisplayOnClosingDisclosure() in F:\Projects\TRID QA\trid-462743\QA\UIAutomation\SpecFramework\StepDefinitions\CardsValidationSteps.cs:line 600
Thread#0:T:done: CardsValidationSteps.ThenUpdatedComputedEstimatedTotalMonthlyPaymentValueShouldDisplayOnClosingDisclosure() (0.2s)
Thread#0:B:And updated/computed APR value should display on Closing Disclosure
Thread#0:T:NUnit.Framework.AssertionException:   Computed value does not match as expected with the difference of 3.361
Thread#0:T:  Expected: 0.0d
Thread#0:T:  But was:  3.3610000000000002d
Thread#0:T:   at NUnit.Framework.Assert.That[TActual](TActual actual, IResolveConstraint expression, String message, Object[] args)
Thread#0:T:   at NUnit.Framework.Assert.AreEqual(Object expected, Object actual, String message, Object[] args)
Thread#0:T:   at TRID.StepDefinitions.CardsValidationSteps.ThenUpdatedComputedAprValueShouldDisplayOnClosingDisclosure() in F:\Projects\TRID QA\trid-462743\QA\UIAutomation\SpecFramework\StepDefinitions\CardsValidationSteps.cs:line 649
Thread#0:T:done: CardsValidationSteps.ThenUpdatedComputedAprValueShouldDisplayOnClosingDisclosure() (0.2s)
Thread#0:B:And APRWIN info value should display on Closing Disclosure
Thread#0:T:===========================================================
Thread#0:T:ExpectedInfoValue :3.3606
Thread#0:T:ActualIfoValue :3.3606
Thread#0:T:============================================================
Thread#0:T:done: CardsValidationSteps.ThenAprwinInfoValueShouldDisplayOnClosingDisclosure() (0.2s)
Thread#0:B:And updated/computed Balloon Amount value should display on Closing Disclosure
Thread#0:T:NUnit.Framework.AssertionException:   Computed value does not match as expected with the difference of 573.82
Thread#0:T:  Expected: 0.0d
Thread#0:T:  But was:  573.82000000000005d
Thread#0:T:   at NUnit.Framework.Assert.That[TActual](TActual actual, IResolveConstraint expression, String message, Object[] args)
Thread#0:T:   at NUnit.Framework.Assert.AreEqual(Object expected, Object actual, String message, Object[] args)
Thread#0:T:   at TRID.StepDefinitions.CardsValidationSteps.ThenUpdatedComputedBalloonAmountValueShouldDisplayOnClosingDisclosure() in F:\Projects\TRID QA\trid-462743\QA\UIAutomation\SpecFramework\StepDefinitions\CardsValidationSteps.cs:line 726
Thread#0:T:done: CardsValidationSteps.ThenUpdatedComputedBalloonAmountValueShouldDisplayOnClosingDisclosure() (0.2s)
Thread#0:B:And updated/computed Total of Payments value should display on Closing Disclosure
Thread#0:T:NUnit.Framework.AssertionException:   Computed value does not match as expected with the difference of 207499.76
Thread#0:T:  Expected: 0.0d
Thread#0:T:  But was:  207499.76000000001d
Thread#0:T:   at NUnit.Framework.Assert.That[TActual](TActual actual, IResolveConstraint expression, String message, Object[] args)
Thread#0:T:   at NUnit.Framework.Assert.AreEqual(Object expected, Object actual, String message, Object[] args)
Thread#0:T:   at TRID.StepDefinitions.CardsValidationSteps.ThenUpdatedComputedTotalOfPaymentsValueShouldDisplayOnClosingDisclosure() in F:\Projects\TRID QA\trid-462743\QA\UIAutomation\SpecFramework\StepDefinitions\CardsValidationSteps.cs:line 775
Thread#0:T:done: CardsValidationSteps.ThenUpdatedComputedTotalOfPaymentsValueShouldDisplayOnClosingDisclosure() (0.2s)
Thread#0:B:And updated/computed Finance Charge value should display on Closing Disclosure
Thread#0:T:NUnit.Framework.AssertionException:   Computed value does not match as expected with the difference of 76499.76
Thread#0:T:  Expected: 0.0d
Thread#0:T:  But was:  76499.759999999995d
Thread#0:T:   at NUnit.Framework.Assert.That[TActual](TActual actual, IResolveConstraint expression, String message, Object[] args)
Thread#0:T:   at NUnit.Framework.Assert.AreEqual(Object expected, Object actual, String message, Object[] args)
Thread#0:T:   at TRID.StepDefinitions.CardsValidationSteps.ThenUpdatedComputedFinanceChargeValueShouldDisplayOnClosingDisclosure() in F:\Projects\TRID QA\trid-462743\QA\UIAutomation\SpecFramework\StepDefinitions\CardsValidationSteps.cs:line 824
Thread#0:T:done: CardsValidationSteps.ThenUpdatedComputedFinanceChargeValueShouldDisplayOnClosingDisclosure() (0.2s)
Thread#0:B:And updated/computed Amount Financed value should display on Closing Disclosure
Thread#0:T:NUnit.Framework.AssertionException:   Computed value does not match as expected with the difference of 131000
Thread#0:T:  Expected: 0.0d
Thread#0:T:  But was:  131000.0d
Thread#0:T:   at NUnit.Framework.Assert.That[TActual](TActual actual, IResolveConstraint expression, String message, Object[] args)
Thread#0:T:   at NUnit.Framework.Assert.AreEqual(Object expected, Object actual, String message, Object[] args)
Thread#0:T:   at TRID.StepDefinitions.CardsValidationSteps.ThenUpdatedComputedAmountFinancedValueShouldDisplayOnClosingDisclosure() in F:\Projects\TRID QA\trid-462743\QA\UIAutomation\SpecFramework\StepDefinitions\CardsValidationSteps.cs:line 873
Thread#0:T:done: CardsValidationSteps.ThenUpdatedComputedAmountFinancedValueShouldDisplayOnClosingDisclosure() (0.2s)
Thread#0:B:And updated/computed TIP value should display on Closing Disclosure
Thread#0:T:NUnit.Framework.AssertionException:   Computed value does not match as expected with the difference of 58.4
Thread#0:T:  Expected: 0.0d
Thread#0:T:  But was:  58.399999999999999d
Thread#0:T:   at NUnit.Framework.Assert.That[TActual](TActual actual, IResolveConstraint expression, String message, Object[] args)
Thread#0:T:   at NUnit.Framework.Assert.AreEqual(Object expected, Object actual, String message, Object[] args)
Thread#0:T:   at TRID.StepDefinitions.CardsValidationSteps.ThenUpdatedComputedTipValueShouldDisplayOnClosingDisclosure() in F:\Projects\TRID QA\trid-462743\QA\UIAutomation\SpecFramework\StepDefinitions\CardsValidationSteps.cs:line 922
Thread#0:T:done: CardsValidationSteps.ThenUpdatedComputedTipValueShouldDisplayOnClosingDisclosure() (0.2s)
Thread#0:B:And updated/computed Escrow Property Costs over one year 11 Months value should display on Closing Disclosure
Thread#0:T:===========================================================
Thread#0:T:ExpectedComputedValue :0
Thread#0:T:ActualComputedValue :0
Thread#0:T:============================================================
Thread#0:T:===========================================================
Thread#0:T:ExpectedDisclosedValue :0
Thread#0:T:ActualDisclosedValue :0
Thread#0:T:============================================================
Thread#0:T:===========================================================
Thread#0:T:ExpectedVarianceValue :0
Thread#0:T:ActualVarianceValue :0
Thread#0:T:============================================================
Thread#0:T:done: CardsValidationSteps.ThenUpdatedComputedEscrowPropertyCostsOverOneYear11MonthsValueShouldDisplayOnClosingDisclosure() (0.5s)
Thread#0:B:And updated/computed Escrow Property Costs over one year 12 Months value should display on Closing Disclosure
Thread#0:T:===========================================================
Thread#0:T:ExpectedComputedValue :0
Thread#0:T:ActualComputedValue :0
Thread#0:T:============================================================
Thread#0:T:===========================================================
Thread#0:T:ExpectedDisclosedValue :0
Thread#0:T:ActualDisclosedValue :0
Thread#0:T:============================================================
Thread#0:T:===========================================================
Thread#0:T:ExpectedVarianceValue :0
Thread#0:T:ActualVarianceValue :0
Thread#0:T:============================================================
Thread#0:T:done: CardsValidationSteps.ThenUpdatedComputedEscrowPropertyCostsOverOneYear12MonthsValueShouldDisplayOnClosingDisclosure() (0.5s)
Thread#0:B:And updated/computed Initial Escrow Payment value should display on Closing Disclosure
Thread#0:T:===========================================================
Thread#0:T:ExpectedComputedValue :0
Thread#0:T:ActualComputedValue :0
Thread#0:T:============================================================
Thread#0:T:===========================================================
Thread#0:T:ExpectedDisclosedValue :0
Thread#0:T:ActualDisclosedValue :0
Thread#0:T:============================================================
Thread#0:T:===========================================================
Thread#0:T:ExpectedVarianceValue :0
Thread#0:T:ActualVarianceValue :0
Thread#0:T:============================================================
Thread#0:T:done: CardsValidationSteps.ThenUpdatedComputedInitialEscrowPaymentValueShouldDisplayOnClosingDisclosure() (0.5s)
Thread#0:B:And updated/computed Non Escrow Property Costs over one year value should display on Closing Disclosure
Thread#0:T:NUnit.Framework.AssertionException:   Computed value does not match as expected with the difference of 3300
Thread#0:T:  Expected: 0.0d
Thread#0:T:  But was:  3300.0d
Thread#0:T:   at NUnit.Framework.Assert.That[TActual](TActual actual, IResolveConstraint expression, String message, Object[] args)
Thread#0:T:   at NUnit.Framework.Assert.AreEqual(Object expected, Object actual, String message, Object[] args)
Thread#0:T:   at TRID.StepDefinitions.CardsValidationSteps.ThenUpdatedComputedNonEscrowPropertyCostsOverOneYearValueShouldDisplayOnClosingDisclosure() in F:\Projects\TRID QA\trid-462743\QA\UIAutomation\SpecFramework\StepDefinitions\CardsValidationSteps.cs:line 1120
Thread#0:T:done: CardsValidationSteps.ThenUpdatedComputedNonEscrowPropertyCostsOverOneYearValueShouldDisplayOnClosingDisclosure() (0.2s)
Thread#0:B:And updated/computed Estimated Escrow value should display on Closing Disclosure
Thread#0:T:===========================================================
Thread#0:T:ExpectedComputedValue :0
Thread#0:T:ActualComputedValue :0
Thread#0:T:============================================================
Thread#0:T:===========================================================
Thread#0:T:ExpectedDisclosedValue :0
Thread#0:T:ActualDisclosedValue :0
Thread#0:T:============================================================
Thread#0:T:===========================================================
Thread#0:T:ExpectedVarianceValue :0
Thread#0:T:ActualVarianceValue :0
Thread#0:T:============================================================
Thread#0:T:done: CardsValidationSteps.ThenUpdatedComputedEstimatedEscrowValueShouldDisplayOnClosingDisclosure() (0.5s)
Thread#0:B:And updated/computed Estimated Taxes, Insurance & Assessments value should display on Closing Disclosure
Thread#0:T:NUnit.Framework.AssertionException:   Computed value does not match as expected with the difference of 275
Thread#0:T:  Expected: 0.0d
Thread#0:T:  But was:  275.0d
Thread#0:T:   at NUnit.Framework.Assert.That[TActual](TActual actual, IResolveConstraint expression, String message, Object[] args)
Thread#0:T:   at NUnit.Framework.Assert.AreEqual(Object expected, Object actual, String message, Object[] args)
Thread#0:T:   at TRID.StepDefinitions.CardsValidationSteps.ThenUpdatedComputedEstimatedTaxesInsuranceAssessmentsValueShouldDisplayOnClosingDisclosure() in F:\Projects\TRID QA\trid-462743\QA\UIAutomation\SpecFramework\StepDefinitions\CardsValidationSteps.cs:line 1218
Thread#0:T:done: CardsValidationSteps.ThenUpdatedComputedEstimatedTaxesInsuranceAssessmentsValueShouldDisplayOnClosingDisclosure() (0.2s)
Thread#0:Scheduler: get next test for thread
Thread#:Scheduler: at the end of normal test queue
Thread#0:Scheduler: enumerator for thread is at end
Thread#0:Scheduler: No more tests for thread 
Thread#0:T:##########################################################
Thread#0:T:##########################################################
Thread#0:T:====================================================================================
Thread#0:T:Scenario Number : 138
Thread#0:T:The total number of cards Failue: 10
Thread#0:T:Name of cards Failed: || PrincipalAndInt || : NUnit.Framework.AssertionException:   Computed value does not match as expected with the difference of 606.68
Thread#0:T:  Expected: 0.0d
Thread#0:T:  But was:  606.67999999999995d
Thread#0:T:   at NUnit.Framework.Assert.That[TActual](TActual actual, IResolveConstraint expression, String message, Object[] args)
Thread#0:T:   at NUnit.Framework.Assert.AreEqual(Object expected, Object actual, String message, Object[] args)
Thread#0:T:   at TRID.StepDefinitions.CardsValidationSteps.ThenUpdatedComputedPrincipalAndInterestValueShouldDisplayOnClosingDisclosure() in F:\Projects\TRID QA\trid-462743\QA\UIAutomation\SpecFramework\StepDefinitions\CardsValidationSteps.cs:line 503 
Thread#0:T: ====================================================================================
Thread#0:T:|| EstimatedTotalMonthlyPayment || : NUnit.Framework.AssertionException:   Computed value does not match as expected with the difference of 606.68
Thread#0:T:  Expected: 0.0d
Thread#0:T:  But was:  606.67999999999995d
Thread#0:T:   at NUnit.Framework.Assert.That[TActual](TActual actual, IResolveConstraint expression, String message, Object[] args)
Thread#0:T:   at NUnit.Framework.Assert.AreEqual(Object expected, Object actual, String message, Object[] args)
Thread#0:T:   at TRID.StepDefinitions.CardsValidationSteps.ThenUpdatedComputedEstimatedTotalMonthlyPaymentValueShouldDisplayOnClosingDisclosure() in F:\Projects\TRID QA\trid-462743\QA\UIAutomation\SpecFramework\StepDefinitions\CardsValidationSteps.cs:line 600 
Thread#0:T: ====================================================================================
Thread#0:T:|| APR || : NUnit.Framework.AssertionException:   Computed value does not match as expected with the difference of 3.361
Thread#0:T:  Expected: 0.0d
Thread#0:T:  But was:  3.3610000000000002d
Thread#0:T:   at NUnit.Framework.Assert.That[TActual](TActual actual, IResolveConstraint expression, String message, Object[] args)
Thread#0:T:   at NUnit.Framework.Assert.AreEqual(Object expected, Object actual, String message, Object[] args)
Thread#0:T:   at TRID.StepDefinitions.CardsValidationSteps.ThenUpdatedComputedAprValueShouldDisplayOnClosingDisclosure() in F:\Projects\TRID QA\trid-462743\QA\UIAutomation\SpecFramework\StepDefinitions\CardsValidationSteps.cs:line 649 
Thread#0:T: ====================================================================================
Thread#0:T:|| BalloonAmount || : NUnit.Framework.AssertionException:   Computed value does not match as expected with the difference of 573.82
Thread#0:T:  Expected: 0.0d
Thread#0:T:  But was:  573.82000000000005d
Thread#0:T:   at NUnit.Framework.Assert.That[TActual](TActual actual, IResolveConstraint expression, String message, Object[] args)
Thread#0:T:   at NUnit.Framework.Assert.AreEqual(Object expected, Object actual, String message, Object[] args)
Thread#0:T:   at TRID.StepDefinitions.CardsValidationSteps.ThenUpdatedComputedBalloonAmountValueShouldDisplayOnClosingDisclosure() in F:\Projects\TRID QA\trid-462743\QA\UIAutomation\SpecFramework\StepDefinitions\CardsValidationSteps.cs:line 726 
Thread#0:T: ====================================================================================
Thread#0:T:|| TotalOfPayments || : NUnit.Framework.AssertionException:   Computed value does not match as expected with the difference of 207499.76
Thread#0:T:  Expected: 0.0d
Thread#0:T:  But was:  207499.76000000001d
Thread#0:T:   at NUnit.Framework.Assert.That[TActual](TActual actual, IResolveConstraint expression, String message, Object[] args)
Thread#0:T:   at NUnit.Framework.Assert.AreEqual(Object expected, Object actual, String message, Object[] args)
Thread#0:T:   at TRID.StepDefinitions.CardsValidationSteps.ThenUpdatedComputedTotalOfPaymentsValueShouldDisplayOnClosingDisclosure() in F:\Projects\TRID QA\trid-462743\QA\UIAutomation\SpecFramework\StepDefinitions\CardsValidationSteps.cs:line 775 
Thread#0:T: ====================================================================================
Thread#0:T:|| FinanceCharge || : NUnit.Framework.AssertionException:   Computed value does not match as expected with the difference of 76499.76
Thread#0:T:  Expected: 0.0d
Thread#0:T:  But was:  76499.759999999995d
Thread#0:T:   at NUnit.Framework.Assert.That[TActual](TActual actual, IResolveConstraint expression, String message, Object[] args)
Thread#0:T:   at NUnit.Framework.Assert.AreEqual(Object expected, Object actual, String message, Object[] args)
Thread#0:T:   at TRID.StepDefinitions.CardsValidationSteps.ThenUpdatedComputedFinanceChargeValueShouldDisplayOnClosingDisclosure() in F:\Projects\TRID QA\trid-462743\QA\UIAutomation\SpecFramework\StepDefinitions\CardsValidationSteps.cs:line 824 
Thread#0:T: ====================================================================================
Thread#0:T:|| AmountFinanced || : NUnit.Framework.AssertionException:   Computed value does not match as expected with the difference of 131000
Thread#0:T:  Expected: 0.0d
Thread#0:T:  But was:  131000.0d
Thread#0:T:   at NUnit.Framework.Assert.That[TActual](TActual actual, IResolveConstraint expression, String message, Object[] args)
Thread#0:T:   at NUnit.Framework.Assert.AreEqual(Object expected, Object actual, String message, Object[] args)
Thread#0:T:   at TRID.StepDefinitions.CardsValidationSteps.ThenUpdatedComputedAmountFinancedValueShouldDisplayOnClosingDisclosure() in F:\Projects\TRID QA\trid-462743\QA\UIAutomation\SpecFramework\StepDefinitions\CardsValidationSteps.cs:line 873 
Thread#0:T: ====================================================================================
Thread#0:T:|| TIP || : NUnit.Framework.AssertionException:   Computed value does not match as expected with the difference of 58.4
Thread#0:T:  Expected: 0.0d
Thread#0:T:  But was:  58.399999999999999d
Thread#0:T:   at NUnit.Framework.Assert.That[TActual](TActual actual, IResolveConstraint expression, String message, Object[] args)
Thread#0:T:   at NUnit.Framework.Assert.AreEqual(Object expected, Object actual, String message, Object[] args)
Thread#0:T:   at TRID.StepDefinitions.CardsValidationSteps.ThenUpdatedComputedTipValueShouldDisplayOnClosingDisclosure() in F:\Projects\TRID QA\trid-462743\QA\UIAutomation\SpecFramework\StepDefinitions\CardsValidationSteps.cs:line 922 
Thread#0:T: ====================================================================================
Thread#0:T:|| NonEscrowPropertyOverOneYear || : NUnit.Framework.AssertionException:   Computed value does not match as expected with the difference of 3300
Thread#0:T:  Expected: 0.0d
Thread#0:T:  But was:  3300.0d
Thread#0:T:   at NUnit.Framework.Assert.That[TActual](TActual actual, IResolveConstraint expression, String message, Object[] args)
Thread#0:T:   at NUnit.Framework.Assert.AreEqual(Object expected, Object actual, String message, Object[] args)
Thread#0:T:   at TRID.StepDefinitions.CardsValidationSteps.ThenUpdatedComputedNonEscrowPropertyCostsOverOneYearValueShouldDisplayOnClosingDisclosure() in F:\Projects\TRID QA\trid-462743\QA\UIAutomation\SpecFramework\StepDefinitions\CardsValidationSteps.cs:line 1120 
Thread#0:T: ====================================================================================
Thread#0:T:|| EstimatedTaxesInsuranceAssessments || : NUnit.Framework.AssertionException:   Computed value does not match as expected with the difference of 275
Thread#0:T:  Expected: 0.0d
Thread#0:T:  But was:  275.0d
Thread#0:T:   at NUnit.Framework.Assert.That[TActual](TActual actual, IResolveConstraint expression, String message, Object[] args)
Thread#0:T:   at NUnit.Framework.Assert.AreEqual(Object expected, Object actual, String message, Object[] args)
Thread#0:T:   at TRID.StepDefinitions.CardsValidationSteps.ThenUpdatedComputedEstimatedTaxesInsuranceAssessmentsValueShouldDisplayOnClosingDisclosure() in F:\Projects\TRID QA\trid-462743\QA\UIAutomation\SpecFramework\StepDefinitions\CardsValidationSteps.cs:line 1218 
Thread#0:T: ====================================================================================
Thread#0:T:====================================================================================
Thread#0:T:##########################################################
Thread#0:T:##########################################################
Thread#0: Test #302/0 is finished on thread #0 as CleanupFailed within 114.0097213 seconds
Appdomain Disposed
Thread#-1:Scheduler: get next test for thread
Thread#:Scheduler: at the end of normal test queue
Thread#-1:Scheduler: enumerator for thread is at end
Total: 1
Succeeded: 0
Ignored: 0
Pending: 0
Skipped: 0
Failed: 1
