VS filter: testpath:TestAssembly:TRID/Feature:CardsValidation/Scenario:Giving+inputs+from+Excel+file+and+validating+cards+value+on+Closing+Disclosure+page%2c+001
Discovering target: Default
Discovering tests from assembly: F:\Projects\TRID QA\trid-462743\QA\UIAutomation\SpecFramework\bin\Debug\TRID.dll
Appdomain Disposed
Test Suite Dump
#0: TRID/Default - 
#1: Default - 
#2: TRID - 
#122: CardsValidation - 
#240: Giving inputs from Excel file and validating cards value on Closing Disclosure page, 001 - TestAssembly:TRID/Feature:CardsValidation/Scenario:Giving+inputs+from+Excel+file+and+validating+cards+value+on+Closing+Disclosure+page%2c+001
End: Test Suite Dump
Thread#0:Scheduler: get next test for thread
Thread#:Scheduler: testitem #240 from normal test queue 
Thread#0:Scheduler: considering testitem #240 for thread
Thread#0:Scheduler: using testitem #240 for thread
Thread#0:Scheduler: Test #240 is scheduled for thread
Thread#0:Scheduler: with testItemExecutionIndex 0
Thread #0: creating new test thread executor for TRID, Version=1.0.0.0, Culture=neutral, PublicKeyToken=null (target: Default)
Loading SpecRun type 'TechTalk.SpecRun.Framework.TestAssemblyExecutor' from: C:\Users\sandees\AppData\Local\Temp\VisualStudioTestExplorerExtensions\SpecRun.Runner.1.5.2\tools\TechTalk.SpecRun.Framework.Executor.dll
Thread#0: Test #240/0 is started on thread #0
Thread#0:B:Given user is at TRID application homepage
Thread#0:T:done: CardsValidationSteps.GivenUserIsAtTridApplicationHomepage() (25.7s)
Thread#0:B:And user have closing disclosure data from excel sheet ClosingDisclosure for the scenario 2
Thread#0:T:done: CardsValidationSteps.GivenUserHaveClosingDisclosureDataFromExcelSheetForTheScenario("ClosingDisclosure", 2) (1.2s)
Thread#0:B:And user have Mortgage Insurance data from excel sheet MortgageInsurance for the scenario 2
Thread#0:T:done: CardsValidationSteps.GivenUserHaveMortgageInsuranceDataFromExcelSheetForTheScenarioMortgageInsurance("MortgageInsurance", 2) (0.7s)
Thread#0:B:And user have variable loan data from excel sheet ARM Terms for the scenario 1
Thread#0:T:done: CardsValidationSteps.GivenUserHaveVariableLoanDataFromExcelSheetForTheScenario("ARM Terms", 1) (0.7s)
Thread#0:B:And user have Prepaid Charges data from excel sheet PrepaidCharges for the scenario 2
Thread#0:T:done: CardsValidationSteps.GivenUserHavePrepaidChargesDataFromExcelSheetPrepaidChargesForTheScenario("PrepaidCharges", 2) (0.8s)
Thread#0:B:And user have Export data from excel sheet Export for the scenario 2
Thread#0:T:done: CardsValidationSteps.GivenUserHaveExportDataFromExcelSheetExportForTheScenario("Export", 2) (0.6s)
Thread#0:B:And user have Escrow Grid data from excel sheet EscrowGrid for the scenario 2
Thread#0:T:done: CardsValidationSteps.GivenUserHaveEscrowGridDataFromExcelSheetForTheScenario("EscrowGrid", 2) (0.7s)
Thread#0:B:When user navigate to Loan Inputs Page
Thread#0:T:done: CardsValidationSteps.WhenUserNavigateToLoanInputsPage() (1.1s)
Thread#0:B:And user selects Calculation Method
Thread#0:T:done: CardsValidationSteps.WhenUserSelectsCalculationMethodInClosingDisclosurePage() (0.2s)
Thread#0:B:And user selects loan type
Thread#0:T:done: CardsValidationSteps.WhenUserSelectsLoanTypeInClosingDisclosurePage() (0.1s)
Thread#0:B:And user selects Frequency of Payments
Thread#0:T:done: CardsValidationSteps.WhenUserSelectsFrequencyOfPaymentsInClosingDisclosurePage() (0.1s)
Thread#0:B:And user selects Loan Term
Thread#0:T:done: CardsValidationSteps.WhenUserSelectsLoanTermInClosingDisclosurePage() (0.1s)
Thread#0:B:And user selects Repayment Term Type
Thread#0:T:done: CardsValidationSteps.WhenUserSelectsRepaymentTermTypeInClosingDisclosurePage() (0.1s)
Thread#0:B:And user enters Loan detail input values for computation
Thread#0:T:done: CardsValidationSteps.WhenUserEntersLoanDetailInputValuesForComputationforClosingDisclosurepage() (2.1s)
Thread#0:B:And user enters pmi rate values
Thread#0:T:done: CardsValidationSteps.WhenUserEntersPmiRateValues() (2.0s)
Thread#0:B:And user enters other pmi input values
Thread#0:T:done: CardsValidationSteps.WhenUserEntersOtherPmiInputValues() (0.7s)
Thread#0:B:And user enters Escrow Grid Input values
Thread#0:T:done: CardsValidationSteps.WhenUserEntersEscrowGridInputValues() (4.3s)
Thread#0:B:And user enters all input values for Prepaid Charges
Thread#0:T:done: CardsValidationSteps.WhenUserEntersAllInputValuesForPrepaidCharges() (3.3s)
Thread#0:B:And user enters input value for prepaid custom fields
Thread#0:T:done: CardsValidationSteps.WhenUserEntersInputValueForPrepaidCustomFields() (0.0s)
Thread#0:B:And user navigates to Disclosure Inputs Page
Thread#0:T:done: CardsValidationSteps.WhenUserNavigatesToDisclosureInputsPage() (0.3s)
Thread#0:B:And user enters disclosed input values for Closing Disclosure Loan Terms & Projected Payments
Thread#0:T:done: CardsValidationSteps.WhenUserEntersDisclosedInputValuesForClosingDisclosureLoanTermsProjectedPayments() (0.8s)
Thread#0:B:And user enters disclosed input values for Closing Disclosure Loan Calculations
Thread#0:T:done: CardsValidationSteps.WhenUserEntersDisclosedInputValuesForClosingDisclosureLoanCalculations() (0.9s)
Thread#0:B:And user enters disclosed input values for Property Cost and Escrow
Thread#0:T:done: CardsValidationSteps.WhenUserEntersDisclosedInputValuesForPropertyCostAndEscrow() (0.5s)
Thread#0:B:And user navigates to Loan Estimate Cards Page
Thread#0:T:done: CardsValidationSteps.WhenUserNavigatesToLoanEstimateCardsPage() (0.8s)
Thread#0:B:And user enters disclsoed input values for Loan Estimate - Comparisons
Thread#0:T:done: CardsValidationSteps.WhenUserEntersDisclsoedInputValuesForLoanEstimate_Comparisons() (0.5s)
Thread#0:B:And user navigates to Export Page
Thread#0:T:done: CardsValidationSteps.WhenUserNavigatesToExportPage() (0.3s)
Thread#0:B:And user enters all input values for Export Page
Thread#0:T:done: CardsValidationSteps.WhenUserEntersAllInputValuesForExportPage() (1.0s)
Thread#0:B:And user clicks on Export button to generate JSON file
Thread#0:T:done: CardsValidationSteps.WhenUserClicksOnExportButtonToGenerateJsonFile() (3.1s)
Thread#0:B:And user navigates to Closing Disclosure Cards Page
Thread#0:T:done: CardsValidationSteps.WhenUserNavigatesToClosingDisclosureCardsPage() (0.4s)
Thread#0:B:Then updated/computed Principal and Interest value should display on Closing Disclosure
Thread#0:T:===========================================================
Thread#0:T:ExpectedComputedValue :606.91
Thread#0:T:ActualComputedValue :606.91
Thread#0:T:============================================================
Thread#0:T:===========================================================
Thread#0:T:ExpectedDisclosedValue :606.91
Thread#0:T:ActualDisclosedValue :606.91
Thread#0:T:============================================================
Thread#0:T:===========================================================
Thread#0:T:ExpectedVarianceValue :0
Thread#0:T:ActualVarianceValue :0
Thread#0:T:============================================================
Thread#0:T:done: CardsValidationSteps.ThenUpdatedComputedPrincipalAndInterestValueShouldDisplayOnClosingDisclosure() (0.5s)
Thread#0:B:And updated/computed Mortgage Insurance value should display on Closing Disclosure
Thread#0:T:===========================================================
Thread#0:T:ExpectedComputedValue :40.39
Thread#0:T:ActualComputedValue :40.39
Thread#0:T:============================================================
Thread#0:T:===========================================================
Thread#0:T:ExpectedDisclosedValue :40.39
Thread#0:T:ActualDisclosedValue :40.39
Thread#0:T:============================================================
Thread#0:T:===========================================================
Thread#0:T:ExpectedVarianceValue :0
Thread#0:T:ActualVarianceValue :0
Thread#0:T:============================================================
Thread#0:T:done: CardsValidationSteps.ThenUpdatedComputedMortgageInsuranceValueShouldDisplayOnClosingDisclosure() (0.4s)
Thread#0:B:And updated/computed Scheduled PMI Termination Date value should display on Closing Disclosure
Thread#0:T:System.FormatException: The string was not recognized as a valid DateTime. There is an unknown word starting at index 1.
Thread#0:T:   at System.DateTimeParse.Parse(String s, DateTimeFormatInfo dtfi, DateTimeStyles styles)
Thread#0:T:   at System.Convert.ToDateTime(String value)
Thread#0:T:   at TRID.ProjectLibs.Common.ProjActions.GetDatePart(By element) in F:\Projects\TRID QA\trid-462743\QA\UIAutomation\SpecFramework\ProjectLibs\Common\ProjActions.cs:line 100
Thread#0:T:   at TRID.StepDefinitions.CardsValidationSteps.ThenUpdatedComputedScheduledPmiTerminationDateValueShouldDisplayOnClosingDisclosure() in F:\Projects\TRID QA\trid-462743\QA\UIAutomation\SpecFramework\StepDefinitions\CardsValidationSteps.cs:line 603
Thread#0:T:done: CardsValidationSteps.ThenUpdatedComputedScheduledPmiTerminationDateValueShouldDisplayOnClosingDisclosure() (0.1s)
Thread#0:B:And updated/computed Estimated Total Monthly Payment value should display on Closing Disclosure
Thread#0:T:NUnit.Framework.AssertionException:   Computed value does not match as expected with the difference of 200
Thread#0:T:  Expected: 847.29999999999995d
Thread#0:T:  But was:  647.29999999999995d
Thread#0:T:   at NUnit.Framework.Assert.That[TActual](TActual actual, IResolveConstraint expression, String message, Object[] args)
Thread#0:T:   at NUnit.Framework.Assert.AreEqual(Object expected, Object actual, String message, Object[] args)
Thread#0:T:   at TRID.StepDefinitions.CardsValidationSteps.ThenUpdatedComputedEstimatedTotalMonthlyPaymentValueShouldDisplayOnClosingDisclosure() in F:\Projects\TRID QA\trid-462743\QA\UIAutomation\SpecFramework\StepDefinitions\CardsValidationSteps.cs:line 701
Thread#0:T:done: CardsValidationSteps.ThenUpdatedComputedEstimatedTotalMonthlyPaymentValueShouldDisplayOnClosingDisclosure() (0.2s)
Thread#0:B:And updated/computed APR value should display on Closing Disclosure
Thread#0:T:NUnit.Framework.AssertionException:   Computed value does not match as expected with the difference of 3.866
Thread#0:T:  Expected: 3.8660000000000001d
Thread#0:T:  But was:  0.0d
Thread#0:T:   at NUnit.Framework.Assert.That[TActual](TActual actual, IResolveConstraint expression, String message, Object[] args)
Thread#0:T:   at NUnit.Framework.Assert.AreEqual(Object expected, Object actual, String message, Object[] args)
Thread#0:T:   at TRID.StepDefinitions.CardsValidationSteps.ThenUpdatedComputedAprValueShouldDisplayOnClosingDisclosure() in F:\Projects\TRID QA\trid-462743\QA\UIAutomation\SpecFramework\StepDefinitions\CardsValidationSteps.cs:line 750
Thread#0:T:done: CardsValidationSteps.ThenUpdatedComputedAprValueShouldDisplayOnClosingDisclosure() (0.2s)
Thread#0:B:And APRWIN info value should display on Closing Disclosure
Thread#0:T:NUnit.Framework.AssertionException:   Apr Info value does not match as expected with the difference of 3.8659
Thread#0:T:  Expected: 3.8658999999999999d
Thread#0:T:  But was:  0.0d
Thread#0:T:   at NUnit.Framework.Assert.That[TActual](TActual actual, IResolveConstraint expression, String message, Object[] args)
Thread#0:T:   at NUnit.Framework.Assert.AreEqual(Object expected, Object actual, String message, Object[] args)
Thread#0:T:   at TRID.StepDefinitions.CardsValidationSteps.ThenAprwinInfoValueShouldDisplayOnClosingDisclosure() in F:\Projects\TRID QA\trid-462743\QA\UIAutomation\SpecFramework\StepDefinitions\CardsValidationSteps.cs:line 799
Thread#0:T:done: CardsValidationSteps.ThenAprwinInfoValueShouldDisplayOnClosingDisclosure() (0.2s)
Thread#0:B:And updated/computed Balloon Amount value should display on Closing Disclosure
Thread#0:T:NUnit.Framework.AssertionException:   Computed value does not match as expected with the difference of 1.70999999999992
Thread#0:T:  Expected: 605.20000000000005d
Thread#0:T:  But was:  606.90999999999997d
Thread#0:T:   at NUnit.Framework.Assert.That[TActual](TActual actual, IResolveConstraint expression, String message, Object[] args)
Thread#0:T:   at NUnit.Framework.Assert.AreEqual(Object expected, Object actual, String message, Object[] args)
Thread#0:T:   at TRID.StepDefinitions.CardsValidationSteps.ThenUpdatedComputedBalloonAmountValueShouldDisplayOnClosingDisclosure() in F:\Projects\TRID QA\trid-462743\QA\UIAutomation\SpecFramework\StepDefinitions\CardsValidationSteps.cs:line 827
Thread#0:T:done: CardsValidationSteps.ThenUpdatedComputedBalloonAmountValueShouldDisplayOnClosingDisclosure() (0.2s)
Thread#0:B:And updated/computed Total of Payments value should display on Closing Disclosure
Thread#0:T:NUnit.Framework.AssertionException:   Computed value does not match as expected with the difference of 219777.31
Thread#0:T:  Expected: 220424.60999999999d
Thread#0:T:  But was:  647.29999999999995d
Thread#0:T:   at NUnit.Framework.Assert.That[TActual](TActual actual, IResolveConstraint expression, String message, Object[] args)
Thread#0:T:   at NUnit.Framework.Assert.AreEqual(Object expected, Object actual, String message, Object[] args)
Thread#0:T:   at TRID.StepDefinitions.CardsValidationSteps.ThenUpdatedComputedTotalOfPaymentsValueShouldDisplayOnClosingDisclosure() in F:\Projects\TRID QA\trid-462743\QA\UIAutomation\SpecFramework\StepDefinitions\CardsValidationSteps.cs:line 876
Thread#0:T:done: CardsValidationSteps.ThenUpdatedComputedTotalOfPaymentsValueShouldDisplayOnClosingDisclosure() (0.2s)
Thread#0:B:And updated/computed Finance Charge value should display on Closing Disclosure
Thread#0:T:NUnit.Framework.AssertionException:   Computed value does not match as expected with the difference of 88966.99
Thread#0:T:  Expected: 89424.610000000001d
Thread#0:T:  But was:  457.62d
Thread#0:T:   at NUnit.Framework.Assert.That[TActual](TActual actual, IResolveConstraint expression, String message, Object[] args)
Thread#0:T:   at NUnit.Framework.Assert.AreEqual(Object expected, Object actual, String message, Object[] args)
Thread#0:T:   at TRID.StepDefinitions.CardsValidationSteps.ThenUpdatedComputedFinanceChargeValueShouldDisplayOnClosingDisclosure() in F:\Projects\TRID QA\trid-462743\QA\UIAutomation\SpecFramework\StepDefinitions\CardsValidationSteps.cs:line 925
Thread#0:T:done: CardsValidationSteps.ThenUpdatedComputedFinanceChargeValueShouldDisplayOnClosingDisclosure() (0.2s)
Thread#0:B:And updated/computed Prepaid Charges value should display on Closing Disclosure
Thread#0:T:===========================================================
Thread#0:T:ExpectedComputedValue :0
Thread#0:T:ActualComputedValue :0
Thread#0:T:============================================================
Thread#0:T:===========================================================
Thread#0:T:ExpectedDisclosedValue :0
Thread#0:T:ActualDisclosedValue :0
Thread#0:T:============================================================
Thread#0:T:===========================================================
Thread#0:T:ExpectedVarianceValue :0
Thread#0:T:ActualVarianceValue :0
Thread#0:T:============================================================
Thread#0:T:done: CardsValidationSteps.ThenUpdatedComputedPrepaidChargesValueShouldDisplayOnClosingDisclosure() (0.4s)
Thread#0:B:And updated/computed Amount Financed value should display on Closing Disclosure
Thread#0:T:===========================================================
Thread#0:T:ExpectedComputedValue :131000
Thread#0:T:ActualComputedValue :131000
Thread#0:T:============================================================
Thread#0:T:===========================================================
Thread#0:T:ExpectedDisclosedValue :131000
Thread#0:T:ActualDisclosedValue :131000
Thread#0:T:============================================================
Thread#0:T:===========================================================
Thread#0:T:ExpectedVarianceValue :0
Thread#0:T:ActualVarianceValue :0
Thread#0:T:============================================================
Thread#0:T:done: CardsValidationSteps.ThenUpdatedComputedAmountFinancedValueShouldDisplayOnClosingDisclosure() (0.4s)
Thread#0:B:And updated/computed TIP value should display on Closing Disclosure
Thread#0:T:NUnit.Framework.AssertionException:   Computed value does not match as expected with the difference of 66.46
Thread#0:T:  Expected: 66.780000000000001d
Thread#0:T:  But was:  0.32000000000000001d
Thread#0:T:   at NUnit.Framework.Assert.That[TActual](TActual actual, IResolveConstraint expression, String message, Object[] args)
Thread#0:T:   at NUnit.Framework.Assert.AreEqual(Object expected, Object actual, String message, Object[] args)
Thread#0:T:   at TRID.StepDefinitions.CardsValidationSteps.ThenUpdatedComputedTipValueShouldDisplayOnClosingDisclosure() in F:\Projects\TRID QA\trid-462743\QA\UIAutomation\SpecFramework\StepDefinitions\CardsValidationSteps.cs:line 1072
Thread#0:T:done: CardsValidationSteps.ThenUpdatedComputedTipValueShouldDisplayOnClosingDisclosure() (0.2s)
Thread#0:B:And updated/computed Escrow Property Costs over one year 11 Months value should display on Closing Disclosure
Thread#0:T:NUnit.Framework.AssertionException:   Computed value does not match as expected with the difference of 2400
Thread#0:T:  Expected: 2400.0d
Thread#0:T:  But was:  0.0d
Thread#0:T:   at NUnit.Framework.Assert.That[TActual](TActual actual, IResolveConstraint expression, String message, Object[] args)
Thread#0:T:   at NUnit.Framework.Assert.AreEqual(Object expected, Object actual, String message, Object[] args)
Thread#0:T:   at TRID.StepDefinitions.CardsValidationSteps.ThenUpdatedComputedEscrowPropertyCostsOverOneYear11MonthsValueShouldDisplayOnClosingDisclosure() in F:\Projects\TRID QA\trid-462743\QA\UIAutomation\SpecFramework\StepDefinitions\CardsValidationSteps.cs:line 1121
Thread#0:T:done: CardsValidationSteps.ThenUpdatedComputedEscrowPropertyCostsOverOneYear11MonthsValueShouldDisplayOnClosingDisclosure() (0.2s)
Thread#0:B:And updated/computed Escrow Property Costs over one year 12 Months value should display on Closing Disclosure
Thread#0:T:NUnit.Framework.AssertionException:   Computed value does not match as expected with the difference of 2400
Thread#0:T:  Expected: 2400.0d
Thread#0:T:  But was:  0.0d
Thread#0:T:   at NUnit.Framework.Assert.That[TActual](TActual actual, IResolveConstraint expression, String message, Object[] args)
Thread#0:T:   at NUnit.Framework.Assert.AreEqual(Object expected, Object actual, String message, Object[] args)
Thread#0:T:   at TRID.StepDefinitions.CardsValidationSteps.ThenUpdatedComputedEscrowPropertyCostsOverOneYear12MonthsValueShouldDisplayOnClosingDisclosure() in F:\Projects\TRID QA\trid-462743\QA\UIAutomation\SpecFramework\StepDefinitions\CardsValidationSteps.cs:line 1170
Thread#0:T:done: CardsValidationSteps.ThenUpdatedComputedEscrowPropertyCostsOverOneYear12MonthsValueShouldDisplayOnClosingDisclosure() (0.2s)
Thread#0:B:And updated/computed Initial Escrow Payment value should display on Closing Disclosure
Thread#0:T:NUnit.Framework.AssertionException:   Computed value does not match as expected with the difference of 1200
Thread#0:T:  Expected: 1200.0d
Thread#0:T:  But was:  0.0d
Thread#0:T:   at NUnit.Framework.Assert.That[TActual](TActual actual, IResolveConstraint expression, String message, Object[] args)
Thread#0:T:   at NUnit.Framework.Assert.AreEqual(Object expected, Object actual, String message, Object[] args)
Thread#0:T:   at TRID.StepDefinitions.CardsValidationSteps.ThenUpdatedComputedInitialEscrowPaymentValueShouldDisplayOnClosingDisclosure() in F:\Projects\TRID QA\trid-462743\QA\UIAutomation\SpecFramework\StepDefinitions\CardsValidationSteps.cs:line 1220
Thread#0:T:done: CardsValidationSteps.ThenUpdatedComputedInitialEscrowPaymentValueShouldDisplayOnClosingDisclosure() (0.2s)
Thread#0:B:And updated/computed Non Escrow Property Costs over one year value should display on Closing Disclosure
Thread#0:T:NUnit.Framework.AssertionException:   Computed value does not match as expected with the difference of 900
Thread#0:T:  Expected: 900.0d
Thread#0:T:  But was:  0.0d
Thread#0:T:   at NUnit.Framework.Assert.That[TActual](TActual actual, IResolveConstraint expression, String message, Object[] args)
Thread#0:T:   at NUnit.Framework.Assert.AreEqual(Object expected, Object actual, String message, Object[] args)
Thread#0:T:   at TRID.StepDefinitions.CardsValidationSteps.ThenUpdatedComputedNonEscrowPropertyCostsOverOneYearValueShouldDisplayOnClosingDisclosure() in F:\Projects\TRID QA\trid-462743\QA\UIAutomation\SpecFramework\StepDefinitions\CardsValidationSteps.cs:line 1270
Thread#0:T:done: CardsValidationSteps.ThenUpdatedComputedNonEscrowPropertyCostsOverOneYearValueShouldDisplayOnClosingDisclosure() (0.2s)
Thread#0:B:And updated/computed Estimated Escrow value should display on Closing Disclosure
Thread#0:T:NUnit.Framework.AssertionException:   Computed value does not match as expected with the difference of 200
Thread#0:T:  Expected: 200.0d
Thread#0:T:  But was:  0.0d
Thread#0:T:   at NUnit.Framework.Assert.That[TActual](TActual actual, IResolveConstraint expression, String message, Object[] args)
Thread#0:T:   at NUnit.Framework.Assert.AreEqual(Object expected, Object actual, String message, Object[] args)
Thread#0:T:   at TRID.StepDefinitions.CardsValidationSteps.ThenUpdatedComputedEstimatedEscrowValueShouldDisplayOnClosingDisclosure() in F:\Projects\TRID QA\trid-462743\QA\UIAutomation\SpecFramework\StepDefinitions\CardsValidationSteps.cs:line 1319
Thread#0:T:done: CardsValidationSteps.ThenUpdatedComputedEstimatedEscrowValueShouldDisplayOnClosingDisclosure() (0.2s)
Thread#0:B:And updated/computed Estimated Taxes, Insurance & Assessments value should display on Closing Disclosure
Thread#0:T:===========================================================
Thread#0:T:ExpectedComputedValue :275
Thread#0:T:ActualComputedValue :275
Thread#0:T:============================================================
Thread#0:T:===========================================================
Thread#0:T:ExpectedDisclosedValue :275
Thread#0:T:ActualDisclosedValue :275
Thread#0:T:============================================================
Thread#0:T:===========================================================
Thread#0:T:ExpectedVarianceValue :0
Thread#0:T:ActualVarianceValue :0
Thread#0:T:============================================================
Thread#0:T:done: CardsValidationSteps.ThenUpdatedComputedEstimatedTaxesInsuranceAssessmentsValueShouldDisplayOnClosingDisclosure() (0.4s)
Thread#0:Scheduler: get next test for thread
Thread#:Scheduler: at the end of normal test queue
Thread#0:Scheduler: enumerator for thread is at end
Thread#0:Scheduler: No more tests for thread 
Thread#0:T:##########################################################
Thread#0:T:##########################################################
Thread#0:T:====================================================================================
Thread#0:T:Scenario Number : 1
Thread#0:T:The total number of cards Failue: 13
Thread#0:T:Name of cards Failed: || ScheduledPMITerminationDate || : System.FormatException: The string was not recognized as a valid DateTime. There is an unknown word starting at index 1.
Thread#0:T:   at System.DateTimeParse.Parse(String s, DateTimeFormatInfo dtfi, DateTimeStyles styles)
Thread#0:T:   at System.Convert.ToDateTime(String value)
Thread#0:T:   at TRID.ProjectLibs.Common.ProjActions.GetDatePart(By element) in F:\Projects\TRID QA\trid-462743\QA\UIAutomation\SpecFramework\ProjectLibs\Common\ProjActions.cs:line 100
Thread#0:T:   at TRID.StepDefinitions.CardsValidationSteps.ThenUpdatedComputedScheduledPmiTerminationDateValueShouldDisplayOnClosingDisclosure() in F:\Projects\TRID QA\trid-462743\QA\UIAutomation\SpecFramework\StepDefinitions\CardsValidationSteps.cs:line 603 
Thread#0:T: ====================================================================================
Thread#0:T:|| EstimatedTotalMonthlyPayment || : NUnit.Framework.AssertionException:   Computed value does not match as expected with the difference of 200
Thread#0:T:  Expected: 847.29999999999995d
Thread#0:T:  But was:  647.29999999999995d
Thread#0:T:   at NUnit.Framework.Assert.That[TActual](TActual actual, IResolveConstraint expression, String message, Object[] args)
Thread#0:T:   at NUnit.Framework.Assert.AreEqual(Object expected, Object actual, String message, Object[] args)
Thread#0:T:   at TRID.StepDefinitions.CardsValidationSteps.ThenUpdatedComputedEstimatedTotalMonthlyPaymentValueShouldDisplayOnClosingDisclosure() in F:\Projects\TRID QA\trid-462743\QA\UIAutomation\SpecFramework\StepDefinitions\CardsValidationSteps.cs:line 701 
Thread#0:T: ====================================================================================
Thread#0:T:|| APR || : NUnit.Framework.AssertionException:   Computed value does not match as expected with the difference of 3.866
Thread#0:T:  Expected: 3.8660000000000001d
Thread#0:T:  But was:  0.0d
Thread#0:T:   at NUnit.Framework.Assert.That[TActual](TActual actual, IResolveConstraint expression, String message, Object[] args)
Thread#0:T:   at NUnit.Framework.Assert.AreEqual(Object expected, Object actual, String message, Object[] args)
Thread#0:T:   at TRID.StepDefinitions.CardsValidationSteps.ThenUpdatedComputedAprValueShouldDisplayOnClosingDisclosure() in F:\Projects\TRID QA\trid-462743\QA\UIAutomation\SpecFramework\StepDefinitions\CardsValidationSteps.cs:line 750 
Thread#0:T: ====================================================================================
Thread#0:T:|| APRWIN || : NUnit.Framework.AssertionException:   Apr Info value does not match as expected with the difference of 3.8659
Thread#0:T:  Expected: 3.8658999999999999d
Thread#0:T:  But was:  0.0d
Thread#0:T:   at NUnit.Framework.Assert.That[TActual](TActual actual, IResolveConstraint expression, String message, Object[] args)
Thread#0:T:   at NUnit.Framework.Assert.AreEqual(Object expected, Object actual, String message, Object[] args)
Thread#0:T:   at TRID.StepDefinitions.CardsValidationSteps.ThenAprwinInfoValueShouldDisplayOnClosingDisclosure() in F:\Projects\TRID QA\trid-462743\QA\UIAutomation\SpecFramework\StepDefinitions\CardsValidationSteps.cs:line 799 
Thread#0:T: ====================================================================================
Thread#0:T:|| BalloonAmount || : NUnit.Framework.AssertionException:   Computed value does not match as expected with the difference of 1.70999999999992
Thread#0:T:  Expected: 605.20000000000005d
Thread#0:T:  But was:  606.90999999999997d
Thread#0:T:   at NUnit.Framework.Assert.That[TActual](TActual actual, IResolveConstraint expression, String message, Object[] args)
Thread#0:T:   at NUnit.Framework.Assert.AreEqual(Object expected, Object actual, String message, Object[] args)
Thread#0:T:   at TRID.StepDefinitions.CardsValidationSteps.ThenUpdatedComputedBalloonAmountValueShouldDisplayOnClosingDisclosure() in F:\Projects\TRID QA\trid-462743\QA\UIAutomation\SpecFramework\StepDefinitions\CardsValidationSteps.cs:line 827 
Thread#0:T: ====================================================================================
Thread#0:T:|| TotalOfPayments || : NUnit.Framework.AssertionException:   Computed value does not match as expected with the difference of 219777.31
Thread#0:T:  Expected: 220424.60999999999d
Thread#0:T:  But was:  647.29999999999995d
Thread#0:T:   at NUnit.Framework.Assert.That[TActual](TActual actual, IResolveConstraint expression, String message, Object[] args)
Thread#0:T:   at NUnit.Framework.Assert.AreEqual(Object expected, Object actual, String message, Object[] args)
Thread#0:T:   at TRID.StepDefinitions.CardsValidationSteps.ThenUpdatedComputedTotalOfPaymentsValueShouldDisplayOnClosingDisclosure() in F:\Projects\TRID QA\trid-462743\QA\UIAutomation\SpecFramework\StepDefinitions\CardsValidationSteps.cs:line 876 
Thread#0:T: ====================================================================================
Thread#0:T:|| FinanceCharge || : NUnit.Framework.AssertionException:   Computed value does not match as expected with the difference of 88966.99
Thread#0:T:  Expected: 89424.610000000001d
Thread#0:T:  But was:  457.62d
Thread#0:T:   at NUnit.Framework.Assert.That[TActual](TActual actual, IResolveConstraint expression, String message, Object[] args)
Thread#0:T:   at NUnit.Framework.Assert.AreEqual(Object expected, Object actual, String message, Object[] args)
Thread#0:T:   at TRID.StepDefinitions.CardsValidationSteps.ThenUpdatedComputedFinanceChargeValueShouldDisplayOnClosingDisclosure() in F:\Projects\TRID QA\trid-462743\QA\UIAutomation\SpecFramework\StepDefinitions\CardsValidationSteps.cs:line 925 
Thread#0:T: ====================================================================================
Thread#0:T:|| TIP || : NUnit.Framework.AssertionException:   Computed value does not match as expected with the difference of 66.46
Thread#0:T:  Expected: 66.780000000000001d
Thread#0:T:  But was:  0.32000000000000001d
Thread#0:T:   at NUnit.Framework.Assert.That[TActual](TActual actual, IResolveConstraint expression, String message, Object[] args)
Thread#0:T:   at NUnit.Framework.Assert.AreEqual(Object expected, Object actual, String message, Object[] args)
Thread#0:T:   at TRID.StepDefinitions.CardsValidationSteps.ThenUpdatedComputedTipValueShouldDisplayOnClosingDisclosure() in F:\Projects\TRID QA\trid-462743\QA\UIAutomation\SpecFramework\StepDefinitions\CardsValidationSteps.cs:line 1072 
Thread#0:T: ====================================================================================
Thread#0:T:|| EscrowPropertyOver1Year11Months || : NUnit.Framework.AssertionException:   Computed value does not match as expected with the difference of 2400
Thread#0:T:  Expected: 2400.0d
Thread#0:T:  But was:  0.0d
Thread#0:T:   at NUnit.Framework.Assert.That[TActual](TActual actual, IResolveConstraint expression, String message, Object[] args)
Thread#0:T:   at NUnit.Framework.Assert.AreEqual(Object expected, Object actual, String message, Object[] args)
Thread#0:T:   at TRID.StepDefinitions.CardsValidationSteps.ThenUpdatedComputedEscrowPropertyCostsOverOneYear11MonthsValueShouldDisplayOnClosingDisclosure() in F:\Projects\TRID QA\trid-462743\QA\UIAutomation\SpecFramework\StepDefinitions\CardsValidationSteps.cs:line 1121 
Thread#0:T: ====================================================================================
Thread#0:T:|| EscrowPropertyOver1Year12Months || : NUnit.Framework.AssertionException:   Computed value does not match as expected with the difference of 2400
Thread#0:T:  Expected: 2400.0d
Thread#0:T:  But was:  0.0d
Thread#0:T:   at NUnit.Framework.Assert.That[TActual](TActual actual, IResolveConstraint expression, String message, Object[] args)
Thread#0:T:   at NUnit.Framework.Assert.AreEqual(Object expected, Object actual, String message, Object[] args)
Thread#0:T:   at TRID.StepDefinitions.CardsValidationSteps.ThenUpdatedComputedEscrowPropertyCostsOverOneYear12MonthsValueShouldDisplayOnClosingDisclosure() in F:\Projects\TRID QA\trid-462743\QA\UIAutomation\SpecFramework\StepDefinitions\CardsValidationSteps.cs:line 1170 
Thread#0:T: ====================================================================================
Thread#0:T:|| InitialEscrowPayment || : NUnit.Framework.AssertionException:   Computed value does not match as expected with the difference of 1200
Thread#0:T:  Expected: 1200.0d
Thread#0:T:  But was:  0.0d
Thread#0:T:   at NUnit.Framework.Assert.That[TActual](TActual actual, IResolveConstraint expression, String message, Object[] args)
Thread#0:T:   at NUnit.Framework.Assert.AreEqual(Object expected, Object actual, String message, Object[] args)
Thread#0:T:   at TRID.StepDefinitions.CardsValidationSteps.ThenUpdatedComputedInitialEscrowPaymentValueShouldDisplayOnClosingDisclosure() in F:\Projects\TRID QA\trid-462743\QA\UIAutomation\SpecFramework\StepDefinitions\CardsValidationSteps.cs:line 1220 
Thread#0:T: ====================================================================================
Thread#0:T:|| NonEscrowPropertyOverOneYear || : NUnit.Framework.AssertionException:   Computed value does not match as expected with the difference of 900
Thread#0:T:  Expected: 900.0d
Thread#0:T:  But was:  0.0d
Thread#0:T:   at NUnit.Framework.Assert.That[TActual](TActual actual, IResolveConstraint expression, String message, Object[] args)
Thread#0:T:   at NUnit.Framework.Assert.AreEqual(Object expected, Object actual, String message, Object[] args)
Thread#0:T:   at TRID.StepDefinitions.CardsValidationSteps.ThenUpdatedComputedNonEscrowPropertyCostsOverOneYearValueShouldDisplayOnClosingDisclosure() in F:\Projects\TRID QA\trid-462743\QA\UIAutomation\SpecFramework\StepDefinitions\CardsValidationSteps.cs:line 1270 
Thread#0:T: ====================================================================================
Thread#0:T:|| EstimatedEscrow || : NUnit.Framework.AssertionException:   Computed value does not match as expected with the difference of 200
Thread#0:T:  Expected: 200.0d
Thread#0:T:  But was:  0.0d
Thread#0:T:   at NUnit.Framework.Assert.That[TActual](TActual actual, IResolveConstraint expression, String message, Object[] args)
Thread#0:T:   at NUnit.Framework.Assert.AreEqual(Object expected, Object actual, String message, Object[] args)
Thread#0:T:   at TRID.StepDefinitions.CardsValidationSteps.ThenUpdatedComputedEstimatedEscrowValueShouldDisplayOnClosingDisclosure() in F:\Projects\TRID QA\trid-462743\QA\UIAutomation\SpecFramework\StepDefinitions\CardsValidationSteps.cs:line 1319 
Thread#0:T: ====================================================================================
Thread#0:T:====================================================================================
Thread#0:T:##########################################################
Thread#0:T:##########################################################
Thread#0: Test #240/0 is finished on thread #0 as CleanupFailed within 67.3535943 seconds
Appdomain Disposed
Thread#-1:Scheduler: get next test for thread
Thread#:Scheduler: at the end of normal test queue
Thread#-1:Scheduler: enumerator for thread is at end
Total: 1
Succeeded: 0
Ignored: 0
Pending: 0
Skipped: 0
Failed: 1
