VS filter: testpath:TestAssembly:TRID/Feature:CardsValidation/Scenario:Giving+inputs+from+Excel+file+and+validating+cards+value+on+Closing+Disclosure+page%2c+114 | testpath:TestAssembly:TRID/Feature:CardsValidation/Scenario:Giving+inputs+from+Excel+file+and+validating+cards+value+on+Closing+Disclosure+page%2c+113 | testpath:TestAssembly:TRID/Feature:CardsValidation/Scenario:Giving+inputs+from+Excel+file+and+validating+cards+value+on+Closing+Disclosure+page%2c+116 | testpath:TestAssembly:TRID/Feature:CardsValidation/Scenario:Giving+inputs+from+Excel+file+and+validating+cards+value+on+Closing+Disclosure+page%2c+117 | testpath:TestAssembly:TRID/Feature:CardsValidation/Scenario:Giving+inputs+from+Excel+file+and+validating+cards+value+on+Closing+Disclosure+page%2c+115
Discovering target: Default
Discovering tests from assembly: F:\Projects\TRID QA\trid-462743\QA\UIAutomation\SpecFramework\bin\Debug\TRID.dll
Appdomain Disposed
Test Suite Dump
#0: TRID/Default - 
#1: Default - 
#2: TRID - 
#122: CardsValidation - 
#294: Giving inputs from Excel file and validating cards value on Closing Disclosure page, 113 - TestAssembly:TRID/Feature:CardsValidation/Scenario:Giving+inputs+from+Excel+file+and+validating+cards+value+on+Closing+Disclosure+page%2c+113
#295: Giving inputs from Excel file and validating cards value on Closing Disclosure page, 114 - TestAssembly:TRID/Feature:CardsValidation/Scenario:Giving+inputs+from+Excel+file+and+validating+cards+value+on+Closing+Disclosure+page%2c+114
#296: Giving inputs from Excel file and validating cards value on Closing Disclosure page, 115 - TestAssembly:TRID/Feature:CardsValidation/Scenario:Giving+inputs+from+Excel+file+and+validating+cards+value+on+Closing+Disclosure+page%2c+115
#297: Giving inputs from Excel file and validating cards value on Closing Disclosure page, 116 - TestAssembly:TRID/Feature:CardsValidation/Scenario:Giving+inputs+from+Excel+file+and+validating+cards+value+on+Closing+Disclosure+page%2c+116
#298: Giving inputs from Excel file and validating cards value on Closing Disclosure page, 117 - TestAssembly:TRID/Feature:CardsValidation/Scenario:Giving+inputs+from+Excel+file+and+validating+cards+value+on+Closing+Disclosure+page%2c+117
End: Test Suite Dump
Thread#0:Scheduler: get next test for thread
Thread#:Scheduler: testitem #294 from normal test queue 
Thread#0:Scheduler: considering testitem #294 for thread
Thread#0:Scheduler: using testitem #294 for thread
Thread#0:Scheduler: Test #294 is scheduled for thread
Thread#0:Scheduler: with testItemExecutionIndex 0
Thread #0: creating new test thread executor for TRID, Version=1.0.0.0, Culture=neutral, PublicKeyToken=null (target: Default)
Thread#1:Scheduler: get next test for thread
Thread#:Scheduler: testitem #295 from normal test queue 
Thread#1:Scheduler: considering testitem #295 for thread
Thread#1:Scheduler: using testitem #295 for thread
Thread#1:Scheduler: Test #295 is scheduled for thread
Thread#1:Scheduler: with testItemExecutionIndex 1
Thread #1: creating new test thread executor for TRID, Version=1.0.0.0, Culture=neutral, PublicKeyToken=null (target: Default)
Thread#2:Scheduler: get next test for thread
Thread#:Scheduler: testitem #296 from normal test queue 
Thread#2:Scheduler: considering testitem #296 for thread
Thread#2:Scheduler: using testitem #296 for thread
Thread#2:Scheduler: Test #296 is scheduled for thread
Thread#2:Scheduler: with testItemExecutionIndex 2
Thread #2: creating new test thread executor for TRID, Version=1.0.0.0, Culture=neutral, PublicKeyToken=null (target: Default)
Thread#3:Scheduler: get next test for thread
Thread#:Scheduler: testitem #297 from normal test queue 
Thread#3:Scheduler: considering testitem #297 for thread
Thread#3:Scheduler: using testitem #297 for thread
Thread#3:Scheduler: Test #297 is scheduled for thread
Thread#3:Scheduler: with testItemExecutionIndex 3
Thread #3: creating new test thread executor for TRID, Version=1.0.0.0, Culture=neutral, PublicKeyToken=null (target: Default)
Loading SpecRun type 'TechTalk.SpecRun.Framework.TestAssemblyExecutor' from: C:\Users\sandees\AppData\Local\Temp\VisualStudioTestExplorerExtensions\SpecRun.Runner.1.5.2\tools\TechTalk.SpecRun.Framework.Executor.dll
Loading SpecRun type 'TechTalk.SpecRun.Framework.TestAssemblyExecutor' from: C:\Users\sandees\AppData\Local\Temp\VisualStudioTestExplorerExtensions\SpecRun.Runner.1.5.2\tools\TechTalk.SpecRun.Framework.Executor.dll
Loading SpecRun type 'TechTalk.SpecRun.Framework.TestAssemblyExecutor' from: C:\Users\sandees\AppData\Local\Temp\VisualStudioTestExplorerExtensions\SpecRun.Runner.1.5.2\tools\TechTalk.SpecRun.Framework.Executor.dll
Loading SpecRun type 'TechTalk.SpecRun.Framework.TestAssemblyExecutor' from: C:\Users\sandees\AppData\Local\Temp\VisualStudioTestExplorerExtensions\SpecRun.Runner.1.5.2\tools\TechTalk.SpecRun.Framework.Executor.dll
Thread#4:Scheduler: get next test for thread
Thread#:Scheduler: testitem #298 from normal test queue 
Thread#4:Scheduler: considering testitem #298 for thread
Thread#4:Scheduler: using testitem #298 for thread
Thread#4:Scheduler: Test #298 is scheduled for thread
Thread#4:Scheduler: with testItemExecutionIndex 4
Thread #4: creating new test thread executor for TRID, Version=1.0.0.0, Culture=neutral, PublicKeyToken=null (target: Default)
Loading SpecRun type 'TechTalk.SpecRun.Framework.TestAssemblyExecutor' from: C:\Users\sandees\AppData\Local\Temp\VisualStudioTestExplorerExtensions\SpecRun.Runner.1.5.2\tools\TechTalk.SpecRun.Framework.Executor.dll
Thread#5:Scheduler: get next test for thread
Thread#:Scheduler: at the end of normal test queue
Thread#5:Scheduler: enumerator for thread is at end
Thread#5:Scheduler: No more tests for thread 
Thread#6:Scheduler: get next test for thread
Thread#:Scheduler: at the end of normal test queue
Thread#6:Scheduler: enumerator for thread is at end
Thread#6:Scheduler: No more tests for thread 
Thread#7:Scheduler: get next test for thread
Thread#:Scheduler: at the end of normal test queue
Thread#7:Scheduler: enumerator for thread is at end
Thread#7:Scheduler: No more tests for thread 
Thread#0: Test #294/0 is started on thread #0
Thread#1: Test #295/0 is started on thread #1
Thread#2: Test #296/0 is started on thread #2
Thread#3: Test #297/0 is started on thread #3
Thread#8:Scheduler: get next test for thread
Thread#:Scheduler: at the end of normal test queue
Thread#8:Scheduler: enumerator for thread is at end
Thread#8:Scheduler: No more tests for thread 
Thread#4: Test #298/0 is started on thread #4
Thread#9:Scheduler: get next test for thread
Thread#:Scheduler: at the end of normal test queue
Thread#9:Scheduler: enumerator for thread is at end
Thread#9:Scheduler: No more tests for thread 
Thread#2:B:Given user is at TRID application homepage
Thread#1:B:Given user is at TRID application homepage
Thread#3:B:Given user is at TRID application homepage
Thread#0:B:Given user is at TRID application homepage
Thread#4:B:Given user is at TRID application homepage
Thread#4:T:done: CardsValidationSteps.GivenUserIsAtTridApplicationHomepage() (29.4s)
Thread#4:B:And user have closing disclosure data from excel sheet ClosingDisclosure for the scenario 98
Thread#3:T:done: CardsValidationSteps.GivenUserIsAtTridApplicationHomepage() (29.8s)
Thread#3:B:And user have closing disclosure data from excel sheet ClosingDisclosure for the scenario 97
Thread#0:T:done: CardsValidationSteps.GivenUserIsAtTridApplicationHomepage() (30.3s)
Thread#0:B:And user have closing disclosure data from excel sheet ClosingDisclosure for the scenario 94
Thread#1:T:done: CardsValidationSteps.GivenUserIsAtTridApplicationHomepage() (32.1s)
Thread#1:B:And user have closing disclosure data from excel sheet ClosingDisclosure for the scenario 95
Thread#4:T:done: CardsValidationSteps.GivenUserHaveClosingDisclosureDataFromExcelSheetForTheScenario("ClosingDisclosure", 98) (4.5s)
Thread#4:B:And user have Mortgage Insurance data from excel sheet MortgageInsurance for the scenario 98
Thread#3:T:done: CardsValidationSteps.GivenUserHaveClosingDisclosureDataFromExcelSheetForTheScenario("ClosingDisclosure", 97) (4.8s)
Thread#3:B:And user have Mortgage Insurance data from excel sheet MortgageInsurance for the scenario 97
Thread#0:T:done: CardsValidationSteps.GivenUserHaveClosingDisclosureDataFromExcelSheetForTheScenario("ClosingDisclosure", 94) (4.8s)
Thread#0:B:And user have Mortgage Insurance data from excel sheet MortgageInsurance for the scenario 94
Thread#4:T:done: CardsValidationSteps.GivenUserHaveMortgageInsuranceDataFromExcelSheetForTheScenarioMortgageInsurance("MortgageInsurance", 98) (2.1s)
Thread#4:B:And user have variable loan data from excel sheet ARM Terms for the scenario 1
Thread#3:T:done: CardsValidationSteps.GivenUserHaveMortgageInsuranceDataFromExcelSheetForTheScenarioMortgageInsurance("MortgageInsurance", 97) (1.8s)
Thread#3:B:And user have variable loan data from excel sheet ARM Terms for the scenario 1
Thread#0:T:done: CardsValidationSteps.GivenUserHaveMortgageInsuranceDataFromExcelSheetForTheScenarioMortgageInsurance("MortgageInsurance", 94) (2.4s)
Thread#0:B:And user have variable loan data from excel sheet ARM Terms for the scenario 1
Thread#1:T:done: CardsValidationSteps.GivenUserHaveClosingDisclosureDataFromExcelSheetForTheScenario("ClosingDisclosure", 95) (5.8s)
Thread#1:B:And user have Mortgage Insurance data from excel sheet MortgageInsurance for the scenario 95
Thread#4:T:done: CardsValidationSteps.GivenUserHaveVariableLoanDataFromExcelSheetForTheScenario("ARM Terms", 1) (2.4s)
Thread#4:B:And user have Prepaid Charges data from excel sheet PrepaidCharges for the scenario 98
Thread#2:T:done: CardsValidationSteps.GivenUserIsAtTridApplicationHomepage() (38.8s)
Thread#2:B:And user have closing disclosure data from excel sheet ClosingDisclosure for the scenario 96
Thread#3:T:done: CardsValidationSteps.GivenUserHaveVariableLoanDataFromExcelSheetForTheScenario("ARM Terms", 1) (2.7s)
Thread#3:B:And user have Prepaid Charges data from excel sheet PrepaidCharges for the scenario 97
Thread#0:T:done: CardsValidationSteps.GivenUserHaveVariableLoanDataFromExcelSheetForTheScenario("ARM Terms", 1) (2.3s)
Thread#0:B:And user have Prepaid Charges data from excel sheet PrepaidCharges for the scenario 94
Thread#1:T:done: CardsValidationSteps.GivenUserHaveMortgageInsuranceDataFromExcelSheetForTheScenarioMortgageInsurance("MortgageInsurance", 95) (2.0s)
Thread#1:B:And user have variable loan data from excel sheet ARM Terms for the scenario 1
Thread#4:T:done: CardsValidationSteps.GivenUserHavePrepaidChargesDataFromExcelSheetPrepaidChargesForTheScenario("PrepaidCharges", 98) (2.5s)
Thread#4:B:And user have Export data from excel sheet Export for the scenario 98
Thread#3:T:done: CardsValidationSteps.GivenUserHavePrepaidChargesDataFromExcelSheetPrepaidChargesForTheScenario("PrepaidCharges", 97) (4.1s)
Thread#3:B:And user have Export data from excel sheet Export for the scenario 97
Thread#4:T:done: CardsValidationSteps.GivenUserHaveExportDataFromExcelSheetExportForTheScenario("Export", 98) (2.9s)
Thread#4:B:And user have Escrow Grid data from excel sheet EscrowGrid for the scenario 98
Thread#0:T:done: CardsValidationSteps.GivenUserHavePrepaidChargesDataFromExcelSheetPrepaidChargesForTheScenario("PrepaidCharges", 94) (4.0s)
Thread#0:B:And user have Export data from excel sheet Export for the scenario 94
Thread#1:T:done: CardsValidationSteps.GivenUserHaveVariableLoanDataFromExcelSheetForTheScenario("ARM Terms", 1) (4.3s)
Thread#1:B:And user have Prepaid Charges data from excel sheet PrepaidCharges for the scenario 95
Thread#3:T:done: CardsValidationSteps.GivenUserHaveExportDataFromExcelSheetExportForTheScenario("Export", 97) (1.7s)
Thread#3:B:And user have Escrow Grid data from excel sheet EscrowGrid for the scenario 97
Thread#2:T:done: CardsValidationSteps.GivenUserHaveClosingDisclosureDataFromExcelSheetForTheScenario("ClosingDisclosure", 96) (6.5s)
Thread#2:B:And user have Mortgage Insurance data from excel sheet MortgageInsurance for the scenario 96
Thread#4:T:done: CardsValidationSteps.GivenUserHaveEscrowGridDataFromExcelSheetForTheScenario("EscrowGrid", 98) (1.9s)
Thread#4:B:When user navigate to Loan Inputs Page
Thread#0:T:done: CardsValidationSteps.GivenUserHaveExportDataFromExcelSheetExportForTheScenario("Export", 94) (2.1s)
Thread#0:B:And user have Escrow Grid data from excel sheet EscrowGrid for the scenario 94
Thread#3:T:done: CardsValidationSteps.GivenUserHaveEscrowGridDataFromExcelSheetForTheScenario("EscrowGrid", 97) (2.2s)
Thread#1:T:done: CardsValidationSteps.GivenUserHavePrepaidChargesDataFromExcelSheetPrepaidChargesForTheScenario("PrepaidCharges", 95) (2.8s)
Thread#3:B:When user navigate to Loan Inputs Page
Thread#1:B:And user have Export data from excel sheet Export for the scenario 95
Thread#4:T:done: CardsValidationSteps.WhenUserNavigateToLoanInputsPage() (2.8s)
Thread#4:B:And user selects Calculation Method
Thread#4:T:done: CardsValidationSteps.WhenUserSelectsCalculationMethodInClosingDisclosurePage() (1.0s)
Thread#4:B:And user selects loan type
Thread#3:T:done: CardsValidationSteps.WhenUserNavigateToLoanInputsPage() (3.0s)
Thread#3:B:And user selects Calculation Method
Thread#4:T:done: CardsValidationSteps.WhenUserSelectsLoanTypeInClosingDisclosurePage() (0.5s)
Thread#4:B:And user selects Frequency of Payments
Thread#4:T:done: CardsValidationSteps.WhenUserSelectsFrequencyOfPaymentsInClosingDisclosurePage() (0.2s)
Thread#4:B:And user selects Loan Term
Thread#3:T:done: CardsValidationSteps.WhenUserSelectsCalculationMethodInClosingDisclosurePage() (0.4s)
Thread#3:B:And user selects loan type
Thread#2:T:done: CardsValidationSteps.GivenUserHaveMortgageInsuranceDataFromExcelSheetForTheScenarioMortgageInsurance("MortgageInsurance", 96) (5.2s)
Thread#2:B:And user have variable loan data from excel sheet ARM Terms for the scenario 1
Thread#4:T:done: CardsValidationSteps.WhenUserSelectsLoanTermInClosingDisclosurePage() (0.4s)
Thread#4:B:And user selects Repayment Term Type
Thread#3:T:done: CardsValidationSteps.WhenUserSelectsLoanTypeInClosingDisclosurePage() (0.4s)
Thread#3:B:And user selects Frequency of Payments
Thread#0:T:done: CardsValidationSteps.GivenUserHaveEscrowGridDataFromExcelSheetForTheScenario("EscrowGrid", 94) (4.9s)
Thread#0:B:When user navigate to Loan Inputs Page
Thread#4:T:done: CardsValidationSteps.WhenUserSelectsRepaymentTermTypeInClosingDisclosurePage() (0.2s)
Thread#4:B:And user enters Loan detail input values for computation
Thread#3:T:done: CardsValidationSteps.WhenUserSelectsFrequencyOfPaymentsInClosingDisclosurePage() (0.2s)
Thread#3:B:And user selects Loan Term
Thread#1:T:done: CardsValidationSteps.GivenUserHaveExportDataFromExcelSheetExportForTheScenario("Export", 95) (4.0s)
Thread#1:B:And user have Escrow Grid data from excel sheet EscrowGrid for the scenario 95
Thread#3:T:done: CardsValidationSteps.WhenUserSelectsLoanTermInClosingDisclosurePage() (0.3s)
Thread#3:B:And user selects Repayment Term Type
Thread#3:T:done: CardsValidationSteps.WhenUserSelectsRepaymentTermTypeInClosingDisclosurePage() (0.2s)
Thread#3:B:And user enters Loan detail input values for computation
Thread#0:T:done: CardsValidationSteps.WhenUserNavigateToLoanInputsPage() (3.0s)
Thread#0:B:And user selects Calculation Method
Thread#0:T:done: CardsValidationSteps.WhenUserSelectsCalculationMethodInClosingDisclosurePage() (0.3s)
Thread#0:B:And user selects loan type
Thread#2:T:done: CardsValidationSteps.GivenUserHaveVariableLoanDataFromExcelSheetForTheScenario("ARM Terms", 1) (3.9s)
Thread#2:B:And user have Prepaid Charges data from excel sheet PrepaidCharges for the scenario 96
Thread#1:T:done: CardsValidationSteps.GivenUserHaveEscrowGridDataFromExcelSheetForTheScenario("EscrowGrid", 95) (3.3s)
Thread#1:B:When user navigate to Loan Inputs Page
Thread#0:T:done: CardsValidationSteps.WhenUserSelectsLoanTypeInClosingDisclosurePage() (0.8s)
Thread#0:B:And user selects Frequency of Payments
Thread#0:T:done: CardsValidationSteps.WhenUserSelectsFrequencyOfPaymentsInClosingDisclosurePage() (0.3s)
Thread#0:B:And user selects Loan Term
Thread#0:T:done: CardsValidationSteps.WhenUserSelectsLoanTermInClosingDisclosurePage() (0.2s)
Thread#0:B:And user selects Repayment Term Type
Thread#0:T:done: CardsValidationSteps.WhenUserSelectsRepaymentTermTypeInClosingDisclosurePage() (0.2s)
Thread#0:B:And user enters Loan detail input values for computation
Thread#1:T:done: CardsValidationSteps.WhenUserNavigateToLoanInputsPage() (3.0s)
Thread#1:B:And user selects Calculation Method
Thread#2:T:done: CardsValidationSteps.GivenUserHavePrepaidChargesDataFromExcelSheetPrepaidChargesForTheScenario("PrepaidCharges", 96) (3.1s)
Thread#2:B:And user have Export data from excel sheet Export for the scenario 96
Thread#1:T:done: CardsValidationSteps.WhenUserSelectsCalculationMethodInClosingDisclosurePage() (0.6s)
Thread#1:B:And user selects loan type
Thread#1:T:done: CardsValidationSteps.WhenUserSelectsLoanTypeInClosingDisclosurePage() (0.4s)
Thread#1:B:And user selects Frequency of Payments
Thread#4:T:done: CardsValidationSteps.WhenUserEntersLoanDetailInputValuesForComputationforClosingDisclosurepage() (7.6s)
Thread#4:B:And user enters pmi rate values
Thread#1:T:done: CardsValidationSteps.WhenUserSelectsFrequencyOfPaymentsInClosingDisclosurePage() (0.3s)
Thread#1:B:And user selects Loan Term
Thread#1:T:done: CardsValidationSteps.WhenUserSelectsLoanTermInClosingDisclosurePage() (0.3s)
Thread#1:B:And user selects Repayment Term Type
Thread#1:T:done: CardsValidationSteps.WhenUserSelectsRepaymentTermTypeInClosingDisclosurePage() (0.2s)
Thread#1:B:And user enters Loan detail input values for computation
Thread#2:T:done: CardsValidationSteps.GivenUserHaveExportDataFromExcelSheetExportForTheScenario("Export", 96) (1.8s)
Thread#2:B:And user have Escrow Grid data from excel sheet EscrowGrid for the scenario 96
Thread#3:T:done: CardsValidationSteps.WhenUserEntersLoanDetailInputValuesForComputationforClosingDisclosurepage() (8.7s)
Thread#3:B:And user enters pmi rate values
Thread#2:T:done: CardsValidationSteps.GivenUserHaveEscrowGridDataFromExcelSheetForTheScenario("EscrowGrid", 96) (2.5s)
Thread#2:B:When user navigate to Loan Inputs Page
Thread#0:T:done: CardsValidationSteps.WhenUserEntersLoanDetailInputValuesForComputationforClosingDisclosurepage() (7.8s)
Thread#0:B:And user enters pmi rate values
Thread#2:T:done: CardsValidationSteps.WhenUserNavigateToLoanInputsPage() (3.1s)
Thread#2:B:And user selects Calculation Method
Thread#2:T:done: CardsValidationSteps.WhenUserSelectsCalculationMethodInClosingDisclosurePage() (0.4s)
Thread#2:B:And user selects loan type
Thread#2:T:done: CardsValidationSteps.WhenUserSelectsLoanTypeInClosingDisclosurePage() (0.4s)
Thread#2:B:And user selects Frequency of Payments
Thread#2:T:done: CardsValidationSteps.WhenUserSelectsFrequencyOfPaymentsInClosingDisclosurePage() (0.3s)
Thread#2:B:And user selects Loan Term
Thread#2:T:done: CardsValidationSteps.WhenUserSelectsLoanTermInClosingDisclosurePage() (0.7s)
Thread#2:B:And user selects Repayment Term Type
Thread#4:T:done: CardsValidationSteps.WhenUserEntersPmiRateValues() (8.3s)
Thread#4:B:And user enters other pmi input values
Thread#3:T:done: CardsValidationSteps.WhenUserEntersPmiRateValues() (8.3s)
Thread#3:B:And user enters other pmi input values
Thread#1:T:done: CardsValidationSteps.WhenUserEntersLoanDetailInputValuesForComputationforClosingDisclosurepage() (9.7s)
Thread#1:B:And user enters pmi rate values
Thread#4:T:done: CardsValidationSteps.WhenUserEntersOtherPmiInputValues() (2.9s)
Thread#4:B:And user enters Escrow Grid Input values
Thread#0:T:done: CardsValidationSteps.WhenUserEntersPmiRateValues() (7.4s)
Thread#0:B:And user enters other pmi input values
Thread#3:T:done: CardsValidationSteps.WhenUserEntersOtherPmiInputValues() (2.7s)
Thread#3:B:And user enters Escrow Grid Input values
Thread#2:T:done: CardsValidationSteps.WhenUserSelectsRepaymentTermTypeInClosingDisclosurePage() (6.3s)
Thread#2:B:And user enters Loan detail input values for computation
Thread#0:T:done: CardsValidationSteps.WhenUserEntersOtherPmiInputValues() (2.7s)
Thread#0:B:And user enters Escrow Grid Input values
Thread#1:T:done: CardsValidationSteps.WhenUserEntersPmiRateValues() (7.3s)
Thread#1:B:And user enters other pmi input values
Thread#1:T:done: CardsValidationSteps.WhenUserEntersOtherPmiInputValues() (3.1s)
Thread#1:B:And user enters Escrow Grid Input values
Thread#2:T:done: CardsValidationSteps.WhenUserEntersLoanDetailInputValuesForComputationforClosingDisclosurepage() (8.2s)
Thread#2:B:And user enters pmi rate values
Thread#4:T:done: CardsValidationSteps.WhenUserEntersEscrowGridInputValues() (14.0s)
Thread#4:B:And user enters all input values for Prepaid Charges
Thread#3:T:done: CardsValidationSteps.WhenUserEntersEscrowGridInputValues() (13.3s)
Thread#3:B:And user enters all input values for Prepaid Charges
Thread#0:T:done: CardsValidationSteps.WhenUserEntersEscrowGridInputValues() (13.5s)
Thread#0:B:And user enters all input values for Prepaid Charges
Thread#2:T:done: CardsValidationSteps.WhenUserEntersPmiRateValues() (7.1s)
Thread#2:B:And user enters other pmi input values
Thread#2:T:done: CardsValidationSteps.WhenUserEntersOtherPmiInputValues() (2.3s)
Thread#2:B:And user enters Escrow Grid Input values
Thread#1:T:done: CardsValidationSteps.WhenUserEntersEscrowGridInputValues() (12.1s)
Thread#1:B:And user enters all input values for Prepaid Charges
Thread#4:T:done: CardsValidationSteps.WhenUserEntersAllInputValuesForPrepaidCharges() (9.6s)
Thread#4:B:And user enters input value for prepaid custom fields
Thread#4:T:done: CardsValidationSteps.WhenUserEntersInputValueForPrepaidCustomFields() (0.0s)
Thread#3:T:done: CardsValidationSteps.WhenUserEntersAllInputValuesForPrepaidCharges() (9.7s)
Thread#4:B:And user navigates to Disclosure Inputs Page
Thread#3:B:And user enters input value for prepaid custom fields
Thread#3:T:done: CardsValidationSteps.WhenUserEntersInputValueForPrepaidCustomFields() (0.0s)
Thread#3:B:And user navigates to Disclosure Inputs Page
Thread#4:T:done: CardsValidationSteps.WhenUserNavigatesToDisclosureInputsPage() (0.9s)
Thread#4:B:And user enters disclosed input values for Closing Disclosure Loan Terms & Projected Payments
Thread#3:T:done: CardsValidationSteps.WhenUserNavigatesToDisclosureInputsPage() (1.1s)
Thread#3:B:And user enters disclosed input values for Closing Disclosure Loan Terms & Projected Payments
Thread#0:T:done: CardsValidationSteps.WhenUserEntersAllInputValuesForPrepaidCharges() (9.6s)
Thread#0:B:And user enters input value for prepaid custom fields
Thread#0:T:done: CardsValidationSteps.WhenUserEntersInputValueForPrepaidCustomFields() (0.0s)
Thread#0:B:And user navigates to Disclosure Inputs Page
Thread#4:T:done: CardsValidationSteps.WhenUserEntersDisclosedInputValuesForClosingDisclosureLoanTermsProjectedPayments() (2.5s)
Thread#4:B:And user enters disclosed input values for Closing Disclosure Loan Calculations
Thread#0:T:done: CardsValidationSteps.WhenUserNavigatesToDisclosureInputsPage() (1.0s)
Thread#0:B:And user enters disclosed input values for Closing Disclosure Loan Terms & Projected Payments
Thread#3:T:done: CardsValidationSteps.WhenUserEntersDisclosedInputValuesForClosingDisclosureLoanTermsProjectedPayments() (2.5s)
Thread#3:B:And user enters disclosed input values for Closing Disclosure Loan Calculations
Thread#2:T:done: CardsValidationSteps.WhenUserEntersEscrowGridInputValues() (10.3s)
Thread#1:T:done: CardsValidationSteps.WhenUserEntersAllInputValuesForPrepaidCharges() (8.7s)
Thread#2:B:And user enters all input values for Prepaid Charges
Thread#1:B:And user enters input value for prepaid custom fields
Thread#1:T:done: CardsValidationSteps.WhenUserEntersInputValueForPrepaidCustomFields() (0.0s)
Thread#1:B:And user navigates to Disclosure Inputs Page
Thread#0:T:done: CardsValidationSteps.WhenUserEntersDisclosedInputValuesForClosingDisclosureLoanTermsProjectedPayments() (2.6s)
Thread#4:T:done: CardsValidationSteps.WhenUserEntersDisclosedInputValuesForClosingDisclosureLoanCalculations() (2.9s)
Thread#0:B:And user enters disclosed input values for Closing Disclosure Loan Calculations
Thread#4:B:And user enters disclosed input values for Property Cost and Escrow
Thread#1:T:done: CardsValidationSteps.WhenUserNavigatesToDisclosureInputsPage() (0.8s)
Thread#1:B:And user enters disclosed input values for Closing Disclosure Loan Terms & Projected Payments
Thread#3:T:done: CardsValidationSteps.WhenUserEntersDisclosedInputValuesForClosingDisclosureLoanCalculations() (2.9s)
Thread#3:B:And user enters disclosed input values for Property Cost and Escrow
Thread#4:T:done: CardsValidationSteps.WhenUserEntersDisclosedInputValuesForPropertyCostAndEscrow() (1.4s)
Thread#4:B:And user navigates to Loan Estimate Cards Page
Thread#3:T:done: CardsValidationSteps.WhenUserEntersDisclosedInputValuesForPropertyCostAndEscrow() (1.3s)
Thread#0:T:done: CardsValidationSteps.WhenUserEntersDisclosedInputValuesForClosingDisclosureLoanCalculations() (2.5s)
Thread#3:B:And user navigates to Loan Estimate Cards Page
Thread#0:B:And user enters disclosed input values for Property Cost and Escrow
Thread#1:T:done: CardsValidationSteps.WhenUserEntersDisclosedInputValuesForClosingDisclosureLoanTermsProjectedPayments() (2.3s)
Thread#4:T:done: CardsValidationSteps.WhenUserNavigatesToLoanEstimateCardsPage() (1.0s)
Thread#1:B:And user enters disclosed input values for Closing Disclosure Loan Calculations
Thread#4:B:And user enters disclsoed input values for Loan Estimate - Comparisons
Thread#3:T:done: CardsValidationSteps.WhenUserNavigatesToLoanEstimateCardsPage() (1.1s)
Thread#3:B:And user enters disclsoed input values for Loan Estimate - Comparisons
Thread#0:T:done: CardsValidationSteps.WhenUserEntersDisclosedInputValuesForPropertyCostAndEscrow() (1.3s)
Thread#0:B:And user navigates to Loan Estimate Cards Page
Thread#4:T:done: CardsValidationSteps.WhenUserEntersDisclsoedInputValuesForLoanEstimate_Comparisons() (1.3s)
Thread#4:B:And user navigates to Export Page
Thread#4:T:done: CardsValidationSteps.WhenUserNavigatesToExportPage() (0.7s)
Thread#0:T:done: CardsValidationSteps.WhenUserNavigatesToLoanEstimateCardsPage() (1.2s)
Thread#3:T:done: CardsValidationSteps.WhenUserEntersDisclsoedInputValuesForLoanEstimate_Comparisons() (1.7s)
Thread#4:B:And user enters all input values for Export Page
Thread#0:B:And user enters disclsoed input values for Loan Estimate - Comparisons
Thread#1:T:done: CardsValidationSteps.WhenUserEntersDisclosedInputValuesForClosingDisclosureLoanCalculations() (3.0s)
Thread#3:B:And user navigates to Export Page
Thread#1:B:And user enters disclosed input values for Property Cost and Escrow
Thread#2:T:done: CardsValidationSteps.WhenUserEntersAllInputValuesForPrepaidCharges() (8.5s)
Thread#3:T:done: CardsValidationSteps.WhenUserNavigatesToExportPage() (0.7s)
Thread#2:B:And user enters input value for prepaid custom fields
Thread#3:B:And user enters all input values for Export Page
Thread#2:T:done: CardsValidationSteps.WhenUserEntersInputValueForPrepaidCustomFields() (0.0s)
Thread#2:B:And user navigates to Disclosure Inputs Page
Thread#0:T:done: CardsValidationSteps.WhenUserEntersDisclsoedInputValuesForLoanEstimate_Comparisons() (1.9s)
Thread#1:T:done: CardsValidationSteps.WhenUserEntersDisclosedInputValuesForPropertyCostAndEscrow() (1.9s)
Thread#0:B:And user navigates to Export Page
Thread#1:B:And user navigates to Loan Estimate Cards Page
Thread#2:T:done: CardsValidationSteps.WhenUserNavigatesToDisclosureInputsPage() (1.1s)
Thread#2:B:And user enters disclosed input values for Closing Disclosure Loan Terms & Projected Payments
Thread#0:T:done: CardsValidationSteps.WhenUserNavigatesToExportPage() (0.7s)
Thread#0:B:And user enters all input values for Export Page
Thread#4:T:done: CardsValidationSteps.WhenUserEntersAllInputValuesForExportPage() (3.8s)
Thread#1:T:done: CardsValidationSteps.WhenUserNavigatesToLoanEstimateCardsPage() (1.3s)
Thread#4:B:And user clicks on Export button to generate JSON file
Thread#1:B:And user enters disclsoed input values for Loan Estimate - Comparisons
Thread#3:T:done: CardsValidationSteps.WhenUserEntersAllInputValuesForExportPage() (3.9s)
Thread#3:B:And user clicks on Export button to generate JSON file
Thread#2:T:done: CardsValidationSteps.WhenUserEntersDisclosedInputValuesForClosingDisclosureLoanTermsProjectedPayments() (2.4s)
Thread#1:T:done: CardsValidationSteps.WhenUserEntersDisclsoedInputValuesForLoanEstimate_Comparisons() (1.5s)
Thread#2:B:And user enters disclosed input values for Closing Disclosure Loan Calculations
Thread#1:B:And user navigates to Export Page
Thread#0:T:done: CardsValidationSteps.WhenUserEntersAllInputValuesForExportPage() (3.1s)
Thread#0:B:And user clicks on Export button to generate JSON file
Thread#1:T:done: CardsValidationSteps.WhenUserNavigatesToExportPage() (0.8s)
Thread#1:B:And user enters all input values for Export Page
Thread#4:T:done: CardsValidationSteps.WhenUserClicksOnExportButtonToGenerateJsonFile() (3.3s)
Thread#4:B:And user navigates to Closing Disclosure Cards Page
Thread#3:T:done: CardsValidationSteps.WhenUserClicksOnExportButtonToGenerateJsonFile() (3.2s)
Thread#4:T:done: CardsValidationSteps.WhenUserNavigatesToClosingDisclosureCardsPage() (1.2s)
Thread#3:B:And user navigates to Closing Disclosure Cards Page
Thread#4:B:Then updated/computed Principal and Interest value should display on Closing Disclosure
Thread#2:T:done: CardsValidationSteps.WhenUserEntersDisclosedInputValuesForClosingDisclosureLoanCalculations() (3.7s)
Thread#4:T:===========================================================
Thread#2:B:And user enters disclosed input values for Property Cost and Escrow
Thread#4:T:ExpectedComputedValue :303.21
Thread#0:T:done: CardsValidationSteps.WhenUserClicksOnExportButtonToGenerateJsonFile() (3.2s)
Thread#4:T:ActualComputedValue :303.21
Thread#0:B:And user navigates to Closing Disclosure Cards Page
Thread#4:T:============================================================
Thread#3:T:done: CardsValidationSteps.WhenUserNavigatesToClosingDisclosureCardsPage() (2.3s)
Thread#3:B:Then updated/computed Principal and Interest value should display on Closing Disclosure
Thread#4:T:===========================================================
Thread#2:T:done: CardsValidationSteps.WhenUserEntersDisclosedInputValuesForPropertyCostAndEscrow() (2.1s)
Thread#3:T:===========================================================
Thread#4:T:ExpectedDisclosedValue :303.21
Thread#2:B:And user navigates to Loan Estimate Cards Page
Thread#3:T:ExpectedComputedValue :1214.39
Thread#4:T:ActualDisclosedValue :303.21
Thread#0:T:done: CardsValidationSteps.WhenUserNavigatesToClosingDisclosureCardsPage() (2.1s)
Thread#3:T:ActualComputedValue :1214.39
Thread#4:T:============================================================
Thread#0:B:Then updated/computed Principal and Interest value should display on Closing Disclosure
Thread#3:T:============================================================
Thread#4:T:===========================================================
Thread#0:T:===========================================================
Thread#3:T:===========================================================
Thread#0:T:ExpectedComputedValue :1223.21
Thread#1:T:done: CardsValidationSteps.WhenUserEntersAllInputValuesForExportPage() (6.2s)
Thread#4:T:ExpectedVarianceValue :0
Thread#3:T:ExpectedDisclosedValue :1214.39
Thread#0:T:ActualComputedValue :1223.21
Thread#1:B:And user clicks on Export button to generate JSON file
Thread#4:T:ActualVarianceValue :0
Thread#3:T:ActualDisclosedValue :1214.39
Thread#0:T:============================================================
Thread#4:T:============================================================
Thread#2:T:done: CardsValidationSteps.WhenUserNavigatesToLoanEstimateCardsPage() (1.5s)
Thread#3:T:============================================================
Thread#2:B:And user enters disclsoed input values for Loan Estimate - Comparisons
Thread#4:T:done: CardsValidationSteps.ThenUpdatedComputedPrincipalAndInterestValueShouldDisplayOnClosingDisclosure() (4.9s)
Thread#0:T:===========================================================
Thread#4:B:And updated/computed Mortgage Insurance value should display on Closing Disclosure
Thread#0:T:ExpectedDisclosedValue :1223.21
Thread#3:T:===========================================================
Thread#4:T:===========================================================
Thread#0:T:ActualDisclosedValue :1223.21
Thread#3:T:ExpectedVarianceValue :0
Thread#0:T:============================================================
Thread#4:T:ExpectedComputedValue :20.2
Thread#3:T:ActualVarianceValue :0
Thread#4:T:ActualComputedValue :20.2
Thread#3:T:============================================================
Thread#0:T:===========================================================
Thread#4:T:============================================================
Thread#3:T:done: CardsValidationSteps.ThenUpdatedComputedPrincipalAndInterestValueShouldDisplayOnClosingDisclosure() (3.7s)
Thread#0:T:ExpectedVarianceValue :0
Thread#3:B:And updated/computed Mortgage Insurance value should display on Closing Disclosure
Thread#0:T:ActualVarianceValue :0
Thread#4:T:===========================================================
Thread#0:T:============================================================
Thread#4:T:ExpectedDisclosedValue :20.2
Thread#3:T:===========================================================
Thread#0:T:done: CardsValidationSteps.ThenUpdatedComputedPrincipalAndInterestValueShouldDisplayOnClosingDisclosure() (3.3s)
Thread#4:T:ActualDisclosedValue :20.2
Thread#3:T:ExpectedComputedValue :80.78
Thread#0:B:And updated/computed Mortgage Insurance value should display on Closing Disclosure
Thread#4:T:============================================================
Thread#3:T:ActualComputedValue :80.78
Thread#0:T:===========================================================
Thread#3:T:============================================================
Thread#0:T:ExpectedComputedValue :80.78
Thread#4:T:===========================================================
Thread#2:T:done: CardsValidationSteps.WhenUserEntersDisclsoedInputValuesForLoanEstimate_Comparisons() (2.8s)
Thread#0:T:ActualComputedValue :80.78
Thread#3:T:===========================================================
Thread#4:T:ExpectedVarianceValue :0
Thread#2:B:And user navigates to Export Page
Thread#0:T:============================================================
Thread#3:T:ExpectedDisclosedValue :80.78
Thread#4:T:ActualVarianceValue :0
Thread#3:T:ActualDisclosedValue :80.78
Thread#4:T:============================================================
Thread#0:T:===========================================================
Thread#1:T:done: CardsValidationSteps.WhenUserClicksOnExportButtonToGenerateJsonFile() (4.1s)
Thread#3:T:============================================================
Thread#0:T:ExpectedDisclosedValue :80.78
Thread#4:T:done: CardsValidationSteps.ThenUpdatedComputedMortgageInsuranceValueShouldDisplayOnClosingDisclosure() (3.3s)
Thread#1:B:And user navigates to Closing Disclosure Cards Page
Thread#0:T:ActualDisclosedValue :80.78
Thread#4:B:And updated/computed Scheduled PMI Termination Date value should display on Closing Disclosure
Thread#0:T:============================================================
Thread#3:T:===========================================================
Thread#4:T:System.FormatException: The string was not recognized as a valid DateTime. There is an unknown word starting at index 1.
Thread#3:T:ExpectedVarianceValue :0
Thread#2:T:done: CardsValidationSteps.WhenUserNavigatesToExportPage() (1.3s)
Thread#2:B:And user enters all input values for Export Page
Thread#3:T:ActualVarianceValue :0
Thread#4:T:   at System.DateTimeParse.Parse(String s, DateTimeFormatInfo dtfi, DateTimeStyles styles)
Thread#0:T:===========================================================
Thread#3:T:============================================================
Thread#0:T:ExpectedVarianceValue :0
Thread#4:T:   at System.Convert.ToDateTime(String value)
Thread#3:T:done: CardsValidationSteps.ThenUpdatedComputedMortgageInsuranceValueShouldDisplayOnClosingDisclosure() (3.7s)
Thread#0:T:ActualVarianceValue :0
Thread#4:T:   at TRID.ProjectLibs.Common.ProjActions.GetDatePart(By element) in F:\Projects\TRID QA\trid-462743\QA\UIAutomation\SpecFramework\ProjectLibs\Common\ProjActions.cs:line 100
Thread#1:T:done: CardsValidationSteps.WhenUserNavigatesToClosingDisclosureCardsPage() (1.6s)
Thread#3:B:And updated/computed Scheduled PMI Termination Date value should display on Closing Disclosure
Thread#0:T:============================================================
Thread#4:T:   at TRID.StepDefinitions.CardsValidationSteps.ThenUpdatedComputedScheduledPmiTerminationDateValueShouldDisplayOnClosingDisclosure() in F:\Projects\TRID QA\trid-462743\QA\UIAutomation\SpecFramework\StepDefinitions\CardsValidationSteps.cs:line 603
Thread#1:B:Then updated/computed Principal and Interest value should display on Closing Disclosure
Thread#0:T:done: CardsValidationSteps.ThenUpdatedComputedMortgageInsuranceValueShouldDisplayOnClosingDisclosure() (3.6s)
Thread#4:T:done: CardsValidationSteps.ThenUpdatedComputedScheduledPmiTerminationDateValueShouldDisplayOnClosingDisclosure() (1.8s)
Thread#3:T:System.FormatException: The string was not recognized as a valid DateTime. There is an unknown word starting at index 1.
Thread#0:B:And updated/computed Scheduled PMI Termination Date value should display on Closing Disclosure
Thread#4:B:And updated/computed Estimated Total Monthly Payment value should display on Closing Disclosure
Thread#1:T:===========================================================
Thread#3:T:   at System.DateTimeParse.Parse(String s, DateTimeFormatInfo dtfi, DateTimeStyles styles)
Thread#1:T:ExpectedComputedValue :303.34
Thread#0:T:System.FormatException: The string was not recognized as a valid DateTime. There is an unknown word starting at index 1.
Thread#3:T:   at System.Convert.ToDateTime(String value)
Thread#4:T:NUnit.Framework.AssertionException:   Computed value does not match as expected with the difference of 137.5
Thread#1:T:ActualComputedValue :303.34
Thread#0:T:   at System.DateTimeParse.Parse(String s, DateTimeFormatInfo dtfi, DateTimeStyles styles)
Thread#3:T:   at TRID.ProjectLibs.Common.ProjActions.GetDatePart(By element) in F:\Projects\TRID QA\trid-462743\QA\UIAutomation\SpecFramework\ProjectLibs\Common\ProjActions.cs:line 100
Thread#4:T:  Expected: 460.91000000000002d
Thread#1:T:============================================================
Thread#0:T:   at System.Convert.ToDateTime(String value)
Thread#3:T:   at TRID.StepDefinitions.CardsValidationSteps.ThenUpdatedComputedScheduledPmiTerminationDateValueShouldDisplayOnClosingDisclosure() in F:\Projects\TRID QA\trid-462743\QA\UIAutomation\SpecFramework\StepDefinitions\CardsValidationSteps.cs:line 603
Thread#4:T:  But was:  323.41000000000003d
Thread#0:T:   at TRID.ProjectLibs.Common.ProjActions.GetDatePart(By element) in F:\Projects\TRID QA\trid-462743\QA\UIAutomation\SpecFramework\ProjectLibs\Common\ProjActions.cs:line 100
Thread#4:T:   at NUnit.Framework.Assert.That[TActual](TActual actual, IResolveConstraint expression, String message, Object[] args)
Thread#3:T:done: CardsValidationSteps.ThenUpdatedComputedScheduledPmiTerminationDateValueShouldDisplayOnClosingDisclosure() (1.3s)
Thread#1:T:===========================================================
Thread#0:T:   at TRID.StepDefinitions.CardsValidationSteps.ThenUpdatedComputedScheduledPmiTerminationDateValueShouldDisplayOnClosingDisclosure() in F:\Projects\TRID QA\trid-462743\QA\UIAutomation\SpecFramework\StepDefinitions\CardsValidationSteps.cs:line 603
Thread#3:B:And updated/computed Estimated Total Monthly Payment value should display on Closing Disclosure
Thread#1:T:ExpectedDisclosedValue :303.34
Thread#4:T:   at NUnit.Framework.Assert.AreEqual(Object expected, Object actual, String message, Object[] args)
Thread#0:T:done: CardsValidationSteps.ThenUpdatedComputedScheduledPmiTerminationDateValueShouldDisplayOnClosingDisclosure() (1.2s)
Thread#1:T:ActualDisclosedValue :303.34
Thread#4:T:   at TRID.StepDefinitions.CardsValidationSteps.ThenUpdatedComputedEstimatedTotalMonthlyPaymentValueShouldDisplayOnClosingDisclosure() in F:\Projects\TRID QA\trid-462743\QA\UIAutomation\SpecFramework\StepDefinitions\CardsValidationSteps.cs:line 701
Thread#0:B:And updated/computed Estimated Total Monthly Payment value should display on Closing Disclosure
Thread#3:T:NUnit.Framework.AssertionException:   Computed value does not match as expected with the difference of 550
Thread#4:T:done: CardsValidationSteps.ThenUpdatedComputedEstimatedTotalMonthlyPaymentValueShouldDisplayOnClosingDisclosure() (1.5s)
Thread#1:T:============================================================
Thread#3:T:  Expected: 1845.1700000000001d
Thread#4:B:And updated/computed APR value should display on Closing Disclosure
Thread#0:T:NUnit.Framework.AssertionException:   Computed value does not match as expected with the difference of 550
Thread#3:T:  But was:  1295.1700000000001d
Thread#0:T:  Expected: 1853.99d
Thread#1:T:===========================================================
Thread#3:T:   at NUnit.Framework.Assert.That[TActual](TActual actual, IResolveConstraint expression, String message, Object[] args)
Thread#0:T:  But was:  1303.99d
Thread#1:T:ExpectedVarianceValue :0
Thread#4:T:System.FormatException: Input string was not in a correct format.
Thread#3:T:   at NUnit.Framework.Assert.AreEqual(Object expected, Object actual, String message, Object[] args)
Thread#0:T:   at NUnit.Framework.Assert.That[TActual](TActual actual, IResolveConstraint expression, String message, Object[] args)
Thread#4:T:   at System.Number.ParseDouble(String value, NumberStyles options, NumberFormatInfo numfmt)
Thread#3:T:   at TRID.StepDefinitions.CardsValidationSteps.ThenUpdatedComputedEstimatedTotalMonthlyPaymentValueShouldDisplayOnClosingDisclosure() in F:\Projects\TRID QA\trid-462743\QA\UIAutomation\SpecFramework\StepDefinitions\CardsValidationSteps.cs:line 701
Thread#1:T:ActualVarianceValue :0
Thread#0:T:   at NUnit.Framework.Assert.AreEqual(Object expected, Object actual, String message, Object[] args)
Thread#3:T:done: CardsValidationSteps.ThenUpdatedComputedEstimatedTotalMonthlyPaymentValueShouldDisplayOnClosingDisclosure() (1.6s)
Thread#4:T:   at System.Convert.ToDouble(String value)
Thread#1:T:============================================================
Thread#0:T:   at TRID.StepDefinitions.CardsValidationSteps.ThenUpdatedComputedEstimatedTotalMonthlyPaymentValueShouldDisplayOnClosingDisclosure() in F:\Projects\TRID QA\trid-462743\QA\UIAutomation\SpecFramework\StepDefinitions\CardsValidationSteps.cs:line 701
Thread#3:B:And updated/computed APR value should display on Closing Disclosure
Thread#4:T:   at TRID.ProjectLibs.Common.ProjActions.GetNumericValueFromString(String inputString) in F:\Projects\TRID QA\trid-462743\QA\UIAutomation\SpecFramework\ProjectLibs\Common\ProjActions.cs:line 94
Thread#1:T:done: CardsValidationSteps.ThenUpdatedComputedPrincipalAndInterestValueShouldDisplayOnClosingDisclosure() (3.5s)
Thread#0:T:done: CardsValidationSteps.ThenUpdatedComputedEstimatedTotalMonthlyPaymentValueShouldDisplayOnClosingDisclosure() (1.6s)
Thread#4:T:   at TRID.StepDefinitions.CardsValidationSteps.ThenUpdatedComputedAprValueShouldDisplayOnClosingDisclosure() in F:\Projects\TRID QA\trid-462743\QA\UIAutomation\SpecFramework\StepDefinitions\CardsValidationSteps.cs:line 747
Thread#1:B:And updated/computed Mortgage Insurance value should display on Closing Disclosure
Thread#0:B:And updated/computed APR value should display on Closing Disclosure
Thread#4:T:done: CardsValidationSteps.ThenUpdatedComputedAprValueShouldDisplayOnClosingDisclosure() (1.5s)
Thread#3:T:System.FormatException: Input string was not in a correct format.
Thread#4:B:And APRWIN info value should display on Closing Disclosure
Thread#3:T:   at System.Number.ParseDouble(String value, NumberStyles options, NumberFormatInfo numfmt)
Thread#1:T:===========================================================
Thread#0:T:System.FormatException: Input string was not in a correct format.
Thread#1:T:ExpectedComputedValue :18.64
Thread#3:T:   at System.Convert.ToDouble(String value)
Thread#0:T:   at System.Number.ParseDouble(String value, NumberStyles options, NumberFormatInfo numfmt)
Thread#4:T:System.FormatException: Input string was not in a correct format.
Thread#1:T:ActualComputedValue :18.64
Thread#3:T:   at TRID.ProjectLibs.Common.ProjActions.GetNumericValueFromString(String inputString) in F:\Projects\TRID QA\trid-462743\QA\UIAutomation\SpecFramework\ProjectLibs\Common\ProjActions.cs:line 94
Thread#0:T:   at System.Convert.ToDouble(String value)
Thread#4:T:   at System.Number.ParseDouble(String value, NumberStyles options, NumberFormatInfo numfmt)
Thread#1:T:============================================================
Thread#3:T:   at TRID.StepDefinitions.CardsValidationSteps.ThenUpdatedComputedAprValueShouldDisplayOnClosingDisclosure() in F:\Projects\TRID QA\trid-462743\QA\UIAutomation\SpecFramework\StepDefinitions\CardsValidationSteps.cs:line 747
Thread#0:T:   at TRID.ProjectLibs.Common.ProjActions.GetNumericValueFromString(String inputString) in F:\Projects\TRID QA\trid-462743\QA\UIAutomation\SpecFramework\ProjectLibs\Common\ProjActions.cs:line 94
Thread#4:T:   at System.Convert.ToDouble(String value)
Thread#0:T:   at TRID.StepDefinitions.CardsValidationSteps.ThenUpdatedComputedAprValueShouldDisplayOnClosingDisclosure() in F:\Projects\TRID QA\trid-462743\QA\UIAutomation\SpecFramework\StepDefinitions\CardsValidationSteps.cs:line 747
Thread#3:T:done: CardsValidationSteps.ThenUpdatedComputedAprValueShouldDisplayOnClosingDisclosure() (1.5s)
Thread#1:T:===========================================================
Thread#4:T:   at TRID.ProjectLibs.Common.ProjActions.GetNumericValueFromString(String inputString) in F:\Projects\TRID QA\trid-462743\QA\UIAutomation\SpecFramework\ProjectLibs\Common\ProjActions.cs:line 94
Thread#0:T:done: CardsValidationSteps.ThenUpdatedComputedAprValueShouldDisplayOnClosingDisclosure() (1.4s)
Thread#3:B:And APRWIN info value should display on Closing Disclosure
Thread#1:T:ExpectedDisclosedValue :18.64
Thread#4:T:   at TRID.StepDefinitions.CardsValidationSteps.ThenAprwinInfoValueShouldDisplayOnClosingDisclosure() in F:\Projects\TRID QA\trid-462743\QA\UIAutomation\SpecFramework\StepDefinitions\CardsValidationSteps.cs:line 797
Thread#0:B:And APRWIN info value should display on Closing Disclosure
Thread#1:T:ActualDisclosedValue :18.64
Thread#4:T:done: CardsValidationSteps.ThenAprwinInfoValueShouldDisplayOnClosingDisclosure() (1.3s)
Thread#3:T:System.FormatException: Input string was not in a correct format.
Thread#1:T:============================================================
Thread#4:B:And updated/computed Balloon Amount value should display on Closing Disclosure
Thread#0:T:System.FormatException: Input string was not in a correct format.
Thread#3:T:   at System.Number.ParseDouble(String value, NumberStyles options, NumberFormatInfo numfmt)
Thread#0:T:   at System.Number.ParseDouble(String value, NumberStyles options, NumberFormatInfo numfmt)
Thread#3:T:   at System.Convert.ToDouble(String value)
Thread#0:T:   at System.Convert.ToDouble(String value)
Thread#1:T:===========================================================
Thread#4:T:NUnit.Framework.AssertionException:   Computed value does not match as expected with the difference of 3.55000000000001
Thread#3:T:   at TRID.ProjectLibs.Common.ProjActions.GetNumericValueFromString(String inputString) in F:\Projects\TRID QA\trid-462743\QA\UIAutomation\SpecFramework\ProjectLibs\Common\ProjActions.cs:line 94
Thread#1:T:ExpectedVarianceValue :0
Thread#0:T:   at TRID.ProjectLibs.Common.ProjActions.GetNumericValueFromString(String inputString) in F:\Projects\TRID QA\trid-462743\QA\UIAutomation\SpecFramework\ProjectLibs\Common\ProjActions.cs:line 94
Thread#4:T:  Expected: 306.75999999999999d
Thread#3:T:   at TRID.StepDefinitions.CardsValidationSteps.ThenAprwinInfoValueShouldDisplayOnClosingDisclosure() in F:\Projects\TRID QA\trid-462743\QA\UIAutomation\SpecFramework\StepDefinitions\CardsValidationSteps.cs:line 797
Thread#1:T:ActualVarianceValue :0
Thread#0:T:   at TRID.StepDefinitions.CardsValidationSteps.ThenAprwinInfoValueShouldDisplayOnClosingDisclosure() in F:\Projects\TRID QA\trid-462743\QA\UIAutomation\SpecFramework\StepDefinitions\CardsValidationSteps.cs:line 797
Thread#4:T:  But was:  303.20999999999998d
Thread#3:T:done: CardsValidationSteps.ThenAprwinInfoValueShouldDisplayOnClosingDisclosure() (1.1s)
Thread#1:T:============================================================
Thread#0:T:done: CardsValidationSteps.ThenAprwinInfoValueShouldDisplayOnClosingDisclosure() (1.2s)
Thread#3:B:And updated/computed Balloon Amount value should display on Closing Disclosure
Thread#4:T:   at NUnit.Framework.Assert.That[TActual](TActual actual, IResolveConstraint expression, String message, Object[] args)
Thread#0:B:And updated/computed Balloon Amount value should display on Closing Disclosure
Thread#1:T:done: CardsValidationSteps.ThenUpdatedComputedMortgageInsuranceValueShouldDisplayOnClosingDisclosure() (3.2s)
Thread#4:T:   at NUnit.Framework.Assert.AreEqual(Object expected, Object actual, String message, Object[] args)
Thread#1:B:And updated/computed Scheduled PMI Termination Date value should display on Closing Disclosure
Thread#2:T:done: CardsValidationSteps.WhenUserEntersAllInputValuesForExportPage() (8.4s)
Thread#3:T:NUnit.Framework.AssertionException:   Computed value does not match as expected with the difference of 1.13000000000011
Thread#2:B:And user clicks on Export button to generate JSON file
Thread#4:T:   at TRID.StepDefinitions.CardsValidationSteps.ThenUpdatedComputedBalloonAmountValueShouldDisplayOnClosingDisclosure() in F:\Projects\TRID QA\trid-462743\QA\UIAutomation\SpecFramework\StepDefinitions\CardsValidationSteps.cs:line 827
Thread#0:T:NUnit.Framework.AssertionException:   Computed value does not match as expected with the difference of 204.15
Thread#3:T:  Expected: 1213.26d
Thread#1:T:System.FormatException: The string was not recognized as a valid DateTime. There is an unknown word starting at index 1.
Thread#0:T:  Expected: 1019.06d
Thread#4:T:done: CardsValidationSteps.ThenUpdatedComputedBalloonAmountValueShouldDisplayOnClosingDisclosure() (1.6s)
Thread#3:T:  But was:  1214.3900000000001d
Thread#1:T:   at System.DateTimeParse.Parse(String s, DateTimeFormatInfo dtfi, DateTimeStyles styles)
Thread#0:T:  But was:  1223.21d
Thread#4:B:And updated/computed Total of Payments value should display on Closing Disclosure
Thread#3:T:   at NUnit.Framework.Assert.That[TActual](TActual actual, IResolveConstraint expression, String message, Object[] args)
Thread#0:T:   at NUnit.Framework.Assert.That[TActual](TActual actual, IResolveConstraint expression, String message, Object[] args)
Thread#1:T:   at System.Convert.ToDateTime(String value)
Thread#3:T:   at NUnit.Framework.Assert.AreEqual(Object expected, Object actual, String message, Object[] args)
Thread#0:T:   at NUnit.Framework.Assert.AreEqual(Object expected, Object actual, String message, Object[] args)
Thread#1:T:   at TRID.ProjectLibs.Common.ProjActions.GetDatePart(By element) in F:\Projects\TRID QA\trid-462743\QA\UIAutomation\SpecFramework\ProjectLibs\Common\ProjActions.cs:line 100
Thread#4:T:NUnit.Framework.AssertionException:   Computed value does not match as expected with the difference of 219930.54
Thread#3:T:   at TRID.StepDefinitions.CardsValidationSteps.ThenUpdatedComputedBalloonAmountValueShouldDisplayOnClosingDisclosure() in F:\Projects\TRID QA\trid-462743\QA\UIAutomation\SpecFramework\StepDefinitions\CardsValidationSteps.cs:line 827
Thread#0:T:   at TRID.StepDefinitions.CardsValidationSteps.ThenUpdatedComputedBalloonAmountValueShouldDisplayOnClosingDisclosure() in F:\Projects\TRID QA\trid-462743\QA\UIAutomation\SpecFramework\StepDefinitions\CardsValidationSteps.cs:line 827
Thread#4:T:  Expected: 221632.17999999999d
Thread#1:T:   at TRID.StepDefinitions.CardsValidationSteps.ThenUpdatedComputedScheduledPmiTerminationDateValueShouldDisplayOnClosingDisclosure() in F:\Projects\TRID QA\trid-462743\QA\UIAutomation\SpecFramework\StepDefinitions\CardsValidationSteps.cs:line 603
Thread#0:T:done: CardsValidationSteps.ThenUpdatedComputedBalloonAmountValueShouldDisplayOnClosingDisclosure() (1.6s)
Thread#3:T:done: CardsValidationSteps.ThenUpdatedComputedBalloonAmountValueShouldDisplayOnClosingDisclosure() (1.7s)
Thread#1:T:done: CardsValidationSteps.ThenUpdatedComputedScheduledPmiTerminationDateValueShouldDisplayOnClosingDisclosure() (1.5s)
Thread#4:T:  But was:  1701.6400000000001d
Thread#0:B:And updated/computed Total of Payments value should display on Closing Disclosure
Thread#3:B:And updated/computed Total of Payments value should display on Closing Disclosure
Thread#1:B:And updated/computed Estimated Total Monthly Payment value should display on Closing Disclosure
Thread#4:T:   at NUnit.Framework.Assert.That[TActual](TActual actual, IResolveConstraint expression, String message, Object[] args)
Thread#0:T:NUnit.Framework.AssertionException:   Computed value does not match as expected with the difference of 220608.38
Thread#4:T:   at NUnit.Framework.Assert.AreEqual(Object expected, Object actual, String message, Object[] args)
Thread#3:T:NUnit.Framework.AssertionException:   Computed value does not match as expected with the difference of 219232.62
Thread#0:T:  Expected: 223371.39999999999d
Thread#1:T:NUnit.Framework.AssertionException:   Computed value does not match as expected with the difference of 126.93
Thread#4:T:   at TRID.StepDefinitions.CardsValidationSteps.ThenUpdatedComputedTotalOfPaymentsValueShouldDisplayOnClosingDisclosure() in F:\Projects\TRID QA\trid-462743\QA\UIAutomation\SpecFramework\StepDefinitions\CardsValidationSteps.cs:line 876
Thread#3:T:  Expected: 221986.79999999999d
Thread#0:T:  But was:  2763.02d
Thread#1:T:  Expected: 448.91000000000002d
Thread#4:T:done: CardsValidationSteps.ThenUpdatedComputedTotalOfPaymentsValueShouldDisplayOnClosingDisclosure() (1.7s)
Thread#3:T:  But was:  2754.1799999999998d
Thread#0:T:   at NUnit.Framework.Assert.That[TActual](TActual actual, IResolveConstraint expression, String message, Object[] args)
Thread#1:T:  But was:  321.98000000000002d
Thread#4:B:And updated/computed Finance Charge value should display on Closing Disclosure
Thread#3:T:   at NUnit.Framework.Assert.That[TActual](TActual actual, IResolveConstraint expression, String message, Object[] args)
Thread#0:T:   at NUnit.Framework.Assert.AreEqual(Object expected, Object actual, String message, Object[] args)
Thread#1:T:   at NUnit.Framework.Assert.That[TActual](TActual actual, IResolveConstraint expression, String message, Object[] args)
Thread#3:T:   at NUnit.Framework.Assert.AreEqual(Object expected, Object actual, String message, Object[] args)
Thread#0:T:   at TRID.StepDefinitions.CardsValidationSteps.ThenUpdatedComputedTotalOfPaymentsValueShouldDisplayOnClosingDisclosure() in F:\Projects\TRID QA\trid-462743\QA\UIAutomation\SpecFramework\StepDefinitions\CardsValidationSteps.cs:line 876
Thread#4:T:NUnit.Framework.AssertionException:   Computed value does not match as expected with the difference of 89029.06
Thread#1:T:   at NUnit.Framework.Assert.AreEqual(Object expected, Object actual, String message, Object[] args)
Thread#3:T:   at TRID.StepDefinitions.CardsValidationSteps.ThenUpdatedComputedTotalOfPaymentsValueShouldDisplayOnClosingDisclosure() in F:\Projects\TRID QA\trid-462743\QA\UIAutomation\SpecFramework\StepDefinitions\CardsValidationSteps.cs:line 876
Thread#0:T:done: CardsValidationSteps.ThenUpdatedComputedTotalOfPaymentsValueShouldDisplayOnClosingDisclosure() (1.4s)
Thread#4:T:  Expected: 90632.179999999993d
Thread#1:T:   at TRID.StepDefinitions.CardsValidationSteps.ThenUpdatedComputedEstimatedTotalMonthlyPaymentValueShouldDisplayOnClosingDisclosure() in F:\Projects\TRID QA\trid-462743\QA\UIAutomation\SpecFramework\StepDefinitions\CardsValidationSteps.cs:line 701
Thread#0:B:And updated/computed Finance Charge value should display on Closing Disclosure
Thread#3:T:done: CardsValidationSteps.ThenUpdatedComputedTotalOfPaymentsValueShouldDisplayOnClosingDisclosure() (1.5s)
Thread#4:T:  But was:  1603.1199999999999d
Thread#1:T:done: CardsValidationSteps.ThenUpdatedComputedEstimatedTotalMonthlyPaymentValueShouldDisplayOnClosingDisclosure() (1.5s)
Thread#4:T:   at NUnit.Framework.Assert.That[TActual](TActual actual, IResolveConstraint expression, String message, Object[] args)
Thread#1:B:And updated/computed APR value should display on Closing Disclosure
Thread#3:B:And updated/computed Finance Charge value should display on Closing Disclosure
Thread#0:T:NUnit.Framework.AssertionException:   Computed value does not match as expected with the difference of 89999.19
Thread#4:T:   at NUnit.Framework.Assert.AreEqual(Object expected, Object actual, String message, Object[] args)
Thread#2:T:done: CardsValidationSteps.WhenUserClicksOnExportButtonToGenerateJsonFile() (3.7s)
Thread#0:T:  Expected: 92371.399999999994d
Thread#1:T:NUnit.Framework.AssertionException:   Computed value does not match as expected with the difference of 3.99
Thread#3:T:NUnit.Framework.AssertionException:   Computed value does not match as expected with the difference of 88628.26
Thread#4:T:   at TRID.StepDefinitions.CardsValidationSteps.ThenUpdatedComputedFinanceChargeValueShouldDisplayOnClosingDisclosure() in F:\Projects\TRID QA\trid-462743\QA\UIAutomation\SpecFramework\StepDefinitions\CardsValidationSteps.cs:line 925
Thread#2:B:And user navigates to Closing Disclosure Cards Page
Thread#0:T:  But was:  2372.21d
Thread#1:T:  Expected: 3.9900000000000002d
Thread#3:T:  Expected: 90986.800000000003d
Thread#4:T:done: CardsValidationSteps.ThenUpdatedComputedFinanceChargeValueShouldDisplayOnClosingDisclosure() (1.4s)
Thread#0:T:   at NUnit.Framework.Assert.That[TActual](TActual actual, IResolveConstraint expression, String message, Object[] args)
Thread#3:T:  But was:  2358.54d
Thread#1:T:  But was:  0.0d
Thread#4:B:And updated/computed Prepaid Charges value should display on Closing Disclosure
Thread#0:T:   at NUnit.Framework.Assert.AreEqual(Object expected, Object actual, String message, Object[] args)
Thread#3:T:   at NUnit.Framework.Assert.That[TActual](TActual actual, IResolveConstraint expression, String message, Object[] args)
Thread#1:T:   at NUnit.Framework.Assert.That[TActual](TActual actual, IResolveConstraint expression, String message, Object[] args)
Thread#0:T:   at TRID.StepDefinitions.CardsValidationSteps.ThenUpdatedComputedFinanceChargeValueShouldDisplayOnClosingDisclosure() in F:\Projects\TRID QA\trid-462743\QA\UIAutomation\SpecFramework\StepDefinitions\CardsValidationSteps.cs:line 925
Thread#3:T:   at NUnit.Framework.Assert.AreEqual(Object expected, Object actual, String message, Object[] args)
Thread#1:T:   at NUnit.Framework.Assert.AreEqual(Object expected, Object actual, String message, Object[] args)
Thread#4:T:===========================================================
Thread#0:T:done: CardsValidationSteps.ThenUpdatedComputedFinanceChargeValueShouldDisplayOnClosingDisclosure() (1.5s)
Thread#3:T:   at TRID.StepDefinitions.CardsValidationSteps.ThenUpdatedComputedFinanceChargeValueShouldDisplayOnClosingDisclosure() in F:\Projects\TRID QA\trid-462743\QA\UIAutomation\SpecFramework\StepDefinitions\CardsValidationSteps.cs:line 925
Thread#1:T:   at TRID.StepDefinitions.CardsValidationSteps.ThenUpdatedComputedAprValueShouldDisplayOnClosingDisclosure() in F:\Projects\TRID QA\trid-462743\QA\UIAutomation\SpecFramework\StepDefinitions\CardsValidationSteps.cs:line 750
Thread#4:T:ExpectedComputedValue :1378.23
Thread#0:B:And updated/computed Prepaid Charges value should display on Closing Disclosure
Thread#1:T:done: CardsValidationSteps.ThenUpdatedComputedAprValueShouldDisplayOnClosingDisclosure() (1.6s)
Thread#3:T:done: CardsValidationSteps.ThenUpdatedComputedFinanceChargeValueShouldDisplayOnClosingDisclosure() (1.6s)
Thread#4:T:ActualComputedValue :1378.23
Thread#1:B:And APRWIN info value should display on Closing Disclosure
Thread#4:T:============================================================
Thread#3:B:And updated/computed Prepaid Charges value should display on Closing Disclosure
Thread#2:T:done: CardsValidationSteps.WhenUserNavigatesToClosingDisclosureCardsPage() (1.4s)
Thread#0:T:===========================================================
Thread#2:B:Then updated/computed Principal and Interest value should display on Closing Disclosure
Thread#3:T:===========================================================
Thread#0:T:ExpectedComputedValue :1459.03
Thread#1:T:NUnit.Framework.AssertionException:   Apr Info value does not match as expected with the difference of 3.989
Thread#4:T:===========================================================
Thread#1:T:  Expected: 3.9889999999999999d
Thread#0:T:ActualComputedValue :1459.03
Thread#3:T:ExpectedComputedValue :1459.01
Thread#4:T:ExpectedDisclosedValue :1378.23
Thread#0:T:============================================================
Thread#1:T:  But was:  0.0d
Thread#3:T:ActualComputedValue :1459.01
Thread#4:T:ActualDisclosedValue :1378.23
Thread#2:T:===========================================================
Thread#3:T:============================================================
Thread#1:T:   at NUnit.Framework.Assert.That[TActual](TActual actual, IResolveConstraint expression, String message, Object[] args)
Thread#4:T:============================================================
Thread#2:T:ExpectedComputedValue :305.25
Thread#0:T:===========================================================
Thread#1:T:   at NUnit.Framework.Assert.AreEqual(Object expected, Object actual, String message, Object[] args)
Thread#2:T:ActualComputedValue :305.25
Thread#0:T:ExpectedDisclosedValue :1459.03
Thread#1:T:   at TRID.StepDefinitions.CardsValidationSteps.ThenAprwinInfoValueShouldDisplayOnClosingDisclosure() in F:\Projects\TRID QA\trid-462743\QA\UIAutomation\SpecFramework\StepDefinitions\CardsValidationSteps.cs:line 799
Thread#2:T:============================================================
Thread#3:T:===========================================================
Thread#4:T:===========================================================
Thread#0:T:ActualDisclosedValue :1459.03
Thread#3:T:ExpectedDisclosedValue :1459.01
Thread#1:T:done: CardsValidationSteps.ThenAprwinInfoValueShouldDisplayOnClosingDisclosure() (1.8s)
Thread#4:T:ExpectedVarianceValue :0
Thread#0:T:============================================================
Thread#3:T:ActualDisclosedValue :1459.01
Thread#1:B:And updated/computed Balloon Amount value should display on Closing Disclosure
Thread#2:T:===========================================================
Thread#4:T:ActualVarianceValue :0
Thread#2:T:ExpectedDisclosedValue :305.25
Thread#3:T:============================================================
Thread#4:T:============================================================
Thread#0:T:===========================================================
Thread#1:T:NUnit.Framework.AssertionException:   Computed value does not match as expected with the difference of 34.21
Thread#2:T:ActualDisclosedValue :305.25
Thread#0:T:ExpectedVarianceValue :0
Thread#4:T:done: CardsValidationSteps.ThenUpdatedComputedPrepaidChargesValueShouldDisplayOnClosingDisclosure() (3.7s)
Thread#1:T:  Expected: 269.13d
Thread#0:T:ActualVarianceValue :0
Thread#2:T:============================================================
Thread#3:T:===========================================================
Thread#4:B:And updated/computed Amount Financed value should display on Closing Disclosure
Thread#0:T:============================================================
Thread#1:T:  But was:  303.33999999999997d
Thread#3:T:ExpectedVarianceValue :0
Thread#0:T:done: CardsValidationSteps.ThenUpdatedComputedPrepaidChargesValueShouldDisplayOnClosingDisclosure() (3.4s)
Thread#1:T:   at NUnit.Framework.Assert.That[TActual](TActual actual, IResolveConstraint expression, String message, Object[] args)
Thread#3:T:ActualVarianceValue :0
Thread#2:T:===========================================================
Thread#0:B:And updated/computed Amount Financed value should display on Closing Disclosure
Thread#4:T:===========================================================
Thread#1:T:   at NUnit.Framework.Assert.AreEqual(Object expected, Object actual, String message, Object[] args)
Thread#2:T:ExpectedVarianceValue :0
Thread#3:T:============================================================
Thread#1:T:   at TRID.StepDefinitions.CardsValidationSteps.ThenUpdatedComputedBalloonAmountValueShouldDisplayOnClosingDisclosure() in F:\Projects\TRID QA\trid-462743\QA\UIAutomation\SpecFramework\StepDefinitions\CardsValidationSteps.cs:line 827
Thread#4:T:ExpectedComputedValue :129621.77
Thread#2:T:ActualVarianceValue :0
Thread#3:T:done: CardsValidationSteps.ThenUpdatedComputedPrepaidChargesValueShouldDisplayOnClosingDisclosure() (3.6s)
Thread#0:T:===========================================================
Thread#1:T:done: CardsValidationSteps.ThenUpdatedComputedBalloonAmountValueShouldDisplayOnClosingDisclosure() (1.6s)
Thread#4:T:ActualComputedValue :129621.77
Thread#2:T:============================================================
Thread#3:B:And updated/computed Amount Financed value should display on Closing Disclosure
Thread#0:T:ExpectedComputedValue :129540.97
Thread#1:B:And updated/computed Total of Payments value should display on Closing Disclosure
Thread#4:T:============================================================
Thread#2:T:done: CardsValidationSteps.ThenUpdatedComputedPrincipalAndInterestValueShouldDisplayOnClosingDisclosure() (3.7s)
Thread#0:T:ActualComputedValue :129540.97
Thread#1:T:NUnit.Framework.AssertionException:   Computed value does not match as expected with the difference of 208087.45
Thread#3:T:===========================================================
Thread#2:B:And updated/computed Mortgage Insurance value should display on Closing Disclosure
Thread#0:T:============================================================
Thread#4:T:===========================================================
Thread#1:T:  Expected: 209734.98000000001d
Thread#3:T:ExpectedComputedValue :129540.99
Thread#4:T:ExpectedDisclosedValue :129621.77
Thread#1:T:  But was:  1647.53d
Thread#2:T:===========================================================
Thread#3:T:ActualComputedValue :129540.99
Thread#0:T:===========================================================
Thread#4:T:ActualDisclosedValue :129621.77
Thread#2:T:ExpectedComputedValue :20.2
Thread#1:T:   at NUnit.Framework.Assert.That[TActual](TActual actual, IResolveConstraint expression, String message, Object[] args)
Thread#0:T:ExpectedDisclosedValue :129540.97
Thread#3:T:============================================================
Thread#2:T:ActualComputedValue :20.2
Thread#0:T:ActualDisclosedValue :129540.97
Thread#4:T:============================================================
Thread#1:T:   at NUnit.Framework.Assert.AreEqual(Object expected, Object actual, String message, Object[] args)
Thread#2:T:============================================================
Thread#0:T:============================================================
Thread#1:T:   at TRID.StepDefinitions.CardsValidationSteps.ThenUpdatedComputedTotalOfPaymentsValueShouldDisplayOnClosingDisclosure() in F:\Projects\TRID QA\trid-462743\QA\UIAutomation\SpecFramework\StepDefinitions\CardsValidationSteps.cs:line 876
Thread#3:T:===========================================================
Thread#4:T:===========================================================
Thread#2:T:===========================================================
Thread#0:T:===========================================================
Thread#1:T:done: CardsValidationSteps.ThenUpdatedComputedTotalOfPaymentsValueShouldDisplayOnClosingDisclosure() (1.5s)
Thread#3:T:ExpectedDisclosedValue :129540.99
Thread#1:B:And updated/computed Finance Charge value should display on Closing Disclosure
Thread#0:T:ExpectedVarianceValue :0
Thread#2:T:ExpectedDisclosedValue :20.2
Thread#4:T:ExpectedVarianceValue :0
Thread#3:T:ActualDisclosedValue :129540.99
Thread#0:T:ActualVarianceValue :0
Thread#2:T:ActualDisclosedValue :20.2
Thread#4:T:ActualVarianceValue :0
Thread#1:T:NUnit.Framework.AssertionException:   Computed value does not match as expected with the difference of 77199.75
Thread#3:T:============================================================
Thread#0:T:============================================================
Thread#2:T:============================================================
Thread#0:T:done: CardsValidationSteps.ThenUpdatedComputedAmountFinancedValueShouldDisplayOnClosingDisclosure() (2.9s)
Thread#1:T:  Expected: 78734.979999999996d
Thread#4:T:============================================================
Thread#0:B:And updated/computed TIP value should display on Closing Disclosure
Thread#1:T:  But was:  1535.23d
Thread#3:T:===========================================================
Thread#4:T:done: CardsValidationSteps.ThenUpdatedComputedAmountFinancedValueShouldDisplayOnClosingDisclosure() (3.7s)
Thread#2:T:===========================================================
Thread#1:T:   at NUnit.Framework.Assert.That[TActual](TActual actual, IResolveConstraint expression, String message, Object[] args)
Thread#3:T:ExpectedVarianceValue :0
Thread#2:T:ExpectedVarianceValue :0
Thread#4:B:And updated/computed TIP value should display on Closing Disclosure
Thread#1:T:   at NUnit.Framework.Assert.AreEqual(Object expected, Object actual, String message, Object[] args)
Thread#0:T:NUnit.Framework.AssertionException:   Computed value does not match as expected with the difference of 67.28
Thread#3:T:ActualVarianceValue :0
Thread#2:T:ActualVarianceValue :0
Thread#0:T:  Expected: 67.969999999999999d
Thread#1:T:   at TRID.StepDefinitions.CardsValidationSteps.ThenUpdatedComputedFinanceChargeValueShouldDisplayOnClosingDisclosure() in F:\Projects\TRID QA\trid-462743\QA\UIAutomation\SpecFramework\StepDefinitions\CardsValidationSteps.cs:line 925
Thread#2:T:============================================================
Thread#3:T:============================================================
Thread#0:T:  But was:  0.68999999999999995d
Thread#4:T:NUnit.Framework.AssertionException:   Computed value does not match as expected with the difference of 66.49
Thread#1:T:done: CardsValidationSteps.ThenUpdatedComputedFinanceChargeValueShouldDisplayOnClosingDisclosure() (1.5s)
Thread#3:T:done: CardsValidationSteps.ThenUpdatedComputedAmountFinancedValueShouldDisplayOnClosingDisclosure() (3.4s)
Thread#2:T:done: CardsValidationSteps.ThenUpdatedComputedMortgageInsuranceValueShouldDisplayOnClosingDisclosure() (3.2s)
Thread#0:T:   at NUnit.Framework.Assert.That[TActual](TActual actual, IResolveConstraint expression, String message, Object[] args)
Thread#4:T:  Expected: 66.700000000000003d
Thread#1:B:And updated/computed Prepaid Charges value should display on Closing Disclosure
Thread#3:B:And updated/computed TIP value should display on Closing Disclosure
Thread#0:T:   at NUnit.Framework.Assert.AreEqual(Object expected, Object actual, String message, Object[] args)
Thread#2:B:And updated/computed Scheduled PMI Termination Date value should display on Closing Disclosure
Thread#4:T:  But was:  0.20999999999999999d
Thread#0:T:   at TRID.StepDefinitions.CardsValidationSteps.ThenUpdatedComputedTipValueShouldDisplayOnClosingDisclosure() in F:\Projects\TRID QA\trid-462743\QA\UIAutomation\SpecFramework\StepDefinitions\CardsValidationSteps.cs:line 1072
Thread#4:T:   at NUnit.Framework.Assert.That[TActual](TActual actual, IResolveConstraint expression, String message, Object[] args)
Thread#1:T:===========================================================
Thread#0:T:done: CardsValidationSteps.ThenUpdatedComputedTipValueShouldDisplayOnClosingDisclosure() (1.4s)
Thread#3:T:NUnit.Framework.AssertionException:   Computed value does not match as expected with the difference of 66.23
Thread#2:T:System.FormatException: The string was not recognized as a valid DateTime. There is an unknown word starting at index 1.
Thread#1:T:ExpectedComputedValue :1325.55
Thread#4:T:   at NUnit.Framework.Assert.AreEqual(Object expected, Object actual, String message, Object[] args)
Thread#2:T:   at System.DateTimeParse.Parse(String s, DateTimeFormatInfo dtfi, DateTimeStyles styles)
Thread#0:B:And updated/computed Escrow Property Costs over one year 11 Months value should display on Closing Disclosure
Thread#1:T:ActualComputedValue :1325.55
Thread#3:T:  Expected: 66.909999999999997d
Thread#4:T:   at TRID.StepDefinitions.CardsValidationSteps.ThenUpdatedComputedTipValueShouldDisplayOnClosingDisclosure() in F:\Projects\TRID QA\trid-462743\QA\UIAutomation\SpecFramework\StepDefinitions\CardsValidationSteps.cs:line 1072
Thread#1:T:============================================================
Thread#2:T:   at System.Convert.ToDateTime(String value)
Thread#4:T:done: CardsValidationSteps.ThenUpdatedComputedTipValueShouldDisplayOnClosingDisclosure() (1.6s)
Thread#3:T:  But was:  0.68000000000000005d
Thread#0:T:NUnit.Framework.AssertionException:   Computed value does not match as expected with the difference of 2750
Thread#2:T:   at TRID.ProjectLibs.Common.ProjActions.GetDatePart(By element) in F:\Projects\TRID QA\trid-462743\QA\UIAutomation\SpecFramework\ProjectLibs\Common\ProjActions.cs:line 100
Thread#3:T:   at NUnit.Framework.Assert.That[TActual](TActual actual, IResolveConstraint expression, String message, Object[] args)
Thread#4:B:And updated/computed Escrow Property Costs over one year 11 Months value should display on Closing Disclosure
Thread#0:T:  Expected: 2750.0d
Thread#1:T:===========================================================
Thread#2:T:   at TRID.StepDefinitions.CardsValidationSteps.ThenUpdatedComputedScheduledPmiTerminationDateValueShouldDisplayOnClosingDisclosure() in F:\Projects\TRID QA\trid-462743\QA\UIAutomation\SpecFramework\StepDefinitions\CardsValidationSteps.cs:line 603
Thread#3:T:   at NUnit.Framework.Assert.AreEqual(Object expected, Object actual, String message, Object[] args)
Thread#0:T:  But was:  0.0d
Thread#1:T:ExpectedDisclosedValue :1325.55
Thread#2:T:done: CardsValidationSteps.ThenUpdatedComputedScheduledPmiTerminationDateValueShouldDisplayOnClosingDisclosure() (1.4s)
Thread#0:T:   at NUnit.Framework.Assert.That[TActual](TActual actual, IResolveConstraint expression, String message, Object[] args)
Thread#1:T:ActualDisclosedValue :1325.55
Thread#3:T:   at TRID.StepDefinitions.CardsValidationSteps.ThenUpdatedComputedTipValueShouldDisplayOnClosingDisclosure() in F:\Projects\TRID QA\trid-462743\QA\UIAutomation\SpecFramework\StepDefinitions\CardsValidationSteps.cs:line 1072
Thread#4:T:NUnit.Framework.AssertionException:   Computed value does not match as expected with the difference of 3162.5
Thread#0:T:   at NUnit.Framework.Assert.AreEqual(Object expected, Object actual, String message, Object[] args)
Thread#2:B:And updated/computed Estimated Total Monthly Payment value should display on Closing Disclosure
Thread#1:T:============================================================
Thread#3:T:done: CardsValidationSteps.ThenUpdatedComputedTipValueShouldDisplayOnClosingDisclosure() (1.8s)
Thread#4:T:  Expected: 3162.5d
Thread#0:T:   at TRID.StepDefinitions.CardsValidationSteps.ThenUpdatedComputedEscrowPropertyCostsOverOneYear11MonthsValueShouldDisplayOnClosingDisclosure() in F:\Projects\TRID QA\trid-462743\QA\UIAutomation\SpecFramework\StepDefinitions\CardsValidationSteps.cs:line 1121
Thread#3:B:And updated/computed Escrow Property Costs over one year 11 Months value should display on Closing Disclosure
Thread#0:T:done: CardsValidationSteps.ThenUpdatedComputedEscrowPropertyCostsOverOneYear11MonthsValueShouldDisplayOnClosingDisclosure() (1.5s)
Thread#4:T:  But was:  0.0d
Thread#2:T:NUnit.Framework.AssertionException:   Computed value does not match as expected with the difference of 137.5
Thread#1:T:===========================================================
Thread#0:B:And updated/computed Escrow Property Costs over one year 12 Months value should display on Closing Disclosure
Thread#2:T:  Expected: 462.94999999999999d
Thread#4:T:   at NUnit.Framework.Assert.That[TActual](TActual actual, IResolveConstraint expression, String message, Object[] args)
Thread#1:T:ExpectedVarianceValue :0
Thread#3:T:NUnit.Framework.AssertionException:   Computed value does not match as expected with the difference of 2750
Thread#2:T:  But was:  325.44999999999999d
Thread#1:T:ActualVarianceValue :0
Thread#3:T:  Expected: 2750.0d
Thread#4:T:   at NUnit.Framework.Assert.AreEqual(Object expected, Object actual, String message, Object[] args)
Thread#2:T:   at NUnit.Framework.Assert.That[TActual](TActual actual, IResolveConstraint expression, String message, Object[] args)
Thread#0:T:NUnit.Framework.AssertionException:   Computed value does not match as expected with the difference of 3300
Thread#3:T:  But was:  0.0d
Thread#1:T:============================================================
Thread#4:T:   at TRID.StepDefinitions.CardsValidationSteps.ThenUpdatedComputedEscrowPropertyCostsOverOneYear11MonthsValueShouldDisplayOnClosingDisclosure() in F:\Projects\TRID QA\trid-462743\QA\UIAutomation\SpecFramework\StepDefinitions\CardsValidationSteps.cs:line 1121
Thread#2:T:   at NUnit.Framework.Assert.AreEqual(Object expected, Object actual, String message, Object[] args)
Thread#0:T:  Expected: 3300.0d
Thread#1:T:done: CardsValidationSteps.ThenUpdatedComputedPrepaidChargesValueShouldDisplayOnClosingDisclosure() (3.3s)
Thread#4:T:done: CardsValidationSteps.ThenUpdatedComputedEscrowPropertyCostsOverOneYear11MonthsValueShouldDisplayOnClosingDisclosure() (1.9s)
Thread#3:T:   at NUnit.Framework.Assert.That[TActual](TActual actual, IResolveConstraint expression, String message, Object[] args)
Thread#2:T:   at TRID.StepDefinitions.CardsValidationSteps.ThenUpdatedComputedEstimatedTotalMonthlyPaymentValueShouldDisplayOnClosingDisclosure() in F:\Projects\TRID QA\trid-462743\QA\UIAutomation\SpecFramework\StepDefinitions\CardsValidationSteps.cs:line 701
Thread#1:B:And updated/computed Amount Financed value should display on Closing Disclosure
Thread#0:T:  But was:  0.0d
Thread#3:T:   at NUnit.Framework.Assert.AreEqual(Object expected, Object actual, String message, Object[] args)
Thread#0:T:   at NUnit.Framework.Assert.That[TActual](TActual actual, IResolveConstraint expression, String message, Object[] args)
Thread#4:B:And updated/computed Escrow Property Costs over one year 12 Months value should display on Closing Disclosure
Thread#2:T:done: CardsValidationSteps.ThenUpdatedComputedEstimatedTotalMonthlyPaymentValueShouldDisplayOnClosingDisclosure() (1.8s)
Thread#0:T:   at NUnit.Framework.Assert.AreEqual(Object expected, Object actual, String message, Object[] args)
Thread#2:B:And updated/computed APR value should display on Closing Disclosure
Thread#3:T:   at TRID.StepDefinitions.CardsValidationSteps.ThenUpdatedComputedEscrowPropertyCostsOverOneYear11MonthsValueShouldDisplayOnClosingDisclosure() in F:\Projects\TRID QA\trid-462743\QA\UIAutomation\SpecFramework\StepDefinitions\CardsValidationSteps.cs:line 1121
Thread#1:T:===========================================================
Thread#0:T:   at TRID.StepDefinitions.CardsValidationSteps.ThenUpdatedComputedEscrowPropertyCostsOverOneYear12MonthsValueShouldDisplayOnClosingDisclosure() in F:\Projects\TRID QA\trid-462743\QA\UIAutomation\SpecFramework\StepDefinitions\CardsValidationSteps.cs:line 1170
Thread#3:T:done: CardsValidationSteps.ThenUpdatedComputedEscrowPropertyCostsOverOneYear11MonthsValueShouldDisplayOnClosingDisclosure() (1.8s)
Thread#4:T:NUnit.Framework.AssertionException:   Computed value does not match as expected with the difference of 3300
Thread#1:T:ExpectedComputedValue :129674.45
Thread#0:T:done: CardsValidationSteps.ThenUpdatedComputedEscrowPropertyCostsOverOneYear12MonthsValueShouldDisplayOnClosingDisclosure() (1.7s)
Thread#2:T:System.FormatException: Input string was not in a correct format.
Thread#3:B:And updated/computed Escrow Property Costs over one year 12 Months value should display on Closing Disclosure
Thread#1:T:ActualComputedValue :129674.45
Thread#4:T:  Expected: 3300.0d
Thread#0:B:And updated/computed Initial Escrow Payment value should display on Closing Disclosure
Thread#2:T:   at System.Number.ParseDouble(String value, NumberStyles options, NumberFormatInfo numfmt)
Thread#1:T:============================================================
Thread#4:T:  But was:  0.0d
Thread#2:T:   at System.Convert.ToDouble(String value)
Thread#3:T:NUnit.Framework.AssertionException:   Computed value does not match as expected with the difference of 3300
Thread#0:T:NUnit.Framework.AssertionException:   Computed value does not match as expected with the difference of 750
Thread#4:T:   at NUnit.Framework.Assert.That[TActual](TActual actual, IResolveConstraint expression, String message, Object[] args)
Thread#3:T:  Expected: 3300.0d
Thread#1:T:===========================================================
Thread#0:T:  Expected: 750.0d
Thread#2:T:   at TRID.ProjectLibs.Common.ProjActions.GetNumericValueFromString(String inputString) in F:\Projects\TRID QA\trid-462743\QA\UIAutomation\SpecFramework\ProjectLibs\Common\ProjActions.cs:line 94
Thread#4:T:   at NUnit.Framework.Assert.AreEqual(Object expected, Object actual, String message, Object[] args)
Thread#1:T:ExpectedDisclosedValue :129674.45
Thread#0:T:  But was:  0.0d
Thread#3:T:  But was:  0.0d
Thread#4:T:   at TRID.StepDefinitions.CardsValidationSteps.ThenUpdatedComputedEscrowPropertyCostsOverOneYear12MonthsValueShouldDisplayOnClosingDisclosure() in F:\Projects\TRID QA\trid-462743\QA\UIAutomation\SpecFramework\StepDefinitions\CardsValidationSteps.cs:line 1170
Thread#2:T:   at TRID.StepDefinitions.CardsValidationSteps.ThenUpdatedComputedAprValueShouldDisplayOnClosingDisclosure() in F:\Projects\TRID QA\trid-462743\QA\UIAutomation\SpecFramework\StepDefinitions\CardsValidationSteps.cs:line 747
Thread#1:T:ActualDisclosedValue :129674.45
Thread#0:T:   at NUnit.Framework.Assert.That[TActual](TActual actual, IResolveConstraint expression, String message, Object[] args)
Thread#4:T:done: CardsValidationSteps.ThenUpdatedComputedEscrowPropertyCostsOverOneYear12MonthsValueShouldDisplayOnClosingDisclosure() (1.7s)
Thread#3:T:   at NUnit.Framework.Assert.That[TActual](TActual actual, IResolveConstraint expression, String message, Object[] args)
Thread#2:T:done: CardsValidationSteps.ThenUpdatedComputedAprValueShouldDisplayOnClosingDisclosure() (1.6s)
Thread#1:T:============================================================
Thread#0:T:   at NUnit.Framework.Assert.AreEqual(Object expected, Object actual, String message, Object[] args)
Thread#0:T:   at TRID.StepDefinitions.CardsValidationSteps.ThenUpdatedComputedInitialEscrowPaymentValueShouldDisplayOnClosingDisclosure() in F:\Projects\TRID QA\trid-462743\QA\UIAutomation\SpecFramework\StepDefinitions\CardsValidationSteps.cs:line 1220
Thread#2:B:And APRWIN info value should display on Closing Disclosure
Thread#4:B:And updated/computed Initial Escrow Payment value should display on Closing Disclosure
Thread#3:T:   at NUnit.Framework.Assert.AreEqual(Object expected, Object actual, String message, Object[] args)
Thread#0:T:done: CardsValidationSteps.ThenUpdatedComputedInitialEscrowPaymentValueShouldDisplayOnClosingDisclosure() (1.5s)
Thread#1:T:===========================================================
Thread#3:T:   at TRID.StepDefinitions.CardsValidationSteps.ThenUpdatedComputedEscrowPropertyCostsOverOneYear12MonthsValueShouldDisplayOnClosingDisclosure() in F:\Projects\TRID QA\trid-462743\QA\UIAutomation\SpecFramework\StepDefinitions\CardsValidationSteps.cs:line 1170
Thread#0:B:And updated/computed Non Escrow Property Costs over one year value should display on Closing Disclosure
Thread#1:T:ExpectedVarianceValue :0
Thread#4:T:NUnit.Framework.AssertionException:   Computed value does not match as expected with the difference of 749.92
Thread#2:T:System.FormatException: Input string was not in a correct format.
Thread#3:T:done: CardsValidationSteps.ThenUpdatedComputedEscrowPropertyCostsOverOneYear12MonthsValueShouldDisplayOnClosingDisclosure() (1.9s)
Thread#4:T:  Expected: 749.91999999999996d
Thread#1:T:ActualVarianceValue :0
Thread#3:B:And updated/computed Initial Escrow Payment value should display on Closing Disclosure
Thread#2:T:   at System.Number.ParseDouble(String value, NumberStyles options, NumberFormatInfo numfmt)
Thread#0:T:===========================================================
Thread#1:T:============================================================
Thread#4:T:  But was:  0.0d
Thread#2:T:   at System.Convert.ToDouble(String value)
Thread#0:T:ExpectedComputedValue :0
Thread#1:T:done: CardsValidationSteps.ThenUpdatedComputedAmountFinancedValueShouldDisplayOnClosingDisclosure() (3.4s)
Thread#4:T:   at NUnit.Framework.Assert.That[TActual](TActual actual, IResolveConstraint expression, String message, Object[] args)
Thread#3:T:NUnit.Framework.AssertionException:   Computed value does not match as expected with the difference of 750
Thread#2:T:   at TRID.ProjectLibs.Common.ProjActions.GetNumericValueFromString(String inputString) in F:\Projects\TRID QA\trid-462743\QA\UIAutomation\SpecFramework\ProjectLibs\Common\ProjActions.cs:line 94
Thread#1:B:And updated/computed TIP value should display on Closing Disclosure
Thread#0:T:ActualComputedValue :0
Thread#3:T:  Expected: 750.0d
Thread#4:T:   at NUnit.Framework.Assert.AreEqual(Object expected, Object actual, String message, Object[] args)
Thread#0:T:============================================================
Thread#2:T:   at TRID.StepDefinitions.CardsValidationSteps.ThenAprwinInfoValueShouldDisplayOnClosingDisclosure() in F:\Projects\TRID QA\trid-462743\QA\UIAutomation\SpecFramework\StepDefinitions\CardsValidationSteps.cs:line 797
Thread#3:T:  But was:  0.0d
Thread#1:T:NUnit.Framework.AssertionException:   Computed value does not match as expected with the difference of 57.75
Thread#4:T:   at TRID.StepDefinitions.CardsValidationSteps.ThenUpdatedComputedInitialEscrowPaymentValueShouldDisplayOnClosingDisclosure() in F:\Projects\TRID QA\trid-462743\QA\UIAutomation\SpecFramework\StepDefinitions\CardsValidationSteps.cs:line 1220
Thread#2:T:done: CardsValidationSteps.ThenAprwinInfoValueShouldDisplayOnClosingDisclosure() (1.6s)
Thread#1:T:  Expected: 57.899999999999999d
Thread#3:T:   at NUnit.Framework.Assert.That[TActual](TActual actual, IResolveConstraint expression, String message, Object[] args)
Thread#0:T:===========================================================
Thread#4:T:done: CardsValidationSteps.ThenUpdatedComputedInitialEscrowPaymentValueShouldDisplayOnClosingDisclosure() (1.8s)
Thread#2:B:And updated/computed Balloon Amount value should display on Closing Disclosure
Thread#3:T:   at NUnit.Framework.Assert.AreEqual(Object expected, Object actual, String message, Object[] args)
Thread#1:T:  But was:  0.14999999999999999d
Thread#0:T:ExpectedDisclosedValue :0
Thread#4:B:And updated/computed Non Escrow Property Costs over one year value should display on Closing Disclosure
Thread#1:T:   at NUnit.Framework.Assert.That[TActual](TActual actual, IResolveConstraint expression, String message, Object[] args)
Thread#0:T:ActualDisclosedValue :0
Thread#2:T:NUnit.Framework.AssertionException:   Computed value does not match as expected with the difference of 6.50999999999999
Thread#3:T:   at TRID.StepDefinitions.CardsValidationSteps.ThenUpdatedComputedInitialEscrowPaymentValueShouldDisplayOnClosingDisclosure() in F:\Projects\TRID QA\trid-462743\QA\UIAutomation\SpecFramework\StepDefinitions\CardsValidationSteps.cs:line 1220
Thread#1:T:   at NUnit.Framework.Assert.AreEqual(Object expected, Object actual, String message, Object[] args)
Thread#0:T:============================================================
Thread#3:T:done: CardsValidationSteps.ThenUpdatedComputedInitialEscrowPaymentValueShouldDisplayOnClosingDisclosure() (1.7s)
Thread#2:T:  Expected: 298.74000000000001d
Thread#4:T:===========================================================
Thread#1:T:   at TRID.StepDefinitions.CardsValidationSteps.ThenUpdatedComputedTipValueShouldDisplayOnClosingDisclosure() in F:\Projects\TRID QA\trid-462743\QA\UIAutomation\SpecFramework\StepDefinitions\CardsValidationSteps.cs:line 1072
Thread#3:B:And updated/computed Non Escrow Property Costs over one year value should display on Closing Disclosure
Thread#2:T:  But was:  305.25d
Thread#4:T:ExpectedComputedValue :0
Thread#0:T:===========================================================
Thread#1:T:done: CardsValidationSteps.ThenUpdatedComputedTipValueShouldDisplayOnClosingDisclosure() (1.5s)
Thread#2:T:   at NUnit.Framework.Assert.That[TActual](TActual actual, IResolveConstraint expression, String message, Object[] args)
Thread#4:T:ActualComputedValue :0
Thread#0:T:ExpectedVarianceValue :0
Thread#1:B:And updated/computed Escrow Property Costs over one year 11 Months value should display on Closing Disclosure
Thread#2:T:   at NUnit.Framework.Assert.AreEqual(Object expected, Object actual, String message, Object[] args)
Thread#4:T:============================================================
Thread#0:T:ActualVarianceValue :0
Thread#3:T:===========================================================
Thread#3:T:ExpectedComputedValue :0
Thread#2:T:   at TRID.StepDefinitions.CardsValidationSteps.ThenUpdatedComputedBalloonAmountValueShouldDisplayOnClosingDisclosure() in F:\Projects\TRID QA\trid-462743\QA\UIAutomation\SpecFramework\StepDefinitions\CardsValidationSteps.cs:line 827
Thread#0:T:============================================================
Thread#1:T:NUnit.Framework.AssertionException:   Computed value does not match as expected with the difference of 3300.18
Thread#0:T:done: CardsValidationSteps.ThenUpdatedComputedNonEscrowPropertyCostsOverOneYearValueShouldDisplayOnClosingDisclosure() (3.2s)
Thread#3:T:ActualComputedValue :0
Thread#2:T:done: CardsValidationSteps.ThenUpdatedComputedBalloonAmountValueShouldDisplayOnClosingDisclosure() (1.7s)
Thread#4:T:===========================================================
Thread#1:T:  Expected: 3300.1799999999998d
Thread#2:B:And updated/computed Total of Payments value should display on Closing Disclosure
Thread#0:B:And updated/computed Estimated Escrow value should display on Closing Disclosure
Thread#3:T:============================================================
Thread#4:T:ExpectedDisclosedValue :0
Thread#1:T:  But was:  0.0d
Thread#4:T:ActualDisclosedValue :0
Thread#1:T:   at NUnit.Framework.Assert.That[TActual](TActual actual, IResolveConstraint expression, String message, Object[] args)
Thread#0:T:NUnit.Framework.AssertionException:   Computed value does not match as expected with the difference of 550
Thread#2:T:NUnit.Framework.AssertionException:   Computed value does not match as expected with the difference of 221387.24
Thread#4:T:============================================================
Thread#0:T:  Expected: 550.0d
Thread#1:T:   at NUnit.Framework.Assert.AreEqual(Object expected, Object actual, String message, Object[] args)
Thread#2:T:  Expected: 223090.94d
Thread#3:T:===========================================================
Thread#0:T:  But was:  0.0d
Thread#1:T:   at TRID.StepDefinitions.CardsValidationSteps.ThenUpdatedComputedEscrowPropertyCostsOverOneYear11MonthsValueShouldDisplayOnClosingDisclosure() in F:\Projects\TRID QA\trid-462743\QA\UIAutomation\SpecFramework\StepDefinitions\CardsValidationSteps.cs:line 1121
Thread#2:T:  But was:  1703.7000000000001d
Thread#3:T:ExpectedDisclosedValue :0
Thread#0:T:   at NUnit.Framework.Assert.That[TActual](TActual actual, IResolveConstraint expression, String message, Object[] args)
Thread#2:T:   at NUnit.Framework.Assert.That[TActual](TActual actual, IResolveConstraint expression, String message, Object[] args)
Thread#1:T:done: CardsValidationSteps.ThenUpdatedComputedEscrowPropertyCostsOverOneYear11MonthsValueShouldDisplayOnClosingDisclosure() (1.8s)
Thread#3:T:ActualDisclosedValue :0
Thread#0:T:   at NUnit.Framework.Assert.AreEqual(Object expected, Object actual, String message, Object[] args)
Thread#4:T:===========================================================
Thread#1:B:And updated/computed Escrow Property Costs over one year 12 Months value should display on Closing Disclosure
Thread#3:T:============================================================
Thread#4:T:ExpectedVarianceValue :0
Thread#0:T:   at TRID.StepDefinitions.CardsValidationSteps.ThenUpdatedComputedEstimatedEscrowValueShouldDisplayOnClosingDisclosure() in F:\Projects\TRID QA\trid-462743\QA\UIAutomation\SpecFramework\StepDefinitions\CardsValidationSteps.cs:line 1319
Thread#2:T:   at NUnit.Framework.Assert.AreEqual(Object expected, Object actual, String message, Object[] args)
Thread#4:T:ActualVarianceValue :0
Thread#0:T:done: CardsValidationSteps.ThenUpdatedComputedEstimatedEscrowValueShouldDisplayOnClosingDisclosure() (1.6s)
Thread#2:T:   at TRID.StepDefinitions.CardsValidationSteps.ThenUpdatedComputedTotalOfPaymentsValueShouldDisplayOnClosingDisclosure() in F:\Projects\TRID QA\trid-462743\QA\UIAutomation\SpecFramework\StepDefinitions\CardsValidationSteps.cs:line 876
Thread#0:B:And updated/computed Estimated Taxes, Insurance & Assessments value should display on Closing Disclosure
Thread#4:T:============================================================
Thread#2:T:done: CardsValidationSteps.ThenUpdatedComputedTotalOfPaymentsValueShouldDisplayOnClosingDisclosure() (1.9s)
Thread#1:T:NUnit.Framework.AssertionException:   Computed value does not match as expected with the difference of 3300.18
Thread#3:T:===========================================================
Thread#4:T:done: CardsValidationSteps.ThenUpdatedComputedNonEscrowPropertyCostsOverOneYearValueShouldDisplayOnClosingDisclosure() (3.9s)
Thread#1:T:  Expected: 3300.1799999999998d
Thread#2:B:And updated/computed Finance Charge value should display on Closing Disclosure
Thread#3:T:ExpectedVarianceValue :0
Thread#4:B:And updated/computed Estimated Escrow value should display on Closing Disclosure
Thread#1:T:  But was:  0.0d
Thread#0:T:===========================================================
Thread#3:T:ActualVarianceValue :0
Thread#1:T:   at NUnit.Framework.Assert.That[TActual](TActual actual, IResolveConstraint expression, String message, Object[] args)
Thread#0:T:ExpectedComputedValue :550
Thread#2:T:NUnit.Framework.AssertionException:   Computed value does not match as expected with the difference of 90501.45
Thread#3:T:============================================================
Thread#1:T:   at NUnit.Framework.Assert.AreEqual(Object expected, Object actual, String message, Object[] args)
Thread#0:T:ActualComputedValue :550
Thread#4:T:NUnit.Framework.AssertionException:   Computed value does not match as expected with the difference of 137.5
Thread#2:T:  Expected: 92090.940000000002d
Thread#3:T:done: CardsValidationSteps.ThenUpdatedComputedNonEscrowPropertyCostsOverOneYearValueShouldDisplayOnClosingDisclosure() (4.3s)
Thread#1:T:   at TRID.StepDefinitions.CardsValidationSteps.ThenUpdatedComputedEscrowPropertyCostsOverOneYear12MonthsValueShouldDisplayOnClosingDisclosure() in F:\Projects\TRID QA\trid-462743\QA\UIAutomation\SpecFramework\StepDefinitions\CardsValidationSteps.cs:line 1170
Thread#0:T:============================================================
Thread#4:T:  Expected: 137.5d
Thread#1:T:done: CardsValidationSteps.ThenUpdatedComputedEscrowPropertyCostsOverOneYear12MonthsValueShouldDisplayOnClosingDisclosure() (1.9s)
Thread#2:T:  But was:  1589.49d
Thread#3:B:And updated/computed Estimated Escrow value should display on Closing Disclosure
Thread#4:T:  But was:  0.0d
Thread#2:T:   at NUnit.Framework.Assert.That[TActual](TActual actual, IResolveConstraint expression, String message, Object[] args)
Thread#1:B:And updated/computed Initial Escrow Payment value should display on Closing Disclosure
Thread#4:T:   at NUnit.Framework.Assert.That[TActual](TActual actual, IResolveConstraint expression, String message, Object[] args)
Thread#0:T:===========================================================
Thread#2:T:   at NUnit.Framework.Assert.AreEqual(Object expected, Object actual, String message, Object[] args)
Thread#0:T:ExpectedDisclosedValue :550
Thread#4:T:   at NUnit.Framework.Assert.AreEqual(Object expected, Object actual, String message, Object[] args)
Thread#3:T:NUnit.Framework.AssertionException:   Computed value does not match as expected with the difference of 550
Thread#2:T:   at TRID.StepDefinitions.CardsValidationSteps.ThenUpdatedComputedFinanceChargeValueShouldDisplayOnClosingDisclosure() in F:\Projects\TRID QA\trid-462743\QA\UIAutomation\SpecFramework\StepDefinitions\CardsValidationSteps.cs:line 925
Thread#0:T:ActualDisclosedValue :550
Thread#3:T:  Expected: 550.0d
Thread#2:T:done: CardsValidationSteps.ThenUpdatedComputedFinanceChargeValueShouldDisplayOnClosingDisclosure() (1.9s)
Thread#4:T:   at TRID.StepDefinitions.CardsValidationSteps.ThenUpdatedComputedEstimatedEscrowValueShouldDisplayOnClosingDisclosure() in F:\Projects\TRID QA\trid-462743\QA\UIAutomation\SpecFramework\StepDefinitions\CardsValidationSteps.cs:line 1319
Thread#1:T:NUnit.Framework.AssertionException:   Computed value does not match as expected with the difference of 798.43
Thread#0:T:============================================================
Thread#3:T:  But was:  0.0d
Thread#2:B:And updated/computed Prepaid Charges value should display on Closing Disclosure
Thread#1:T:  Expected: 798.42999999999995d
Thread#4:T:done: CardsValidationSteps.ThenUpdatedComputedEstimatedEscrowValueShouldDisplayOnClosingDisclosure() (2.0s)
Thread#3:T:   at NUnit.Framework.Assert.That[TActual](TActual actual, IResolveConstraint expression, String message, Object[] args)
Thread#1:T:  But was:  0.0d
Thread#4:B:And updated/computed Estimated Taxes, Insurance & Assessments value should display on Closing Disclosure
Thread#0:T:===========================================================
Thread#3:T:   at NUnit.Framework.Assert.AreEqual(Object expected, Object actual, String message, Object[] args)
Thread#2:T:===========================================================
Thread#1:T:   at NUnit.Framework.Assert.That[TActual](TActual actual, IResolveConstraint expression, String message, Object[] args)
Thread#0:T:ExpectedVarianceValue :0
Thread#3:T:   at TRID.StepDefinitions.CardsValidationSteps.ThenUpdatedComputedEstimatedEscrowValueShouldDisplayOnClosingDisclosure() in F:\Projects\TRID QA\trid-462743\QA\UIAutomation\SpecFramework\StepDefinitions\CardsValidationSteps.cs:line 1319
Thread#1:T:   at NUnit.Framework.Assert.AreEqual(Object expected, Object actual, String message, Object[] args)
Thread#2:T:ExpectedComputedValue :1378.25
Thread#0:T:ActualVarianceValue :0
Thread#4:T:===========================================================
Thread#3:T:done: CardsValidationSteps.ThenUpdatedComputedEstimatedEscrowValueShouldDisplayOnClosingDisclosure() (1.8s)
Thread#2:T:ActualComputedValue :1378.25
Thread#0:T:============================================================
Thread#1:T:   at TRID.StepDefinitions.CardsValidationSteps.ThenUpdatedComputedInitialEscrowPaymentValueShouldDisplayOnClosingDisclosure() in F:\Projects\TRID QA\trid-462743\QA\UIAutomation\SpecFramework\StepDefinitions\CardsValidationSteps.cs:line 1220
Thread#4:T:ExpectedComputedValue :137.5
Thread#3:B:And updated/computed Estimated Taxes, Insurance & Assessments value should display on Closing Disclosure
Thread#0:T:done: CardsValidationSteps.ThenUpdatedComputedEstimatedTaxesInsuranceAssessmentsValueShouldDisplayOnClosingDisclosure() (3.8s)
Thread#2:T:============================================================
Thread#1:T:done: CardsValidationSteps.ThenUpdatedComputedInitialEscrowPaymentValueShouldDisplayOnClosingDisclosure() (2.0s)
Thread#4:T:ActualComputedValue :137.5
Thread#1:B:And updated/computed Non Escrow Property Costs over one year value should display on Closing Disclosure
Thread#4:T:============================================================
Thread#3:T:===========================================================
Thread#0:Scheduler: get next test for thread
Thread#:Scheduler: at the end of normal test queue
Thread#0:Scheduler: enumerator for thread is at end
Thread#0:Scheduler: No more tests for thread 
Thread#2:T:===========================================================
Thread#1:T:===========================================================
Thread#3:T:ExpectedComputedValue :550
Thread#2:T:ExpectedDisclosedValue :1378.25
Thread#4:T:===========================================================
Thread#1:T:ExpectedComputedValue :0
Thread#3:T:ActualComputedValue :550
Thread#2:T:ActualDisclosedValue :1378.25
Thread#4:T:ExpectedDisclosedValue :137.5
Thread#1:T:ActualComputedValue :0
Thread#3:T:============================================================
Thread#2:T:============================================================
Thread#1:T:============================================================
Thread#4:T:ActualDisclosedValue :137.5
Thread#3:T:===========================================================
Thread#4:T:============================================================
Thread#2:T:===========================================================
Thread#1:T:===========================================================
Thread#3:T:ExpectedDisclosedValue :550
Thread#1:T:ExpectedDisclosedValue :0
Thread#2:T:ExpectedVarianceValue :0
Thread#3:T:ActualDisclosedValue :550
Thread#4:T:===========================================================
Thread#1:T:ActualDisclosedValue :0
Thread#2:T:ActualVarianceValue :0
Thread#3:T:============================================================
Thread#4:T:ExpectedVarianceValue :0
Thread#1:T:============================================================
Thread#2:T:============================================================
Thread#4:T:ActualVarianceValue :0
Thread#2:T:done: CardsValidationSteps.ThenUpdatedComputedPrepaidChargesValueShouldDisplayOnClosingDisclosure() (3.5s)
Thread#3:T:===========================================================
Thread#4:T:============================================================
Thread#1:T:===========================================================
Thread#2:B:And updated/computed Amount Financed value should display on Closing Disclosure
Thread#3:T:ExpectedVarianceValue :0
Thread#1:T:ExpectedVarianceValue :0
Thread#4:T:done: CardsValidationSteps.ThenUpdatedComputedEstimatedTaxesInsuranceAssessmentsValueShouldDisplayOnClosingDisclosure() (3.6s)
Thread#3:T:ActualVarianceValue :0
Thread#2:T:===========================================================
Thread#1:T:ActualVarianceValue :0
Thread#3:T:============================================================
Thread#1:T:============================================================
Thread#2:T:ExpectedComputedValue :129621.75
Thread#3:T:done: CardsValidationSteps.ThenUpdatedComputedEstimatedTaxesInsuranceAssessmentsValueShouldDisplayOnClosingDisclosure() (3.1s)
Thread#4:Scheduler: get next test for thread
Thread#:Scheduler: at the end of normal test queue
Thread#4:Scheduler: enumerator for thread is at end
Thread#4:Scheduler: No more tests for thread 
Thread#1:T:done: CardsValidationSteps.ThenUpdatedComputedNonEscrowPropertyCostsOverOneYearValueShouldDisplayOnClosingDisclosure() (3.0s)
Thread#2:T:ActualComputedValue :129621.75
Thread#1:B:And updated/computed Estimated Escrow value should display on Closing Disclosure
Thread#2:T:============================================================
Thread#3:Scheduler: get next test for thread
Thread#:Scheduler: at the end of normal test queue
Thread#3:Scheduler: enumerator for thread is at end
Thread#3:Scheduler: No more tests for thread 
Thread#1:T:NUnit.Framework.AssertionException:   Computed value does not match as expected with the difference of 126.93
Thread#2:T:===========================================================
Thread#1:T:  Expected: 126.93000000000001d
Thread#2:T:ExpectedDisclosedValue :129621.75
Thread#2:T:ActualDisclosedValue :129621.75
Thread#1:T:  But was:  0.0d
Thread#2:T:============================================================
Thread#1:T:   at NUnit.Framework.Assert.That[TActual](TActual actual, IResolveConstraint expression, String message, Object[] args)
Thread#1:T:   at NUnit.Framework.Assert.AreEqual(Object expected, Object actual, String message, Object[] args)
Thread#2:T:===========================================================
Thread#1:T:   at TRID.StepDefinitions.CardsValidationSteps.ThenUpdatedComputedEstimatedEscrowValueShouldDisplayOnClosingDisclosure() in F:\Projects\TRID QA\trid-462743\QA\UIAutomation\SpecFramework\StepDefinitions\CardsValidationSteps.cs:line 1319
Thread#2:T:ExpectedVarianceValue :0
Thread#1:T:done: CardsValidationSteps.ThenUpdatedComputedEstimatedEscrowValueShouldDisplayOnClosingDisclosure() (1.2s)
Thread#2:T:ActualVarianceValue :0
Thread#1:B:And updated/computed Estimated Taxes, Insurance & Assessments value should display on Closing Disclosure
Thread#2:T:============================================================
Thread#2:T:done: CardsValidationSteps.ThenUpdatedComputedAmountFinancedValueShouldDisplayOnClosingDisclosure() (2.6s)
Thread#1:T:NUnit.Framework.AssertionException:   Computed value does not match as expected with the difference of 0.0100000000000051
Thread#2:B:And updated/computed TIP value should display on Closing Disclosure
Thread#1:T:  Expected: 126.93000000000001d
Thread#1:T:  But was:  126.92d
Thread#2:T:NUnit.Framework.AssertionException:   Computed value does not match as expected with the difference of 67.62
Thread#1:T:   at NUnit.Framework.Assert.That[TActual](TActual actual, IResolveConstraint expression, String message, Object[] args)
Thread#2:T:  Expected: 67.819999999999993d
Thread#1:T:   at NUnit.Framework.Assert.AreEqual(Object expected, Object actual, String message, Object[] args)
Thread#2:T:  But was:  0.20000000000000001d
Thread#1:T:   at TRID.StepDefinitions.CardsValidationSteps.ThenUpdatedComputedEstimatedTaxesInsuranceAssessmentsValueShouldDisplayOnClosingDisclosure() in F:\Projects\TRID QA\trid-462743\QA\UIAutomation\SpecFramework\StepDefinitions\CardsValidationSteps.cs:line 1368
Thread#2:T:   at NUnit.Framework.Assert.That[TActual](TActual actual, IResolveConstraint expression, String message, Object[] args)
Thread#1:T:done: CardsValidationSteps.ThenUpdatedComputedEstimatedTaxesInsuranceAssessmentsValueShouldDisplayOnClosingDisclosure() (0.9s)
Thread#2:T:   at NUnit.Framework.Assert.AreEqual(Object expected, Object actual, String message, Object[] args)
Thread#2:T:   at TRID.StepDefinitions.CardsValidationSteps.ThenUpdatedComputedTipValueShouldDisplayOnClosingDisclosure() in F:\Projects\TRID QA\trid-462743\QA\UIAutomation\SpecFramework\StepDefinitions\CardsValidationSteps.cs:line 1072
Thread#1:Scheduler: get next test for thread
Thread#:Scheduler: at the end of normal test queue
Thread#1:Scheduler: enumerator for thread is at end
Thread#1:Scheduler: No more tests for thread 
Thread#2:T:done: CardsValidationSteps.ThenUpdatedComputedTipValueShouldDisplayOnClosingDisclosure() (1.0s)
Thread#2:B:And updated/computed Escrow Property Costs over one year 11 Months value should display on Closing Disclosure
Thread#2:T:NUnit.Framework.AssertionException:   Computed value does not match as expected with the difference of 3162.5
Thread#2:T:  Expected: 3162.5d
Thread#2:T:  But was:  0.0d
Thread#2:T:   at NUnit.Framework.Assert.That[TActual](TActual actual, IResolveConstraint expression, String message, Object[] args)
Thread#2:T:   at NUnit.Framework.Assert.AreEqual(Object expected, Object actual, String message, Object[] args)
Thread#2:T:   at TRID.StepDefinitions.CardsValidationSteps.ThenUpdatedComputedEscrowPropertyCostsOverOneYear11MonthsValueShouldDisplayOnClosingDisclosure() in F:\Projects\TRID QA\trid-462743\QA\UIAutomation\SpecFramework\StepDefinitions\CardsValidationSteps.cs:line 1121
Thread#2:T:done: CardsValidationSteps.ThenUpdatedComputedEscrowPropertyCostsOverOneYear11MonthsValueShouldDisplayOnClosingDisclosure() (0.7s)
Thread#2:B:And updated/computed Escrow Property Costs over one year 12 Months value should display on Closing Disclosure
Thread#2:T:NUnit.Framework.AssertionException:   Computed value does not match as expected with the difference of 3300
Thread#2:T:  Expected: 3300.0d
Thread#2:T:  But was:  0.0d
Thread#2:T:   at NUnit.Framework.Assert.That[TActual](TActual actual, IResolveConstraint expression, String message, Object[] args)
Thread#2:T:   at NUnit.Framework.Assert.AreEqual(Object expected, Object actual, String message, Object[] args)
Thread#2:T:   at TRID.StepDefinitions.CardsValidationSteps.ThenUpdatedComputedEscrowPropertyCostsOverOneYear12MonthsValueShouldDisplayOnClosingDisclosure() in F:\Projects\TRID QA\trid-462743\QA\UIAutomation\SpecFramework\StepDefinitions\CardsValidationSteps.cs:line 1170
Thread#2:T:done: CardsValidationSteps.ThenUpdatedComputedEscrowPropertyCostsOverOneYear12MonthsValueShouldDisplayOnClosingDisclosure() (0.7s)
Thread#2:B:And updated/computed Initial Escrow Payment value should display on Closing Disclosure
Thread#2:T:NUnit.Framework.AssertionException:   Computed value does not match as expected with the difference of 749.92
Thread#2:T:  Expected: 749.91999999999996d
Thread#2:T:  But was:  0.0d
Thread#2:T:   at NUnit.Framework.Assert.That[TActual](TActual actual, IResolveConstraint expression, String message, Object[] args)
Thread#2:T:   at NUnit.Framework.Assert.AreEqual(Object expected, Object actual, String message, Object[] args)
Thread#2:T:   at TRID.StepDefinitions.CardsValidationSteps.ThenUpdatedComputedInitialEscrowPaymentValueShouldDisplayOnClosingDisclosure() in F:\Projects\TRID QA\trid-462743\QA\UIAutomation\SpecFramework\StepDefinitions\CardsValidationSteps.cs:line 1220
Thread#2:T:done: CardsValidationSteps.ThenUpdatedComputedInitialEscrowPaymentValueShouldDisplayOnClosingDisclosure() (0.7s)
Thread#2:B:And updated/computed Non Escrow Property Costs over one year value should display on Closing Disclosure
Thread#2:T:===========================================================
Thread#2:T:ExpectedComputedValue :0
Thread#2:T:ActualComputedValue :0
Thread#2:T:============================================================
Thread#2:T:===========================================================
Thread#2:T:ExpectedDisclosedValue :0
Thread#2:T:ActualDisclosedValue :0
Thread#2:T:============================================================
Thread#0:T:##########################################################
Thread#4:T:##########################################################
Thread#3:T:##########################################################
Thread#0:T:##########################################################
Thread#2:T:===========================================================
Thread#4:T:##########################################################
Thread#3:T:##########################################################
Thread#0:T:====================================================================================
Thread#2:T:ExpectedVarianceValue :0
Thread#3:T:====================================================================================
Thread#4:T:====================================================================================
Thread#0:T:Scenario Number : 113
Thread#2:T:ActualVarianceValue :0
Thread#4:T:Scenario Number : 117
Thread#0:T:The total number of cards Failue: 12
Thread#3:T:Scenario Number : 116
Thread#2:T:============================================================
Thread#0:T:Name of cards Failed: || ScheduledPMITerminationDate || : System.FormatException: The string was not recognized as a valid DateTime. There is an unknown word starting at index 1.
Thread#4:T:The total number of cards Failue: 12
Thread#2:T:done: CardsValidationSteps.ThenUpdatedComputedNonEscrowPropertyCostsOverOneYearValueShouldDisplayOnClosingDisclosure() (1.9s)
Thread#3:T:The total number of cards Failue: 12
Thread#4:T:Name of cards Failed: || ScheduledPMITerminationDate || : System.FormatException: The string was not recognized as a valid DateTime. There is an unknown word starting at index 1.
Thread#0:T:   at System.DateTimeParse.Parse(String s, DateTimeFormatInfo dtfi, DateTimeStyles styles)
Thread#3:T:Name of cards Failed: || ScheduledPMITerminationDate || : System.FormatException: The string was not recognized as a valid DateTime. There is an unknown word starting at index 1.
Thread#2:B:And updated/computed Estimated Escrow value should display on Closing Disclosure
Thread#0:T:   at System.Convert.ToDateTime(String value)
Thread#4:T:   at System.DateTimeParse.Parse(String s, DateTimeFormatInfo dtfi, DateTimeStyles styles)
Thread#3:T:   at System.DateTimeParse.Parse(String s, DateTimeFormatInfo dtfi, DateTimeStyles styles)
Thread#4:T:   at System.Convert.ToDateTime(String value)
Thread#0:T:   at TRID.ProjectLibs.Common.ProjActions.GetDatePart(By element) in F:\Projects\TRID QA\trid-462743\QA\UIAutomation\SpecFramework\ProjectLibs\Common\ProjActions.cs:line 100
Thread#2:T:NUnit.Framework.AssertionException:   Computed value does not match as expected with the difference of 137.5
Thread#3:T:   at System.Convert.ToDateTime(String value)
Thread#4:T:   at TRID.ProjectLibs.Common.ProjActions.GetDatePart(By element) in F:\Projects\TRID QA\trid-462743\QA\UIAutomation\SpecFramework\ProjectLibs\Common\ProjActions.cs:line 100
Thread#0:T:   at TRID.StepDefinitions.CardsValidationSteps.ThenUpdatedComputedScheduledPmiTerminationDateValueShouldDisplayOnClosingDisclosure() in F:\Projects\TRID QA\trid-462743\QA\UIAutomation\SpecFramework\StepDefinitions\CardsValidationSteps.cs:line 603 
Thread#2:T:  Expected: 137.5d
Thread#3:T:   at TRID.ProjectLibs.Common.ProjActions.GetDatePart(By element) in F:\Projects\TRID QA\trid-462743\QA\UIAutomation\SpecFramework\ProjectLibs\Common\ProjActions.cs:line 100
Thread#0:T: ====================================================================================
Thread#4:T:   at TRID.StepDefinitions.CardsValidationSteps.ThenUpdatedComputedScheduledPmiTerminationDateValueShouldDisplayOnClosingDisclosure() in F:\Projects\TRID QA\trid-462743\QA\UIAutomation\SpecFramework\StepDefinitions\CardsValidationSteps.cs:line 603 
Thread#2:T:  But was:  0.0d
Thread#3:T:   at TRID.StepDefinitions.CardsValidationSteps.ThenUpdatedComputedScheduledPmiTerminationDateValueShouldDisplayOnClosingDisclosure() in F:\Projects\TRID QA\trid-462743\QA\UIAutomation\SpecFramework\StepDefinitions\CardsValidationSteps.cs:line 603 
Thread#0:T:|| EstimatedTotalMonthlyPayment || : NUnit.Framework.AssertionException:   Computed value does not match as expected with the difference of 550
Thread#4:T: ====================================================================================
Thread#2:T:   at NUnit.Framework.Assert.That[TActual](TActual actual, IResolveConstraint expression, String message, Object[] args)
Thread#3:T: ====================================================================================
Thread#0:T:  Expected: 1853.99d
Thread#2:T:   at NUnit.Framework.Assert.AreEqual(Object expected, Object actual, String message, Object[] args)
Thread#4:T:|| EstimatedTotalMonthlyPayment || : NUnit.Framework.AssertionException:   Computed value does not match as expected with the difference of 137.5
Thread#3:T:|| EstimatedTotalMonthlyPayment || : NUnit.Framework.AssertionException:   Computed value does not match as expected with the difference of 550
Thread#0:T:  But was:  1303.99d
Thread#1:T:##########################################################
Thread#2:T:   at TRID.StepDefinitions.CardsValidationSteps.ThenUpdatedComputedEstimatedEscrowValueShouldDisplayOnClosingDisclosure() in F:\Projects\TRID QA\trid-462743\QA\UIAutomation\SpecFramework\StepDefinitions\CardsValidationSteps.cs:line 1319
Thread#4:T:  Expected: 460.91000000000002d
Thread#3:T:  Expected: 1845.1700000000001d
Thread#0:T:   at NUnit.Framework.Assert.That[TActual](TActual actual, IResolveConstraint expression, String message, Object[] args)
Thread#1:T:##########################################################
Thread#2:T:done: CardsValidationSteps.ThenUpdatedComputedEstimatedEscrowValueShouldDisplayOnClosingDisclosure() (1.4s)
Thread#0:T:   at NUnit.Framework.Assert.AreEqual(Object expected, Object actual, String message, Object[] args)
Thread#3:T:  But was:  1295.1700000000001d
Thread#4:T:  But was:  323.41000000000003d
Thread#1:T:====================================================================================
Thread#2:B:And updated/computed Estimated Taxes, Insurance & Assessments value should display on Closing Disclosure
Thread#0:T:   at TRID.StepDefinitions.CardsValidationSteps.ThenUpdatedComputedEstimatedTotalMonthlyPaymentValueShouldDisplayOnClosingDisclosure() in F:\Projects\TRID QA\trid-462743\QA\UIAutomation\SpecFramework\StepDefinitions\CardsValidationSteps.cs:line 701 
Thread#3:T:   at NUnit.Framework.Assert.That[TActual](TActual actual, IResolveConstraint expression, String message, Object[] args)
Thread#4:T:   at NUnit.Framework.Assert.That[TActual](TActual actual, IResolveConstraint expression, String message, Object[] args)
Thread#1:T:Scenario Number : 114
Thread#0:T: ====================================================================================
Thread#4:T:   at NUnit.Framework.Assert.AreEqual(Object expected, Object actual, String message, Object[] args)
Thread#3:T:   at NUnit.Framework.Assert.AreEqual(Object expected, Object actual, String message, Object[] args)
Thread#0:T:|| APR || : System.FormatException: Input string was not in a correct format.
Thread#1:T:The total number of cards Failue: 13
Thread#4:T:   at TRID.StepDefinitions.CardsValidationSteps.ThenUpdatedComputedEstimatedTotalMonthlyPaymentValueShouldDisplayOnClosingDisclosure() in F:\Projects\TRID QA\trid-462743\QA\UIAutomation\SpecFramework\StepDefinitions\CardsValidationSteps.cs:line 701 
Thread#2:T:===========================================================
Thread#3:T:   at TRID.StepDefinitions.CardsValidationSteps.ThenUpdatedComputedEstimatedTotalMonthlyPaymentValueShouldDisplayOnClosingDisclosure() in F:\Projects\TRID QA\trid-462743\QA\UIAutomation\SpecFramework\StepDefinitions\CardsValidationSteps.cs:line 701 
Thread#0:T:   at System.Number.ParseDouble(String value, NumberStyles options, NumberFormatInfo numfmt)
Thread#1:T:Name of cards Failed: || ScheduledPMITerminationDate || : System.FormatException: The string was not recognized as a valid DateTime. There is an unknown word starting at index 1.
Thread#4:T: ====================================================================================
Thread#3:T: ====================================================================================
Thread#0:T:   at System.Convert.ToDouble(String value)
Thread#1:T:   at System.DateTimeParse.Parse(String s, DateTimeFormatInfo dtfi, DateTimeStyles styles)
Thread#2:T:ExpectedComputedValue :137.5
Thread#0:T:   at TRID.ProjectLibs.Common.ProjActions.GetNumericValueFromString(String inputString) in F:\Projects\TRID QA\trid-462743\QA\UIAutomation\SpecFramework\ProjectLibs\Common\ProjActions.cs:line 94
Thread#4:T:|| APR || : System.FormatException: Input string was not in a correct format.
Thread#3:T:|| APR || : System.FormatException: Input string was not in a correct format.
Thread#1:T:   at System.Convert.ToDateTime(String value)
Thread#0:T:   at TRID.StepDefinitions.CardsValidationSteps.ThenUpdatedComputedAprValueShouldDisplayOnClosingDisclosure() in F:\Projects\TRID QA\trid-462743\QA\UIAutomation\SpecFramework\StepDefinitions\CardsValidationSteps.cs:line 747 
Thread#2:T:ActualComputedValue :137.5
Thread#4:T:   at System.Number.ParseDouble(String value, NumberStyles options, NumberFormatInfo numfmt)
Thread#1:T:   at TRID.ProjectLibs.Common.ProjActions.GetDatePart(By element) in F:\Projects\TRID QA\trid-462743\QA\UIAutomation\SpecFramework\ProjectLibs\Common\ProjActions.cs:line 100
Thread#0:T: ====================================================================================
Thread#3:T:   at System.Number.ParseDouble(String value, NumberStyles options, NumberFormatInfo numfmt)
Thread#2:T:============================================================
Thread#1:T:   at TRID.StepDefinitions.CardsValidationSteps.ThenUpdatedComputedScheduledPmiTerminationDateValueShouldDisplayOnClosingDisclosure() in F:\Projects\TRID QA\trid-462743\QA\UIAutomation\SpecFramework\StepDefinitions\CardsValidationSteps.cs:line 603 
Thread#0:T:|| APRWIN || : System.FormatException: Input string was not in a correct format.
Thread#4:T:   at System.Convert.ToDouble(String value)
Thread#3:T:   at System.Convert.ToDouble(String value)
Thread#1:T: ====================================================================================
Thread#0:T:   at System.Number.ParseDouble(String value, NumberStyles options, NumberFormatInfo numfmt)
Thread#4:T:   at TRID.ProjectLibs.Common.ProjActions.GetNumericValueFromString(String inputString) in F:\Projects\TRID QA\trid-462743\QA\UIAutomation\SpecFramework\ProjectLibs\Common\ProjActions.cs:line 94
Thread#3:T:   at TRID.ProjectLibs.Common.ProjActions.GetNumericValueFromString(String inputString) in F:\Projects\TRID QA\trid-462743\QA\UIAutomation\SpecFramework\ProjectLibs\Common\ProjActions.cs:line 94
Thread#0:T:   at System.Convert.ToDouble(String value)
Thread#1:T:|| EstimatedTotalMonthlyPayment || : NUnit.Framework.AssertionException:   Computed value does not match as expected with the difference of 126.93
Thread#4:T:   at TRID.StepDefinitions.CardsValidationSteps.ThenUpdatedComputedAprValueShouldDisplayOnClosingDisclosure() in F:\Projects\TRID QA\trid-462743\QA\UIAutomation\SpecFramework\StepDefinitions\CardsValidationSteps.cs:line 747 
Thread#2:T:===========================================================
Thread#3:T:   at TRID.StepDefinitions.CardsValidationSteps.ThenUpdatedComputedAprValueShouldDisplayOnClosingDisclosure() in F:\Projects\TRID QA\trid-462743\QA\UIAutomation\SpecFramework\StepDefinitions\CardsValidationSteps.cs:line 747 
Thread#0:T:   at TRID.ProjectLibs.Common.ProjActions.GetNumericValueFromString(String inputString) in F:\Projects\TRID QA\trid-462743\QA\UIAutomation\SpecFramework\ProjectLibs\Common\ProjActions.cs:line 94
Thread#4:T: ====================================================================================
Thread#1:T:  Expected: 448.91000000000002d
Thread#2:T:ExpectedDisclosedValue :137.5
Thread#0:T:   at TRID.StepDefinitions.CardsValidationSteps.ThenAprwinInfoValueShouldDisplayOnClosingDisclosure() in F:\Projects\TRID QA\trid-462743\QA\UIAutomation\SpecFramework\StepDefinitions\CardsValidationSteps.cs:line 797 
Thread#3:T: ====================================================================================
Thread#4:T:|| APRWIN || : System.FormatException: Input string was not in a correct format.
Thread#2:T:ActualDisclosedValue :137.5
Thread#1:T:  But was:  321.98000000000002d
Thread#0:T: ====================================================================================
Thread#4:T:   at System.Number.ParseDouble(String value, NumberStyles options, NumberFormatInfo numfmt)
Thread#3:T:|| APRWIN || : System.FormatException: Input string was not in a correct format.
Thread#1:T:   at NUnit.Framework.Assert.That[TActual](TActual actual, IResolveConstraint expression, String message, Object[] args)
Thread#0:T:|| BalloonAmount || : NUnit.Framework.AssertionException:   Computed value does not match as expected with the difference of 204.15
Thread#2:T:============================================================
Thread#3:T:   at System.Number.ParseDouble(String value, NumberStyles options, NumberFormatInfo numfmt)
Thread#4:T:   at System.Convert.ToDouble(String value)
Thread#1:T:   at NUnit.Framework.Assert.AreEqual(Object expected, Object actual, String message, Object[] args)
Thread#0:T:  Expected: 1019.06d
Thread#3:T:   at System.Convert.ToDouble(String value)
Thread#1:T:   at TRID.StepDefinitions.CardsValidationSteps.ThenUpdatedComputedEstimatedTotalMonthlyPaymentValueShouldDisplayOnClosingDisclosure() in F:\Projects\TRID QA\trid-462743\QA\UIAutomation\SpecFramework\StepDefinitions\CardsValidationSteps.cs:line 701 
Thread#4:T:   at TRID.ProjectLibs.Common.ProjActions.GetNumericValueFromString(String inputString) in F:\Projects\TRID QA\trid-462743\QA\UIAutomation\SpecFramework\ProjectLibs\Common\ProjActions.cs:line 94
Thread#0:T:  But was:  1223.21d
Thread#2:T:===========================================================
Thread#3:T:   at TRID.ProjectLibs.Common.ProjActions.GetNumericValueFromString(String inputString) in F:\Projects\TRID QA\trid-462743\QA\UIAutomation\SpecFramework\ProjectLibs\Common\ProjActions.cs:line 94
Thread#0:T:   at NUnit.Framework.Assert.That[TActual](TActual actual, IResolveConstraint expression, String message, Object[] args)
Thread#1:T: ====================================================================================
Thread#2:T:ExpectedVarianceValue :0
Thread#4:T:   at TRID.StepDefinitions.CardsValidationSteps.ThenAprwinInfoValueShouldDisplayOnClosingDisclosure() in F:\Projects\TRID QA\trid-462743\QA\UIAutomation\SpecFramework\StepDefinitions\CardsValidationSteps.cs:line 797 
Thread#0:T:   at NUnit.Framework.Assert.AreEqual(Object expected, Object actual, String message, Object[] args)
Thread#3:T:   at TRID.StepDefinitions.CardsValidationSteps.ThenAprwinInfoValueShouldDisplayOnClosingDisclosure() in F:\Projects\TRID QA\trid-462743\QA\UIAutomation\SpecFramework\StepDefinitions\CardsValidationSteps.cs:line 797 
Thread#4:T: ====================================================================================
Thread#2:T:ActualVarianceValue :0
Thread#1:T:|| APR || : NUnit.Framework.AssertionException:   Computed value does not match as expected with the difference of 3.99
Thread#0:T:   at TRID.StepDefinitions.CardsValidationSteps.ThenUpdatedComputedBalloonAmountValueShouldDisplayOnClosingDisclosure() in F:\Projects\TRID QA\trid-462743\QA\UIAutomation\SpecFramework\StepDefinitions\CardsValidationSteps.cs:line 827 
Thread#3:T: ====================================================================================
Thread#2:T:============================================================
Thread#1:T:  Expected: 3.9900000000000002d
Thread#4:T:|| BalloonAmount || : NUnit.Framework.AssertionException:   Computed value does not match as expected with the difference of 3.55000000000001
Thread#0:T: ====================================================================================
Thread#3:T:|| BalloonAmount || : NUnit.Framework.AssertionException:   Computed value does not match as expected with the difference of 1.13000000000011
Thread#0:T:|| TotalOfPayments || : NUnit.Framework.AssertionException:   Computed value does not match as expected with the difference of 220608.38
Thread#2:T:done: CardsValidationSteps.ThenUpdatedComputedEstimatedTaxesInsuranceAssessmentsValueShouldDisplayOnClosingDisclosure() (3.8s)
Thread#1:T:  But was:  0.0d
Thread#4:T:  Expected: 306.75999999999999d
Thread#3:T:  Expected: 1213.26d
Thread#0:T:  Expected: 223371.39999999999d
Thread#1:T:   at NUnit.Framework.Assert.That[TActual](TActual actual, IResolveConstraint expression, String message, Object[] args)
Thread#4:T:  But was:  303.20999999999998d
Thread#0:T:  But was:  2763.02d
Thread#3:T:  But was:  1214.3900000000001d
Thread#1:T:   at NUnit.Framework.Assert.AreEqual(Object expected, Object actual, String message, Object[] args)
Thread#0:T:   at NUnit.Framework.Assert.That[TActual](TActual actual, IResolveConstraint expression, String message, Object[] args)
Thread#4:T:   at NUnit.Framework.Assert.That[TActual](TActual actual, IResolveConstraint expression, String message, Object[] args)
Thread#2:Scheduler: get next test for thread
Thread#:Scheduler: at the end of normal test queue
Thread#2:Scheduler: enumerator for thread is at end
Thread#2:Scheduler: No more tests for thread 
Thread#1:T:   at TRID.StepDefinitions.CardsValidationSteps.ThenUpdatedComputedAprValueShouldDisplayOnClosingDisclosure() in F:\Projects\TRID QA\trid-462743\QA\UIAutomation\SpecFramework\StepDefinitions\CardsValidationSteps.cs:line 750 
Thread#3:T:   at NUnit.Framework.Assert.That[TActual](TActual actual, IResolveConstraint expression, String message, Object[] args)
Thread#0:T:   at NUnit.Framework.Assert.AreEqual(Object expected, Object actual, String message, Object[] args)
Thread#4:T:   at NUnit.Framework.Assert.AreEqual(Object expected, Object actual, String message, Object[] args)
Thread#1:T: ====================================================================================
Thread#3:T:   at NUnit.Framework.Assert.AreEqual(Object expected, Object actual, String message, Object[] args)
Thread#0:T:   at TRID.StepDefinitions.CardsValidationSteps.ThenUpdatedComputedTotalOfPaymentsValueShouldDisplayOnClosingDisclosure() in F:\Projects\TRID QA\trid-462743\QA\UIAutomation\SpecFramework\StepDefinitions\CardsValidationSteps.cs:line 876 
Thread#4:T:   at TRID.StepDefinitions.CardsValidationSteps.ThenUpdatedComputedBalloonAmountValueShouldDisplayOnClosingDisclosure() in F:\Projects\TRID QA\trid-462743\QA\UIAutomation\SpecFramework\StepDefinitions\CardsValidationSteps.cs:line 827 
Thread#1:T:|| APRWIN || : NUnit.Framework.AssertionException:   Apr Info value does not match as expected with the difference of 3.989
Thread#3:T:   at TRID.StepDefinitions.CardsValidationSteps.ThenUpdatedComputedBalloonAmountValueShouldDisplayOnClosingDisclosure() in F:\Projects\TRID QA\trid-462743\QA\UIAutomation\SpecFramework\StepDefinitions\CardsValidationSteps.cs:line 827 
Thread#0:T: ====================================================================================
Thread#4:T: ====================================================================================
Thread#1:T:  Expected: 3.9889999999999999d
Thread#3:T: ====================================================================================
Thread#0:T:|| FinanceCharge || : NUnit.Framework.AssertionException:   Computed value does not match as expected with the difference of 89999.19
Thread#4:T:|| TotalOfPayments || : NUnit.Framework.AssertionException:   Computed value does not match as expected with the difference of 219930.54
Thread#1:T:  But was:  0.0d
Thread#0:T:  Expected: 92371.399999999994d
Thread#3:T:|| TotalOfPayments || : NUnit.Framework.AssertionException:   Computed value does not match as expected with the difference of 219232.62
Thread#4:T:  Expected: 221632.17999999999d
Thread#3:T:  Expected: 221986.79999999999d
Thread#0:T:  But was:  2372.21d
Thread#1:T:   at NUnit.Framework.Assert.That[TActual](TActual actual, IResolveConstraint expression, String message, Object[] args)
Thread#4:T:  But was:  1701.6400000000001d
Thread#0:T:   at NUnit.Framework.Assert.That[TActual](TActual actual, IResolveConstraint expression, String message, Object[] args)
Thread#3:T:  But was:  2754.1799999999998d
Thread#1:T:   at NUnit.Framework.Assert.AreEqual(Object expected, Object actual, String message, Object[] args)
Thread#4:T:   at NUnit.Framework.Assert.That[TActual](TActual actual, IResolveConstraint expression, String message, Object[] args)
Thread#3:T:   at NUnit.Framework.Assert.That[TActual](TActual actual, IResolveConstraint expression, String message, Object[] args)
Thread#1:T:   at TRID.StepDefinitions.CardsValidationSteps.ThenAprwinInfoValueShouldDisplayOnClosingDisclosure() in F:\Projects\TRID QA\trid-462743\QA\UIAutomation\SpecFramework\StepDefinitions\CardsValidationSteps.cs:line 799 
Thread#0:T:   at NUnit.Framework.Assert.AreEqual(Object expected, Object actual, String message, Object[] args)
Thread#4:T:   at NUnit.Framework.Assert.AreEqual(Object expected, Object actual, String message, Object[] args)
Thread#1:T: ====================================================================================
Thread#3:T:   at NUnit.Framework.Assert.AreEqual(Object expected, Object actual, String message, Object[] args)
Thread#0:T:   at TRID.StepDefinitions.CardsValidationSteps.ThenUpdatedComputedFinanceChargeValueShouldDisplayOnClosingDisclosure() in F:\Projects\TRID QA\trid-462743\QA\UIAutomation\SpecFramework\StepDefinitions\CardsValidationSteps.cs:line 925 
Thread#4:T:   at TRID.StepDefinitions.CardsValidationSteps.ThenUpdatedComputedTotalOfPaymentsValueShouldDisplayOnClosingDisclosure() in F:\Projects\TRID QA\trid-462743\QA\UIAutomation\SpecFramework\StepDefinitions\CardsValidationSteps.cs:line 876 
Thread#1:T:|| BalloonAmount || : NUnit.Framework.AssertionException:   Computed value does not match as expected with the difference of 34.21
Thread#0:T: ====================================================================================
Thread#3:T:   at TRID.StepDefinitions.CardsValidationSteps.ThenUpdatedComputedTotalOfPaymentsValueShouldDisplayOnClosingDisclosure() in F:\Projects\TRID QA\trid-462743\QA\UIAutomation\SpecFramework\StepDefinitions\CardsValidationSteps.cs:line 876 
Thread#4:T: ====================================================================================
Thread#1:T:  Expected: 269.13d
Thread#0:T:|| TIP || : NUnit.Framework.AssertionException:   Computed value does not match as expected with the difference of 67.28
Thread#3:T: ====================================================================================
Thread#4:T:|| FinanceCharge || : NUnit.Framework.AssertionException:   Computed value does not match as expected with the difference of 89029.06
Thread#1:T:  But was:  303.33999999999997d
Thread#0:T:  Expected: 67.969999999999999d
Thread#3:T:|| FinanceCharge || : NUnit.Framework.AssertionException:   Computed value does not match as expected with the difference of 88628.26
Thread#1:T:   at NUnit.Framework.Assert.That[TActual](TActual actual, IResolveConstraint expression, String message, Object[] args)
Thread#4:T:  Expected: 90632.179999999993d
Thread#0:T:  But was:  0.68999999999999995d
Thread#3:T:  Expected: 90986.800000000003d
Thread#1:T:   at NUnit.Framework.Assert.AreEqual(Object expected, Object actual, String message, Object[] args)
Thread#0:T:   at NUnit.Framework.Assert.That[TActual](TActual actual, IResolveConstraint expression, String message, Object[] args)
Thread#4:T:  But was:  1603.1199999999999d
Thread#3:T:  But was:  2358.54d
Thread#0:T:   at NUnit.Framework.Assert.AreEqual(Object expected, Object actual, String message, Object[] args)
Thread#1:T:   at TRID.StepDefinitions.CardsValidationSteps.ThenUpdatedComputedBalloonAmountValueShouldDisplayOnClosingDisclosure() in F:\Projects\TRID QA\trid-462743\QA\UIAutomation\SpecFramework\StepDefinitions\CardsValidationSteps.cs:line 827 
Thread#4:T:   at NUnit.Framework.Assert.That[TActual](TActual actual, IResolveConstraint expression, String message, Object[] args)
Thread#3:T:   at NUnit.Framework.Assert.That[TActual](TActual actual, IResolveConstraint expression, String message, Object[] args)
Thread#0:T:   at TRID.StepDefinitions.CardsValidationSteps.ThenUpdatedComputedTipValueShouldDisplayOnClosingDisclosure() in F:\Projects\TRID QA\trid-462743\QA\UIAutomation\SpecFramework\StepDefinitions\CardsValidationSteps.cs:line 1072 
Thread#1:T: ====================================================================================
Thread#4:T:   at NUnit.Framework.Assert.AreEqual(Object expected, Object actual, String message, Object[] args)
Thread#3:T:   at NUnit.Framework.Assert.AreEqual(Object expected, Object actual, String message, Object[] args)
Thread#0:T: ====================================================================================
Thread#1:T:|| TotalOfPayments || : NUnit.Framework.AssertionException:   Computed value does not match as expected with the difference of 208087.45
Thread#4:T:   at TRID.StepDefinitions.CardsValidationSteps.ThenUpdatedComputedFinanceChargeValueShouldDisplayOnClosingDisclosure() in F:\Projects\TRID QA\trid-462743\QA\UIAutomation\SpecFramework\StepDefinitions\CardsValidationSteps.cs:line 925 
Thread#0:T:|| EscrowPropertyOver1Year11Months || : NUnit.Framework.AssertionException:   Computed value does not match as expected with the difference of 2750
Thread#3:T:   at TRID.StepDefinitions.CardsValidationSteps.ThenUpdatedComputedFinanceChargeValueShouldDisplayOnClosingDisclosure() in F:\Projects\TRID QA\trid-462743\QA\UIAutomation\SpecFramework\StepDefinitions\CardsValidationSteps.cs:line 925 
Thread#1:T:  Expected: 209734.98000000001d
Thread#4:T: ====================================================================================
Thread#0:T:  Expected: 2750.0d
Thread#3:T: ====================================================================================
Thread#1:T:  But was:  1647.53d
Thread#4:T:|| TIP || : NUnit.Framework.AssertionException:   Computed value does not match as expected with the difference of 66.49
Thread#0:T:  But was:  0.0d
Thread#1:T:   at NUnit.Framework.Assert.That[TActual](TActual actual, IResolveConstraint expression, String message, Object[] args)
Thread#3:T:|| TIP || : NUnit.Framework.AssertionException:   Computed value does not match as expected with the difference of 66.23
Thread#4:T:  Expected: 66.700000000000003d
Thread#0:T:   at NUnit.Framework.Assert.That[TActual](TActual actual, IResolveConstraint expression, String message, Object[] args)
Thread#1:T:   at NUnit.Framework.Assert.AreEqual(Object expected, Object actual, String message, Object[] args)
Thread#3:T:  Expected: 66.909999999999997d
Thread#4:T:  But was:  0.20999999999999999d
Thread#0:T:   at NUnit.Framework.Assert.AreEqual(Object expected, Object actual, String message, Object[] args)
Thread#1:T:   at TRID.StepDefinitions.CardsValidationSteps.ThenUpdatedComputedTotalOfPaymentsValueShouldDisplayOnClosingDisclosure() in F:\Projects\TRID QA\trid-462743\QA\UIAutomation\SpecFramework\StepDefinitions\CardsValidationSteps.cs:line 876 
Thread#3:T:  But was:  0.68000000000000005d
Thread#4:T:   at NUnit.Framework.Assert.That[TActual](TActual actual, IResolveConstraint expression, String message, Object[] args)
Thread#0:T:   at TRID.StepDefinitions.CardsValidationSteps.ThenUpdatedComputedEscrowPropertyCostsOverOneYear11MonthsValueShouldDisplayOnClosingDisclosure() in F:\Projects\TRID QA\trid-462743\QA\UIAutomation\SpecFramework\StepDefinitions\CardsValidationSteps.cs:line 1121 
Thread#1:T: ====================================================================================
Thread#3:T:   at NUnit.Framework.Assert.That[TActual](TActual actual, IResolveConstraint expression, String message, Object[] args)
Thread#0:T: ====================================================================================
Thread#4:T:   at NUnit.Framework.Assert.AreEqual(Object expected, Object actual, String message, Object[] args)
Thread#1:T:|| FinanceCharge || : NUnit.Framework.AssertionException:   Computed value does not match as expected with the difference of 77199.75
Thread#3:T:   at NUnit.Framework.Assert.AreEqual(Object expected, Object actual, String message, Object[] args)
Thread#0:T:|| EscrowPropertyOver1Year12Months || : NUnit.Framework.AssertionException:   Computed value does not match as expected with the difference of 3300
Thread#4:T:   at TRID.StepDefinitions.CardsValidationSteps.ThenUpdatedComputedTipValueShouldDisplayOnClosingDisclosure() in F:\Projects\TRID QA\trid-462743\QA\UIAutomation\SpecFramework\StepDefinitions\CardsValidationSteps.cs:line 1072 
Thread#1:T:  Expected: 78734.979999999996d
Thread#3:T:   at TRID.StepDefinitions.CardsValidationSteps.ThenUpdatedComputedTipValueShouldDisplayOnClosingDisclosure() in F:\Projects\TRID QA\trid-462743\QA\UIAutomation\SpecFramework\StepDefinitions\CardsValidationSteps.cs:line 1072 
Thread#0:T:  Expected: 3300.0d
Thread#1:T:  But was:  1535.23d
Thread#4:T: ====================================================================================
Thread#3:T: ====================================================================================
Thread#0:T:  But was:  0.0d
Thread#1:T:   at NUnit.Framework.Assert.That[TActual](TActual actual, IResolveConstraint expression, String message, Object[] args)
Thread#4:T:|| EscrowPropertyOver1Year11Months || : NUnit.Framework.AssertionException:   Computed value does not match as expected with the difference of 3162.5
Thread#3:T:|| EscrowPropertyOver1Year11Months || : NUnit.Framework.AssertionException:   Computed value does not match as expected with the difference of 2750
Thread#0:T:   at NUnit.Framework.Assert.That[TActual](TActual actual, IResolveConstraint expression, String message, Object[] args)
Thread#1:T:   at NUnit.Framework.Assert.AreEqual(Object expected, Object actual, String message, Object[] args)
Thread#3:T:  Expected: 2750.0d
Thread#4:T:  Expected: 3162.5d
Thread#0:T:   at NUnit.Framework.Assert.AreEqual(Object expected, Object actual, String message, Object[] args)
Thread#1:T:   at TRID.StepDefinitions.CardsValidationSteps.ThenUpdatedComputedFinanceChargeValueShouldDisplayOnClosingDisclosure() in F:\Projects\TRID QA\trid-462743\QA\UIAutomation\SpecFramework\StepDefinitions\CardsValidationSteps.cs:line 925 
Thread#3:T:  But was:  0.0d
Thread#4:T:  But was:  0.0d
Thread#0:T:   at TRID.StepDefinitions.CardsValidationSteps.ThenUpdatedComputedEscrowPropertyCostsOverOneYear12MonthsValueShouldDisplayOnClosingDisclosure() in F:\Projects\TRID QA\trid-462743\QA\UIAutomation\SpecFramework\StepDefinitions\CardsValidationSteps.cs:line 1170 
Thread#1:T: ====================================================================================
Thread#3:T:   at NUnit.Framework.Assert.That[TActual](TActual actual, IResolveConstraint expression, String message, Object[] args)
Thread#0:T: ====================================================================================
Thread#4:T:   at NUnit.Framework.Assert.That[TActual](TActual actual, IResolveConstraint expression, String message, Object[] args)
Thread#1:T:|| TIP || : NUnit.Framework.AssertionException:   Computed value does not match as expected with the difference of 57.75
Thread#3:T:   at NUnit.Framework.Assert.AreEqual(Object expected, Object actual, String message, Object[] args)
Thread#4:T:   at NUnit.Framework.Assert.AreEqual(Object expected, Object actual, String message, Object[] args)
Thread#0:T:|| InitialEscrowPayment || : NUnit.Framework.AssertionException:   Computed value does not match as expected with the difference of 750
Thread#1:T:  Expected: 57.899999999999999d
Thread#3:T:   at TRID.StepDefinitions.CardsValidationSteps.ThenUpdatedComputedEscrowPropertyCostsOverOneYear11MonthsValueShouldDisplayOnClosingDisclosure() in F:\Projects\TRID QA\trid-462743\QA\UIAutomation\SpecFramework\StepDefinitions\CardsValidationSteps.cs:line 1121 
Thread#0:T:  Expected: 750.0d
Thread#4:T:   at TRID.StepDefinitions.CardsValidationSteps.ThenUpdatedComputedEscrowPropertyCostsOverOneYear11MonthsValueShouldDisplayOnClosingDisclosure() in F:\Projects\TRID QA\trid-462743\QA\UIAutomation\SpecFramework\StepDefinitions\CardsValidationSteps.cs:line 1121 
Thread#1:T:  But was:  0.14999999999999999d
Thread#3:T: ====================================================================================
Thread#0:T:  But was:  0.0d
Thread#4:T: ====================================================================================
Thread#1:T:   at NUnit.Framework.Assert.That[TActual](TActual actual, IResolveConstraint expression, String message, Object[] args)
Thread#0:T:   at NUnit.Framework.Assert.That[TActual](TActual actual, IResolveConstraint expression, String message, Object[] args)
Thread#3:T:|| EscrowPropertyOver1Year12Months || : NUnit.Framework.AssertionException:   Computed value does not match as expected with the difference of 3300
Thread#4:T:|| EscrowPropertyOver1Year12Months || : NUnit.Framework.AssertionException:   Computed value does not match as expected with the difference of 3300
Thread#1:T:   at NUnit.Framework.Assert.AreEqual(Object expected, Object actual, String message, Object[] args)
Thread#0:T:   at NUnit.Framework.Assert.AreEqual(Object expected, Object actual, String message, Object[] args)
Thread#3:T:  Expected: 3300.0d
Thread#4:T:  Expected: 3300.0d
Thread#1:T:   at TRID.StepDefinitions.CardsValidationSteps.ThenUpdatedComputedTipValueShouldDisplayOnClosingDisclosure() in F:\Projects\TRID QA\trid-462743\QA\UIAutomation\SpecFramework\StepDefinitions\CardsValidationSteps.cs:line 1072 
Thread#0:T:   at TRID.StepDefinitions.CardsValidationSteps.ThenUpdatedComputedInitialEscrowPaymentValueShouldDisplayOnClosingDisclosure() in F:\Projects\TRID QA\trid-462743\QA\UIAutomation\SpecFramework\StepDefinitions\CardsValidationSteps.cs:line 1220 
Thread#3:T:  But was:  0.0d
Thread#1:T: ====================================================================================
Thread#4:T:  But was:  0.0d
Thread#0:T: ====================================================================================
Thread#3:T:   at NUnit.Framework.Assert.That[TActual](TActual actual, IResolveConstraint expression, String message, Object[] args)
Thread#1:T:|| EscrowPropertyOver1Year11Months || : NUnit.Framework.AssertionException:   Computed value does not match as expected with the difference of 3300.18
Thread#4:T:   at NUnit.Framework.Assert.That[TActual](TActual actual, IResolveConstraint expression, String message, Object[] args)
Thread#0:T:|| EstimatedEscrow || : NUnit.Framework.AssertionException:   Computed value does not match as expected with the difference of 550
Thread#3:T:   at NUnit.Framework.Assert.AreEqual(Object expected, Object actual, String message, Object[] args)
Thread#1:T:  Expected: 3300.1799999999998d
Thread#4:T:   at NUnit.Framework.Assert.AreEqual(Object expected, Object actual, String message, Object[] args)
Thread#0:T:  Expected: 550.0d
Thread#3:T:   at TRID.StepDefinitions.CardsValidationSteps.ThenUpdatedComputedEscrowPropertyCostsOverOneYear12MonthsValueShouldDisplayOnClosingDisclosure() in F:\Projects\TRID QA\trid-462743\QA\UIAutomation\SpecFramework\StepDefinitions\CardsValidationSteps.cs:line 1170 
Thread#1:T:  But was:  0.0d
Thread#4:T:   at TRID.StepDefinitions.CardsValidationSteps.ThenUpdatedComputedEscrowPropertyCostsOverOneYear12MonthsValueShouldDisplayOnClosingDisclosure() in F:\Projects\TRID QA\trid-462743\QA\UIAutomation\SpecFramework\StepDefinitions\CardsValidationSteps.cs:line 1170 
Thread#0:T:  But was:  0.0d
Thread#3:T: ====================================================================================
Thread#1:T:   at NUnit.Framework.Assert.That[TActual](TActual actual, IResolveConstraint expression, String message, Object[] args)
Thread#0:T:   at NUnit.Framework.Assert.That[TActual](TActual actual, IResolveConstraint expression, String message, Object[] args)
Thread#4:T: ====================================================================================
Thread#3:T:|| InitialEscrowPayment || : NUnit.Framework.AssertionException:   Computed value does not match as expected with the difference of 750
Thread#1:T:   at NUnit.Framework.Assert.AreEqual(Object expected, Object actual, String message, Object[] args)
Thread#0:T:   at NUnit.Framework.Assert.AreEqual(Object expected, Object actual, String message, Object[] args)
Thread#4:T:|| InitialEscrowPayment || : NUnit.Framework.AssertionException:   Computed value does not match as expected with the difference of 749.92
Thread#3:T:  Expected: 750.0d
Thread#1:T:   at TRID.StepDefinitions.CardsValidationSteps.ThenUpdatedComputedEscrowPropertyCostsOverOneYear11MonthsValueShouldDisplayOnClosingDisclosure() in F:\Projects\TRID QA\trid-462743\QA\UIAutomation\SpecFramework\StepDefinitions\CardsValidationSteps.cs:line 1121 
Thread#0:T:   at TRID.StepDefinitions.CardsValidationSteps.ThenUpdatedComputedEstimatedEscrowValueShouldDisplayOnClosingDisclosure() in F:\Projects\TRID QA\trid-462743\QA\UIAutomation\SpecFramework\StepDefinitions\CardsValidationSteps.cs:line 1319 
Thread#4:T:  Expected: 749.91999999999996d
Thread#3:T:  But was:  0.0d
Thread#0:T: ====================================================================================
Thread#1:T: ====================================================================================
Thread#4:T:  But was:  0.0d
Thread#3:T:   at NUnit.Framework.Assert.That[TActual](TActual actual, IResolveConstraint expression, String message, Object[] args)
Thread#0:T:====================================================================================
Thread#1:T:|| EscrowPropertyOver1Year12Months || : NUnit.Framework.AssertionException:   Computed value does not match as expected with the difference of 3300.18
Thread#4:T:   at NUnit.Framework.Assert.That[TActual](TActual actual, IResolveConstraint expression, String message, Object[] args)
Thread#0:T:##########################################################
Thread#1:T:  Expected: 3300.1799999999998d
Thread#3:T:   at NUnit.Framework.Assert.AreEqual(Object expected, Object actual, String message, Object[] args)
Thread#4:T:   at NUnit.Framework.Assert.AreEqual(Object expected, Object actual, String message, Object[] args)
Thread#0:T:##########################################################
Thread#1:T:  But was:  0.0d
Thread#3:T:   at TRID.StepDefinitions.CardsValidationSteps.ThenUpdatedComputedInitialEscrowPaymentValueShouldDisplayOnClosingDisclosure() in F:\Projects\TRID QA\trid-462743\QA\UIAutomation\SpecFramework\StepDefinitions\CardsValidationSteps.cs:line 1220 
Thread#4:T:   at TRID.StepDefinitions.CardsValidationSteps.ThenUpdatedComputedInitialEscrowPaymentValueShouldDisplayOnClosingDisclosure() in F:\Projects\TRID QA\trid-462743\QA\UIAutomation\SpecFramework\StepDefinitions\CardsValidationSteps.cs:line 1220 
Thread#0: Test #294/0 is finished on thread #0 as CleanupFailed within 196.9077412 seconds
Thread#3:T: ====================================================================================
Thread#1:T:   at NUnit.Framework.Assert.That[TActual](TActual actual, IResolveConstraint expression, String message, Object[] args)
Thread#4:T: ====================================================================================
Thread#3:T:|| EstimatedEscrow || : NUnit.Framework.AssertionException:   Computed value does not match as expected with the difference of 550
Thread#1:T:   at NUnit.Framework.Assert.AreEqual(Object expected, Object actual, String message, Object[] args)
Thread#4:T:|| EstimatedEscrow || : NUnit.Framework.AssertionException:   Computed value does not match as expected with the difference of 137.5
Appdomain Disposed
Thread#1:T:   at TRID.StepDefinitions.CardsValidationSteps.ThenUpdatedComputedEscrowPropertyCostsOverOneYear12MonthsValueShouldDisplayOnClosingDisclosure() in F:\Projects\TRID QA\trid-462743\QA\UIAutomation\SpecFramework\StepDefinitions\CardsValidationSteps.cs:line 1170 
Thread#3:T:  Expected: 550.0d
Thread#4:T:  Expected: 137.5d
Thread#1:T: ====================================================================================
Thread#3:T:  But was:  0.0d
Thread#4:T:  But was:  0.0d
Thread#1:T:|| InitialEscrowPayment || : NUnit.Framework.AssertionException:   Computed value does not match as expected with the difference of 798.43
Thread#3:T:   at NUnit.Framework.Assert.That[TActual](TActual actual, IResolveConstraint expression, String message, Object[] args)
Thread#4:T:   at NUnit.Framework.Assert.That[TActual](TActual actual, IResolveConstraint expression, String message, Object[] args)
Thread#1:T:  Expected: 798.42999999999995d
Thread#3:T:   at NUnit.Framework.Assert.AreEqual(Object expected, Object actual, String message, Object[] args)
Thread#4:T:   at NUnit.Framework.Assert.AreEqual(Object expected, Object actual, String message, Object[] args)
Thread#1:T:  But was:  0.0d
Thread#3:T:   at TRID.StepDefinitions.CardsValidationSteps.ThenUpdatedComputedEstimatedEscrowValueShouldDisplayOnClosingDisclosure() in F:\Projects\TRID QA\trid-462743\QA\UIAutomation\SpecFramework\StepDefinitions\CardsValidationSteps.cs:line 1319 
Thread#4:T:   at TRID.StepDefinitions.CardsValidationSteps.ThenUpdatedComputedEstimatedEscrowValueShouldDisplayOnClosingDisclosure() in F:\Projects\TRID QA\trid-462743\QA\UIAutomation\SpecFramework\StepDefinitions\CardsValidationSteps.cs:line 1319 
Thread#1:T:   at NUnit.Framework.Assert.That[TActual](TActual actual, IResolveConstraint expression, String message, Object[] args)
Thread#3:T: ====================================================================================
Thread#4:T: ====================================================================================
Thread#1:T:   at NUnit.Framework.Assert.AreEqual(Object expected, Object actual, String message, Object[] args)
Thread#3:T:====================================================================================
Thread#4:T:====================================================================================
Thread#1:T:   at TRID.StepDefinitions.CardsValidationSteps.ThenUpdatedComputedInitialEscrowPaymentValueShouldDisplayOnClosingDisclosure() in F:\Projects\TRID QA\trid-462743\QA\UIAutomation\SpecFramework\StepDefinitions\CardsValidationSteps.cs:line 1220 
Thread#3:T:##########################################################
Thread#4:T:##########################################################
Thread#1:T: ====================================================================================
Thread#3:T:##########################################################
Thread#4:T:##########################################################
Thread#1:T:|| EstimatedEscrow || : NUnit.Framework.AssertionException:   Computed value does not match as expected with the difference of 126.93
Thread#3: Test #297/0 is finished on thread #3 as CleanupFailed within 198.5640427 seconds
Thread#4: Test #298/0 is finished on thread #4 as CleanupFailed within 198.5841102 seconds
Thread#1:T:  Expected: 126.93000000000001d
Thread#1:T:  But was:  0.0d
Appdomain Disposed
Appdomain Disposed
Thread#1:T:   at NUnit.Framework.Assert.That[TActual](TActual actual, IResolveConstraint expression, String message, Object[] args)
Thread#1:T:   at NUnit.Framework.Assert.AreEqual(Object expected, Object actual, String message, Object[] args)
Thread#1:T:   at TRID.StepDefinitions.CardsValidationSteps.ThenUpdatedComputedEstimatedEscrowValueShouldDisplayOnClosingDisclosure() in F:\Projects\TRID QA\trid-462743\QA\UIAutomation\SpecFramework\StepDefinitions\CardsValidationSteps.cs:line 1319 
Thread#1:T: ====================================================================================
Thread#1:T:|| EstimatedTaxesInsuranceAssessments || : NUnit.Framework.AssertionException:   Computed value does not match as expected with the difference of 0.0100000000000051
Thread#1:T:  Expected: 126.93000000000001d
Thread#1:T:  But was:  126.92d
Thread#1:T:   at NUnit.Framework.Assert.That[TActual](TActual actual, IResolveConstraint expression, String message, Object[] args)
Thread#1:T:   at NUnit.Framework.Assert.AreEqual(Object expected, Object actual, String message, Object[] args)
Thread#1:T:   at TRID.StepDefinitions.CardsValidationSteps.ThenUpdatedComputedEstimatedTaxesInsuranceAssessmentsValueShouldDisplayOnClosingDisclosure() in F:\Projects\TRID QA\trid-462743\QA\UIAutomation\SpecFramework\StepDefinitions\CardsValidationSteps.cs:line 1368 
Thread#1:T: ====================================================================================
Thread#2:T:##########################################################
Thread#1:T:====================================================================================
Thread#2:T:##########################################################
Thread#1:T:##########################################################
Thread#2:T:====================================================================================
Thread#1:T:##########################################################
Thread#2:T:Scenario Number : 115
Thread#1: Test #295/0 is finished on thread #1 as CleanupFailed within 200.4240384 seconds
Thread#2:T:The total number of cards Failue: 12
Thread#2:T:Name of cards Failed: || ScheduledPMITerminationDate || : System.FormatException: The string was not recognized as a valid DateTime. There is an unknown word starting at index 1.
Appdomain Disposed
Thread#2:T:   at System.DateTimeParse.Parse(String s, DateTimeFormatInfo dtfi, DateTimeStyles styles)
Thread#2:T:   at System.Convert.ToDateTime(String value)
Thread#2:T:   at TRID.ProjectLibs.Common.ProjActions.GetDatePart(By element) in F:\Projects\TRID QA\trid-462743\QA\UIAutomation\SpecFramework\ProjectLibs\Common\ProjActions.cs:line 100
Thread#2:T:   at TRID.StepDefinitions.CardsValidationSteps.ThenUpdatedComputedScheduledPmiTerminationDateValueShouldDisplayOnClosingDisclosure() in F:\Projects\TRID QA\trid-462743\QA\UIAutomation\SpecFramework\StepDefinitions\CardsValidationSteps.cs:line 603 
Thread#2:T: ====================================================================================
Thread#2:T:|| EstimatedTotalMonthlyPayment || : NUnit.Framework.AssertionException:   Computed value does not match as expected with the difference of 137.5
Thread#2:T:  Expected: 462.94999999999999d
Thread#2:T:  But was:  325.44999999999999d
Thread#2:T:   at NUnit.Framework.Assert.That[TActual](TActual actual, IResolveConstraint expression, String message, Object[] args)
Thread#2:T:   at NUnit.Framework.Assert.AreEqual(Object expected, Object actual, String message, Object[] args)
Thread#2:T:   at TRID.StepDefinitions.CardsValidationSteps.ThenUpdatedComputedEstimatedTotalMonthlyPaymentValueShouldDisplayOnClosingDisclosure() in F:\Projects\TRID QA\trid-462743\QA\UIAutomation\SpecFramework\StepDefinitions\CardsValidationSteps.cs:line 701 
Thread#2:T: ====================================================================================
Thread#2:T:|| APR || : System.FormatException: Input string was not in a correct format.
Thread#2:T:   at System.Number.ParseDouble(String value, NumberStyles options, NumberFormatInfo numfmt)
Thread#2:T:   at System.Convert.ToDouble(String value)
Thread#2:T:   at TRID.ProjectLibs.Common.ProjActions.GetNumericValueFromString(String inputString) in F:\Projects\TRID QA\trid-462743\QA\UIAutomation\SpecFramework\ProjectLibs\Common\ProjActions.cs:line 94
Thread#2:T:   at TRID.StepDefinitions.CardsValidationSteps.ThenUpdatedComputedAprValueShouldDisplayOnClosingDisclosure() in F:\Projects\TRID QA\trid-462743\QA\UIAutomation\SpecFramework\StepDefinitions\CardsValidationSteps.cs:line 747 
Thread#2:T: ====================================================================================
Thread#2:T:|| APRWIN || : System.FormatException: Input string was not in a correct format.
Thread#2:T:   at System.Number.ParseDouble(String value, NumberStyles options, NumberFormatInfo numfmt)
Thread#2:T:   at System.Convert.ToDouble(String value)
Thread#2:T:   at TRID.ProjectLibs.Common.ProjActions.GetNumericValueFromString(String inputString) in F:\Projects\TRID QA\trid-462743\QA\UIAutomation\SpecFramework\ProjectLibs\Common\ProjActions.cs:line 94
Thread#2:T:   at TRID.StepDefinitions.CardsValidationSteps.ThenAprwinInfoValueShouldDisplayOnClosingDisclosure() in F:\Projects\TRID QA\trid-462743\QA\UIAutomation\SpecFramework\StepDefinitions\CardsValidationSteps.cs:line 797 
Thread#2:T: ====================================================================================
Thread#2:T:|| BalloonAmount || : NUnit.Framework.AssertionException:   Computed value does not match as expected with the difference of 6.50999999999999
Thread#2:T:  Expected: 298.74000000000001d
Thread#2:T:  But was:  305.25d
Thread#2:T:   at NUnit.Framework.Assert.That[TActual](TActual actual, IResolveConstraint expression, String message, Object[] args)
Thread#2:T:   at NUnit.Framework.Assert.AreEqual(Object expected, Object actual, String message, Object[] args)
Thread#2:T:   at TRID.StepDefinitions.CardsValidationSteps.ThenUpdatedComputedBalloonAmountValueShouldDisplayOnClosingDisclosure() in F:\Projects\TRID QA\trid-462743\QA\UIAutomation\SpecFramework\StepDefinitions\CardsValidationSteps.cs:line 827 
Thread#2:T: ====================================================================================
Thread#2:T:|| TotalOfPayments || : NUnit.Framework.AssertionException:   Computed value does not match as expected with the difference of 221387.24
Thread#2:T:  Expected: 223090.94d
Thread#2:T:  But was:  1703.7000000000001d
Thread#2:T:   at NUnit.Framework.Assert.That[TActual](TActual actual, IResolveConstraint expression, String message, Object[] args)
Thread#2:T:   at NUnit.Framework.Assert.AreEqual(Object expected, Object actual, String message, Object[] args)
Thread#2:T:   at TRID.StepDefinitions.CardsValidationSteps.ThenUpdatedComputedTotalOfPaymentsValueShouldDisplayOnClosingDisclosure() in F:\Projects\TRID QA\trid-462743\QA\UIAutomation\SpecFramework\StepDefinitions\CardsValidationSteps.cs:line 876 
Thread#2:T: ====================================================================================
Thread#2:T:|| FinanceCharge || : NUnit.Framework.AssertionException:   Computed value does not match as expected with the difference of 90501.45
Thread#2:T:  Expected: 92090.940000000002d
Thread#2:T:  But was:  1589.49d
Thread#2:T:   at NUnit.Framework.Assert.That[TActual](TActual actual, IResolveConstraint expression, String message, Object[] args)
Thread#2:T:   at NUnit.Framework.Assert.AreEqual(Object expected, Object actual, String message, Object[] args)
Thread#2:T:   at TRID.StepDefinitions.CardsValidationSteps.ThenUpdatedComputedFinanceChargeValueShouldDisplayOnClosingDisclosure() in F:\Projects\TRID QA\trid-462743\QA\UIAutomation\SpecFramework\StepDefinitions\CardsValidationSteps.cs:line 925 
Thread#2:T: ====================================================================================
Thread#2:T:|| TIP || : NUnit.Framework.AssertionException:   Computed value does not match as expected with the difference of 67.62
Thread#2:T:  Expected: 67.819999999999993d
Thread#2:T:  But was:  0.20000000000000001d
Thread#2:T:   at NUnit.Framework.Assert.That[TActual](TActual actual, IResolveConstraint expression, String message, Object[] args)
Thread#2:T:   at NUnit.Framework.Assert.AreEqual(Object expected, Object actual, String message, Object[] args)
Thread#2:T:   at TRID.StepDefinitions.CardsValidationSteps.ThenUpdatedComputedTipValueShouldDisplayOnClosingDisclosure() in F:\Projects\TRID QA\trid-462743\QA\UIAutomation\SpecFramework\StepDefinitions\CardsValidationSteps.cs:line 1072 
Thread#2:T: ====================================================================================
Thread#2:T:|| EscrowPropertyOver1Year11Months || : NUnit.Framework.AssertionException:   Computed value does not match as expected with the difference of 3162.5
Thread#2:T:  Expected: 3162.5d
Thread#2:T:  But was:  0.0d
Thread#2:T:   at NUnit.Framework.Assert.That[TActual](TActual actual, IResolveConstraint expression, String message, Object[] args)
Thread#2:T:   at NUnit.Framework.Assert.AreEqual(Object expected, Object actual, String message, Object[] args)
Thread#2:T:   at TRID.StepDefinitions.CardsValidationSteps.ThenUpdatedComputedEscrowPropertyCostsOverOneYear11MonthsValueShouldDisplayOnClosingDisclosure() in F:\Projects\TRID QA\trid-462743\QA\UIAutomation\SpecFramework\StepDefinitions\CardsValidationSteps.cs:line 1121 
Thread#2:T: ====================================================================================
Thread#2:T:|| EscrowPropertyOver1Year12Months || : NUnit.Framework.AssertionException:   Computed value does not match as expected with the difference of 3300
Thread#2:T:  Expected: 3300.0d
Thread#2:T:  But was:  0.0d
Thread#2:T:   at NUnit.Framework.Assert.That[TActual](TActual actual, IResolveConstraint expression, String message, Object[] args)
Thread#2:T:   at NUnit.Framework.Assert.AreEqual(Object expected, Object actual, String message, Object[] args)
Thread#2:T:   at TRID.StepDefinitions.CardsValidationSteps.ThenUpdatedComputedEscrowPropertyCostsOverOneYear12MonthsValueShouldDisplayOnClosingDisclosure() in F:\Projects\TRID QA\trid-462743\QA\UIAutomation\SpecFramework\StepDefinitions\CardsValidationSteps.cs:line 1170 
Thread#2:T: ====================================================================================
Thread#2:T:|| InitialEscrowPayment || : NUnit.Framework.AssertionException:   Computed value does not match as expected with the difference of 749.92
Thread#2:T:  Expected: 749.91999999999996d
Thread#2:T:  But was:  0.0d
Thread#2:T:   at NUnit.Framework.Assert.That[TActual](TActual actual, IResolveConstraint expression, String message, Object[] args)
Thread#2:T:   at NUnit.Framework.Assert.AreEqual(Object expected, Object actual, String message, Object[] args)
Thread#2:T:   at TRID.StepDefinitions.CardsValidationSteps.ThenUpdatedComputedInitialEscrowPaymentValueShouldDisplayOnClosingDisclosure() in F:\Projects\TRID QA\trid-462743\QA\UIAutomation\SpecFramework\StepDefinitions\CardsValidationSteps.cs:line 1220 
Thread#2:T: ====================================================================================
Thread#2:T:|| EstimatedEscrow || : NUnit.Framework.AssertionException:   Computed value does not match as expected with the difference of 137.5
Thread#2:T:  Expected: 137.5d
Thread#2:T:  But was:  0.0d
Thread#2:T:   at NUnit.Framework.Assert.That[TActual](TActual actual, IResolveConstraint expression, String message, Object[] args)
Thread#2:T:   at NUnit.Framework.Assert.AreEqual(Object expected, Object actual, String message, Object[] args)
Thread#2:T:   at TRID.StepDefinitions.CardsValidationSteps.ThenUpdatedComputedEstimatedEscrowValueShouldDisplayOnClosingDisclosure() in F:\Projects\TRID QA\trid-462743\QA\UIAutomation\SpecFramework\StepDefinitions\CardsValidationSteps.cs:line 1319 
Thread#2:T: ====================================================================================
Thread#2:T:====================================================================================
Thread#2:T:##########################################################
Thread#2:T:##########################################################
Thread#2: Test #296/0 is finished on thread #2 as CleanupFailed within 209.0615924 seconds
Appdomain Disposed
Thread#-1:Scheduler: get next test for thread
Thread#:Scheduler: at the end of normal test queue
Thread#-1:Scheduler: enumerator for thread is at end
Total: 5
Succeeded: 0
Ignored: 0
Pending: 0
Skipped: 0
Failed: 5
