VS filter: testpath:TestAssembly:TRID/Feature:CardsValidation/Scenario:Giving+inputs+from+Excel+file+and+validating+cards+value+on+Closing+Disclosure+page%2c+004 | testpath:TestAssembly:TRID/Feature:CardsValidation/Scenario:Giving+inputs+from+Excel+file+and+validating+cards+value+on+Closing+Disclosure+page%2c+006 | testpath:TestAssembly:TRID/Feature:CardsValidation/Scenario:Giving+inputs+from+Excel+file+and+validating+cards+value+on+Closing+Disclosure+page%2c+001 | testpath:TestAssembly:TRID/Feature:CardsValidation/Scenario:Giving+inputs+from+Excel+file+and+validating+cards+value+on+Closing+Disclosure+page%2c+007 | testpath:TestAssembly:TRID/Feature:CardsValidation/Scenario:Giving+inputs+from+Excel+file+and+validating+cards+value+on+Closing+Disclosure+page%2c+002 | testpath:TestAssembly:TRID/Feature:CardsValidation/Scenario:Giving+inputs+from+Excel+file+and+validating+cards+value+on+Closing+Disclosure+page%2c+003
Discovering target: Default
Discovering tests from assembly: F:\Projects\TRID QA\trid-462743\QA\UIAutomation\SpecFramework\bin\Debug\TRID.dll
Appdomain Disposed
Test Suite Dump
#0: TRID/Default - 
#1: Default - 
#2: TRID - 
#122: CardsValidation - 
#240: Giving inputs from Excel file and validating cards value on Closing Disclosure page, 001 - TestAssembly:TRID/Feature:CardsValidation/Scenario:Giving+inputs+from+Excel+file+and+validating+cards+value+on+Closing+Disclosure+page%2c+001
#241: Giving inputs from Excel file and validating cards value on Closing Disclosure page, 002 - TestAssembly:TRID/Feature:CardsValidation/Scenario:Giving+inputs+from+Excel+file+and+validating+cards+value+on+Closing+Disclosure+page%2c+002
#242: Giving inputs from Excel file and validating cards value on Closing Disclosure page, 003 - TestAssembly:TRID/Feature:CardsValidation/Scenario:Giving+inputs+from+Excel+file+and+validating+cards+value+on+Closing+Disclosure+page%2c+003
#243: Giving inputs from Excel file and validating cards value on Closing Disclosure page, 004 - TestAssembly:TRID/Feature:CardsValidation/Scenario:Giving+inputs+from+Excel+file+and+validating+cards+value+on+Closing+Disclosure+page%2c+004
#244: Giving inputs from Excel file and validating cards value on Closing Disclosure page, 006 - TestAssembly:TRID/Feature:CardsValidation/Scenario:Giving+inputs+from+Excel+file+and+validating+cards+value+on+Closing+Disclosure+page%2c+006
#245: Giving inputs from Excel file and validating cards value on Closing Disclosure page, 007 - TestAssembly:TRID/Feature:CardsValidation/Scenario:Giving+inputs+from+Excel+file+and+validating+cards+value+on+Closing+Disclosure+page%2c+007
End: Test Suite Dump
Thread#0:Scheduler: get next test for thread
Thread#:Scheduler: testitem #240 from normal test queue 
Thread#0:Scheduler: considering testitem #240 for thread
Thread#0:Scheduler: using testitem #240 for thread
Thread#0:Scheduler: Test #240 is scheduled for thread
Thread#0:Scheduler: with testItemExecutionIndex 0
Thread #0: creating new test thread executor for TRID, Version=1.0.0.0, Culture=neutral, PublicKeyToken=null (target: Default)
Thread#1:Scheduler: get next test for thread
Thread#:Scheduler: testitem #241 from normal test queue 
Thread#1:Scheduler: considering testitem #241 for thread
Thread#1:Scheduler: using testitem #241 for thread
Thread#1:Scheduler: Test #241 is scheduled for thread
Thread#1:Scheduler: with testItemExecutionIndex 1
Thread #1: creating new test thread executor for TRID, Version=1.0.0.0, Culture=neutral, PublicKeyToken=null (target: Default)
Thread#2:Scheduler: get next test for thread
Thread#:Scheduler: testitem #242 from normal test queue 
Thread#2:Scheduler: considering testitem #242 for thread
Thread#2:Scheduler: using testitem #242 for thread
Thread#2:Scheduler: Test #242 is scheduled for thread
Thread#2:Scheduler: with testItemExecutionIndex 2
Thread #2: creating new test thread executor for TRID, Version=1.0.0.0, Culture=neutral, PublicKeyToken=null (target: Default)
Thread#3:Scheduler: get next test for thread
Thread#:Scheduler: testitem #243 from normal test queue 
Thread#3:Scheduler: considering testitem #243 for thread
Thread#3:Scheduler: using testitem #243 for thread
Thread#3:Scheduler: Test #243 is scheduled for thread
Thread#3:Scheduler: with testItemExecutionIndex 3
Thread #3: creating new test thread executor for TRID, Version=1.0.0.0, Culture=neutral, PublicKeyToken=null (target: Default)
Loading SpecRun type 'TechTalk.SpecRun.Framework.TestAssemblyExecutor' from: C:\Users\sandees\AppData\Local\Temp\VisualStudioTestExplorerExtensions\SpecRun.Runner.1.5.2\tools\TechTalk.SpecRun.Framework.Executor.dll
Loading SpecRun type 'TechTalk.SpecRun.Framework.TestAssemblyExecutor' from: C:\Users\sandees\AppData\Local\Temp\VisualStudioTestExplorerExtensions\SpecRun.Runner.1.5.2\tools\TechTalk.SpecRun.Framework.Executor.dll
Loading SpecRun type 'TechTalk.SpecRun.Framework.TestAssemblyExecutor' from: C:\Users\sandees\AppData\Local\Temp\VisualStudioTestExplorerExtensions\SpecRun.Runner.1.5.2\tools\TechTalk.SpecRun.Framework.Executor.dll
Loading SpecRun type 'TechTalk.SpecRun.Framework.TestAssemblyExecutor' from: C:\Users\sandees\AppData\Local\Temp\VisualStudioTestExplorerExtensions\SpecRun.Runner.1.5.2\tools\TechTalk.SpecRun.Framework.Executor.dll
Thread#4:Scheduler: get next test for thread
Thread#:Scheduler: testitem #244 from normal test queue 
Thread#4:Scheduler: considering testitem #244 for thread
Thread#4:Scheduler: using testitem #244 for thread
Thread#4:Scheduler: Test #244 is scheduled for thread
Thread#4:Scheduler: with testItemExecutionIndex 4
Thread #4: creating new test thread executor for TRID, Version=1.0.0.0, Culture=neutral, PublicKeyToken=null (target: Default)
Thread#5:Scheduler: get next test for thread
Loading SpecRun type 'TechTalk.SpecRun.Framework.TestAssemblyExecutor' from: C:\Users\sandees\AppData\Local\Temp\VisualStudioTestExplorerExtensions\SpecRun.Runner.1.5.2\tools\TechTalk.SpecRun.Framework.Executor.dll
Thread#:Scheduler: testitem #245 from normal test queue 
Thread#5:Scheduler: considering testitem #245 for thread
Thread#5:Scheduler: using testitem #245 for thread
Thread#5:Scheduler: Test #245 is scheduled for thread
Thread#5:Scheduler: with testItemExecutionIndex 5
Thread #5: creating new test thread executor for TRID, Version=1.0.0.0, Culture=neutral, PublicKeyToken=null (target: Default)
Thread#6:Scheduler: get next test for thread
Thread#:Scheduler: at the end of normal test queue
Thread#6:Scheduler: enumerator for thread is at end
Thread#6:Scheduler: No more tests for thread 
Loading SpecRun type 'TechTalk.SpecRun.Framework.TestAssemblyExecutor' from: C:\Users\sandees\AppData\Local\Temp\VisualStudioTestExplorerExtensions\SpecRun.Runner.1.5.2\tools\TechTalk.SpecRun.Framework.Executor.dll
Thread#2: Test #242/0 is started on thread #2
Thread#0: Test #240/0 is started on thread #0
Thread#7:Scheduler: get next test for thread
Thread#:Scheduler: at the end of normal test queue
Thread#7:Scheduler: enumerator for thread is at end
Thread#7:Scheduler: No more tests for thread 
Thread#8:Scheduler: get next test for thread
Thread#:Scheduler: at the end of normal test queue
Thread#8:Scheduler: enumerator for thread is at end
Thread#8:Scheduler: No more tests for thread 
Thread#3: Test #243/0 is started on thread #3
Thread#1: Test #241/0 is started on thread #1
Thread#9:Scheduler: get next test for thread
Thread#:Scheduler: at the end of normal test queue
Thread#9:Scheduler: enumerator for thread is at end
Thread#9:Scheduler: No more tests for thread 
Thread#4: Test #244/0 is started on thread #4
Thread#5: Test #245/0 is started on thread #5
Thread#2:B:Given user is at TRID application homepage
Thread#0:B:Given user is at TRID application homepage
Thread#1:B:Given user is at TRID application homepage
Thread#3:B:Given user is at TRID application homepage
Thread#4:B:Given user is at TRID application homepage
Thread#5:B:Given user is at TRID application homepage
Thread#2:T:done: CardsValidationSteps.GivenUserIsAtTridApplicationHomepage() (34.1s)
Thread#2:B:And user have closing disclosure data from excel sheet ClosingDisclosure for the scenario 4
Thread#1:T:done: CardsValidationSteps.GivenUserIsAtTridApplicationHomepage() (35.9s)
Thread#1:B:And user have closing disclosure data from excel sheet ClosingDisclosure for the scenario 3
Thread#5:T:done: CardsValidationSteps.GivenUserIsAtTridApplicationHomepage() (36.5s)
Thread#5:B:And user have closing disclosure data from excel sheet ClosingDisclosure for the scenario 7
Thread#3:T:done: CardsValidationSteps.GivenUserIsAtTridApplicationHomepage() (39.6s)
Thread#3:B:And user have closing disclosure data from excel sheet ClosingDisclosure for the scenario 5
Thread#2:T:done: CardsValidationSteps.GivenUserHaveClosingDisclosureDataFromExcelSheetForTheScenario("ClosingDisclosure", 4) (6.7s)
Thread#2:B:And user have Mortgage Insurance data from excel sheet MortgageInsurance for the scenario 4
Thread#0:T:done: CardsValidationSteps.GivenUserIsAtTridApplicationHomepage() (41.8s)
Thread#0:B:And user have closing disclosure data from excel sheet ClosingDisclosure for the scenario 2
Thread#4:T:done: CardsValidationSteps.GivenUserIsAtTridApplicationHomepage() (42.2s)
Thread#4:B:And user have closing disclosure data from excel sheet ClosingDisclosure for the scenario 6
Thread#5:T:done: CardsValidationSteps.GivenUserHaveClosingDisclosureDataFromExcelSheetForTheScenario("ClosingDisclosure", 7) (6.2s)
Thread#5:B:And user have Mortgage Insurance data from excel sheet MortgageInsurance for the scenario 7
Thread#1:T:done: CardsValidationSteps.GivenUserHaveClosingDisclosureDataFromExcelSheetForTheScenario("ClosingDisclosure", 3) (6.9s)
Thread#1:B:And user have Mortgage Insurance data from excel sheet MortgageInsurance for the scenario 3
Thread#2:T:done: CardsValidationSteps.GivenUserHaveMortgageInsuranceDataFromExcelSheetForTheScenarioMortgageInsurance("MortgageInsurance", 4) (3.0s)
Thread#2:B:And user have variable loan data from excel sheet ARM Terms for the scenario 1
Thread#5:T:done: CardsValidationSteps.GivenUserHaveMortgageInsuranceDataFromExcelSheetForTheScenarioMortgageInsurance("MortgageInsurance", 7) (4.0s)
Thread#5:B:And user have variable loan data from excel sheet ARM Terms for the scenario 1
Thread#1:T:done: CardsValidationSteps.GivenUserHaveMortgageInsuranceDataFromExcelSheetForTheScenarioMortgageInsurance("MortgageInsurance", 3) (5.0s)
Thread#1:B:And user have variable loan data from excel sheet ARM Terms for the scenario 1
Thread#3:T:done: CardsValidationSteps.GivenUserHaveClosingDisclosureDataFromExcelSheetForTheScenario("ClosingDisclosure", 5) (10.6s)
Thread#3:B:And user have Mortgage Insurance data from excel sheet MortgageInsurance for the scenario 5
Thread#2:T:done: CardsValidationSteps.GivenUserHaveVariableLoanDataFromExcelSheetForTheScenario("ARM Terms", 1) (6.7s)
Thread#2:B:And user have Prepaid Charges data from excel sheet PrepaidCharges for the scenario 4
Thread#5:T:done: CardsValidationSteps.GivenUserHaveVariableLoanDataFromExcelSheetForTheScenario("ARM Terms", 1) (6.5s)
Thread#5:B:And user have Prepaid Charges data from excel sheet PrepaidCharges for the scenario 7
Thread#0:T:done: CardsValidationSteps.GivenUserHaveClosingDisclosureDataFromExcelSheetForTheScenario("ClosingDisclosure", 2) (11.6s)
Thread#0:B:And user have Mortgage Insurance data from excel sheet MortgageInsurance for the scenario 2
Thread#3:T:done: CardsValidationSteps.GivenUserHaveMortgageInsuranceDataFromExcelSheetForTheScenarioMortgageInsurance("MortgageInsurance", 5) (3.4s)
Thread#3:B:And user have variable loan data from excel sheet ARM Terms for the scenario 1
Thread#1:T:done: CardsValidationSteps.GivenUserHaveVariableLoanDataFromExcelSheetForTheScenario("ARM Terms", 1) (5.6s)
Thread#1:B:And user have Prepaid Charges data from excel sheet PrepaidCharges for the scenario 3
Thread#4:T:done: CardsValidationSteps.GivenUserHaveClosingDisclosureDataFromExcelSheetForTheScenario("ClosingDisclosure", 6) (13.1s)
Thread#4:B:And user have Mortgage Insurance data from excel sheet MortgageInsurance for the scenario 6
Thread#2:T:done: CardsValidationSteps.GivenUserHavePrepaidChargesDataFromExcelSheetPrepaidChargesForTheScenario("PrepaidCharges", 4) (6.0s)
Thread#2:B:And user have Export data from excel sheet Export for the scenario 4
Thread#0:T:done: CardsValidationSteps.GivenUserHaveMortgageInsuranceDataFromExcelSheetForTheScenarioMortgageInsurance("MortgageInsurance", 2) (3.9s)
Thread#0:B:And user have variable loan data from excel sheet ARM Terms for the scenario 1
Thread#5:T:done: CardsValidationSteps.GivenUserHavePrepaidChargesDataFromExcelSheetPrepaidChargesForTheScenario("PrepaidCharges", 7) (4.3s)
Thread#5:B:And user have Export data from excel sheet Export for the scenario 7
Thread#3:T:done: CardsValidationSteps.GivenUserHaveVariableLoanDataFromExcelSheetForTheScenario("ARM Terms", 1) (5.6s)
Thread#3:B:And user have Prepaid Charges data from excel sheet PrepaidCharges for the scenario 5
Thread#4:T:done: CardsValidationSteps.GivenUserHaveMortgageInsuranceDataFromExcelSheetForTheScenarioMortgageInsurance("MortgageInsurance", 6) (4.3s)
Thread#4:B:And user have variable loan data from excel sheet ARM Terms for the scenario 1
Thread#1:T:done: CardsValidationSteps.GivenUserHavePrepaidChargesDataFromExcelSheetPrepaidChargesForTheScenario("PrepaidCharges", 3) (6.3s)
Thread#1:B:And user have Export data from excel sheet Export for the scenario 3
Thread#2:T:done: CardsValidationSteps.GivenUserHaveExportDataFromExcelSheetExportForTheScenario("Export", 4) (3.7s)
Thread#2:B:And user have Escrow Grid data from excel sheet EscrowGrid for the scenario 4
Thread#5:T:done: CardsValidationSteps.GivenUserHaveExportDataFromExcelSheetExportForTheScenario("Export", 7) (3.9s)
Thread#5:B:And user have Escrow Grid data from excel sheet EscrowGrid for the scenario 7
Thread#0:T:done: CardsValidationSteps.GivenUserHaveVariableLoanDataFromExcelSheetForTheScenario("ARM Terms", 1) (4.2s)
Thread#0:B:And user have Prepaid Charges data from excel sheet PrepaidCharges for the scenario 2
Thread#3:T:done: CardsValidationSteps.GivenUserHavePrepaidChargesDataFromExcelSheetPrepaidChargesForTheScenario("PrepaidCharges", 5) (4.8s)
Thread#3:B:And user have Export data from excel sheet Export for the scenario 5
Thread#1:T:done: CardsValidationSteps.GivenUserHaveExportDataFromExcelSheetExportForTheScenario("Export", 3) (4.6s)
Thread#1:B:And user have Escrow Grid data from excel sheet EscrowGrid for the scenario 3
Thread#4:T:done: CardsValidationSteps.GivenUserHaveVariableLoanDataFromExcelSheetForTheScenario("ARM Terms", 1) (4.8s)
Thread#4:B:And user have Prepaid Charges data from excel sheet PrepaidCharges for the scenario 6
Thread#2:T:done: CardsValidationSteps.GivenUserHaveEscrowGridDataFromExcelSheetForTheScenario("EscrowGrid", 4) (5.7s)
Thread#2:B:When user navigate to Loan Inputs Page
Thread#5:T:done: CardsValidationSteps.GivenUserHaveEscrowGridDataFromExcelSheetForTheScenario("EscrowGrid", 7) (4.4s)
Thread#5:B:When user navigate to Loan Inputs Page
Thread#3:T:done: CardsValidationSteps.GivenUserHaveExportDataFromExcelSheetExportForTheScenario("Export", 5) (4.4s)
Thread#3:B:And user have Escrow Grid data from excel sheet EscrowGrid for the scenario 5
Thread#0:T:done: CardsValidationSteps.GivenUserHavePrepaidChargesDataFromExcelSheetPrepaidChargesForTheScenario("PrepaidCharges", 2) (8.1s)
Thread#0:B:And user have Export data from excel sheet Export for the scenario 2
Thread#2:T:done: CardsValidationSteps.WhenUserNavigateToLoanInputsPage() (3.7s)
Thread#2:B:And user selects Calculation Method
Thread#5:T:done: CardsValidationSteps.WhenUserNavigateToLoanInputsPage() (3.8s)
Thread#5:B:And user selects Calculation Method
Thread#2:T:done: CardsValidationSteps.WhenUserSelectsCalculationMethodInClosingDisclosurePage() (0.5s)
Thread#2:B:And user selects loan type
Thread#5:T:done: CardsValidationSteps.WhenUserSelectsCalculationMethodInClosingDisclosurePage() (0.6s)
Thread#5:B:And user selects loan type
Thread#2:T:done: CardsValidationSteps.WhenUserSelectsLoanTypeInClosingDisclosurePage() (0.5s)
Thread#2:B:And user selects Frequency of Payments
Thread#1:T:done: CardsValidationSteps.GivenUserHaveEscrowGridDataFromExcelSheetForTheScenario("EscrowGrid", 3) (6.3s)
Thread#1:B:When user navigate to Loan Inputs Page
Thread#5:T:done: CardsValidationSteps.WhenUserSelectsLoanTypeInClosingDisclosurePage() (0.5s)
Thread#5:B:And user selects Frequency of Payments
Thread#2:T:done: CardsValidationSteps.WhenUserSelectsFrequencyOfPaymentsInClosingDisclosurePage() (0.4s)
Thread#2:B:And user selects Loan Term
Thread#5:T:done: CardsValidationSteps.WhenUserSelectsFrequencyOfPaymentsInClosingDisclosurePage() (0.4s)
Thread#5:B:And user selects Loan Term
Thread#2:T:done: CardsValidationSteps.WhenUserSelectsLoanTermInClosingDisclosurePage() (0.3s)
Thread#2:B:And user selects Repayment Term Type
Thread#3:T:done: CardsValidationSteps.GivenUserHaveEscrowGridDataFromExcelSheetForTheScenario("EscrowGrid", 5) (3.2s)
Thread#3:B:When user navigate to Loan Inputs Page
Thread#5:T:done: CardsValidationSteps.WhenUserSelectsLoanTermInClosingDisclosurePage() (0.3s)
Thread#5:B:And user selects Repayment Term Type
Thread#4:T:done: CardsValidationSteps.GivenUserHavePrepaidChargesDataFromExcelSheetPrepaidChargesForTheScenario("PrepaidCharges", 6) (7.5s)
Thread#4:B:And user have Export data from excel sheet Export for the scenario 6
Thread#2:T:done: CardsValidationSteps.WhenUserSelectsRepaymentTermTypeInClosingDisclosurePage() (0.6s)
Thread#2:B:And user enters Loan detail input values for computation
Thread#0:T:done: CardsValidationSteps.GivenUserHaveExportDataFromExcelSheetExportForTheScenario("Export", 2) (2.7s)
Thread#0:B:And user have Escrow Grid data from excel sheet EscrowGrid for the scenario 2
Thread#5:T:done: CardsValidationSteps.WhenUserSelectsRepaymentTermTypeInClosingDisclosurePage() (0.8s)
Thread#5:B:And user enters Loan detail input values for computation
Thread#1:T:done: CardsValidationSteps.WhenUserNavigateToLoanInputsPage() (3.9s)
Thread#1:B:And user selects Calculation Method
Thread#1:T:done: CardsValidationSteps.WhenUserSelectsCalculationMethodInClosingDisclosurePage() (0.5s)
Thread#1:B:And user selects loan type
Thread#4:T:done: CardsValidationSteps.GivenUserHaveExportDataFromExcelSheetExportForTheScenario("Export", 6) (3.3s)
Thread#4:B:And user have Escrow Grid data from excel sheet EscrowGrid for the scenario 6
Thread#1:T:done: CardsValidationSteps.WhenUserSelectsLoanTypeInClosingDisclosurePage() (0.6s)
Thread#1:B:And user selects Frequency of Payments
Thread#3:T:done: CardsValidationSteps.WhenUserNavigateToLoanInputsPage() (4.2s)
Thread#3:B:And user selects Calculation Method
Thread#1:T:done: CardsValidationSteps.WhenUserSelectsFrequencyOfPaymentsInClosingDisclosurePage() (0.6s)
Thread#1:B:And user selects Loan Term
Thread#3:T:done: CardsValidationSteps.WhenUserSelectsCalculationMethodInClosingDisclosurePage() (0.7s)
Thread#3:B:And user selects loan type
Thread#0:T:done: CardsValidationSteps.GivenUserHaveEscrowGridDataFromExcelSheetForTheScenario("EscrowGrid", 2) (4.2s)
Thread#0:B:When user navigate to Loan Inputs Page
Thread#1:T:done: CardsValidationSteps.WhenUserSelectsLoanTermInClosingDisclosurePage() (0.5s)
Thread#1:B:And user selects Repayment Term Type
Thread#3:T:done: CardsValidationSteps.WhenUserSelectsLoanTypeInClosingDisclosurePage() (0.4s)
Thread#3:B:And user selects Frequency of Payments
Thread#1:T:done: CardsValidationSteps.WhenUserSelectsRepaymentTermTypeInClosingDisclosurePage() (0.4s)
Thread#1:B:And user enters Loan detail input values for computation
Thread#3:T:done: CardsValidationSteps.WhenUserSelectsFrequencyOfPaymentsInClosingDisclosurePage() (0.3s)
Thread#3:B:And user selects Loan Term
Thread#3:T:done: CardsValidationSteps.WhenUserSelectsLoanTermInClosingDisclosurePage() (0.5s)
Thread#3:B:And user selects Repayment Term Type
Thread#3:T:done: CardsValidationSteps.WhenUserSelectsRepaymentTermTypeInClosingDisclosurePage() (0.3s)
Thread#3:B:And user enters Loan detail input values for computation
Thread#4:T:done: CardsValidationSteps.GivenUserHaveEscrowGridDataFromExcelSheetForTheScenario("EscrowGrid", 6) (2.8s)
Thread#4:B:When user navigate to Loan Inputs Page
Thread#0:T:done: CardsValidationSteps.WhenUserNavigateToLoanInputsPage() (3.6s)
Thread#0:B:And user selects Calculation Method
Thread#0:T:done: CardsValidationSteps.WhenUserSelectsCalculationMethodInClosingDisclosurePage() (0.5s)
Thread#0:B:And user selects loan type
Thread#0:T:done: CardsValidationSteps.WhenUserSelectsLoanTypeInClosingDisclosurePage() (0.5s)
Thread#0:B:And user selects Frequency of Payments
Thread#4:T:done: CardsValidationSteps.WhenUserNavigateToLoanInputsPage() (3.5s)
Thread#4:B:And user selects Calculation Method
Thread#0:T:done: CardsValidationSteps.WhenUserSelectsFrequencyOfPaymentsInClosingDisclosurePage() (0.4s)
Thread#0:B:And user selects Loan Term
Thread#0:T:done: CardsValidationSteps.WhenUserSelectsLoanTermInClosingDisclosurePage() (0.4s)
Thread#0:B:And user selects Repayment Term Type
Thread#4:T:done: CardsValidationSteps.WhenUserSelectsCalculationMethodInClosingDisclosurePage() (0.6s)
Thread#4:B:And user selects loan type
Thread#0:T:done: CardsValidationSteps.WhenUserSelectsRepaymentTermTypeInClosingDisclosurePage() (0.5s)
Thread#0:B:And user enters Loan detail input values for computation
Thread#4:T:done: CardsValidationSteps.WhenUserSelectsLoanTypeInClosingDisclosurePage() (0.6s)
Thread#4:B:And user selects Frequency of Payments
Thread#4:T:done: CardsValidationSteps.WhenUserSelectsFrequencyOfPaymentsInClosingDisclosurePage() (0.4s)
Thread#4:B:And user selects Loan Term
Thread#4:T:done: CardsValidationSteps.WhenUserSelectsLoanTermInClosingDisclosurePage() (0.4s)
Thread#4:B:And user selects Repayment Term Type
Thread#4:T:done: CardsValidationSteps.WhenUserSelectsRepaymentTermTypeInClosingDisclosurePage() (0.4s)
Thread#4:B:And user enters Loan detail input values for computation
Thread#2:T:done: CardsValidationSteps.WhenUserEntersLoanDetailInputValuesForComputationforClosingDisclosurepage() (12.6s)
Thread#2:B:And user enters pmi rate values
Thread#5:T:done: CardsValidationSteps.WhenUserEntersLoanDetailInputValuesForComputationforClosingDisclosurepage() (12.3s)
Thread#5:B:And user enters pmi rate values
Thread#1:T:done: CardsValidationSteps.WhenUserEntersLoanDetailInputValuesForComputationforClosingDisclosurepage() (10.6s)
Thread#1:B:And user enters pmi rate values
Thread#3:T:done: CardsValidationSteps.WhenUserEntersLoanDetailInputValuesForComputationforClosingDisclosurepage() (11.3s)
Thread#3:B:And user enters pmi rate values
Thread#0:T:error: element not visible
Thread#0:T:  (Session info: chrome=59.0.3071.115)
Thread#0:T:  (Driver info: chromedriver=2.29.461591 (62ebf098771772160f391d75e589dc567915b233),platform=Windows NT 10.0.10586 x86_64)
Thread#0:B:And user enters pmi rate values
Thread#0:T:skipped because of previous errors
Thread#0:B:And user enters other pmi input values
Thread#0:T:skipped because of previous errors
Thread#0:B:And user enters Escrow Grid Input values
Thread#0:T:skipped because of previous errors
Thread#0:B:And user enters all input values for Prepaid Charges
Thread#0:T:skipped because of previous errors
Thread#0:B:And user enters input value for prepaid custom fields
Thread#0:T:skipped because of previous errors
Thread#0:B:And user navigates to Disclosure Inputs Page
Thread#0:T:skipped because of previous errors
Thread#0:B:And user enters disclosed input values for Closing Disclosure Loan Terms & Projected Payments
Thread#0:T:skipped because of previous errors
Thread#0:B:And user enters disclosed input values for Closing Disclosure Loan Calculations
Thread#0:T:skipped because of previous errors
Thread#0:B:And user enters disclosed input values for Property Cost and Escrow
Thread#0:T:skipped because of previous errors
Thread#0:B:And user navigates to Loan Estimate Cards Page
Thread#0:T:skipped because of previous errors
Thread#0:B:And user enters disclsoed input values for Loan Estimate - Comparisons
Thread#0:T:skipped because of previous errors
Thread#0:B:And user navigates to Export Page
Thread#0:T:skipped because of previous errors
Thread#0:B:And user enters all input values for Export Page
Thread#0:T:skipped because of previous errors
Thread#0:B:And user clicks on Export button to generate JSON file
Thread#0:T:skipped because of previous errors
Thread#0:B:And user navigates to Closing Disclosure Cards Page
Thread#0:T:skipped because of previous errors
Thread#0:B:Then updated/computed Principal and Interest value should display on Closing Disclosure
Thread#0:T:skipped because of previous errors
Thread#0:B:And updated/computed Mortgage Insurance value should display on Closing Disclosure
Thread#0:T:skipped because of previous errors
Thread#0:B:And updated/computed Scheduled PMI Termination Date value should display on Closing Disclosure
Thread#0:T:skipped because of previous errors
Thread#0:B:And updated/computed Estimated Total Monthly Payment value should display on Closing Disclosure
Thread#0:T:skipped because of previous errors
Thread#0:B:And updated/computed APR value should display on Closing Disclosure
Thread#0:T:skipped because of previous errors
Thread#0:B:And APRWIN info value should display on Closing Disclosure
Thread#0:T:skipped because of previous errors
Thread#0:B:And updated/computed Balloon Amount value should display on Closing Disclosure
Thread#0:T:skipped because of previous errors
Thread#0:B:And updated/computed Total of Payments value should display on Closing Disclosure
Thread#0:T:skipped because of previous errors
Thread#0:B:And updated/computed Finance Charge value should display on Closing Disclosure
Thread#0:T:skipped because of previous errors
Thread#0:B:And updated/computed Prepaid Charges value should display on Closing Disclosure
Thread#0:T:skipped because of previous errors
Thread#0:B:And updated/computed Amount Financed value should display on Closing Disclosure
Thread#0:T:skipped because of previous errors
Thread#0:B:And updated/computed TIP value should display on Closing Disclosure
Thread#0:T:skipped because of previous errors
Thread#0:B:And updated/computed Escrow Property Costs over one year 11 Months value should display on Closing Disclosure
Thread#0:T:skipped because of previous errors
Thread#0:B:And updated/computed Escrow Property Costs over one year 12 Months value should display on Closing Disclosure
Thread#0:T:skipped because of previous errors
Thread#0:B:And updated/computed Initial Escrow Payment value should display on Closing Disclosure
Thread#0:T:skipped because of previous errors
Thread#0:B:And updated/computed Non Escrow Property Costs over one year value should display on Closing Disclosure
Thread#0:T:skipped because of previous errors
Thread#0:B:And updated/computed Estimated Escrow value should display on Closing Disclosure
Thread#0:T:skipped because of previous errors
Thread#0:B:And updated/computed Estimated Taxes, Insurance & Assessments value should display on Closing Disclosure
Thread#0:T:skipped because of previous errors
Thread#0:Scheduler: reschedule tests for testitem #0
Thread#0:Scheduler: get next test for thread
Thread#:Scheduler: at the end of normal test queue
Thread#0:Scheduler: enumerator for thread is at end
Thread#0:Scheduler: No more tests for thread 
Thread#5:T:done: CardsValidationSteps.WhenUserEntersPmiRateValues() (6.8s)
Thread#5:B:And user enters other pmi input values
Thread#2:T:done: CardsValidationSteps.WhenUserEntersPmiRateValues() (7.2s)
Thread#2:B:And user enters other pmi input values
Thread#4:T:done: CardsValidationSteps.WhenUserEntersLoanDetailInputValuesForComputationforClosingDisclosurepage() (8.1s)
Thread#4:B:And user enters pmi rate values
Thread#5:T:done: CardsValidationSteps.WhenUserEntersOtherPmiInputValues() (1.5s)
Thread#5:B:And user enters Escrow Grid Input values
Thread#1:T:done: CardsValidationSteps.WhenUserEntersPmiRateValues() (5.3s)
Thread#1:B:And user enters other pmi input values
Thread#3:T:done: CardsValidationSteps.WhenUserEntersPmiRateValues() (5.5s)
Thread#3:B:And user enters other pmi input values
Thread#1:T:done: CardsValidationSteps.WhenUserEntersOtherPmiInputValues() (2.6s)
Thread#1:B:And user enters Escrow Grid Input values
Thread#3:T:done: CardsValidationSteps.WhenUserEntersOtherPmiInputValues() (2.3s)
Thread#3:B:And user enters Escrow Grid Input values
Thread#4:T:done: CardsValidationSteps.WhenUserEntersPmiRateValues() (6.2s)
Thread#4:B:And user enters other pmi input values
Thread#2:T:done: CardsValidationSteps.WhenUserEntersOtherPmiInputValues() (7.8s)
Thread#2:B:And user enters Escrow Grid Input values
Thread#4:T:done: CardsValidationSteps.WhenUserEntersOtherPmiInputValues() (2.9s)
Thread#4:B:And user enters Escrow Grid Input values
Thread#5:T:done: CardsValidationSteps.WhenUserEntersEscrowGridInputValues() (13.4s)
Thread#5:B:And user enters all input values for Prepaid Charges
Thread#1:T:done: CardsValidationSteps.WhenUserEntersEscrowGridInputValues() (19.3s)
Thread#1:B:And user enters all input values for Prepaid Charges
Thread#2:T:done: CardsValidationSteps.WhenUserEntersEscrowGridInputValues() (15.3s)
Thread#2:B:And user enters all input values for Prepaid Charges
Thread#4:T:done: CardsValidationSteps.WhenUserEntersEscrowGridInputValues() (15.7s)
Thread#4:B:And user enters all input values for Prepaid Charges
Thread#3:T:done: CardsValidationSteps.WhenUserEntersEscrowGridInputValues() (20.4s)
Thread#3:B:And user enters all input values for Prepaid Charges
Thread#0: Test #240/0 is finished on thread #0 as Failed within 118.8814915 seconds
Appdomain Disposed
Thread#5:T:done: CardsValidationSteps.WhenUserEntersAllInputValuesForPrepaidCharges() (12.4s)
Thread#5:B:And user enters input value for prepaid custom fields
Thread#5:T:done: CardsValidationSteps.WhenUserEntersInputValueForPrepaidCustomFields() (0.0s)
Thread#5:B:And user navigates to Disclosure Inputs Page
Thread#5:T:done: CardsValidationSteps.WhenUserNavigatesToDisclosureInputsPage() (0.8s)
Thread#5:B:And user enters disclosed input values for Closing Disclosure Loan Terms & Projected Payments
Thread#5:T:done: CardsValidationSteps.WhenUserEntersDisclosedInputValuesForClosingDisclosureLoanTermsProjectedPayments() (4.5s)
Thread#5:B:And user enters disclosed input values for Closing Disclosure Loan Calculations
Thread#2:T:done: CardsValidationSteps.WhenUserEntersAllInputValuesForPrepaidCharges() (10.5s)
Thread#2:B:And user enters input value for prepaid custom fields
Thread#2:T:done: CardsValidationSteps.WhenUserEntersInputValueForPrepaidCustomFields() (0.0s)
Thread#2:B:And user navigates to Disclosure Inputs Page
Thread#1:T:done: CardsValidationSteps.WhenUserEntersAllInputValuesForPrepaidCharges() (11.0s)
Thread#1:B:And user enters input value for prepaid custom fields
Thread#1:T:done: CardsValidationSteps.WhenUserEntersInputValueForPrepaidCustomFields() (0.0s)
Thread#1:B:And user navigates to Disclosure Inputs Page
Thread#2:T:done: CardsValidationSteps.WhenUserNavigatesToDisclosureInputsPage() (1.2s)
Thread#2:B:And user enters disclosed input values for Closing Disclosure Loan Terms & Projected Payments
Thread#4:T:done: CardsValidationSteps.WhenUserEntersAllInputValuesForPrepaidCharges() (10.2s)
Thread#4:B:And user enters input value for prepaid custom fields
Thread#4:T:done: CardsValidationSteps.WhenUserEntersInputValueForPrepaidCustomFields() (0.0s)
Thread#4:B:And user navigates to Disclosure Inputs Page
Thread#1:T:done: CardsValidationSteps.WhenUserNavigatesToDisclosureInputsPage() (1.3s)
Thread#1:B:And user enters disclosed input values for Closing Disclosure Loan Terms & Projected Payments
Thread#3:T:done: CardsValidationSteps.WhenUserEntersAllInputValuesForPrepaidCharges() (10.6s)
Thread#3:B:And user enters input value for prepaid custom fields
Thread#3:T:done: CardsValidationSteps.WhenUserEntersInputValueForPrepaidCustomFields() (0.0s)
Thread#3:B:And user navigates to Disclosure Inputs Page
Thread#4:T:done: CardsValidationSteps.WhenUserNavigatesToDisclosureInputsPage() (1.2s)
Thread#4:B:And user enters disclosed input values for Closing Disclosure Loan Terms & Projected Payments
Thread#5:T:done: CardsValidationSteps.WhenUserEntersDisclosedInputValuesForClosingDisclosureLoanCalculations() (4.2s)
Thread#5:B:And user enters disclosed input values for Property Cost and Escrow
Thread#3:T:done: CardsValidationSteps.WhenUserNavigatesToDisclosureInputsPage() (1.2s)
Thread#3:B:And user enters disclosed input values for Closing Disclosure Loan Terms & Projected Payments
Thread#2:T:done: CardsValidationSteps.WhenUserEntersDisclosedInputValuesForClosingDisclosureLoanTermsProjectedPayments() (3.1s)
Thread#2:B:And user enters disclosed input values for Closing Disclosure Loan Calculations
Thread#5:T:done: CardsValidationSteps.WhenUserEntersDisclosedInputValuesForPropertyCostAndEscrow() (1.8s)
Thread#5:B:And user navigates to Loan Estimate Cards Page
Thread#1:T:done: CardsValidationSteps.WhenUserEntersDisclosedInputValuesForClosingDisclosureLoanTermsProjectedPayments() (3.2s)
Thread#1:B:And user enters disclosed input values for Closing Disclosure Loan Calculations
Thread#5:T:done: CardsValidationSteps.WhenUserNavigatesToLoanEstimateCardsPage() (1.2s)
Thread#5:B:And user enters disclsoed input values for Loan Estimate - Comparisons
Thread#4:T:done: CardsValidationSteps.WhenUserEntersDisclosedInputValuesForClosingDisclosureLoanTermsProjectedPayments() (3.2s)
Thread#4:B:And user enters disclosed input values for Closing Disclosure Loan Calculations
Thread#3:T:done: CardsValidationSteps.WhenUserEntersDisclosedInputValuesForClosingDisclosureLoanTermsProjectedPayments() (3.2s)
Thread#3:B:And user enters disclosed input values for Closing Disclosure Loan Calculations
Thread#5:T:done: CardsValidationSteps.WhenUserEntersDisclsoedInputValuesForLoanEstimate_Comparisons() (2.3s)
Thread#5:B:And user navigates to Export Page
Thread#2:T:done: CardsValidationSteps.WhenUserEntersDisclosedInputValuesForClosingDisclosureLoanCalculations() (4.0s)
Thread#2:B:And user enters disclosed input values for Property Cost and Escrow
Thread#1:T:done: CardsValidationSteps.WhenUserEntersDisclosedInputValuesForClosingDisclosureLoanCalculations() (3.5s)
Thread#1:B:And user enters disclosed input values for Property Cost and Escrow
Thread#5:T:done: CardsValidationSteps.WhenUserNavigatesToExportPage() (1.0s)
Thread#5:B:And user enters all input values for Export Page
Thread#4:T:done: CardsValidationSteps.WhenUserEntersDisclosedInputValuesForClosingDisclosureLoanCalculations() (3.9s)
Thread#4:B:And user enters disclosed input values for Property Cost and Escrow
Thread#1:T:done: CardsValidationSteps.WhenUserEntersDisclosedInputValuesForPropertyCostAndEscrow() (1.6s)
Thread#1:B:And user navigates to Loan Estimate Cards Page
Thread#2:T:done: CardsValidationSteps.WhenUserEntersDisclosedInputValuesForPropertyCostAndEscrow() (1.8s)
Thread#2:B:And user navigates to Loan Estimate Cards Page
Thread#3:T:done: CardsValidationSteps.WhenUserEntersDisclosedInputValuesForClosingDisclosureLoanCalculations() (3.4s)
Thread#3:B:And user enters disclosed input values for Property Cost and Escrow
Thread#4:T:done: CardsValidationSteps.WhenUserEntersDisclosedInputValuesForPropertyCostAndEscrow() (1.4s)
Thread#4:B:And user navigates to Loan Estimate Cards Page
Thread#1:T:done: CardsValidationSteps.WhenUserNavigatesToLoanEstimateCardsPage() (1.2s)
Thread#1:B:And user enters disclsoed input values for Loan Estimate - Comparisons
Thread#2:T:done: CardsValidationSteps.WhenUserNavigatesToLoanEstimateCardsPage() (1.2s)
Thread#2:B:And user enters disclsoed input values for Loan Estimate - Comparisons
Thread#3:T:done: CardsValidationSteps.WhenUserEntersDisclosedInputValuesForPropertyCostAndEscrow() (1.6s)
Thread#3:B:And user navigates to Loan Estimate Cards Page
Thread#5:T:done: CardsValidationSteps.WhenUserEntersAllInputValuesForExportPage() (3.4s)
Thread#5:B:And user clicks on Export button to generate JSON file
Thread#4:T:done: CardsValidationSteps.WhenUserNavigatesToLoanEstimateCardsPage() (1.4s)
Thread#4:B:And user enters disclsoed input values for Loan Estimate - Comparisons
Thread#1:T:done: CardsValidationSteps.WhenUserEntersDisclsoedInputValuesForLoanEstimate_Comparisons() (1.8s)
Thread#1:B:And user navigates to Export Page
Thread#2:T:done: CardsValidationSteps.WhenUserEntersDisclsoedInputValuesForLoanEstimate_Comparisons() (1.9s)
Thread#3:T:done: CardsValidationSteps.WhenUserNavigatesToLoanEstimateCardsPage() (1.4s)
Thread#2:B:And user navigates to Export Page
Thread#3:B:And user enters disclsoed input values for Loan Estimate - Comparisons
Thread#1:T:done: CardsValidationSteps.WhenUserNavigatesToExportPage() (1.4s)
Thread#1:B:And user enters all input values for Export Page
Thread#2:T:done: CardsValidationSteps.WhenUserNavigatesToExportPage() (1.4s)
Thread#2:B:And user enters all input values for Export Page
Thread#4:T:done: CardsValidationSteps.WhenUserEntersDisclsoedInputValuesForLoanEstimate_Comparisons() (2.9s)
Thread#4:B:And user navigates to Export Page
Thread#5:T:done: CardsValidationSteps.WhenUserClicksOnExportButtonToGenerateJsonFile() (3.3s)
Thread#5:B:And user navigates to Closing Disclosure Cards Page
Thread#3:T:done: CardsValidationSteps.WhenUserEntersDisclsoedInputValuesForLoanEstimate_Comparisons() (2.7s)
Thread#3:B:And user navigates to Export Page
Thread#4:T:done: CardsValidationSteps.WhenUserNavigatesToExportPage() (1.1s)
Thread#4:B:And user enters all input values for Export Page
Thread#5:T:done: CardsValidationSteps.WhenUserNavigatesToClosingDisclosureCardsPage() (1.1s)
Thread#5:B:Then updated/computed Principal and Interest value should display on Closing Disclosure
Thread#3:T:done: CardsValidationSteps.WhenUserNavigatesToExportPage() (0.9s)
Thread#3:B:And user enters all input values for Export Page
Thread#5:T:===========================================================
Thread#5:T:ExpectedComputedValue :1214.41
Thread#5:T:ActualComputedValue :1214.41
Thread#5:T:============================================================
Thread#5:T:===========================================================
Thread#5:T:ExpectedDisclosedValue :1214.41
Thread#5:T:ActualDisclosedValue :1214.41
Thread#5:T:============================================================
Thread#5:T:===========================================================
Thread#5:T:ExpectedVarianceValue :0
Thread#5:T:ActualVarianceValue :0
Thread#5:T:============================================================
Thread#5:T:done: CardsValidationSteps.ThenUpdatedComputedPrincipalAndInterestValueShouldDisplayOnClosingDisclosure() (1.3s)
Thread#5:B:And updated/computed Mortgage Insurance value should display on Closing Disclosure
Thread#5:T:===========================================================
Thread#5:T:ExpectedComputedValue :80.78
Thread#1:T:done: CardsValidationSteps.WhenUserEntersAllInputValuesForExportPage() (4.2s)
Thread#5:T:ActualComputedValue :80.78
Thread#1:B:And user clicks on Export button to generate JSON file
Thread#5:T:============================================================
Thread#5:T:===========================================================
Thread#5:T:ExpectedDisclosedValue :80.78
Thread#5:T:ActualDisclosedValue :80.78
Thread#5:T:============================================================
Thread#2:T:done: CardsValidationSteps.WhenUserEntersAllInputValuesForExportPage() (4.4s)
Thread#2:B:And user clicks on Export button to generate JSON file
Thread#5:T:===========================================================
Thread#5:T:ExpectedVarianceValue :0
Thread#5:T:ActualVarianceValue :0
Thread#5:T:============================================================
Thread#5:T:done: CardsValidationSteps.ThenUpdatedComputedMortgageInsuranceValueShouldDisplayOnClosingDisclosure() (1.2s)
Thread#5:B:And updated/computed Scheduled PMI Termination Date value should display on Closing Disclosure
Thread#5:T:System.FormatException: The string was not recognized as a valid DateTime. There is an unknown word starting at index 1.
Thread#5:T:   at System.DateTimeParse.Parse(String s, DateTimeFormatInfo dtfi, DateTimeStyles styles)
Thread#5:T:   at System.Convert.ToDateTime(String value)
Thread#5:T:   at TRID.ProjectLibs.Common.ProjActions.GetDatePart(By element) in F:\Projects\TRID QA\trid-462743\QA\UIAutomation\SpecFramework\ProjectLibs\Common\ProjActions.cs:line 100
Thread#5:T:   at TRID.StepDefinitions.CardsValidationSteps.ThenUpdatedComputedScheduledPmiTerminationDateValueShouldDisplayOnClosingDisclosure() in F:\Projects\TRID QA\trid-462743\QA\UIAutomation\SpecFramework\StepDefinitions\CardsValidationSteps.cs:line 603
Thread#4:T:done: CardsValidationSteps.WhenUserEntersAllInputValuesForExportPage() (3.7s)
Thread#4:B:And user clicks on Export button to generate JSON file
Thread#5:T:done: CardsValidationSteps.ThenUpdatedComputedScheduledPmiTerminationDateValueShouldDisplayOnClosingDisclosure() (0.5s)
Thread#5:B:And updated/computed Estimated Total Monthly Payment value should display on Closing Disclosure
Thread#5:T:NUnit.Framework.AssertionException:   Computed value does not match as expected with the difference of 550
Thread#5:T:  Expected: 1845.1900000000001d
Thread#5:T:  But was:  1295.1900000000001d
Thread#5:T:   at NUnit.Framework.Assert.That[TActual](TActual actual, IResolveConstraint expression, String message, Object[] args)
Thread#3:T:done: CardsValidationSteps.WhenUserEntersAllInputValuesForExportPage() (3.9s)
Thread#3:B:And user clicks on Export button to generate JSON file
Thread#5:T:   at NUnit.Framework.Assert.AreEqual(Object expected, Object actual, String message, Object[] args)
Thread#5:T:   at TRID.StepDefinitions.CardsValidationSteps.ThenUpdatedComputedEstimatedTotalMonthlyPaymentValueShouldDisplayOnClosingDisclosure() in F:\Projects\TRID QA\trid-462743\QA\UIAutomation\SpecFramework\StepDefinitions\CardsValidationSteps.cs:line 701
Thread#5:T:done: CardsValidationSteps.ThenUpdatedComputedEstimatedTotalMonthlyPaymentValueShouldDisplayOnClosingDisclosure() (0.7s)
Thread#5:B:And updated/computed APR value should display on Closing Disclosure
Thread#5:T:NUnit.Framework.AssertionException:   Computed value does not match as expected with the difference of 3.868
Thread#5:T:  Expected: 3.8679999999999999d
Thread#5:T:  But was:  0.0d
Thread#5:T:   at NUnit.Framework.Assert.That[TActual](TActual actual, IResolveConstraint expression, String message, Object[] args)
Thread#5:T:   at NUnit.Framework.Assert.AreEqual(Object expected, Object actual, String message, Object[] args)
Thread#5:T:   at TRID.StepDefinitions.CardsValidationSteps.ThenUpdatedComputedAprValueShouldDisplayOnClosingDisclosure() in F:\Projects\TRID QA\trid-462743\QA\UIAutomation\SpecFramework\StepDefinitions\CardsValidationSteps.cs:line 750
Thread#5:T:done: CardsValidationSteps.ThenUpdatedComputedAprValueShouldDisplayOnClosingDisclosure() (0.5s)
Thread#5:B:And APRWIN info value should display on Closing Disclosure
Thread#1:T:done: CardsValidationSteps.WhenUserClicksOnExportButtonToGenerateJsonFile() (3.4s)
Thread#1:B:And user navigates to Closing Disclosure Cards Page
Thread#5:T:NUnit.Framework.AssertionException:   Apr Info value does not match as expected with the difference of 3.8679
Thread#5:T:  Expected: 3.8679000000000001d
Thread#5:T:  But was:  0.0d
Thread#5:T:   at NUnit.Framework.Assert.That[TActual](TActual actual, IResolveConstraint expression, String message, Object[] args)
Thread#5:T:   at NUnit.Framework.Assert.AreEqual(Object expected, Object actual, String message, Object[] args)
Thread#5:T:   at TRID.StepDefinitions.CardsValidationSteps.ThenAprwinInfoValueShouldDisplayOnClosingDisclosure() in F:\Projects\TRID QA\trid-462743\QA\UIAutomation\SpecFramework\StepDefinitions\CardsValidationSteps.cs:line 799
Thread#5:T:done: CardsValidationSteps.ThenAprwinInfoValueShouldDisplayOnClosingDisclosure() (0.4s)
Thread#5:B:And updated/computed Balloon Amount value should display on Closing Disclosure
Thread#2:T:done: CardsValidationSteps.WhenUserClicksOnExportButtonToGenerateJsonFile() (3.5s)
Thread#5:T:NUnit.Framework.AssertionException:   Computed value does not match as expected with the difference of 0.180000000000064
Thread#2:B:And user navigates to Closing Disclosure Cards Page
Thread#5:T:  Expected: 1214.23d
Thread#5:T:  But was:  1214.4100000000001d
Thread#5:T:   at NUnit.Framework.Assert.That[TActual](TActual actual, IResolveConstraint expression, String message, Object[] args)
Thread#5:T:   at NUnit.Framework.Assert.AreEqual(Object expected, Object actual, String message, Object[] args)
Thread#1:T:done: CardsValidationSteps.WhenUserNavigatesToClosingDisclosureCardsPage() (0.7s)
Thread#1:B:Then updated/computed Principal and Interest value should display on Closing Disclosure
Thread#5:T:   at TRID.StepDefinitions.CardsValidationSteps.ThenUpdatedComputedBalloonAmountValueShouldDisplayOnClosingDisclosure() in F:\Projects\TRID QA\trid-462743\QA\UIAutomation\SpecFramework\StepDefinitions\CardsValidationSteps.cs:line 827
Thread#5:T:done: CardsValidationSteps.ThenUpdatedComputedBalloonAmountValueShouldDisplayOnClosingDisclosure() (0.4s)
Thread#1:T:===========================================================
Thread#5:B:And updated/computed Total of Payments value should display on Closing Disclosure
Thread#1:T:ExpectedComputedValue :1214.83
Thread#1:T:ActualComputedValue :1214.83
Thread#5:T:NUnit.Framework.AssertionException:   Computed value does not match as expected with the difference of 219237.15
Thread#1:T:============================================================
Thread#5:T:  Expected: 220613.12d
Thread#5:T:  But was:  1375.97d
Thread#1:T:===========================================================
Thread#5:T:   at NUnit.Framework.Assert.That[TActual](TActual actual, IResolveConstraint expression, String message, Object[] args)
Thread#1:T:ExpectedDisclosedValue :1214.83
Thread#5:T:   at NUnit.Framework.Assert.AreEqual(Object expected, Object actual, String message, Object[] args)
Thread#1:T:ActualDisclosedValue :1214.83
Thread#5:T:   at TRID.StepDefinitions.CardsValidationSteps.ThenUpdatedComputedTotalOfPaymentsValueShouldDisplayOnClosingDisclosure() in F:\Projects\TRID QA\trid-462743\QA\UIAutomation\SpecFramework\StepDefinitions\CardsValidationSteps.cs:line 876
Thread#1:T:============================================================
Thread#5:T:done: CardsValidationSteps.ThenUpdatedComputedTotalOfPaymentsValueShouldDisplayOnClosingDisclosure() (0.4s)
Thread#5:B:And updated/computed Finance Charge value should display on Closing Disclosure
Thread#1:T:===========================================================
Thread#1:T:ExpectedVarianceValue :0
Thread#5:T:NUnit.Framework.AssertionException:   Computed value does not match as expected with the difference of 88632.81
Thread#1:T:ActualVarianceValue :0
Thread#2:T:done: CardsValidationSteps.WhenUserNavigatesToClosingDisclosureCardsPage() (0.9s)
Thread#5:T:  Expected: 89613.119999999995d
Thread#2:B:Then updated/computed Principal and Interest value should display on Closing Disclosure
Thread#1:T:============================================================
Thread#5:T:  But was:  980.30999999999995d
Thread#4:T:done: CardsValidationSteps.WhenUserClicksOnExportButtonToGenerateJsonFile() (3.3s)
Thread#1:T:done: CardsValidationSteps.ThenUpdatedComputedPrincipalAndInterestValueShouldDisplayOnClosingDisclosure() (0.8s)
Thread#5:T:   at NUnit.Framework.Assert.That[TActual](TActual actual, IResolveConstraint expression, String message, Object[] args)
Thread#4:B:And user navigates to Closing Disclosure Cards Page
Thread#1:B:And updated/computed Mortgage Insurance value should display on Closing Disclosure
Thread#5:T:   at NUnit.Framework.Assert.AreEqual(Object expected, Object actual, String message, Object[] args)
Thread#2:T:===========================================================
Thread#5:T:   at TRID.StepDefinitions.CardsValidationSteps.ThenUpdatedComputedFinanceChargeValueShouldDisplayOnClosingDisclosure() in F:\Projects\TRID QA\trid-462743\QA\UIAutomation\SpecFramework\StepDefinitions\CardsValidationSteps.cs:line 925
Thread#2:T:ExpectedComputedValue :303.34
Thread#5:T:done: CardsValidationSteps.ThenUpdatedComputedFinanceChargeValueShouldDisplayOnClosingDisclosure() (0.3s)
Thread#2:T:ActualComputedValue :303.34
Thread#2:T:============================================================
Thread#5:B:And updated/computed Prepaid Charges value should display on Closing Disclosure
Thread#1:T:===========================================================
Thread#1:T:ExpectedComputedValue :80.78
Thread#1:T:ActualComputedValue :80.78
Thread#2:T:===========================================================
Thread#5:T:===========================================================
Thread#2:T:ExpectedDisclosedValue :303.34
Thread#5:T:ExpectedComputedValue :80.78
Thread#1:T:============================================================
Thread#5:T:ActualComputedValue :80.78
Thread#2:T:ActualDisclosedValue :303.34
Thread#2:T:============================================================
Thread#5:T:============================================================
Thread#1:T:===========================================================
Thread#3:T:done: CardsValidationSteps.WhenUserClicksOnExportButtonToGenerateJsonFile() (3.3s)
Thread#1:T:ExpectedDisclosedValue :80.78
Thread#3:B:And user navigates to Closing Disclosure Cards Page
Thread#1:T:ActualDisclosedValue :80.78
Thread#1:T:============================================================
Thread#5:T:===========================================================
Thread#2:T:===========================================================
Thread#5:T:ExpectedDisclosedValue :80.78
Thread#2:T:ExpectedVarianceValue :0
Thread#1:T:===========================================================
Thread#5:T:ActualDisclosedValue :80.78
Thread#1:T:ExpectedVarianceValue :0
Thread#2:T:ActualVarianceValue :0
Thread#5:T:============================================================
Thread#1:T:ActualVarianceValue :0
Thread#2:T:============================================================
Thread#1:T:============================================================
Thread#2:T:done: CardsValidationSteps.ThenUpdatedComputedPrincipalAndInterestValueShouldDisplayOnClosingDisclosure() (1.2s)
Thread#2:B:And updated/computed Mortgage Insurance value should display on Closing Disclosure
Thread#1:T:done: CardsValidationSteps.ThenUpdatedComputedMortgageInsuranceValueShouldDisplayOnClosingDisclosure() (1.1s)
Thread#1:B:And updated/computed Scheduled PMI Termination Date value should display on Closing Disclosure
Thread#5:T:===========================================================
Thread#4:T:done: CardsValidationSteps.WhenUserNavigatesToClosingDisclosureCardsPage() (1.3s)
Thread#5:T:ExpectedVarianceValue :0
Thread#4:B:Then updated/computed Principal and Interest value should display on Closing Disclosure
Thread#5:T:ActualVarianceValue :0
Thread#2:T:===========================================================
Thread#5:T:============================================================
Thread#2:T:ExpectedComputedValue :18.64
Thread#5:T:done: CardsValidationSteps.ThenUpdatedComputedPrepaidChargesValueShouldDisplayOnClosingDisclosure() (1.3s)
Thread#1:T:System.FormatException: The string was not recognized as a valid DateTime. There is an unknown word starting at index 1.
Thread#2:T:ActualComputedValue :18.64
Thread#5:B:And updated/computed Amount Financed value should display on Closing Disclosure
Thread#1:T:   at System.DateTimeParse.Parse(String s, DateTimeFormatInfo dtfi, DateTimeStyles styles)
Thread#2:T:============================================================
Thread#1:T:   at System.Convert.ToDateTime(String value)
Thread#1:T:   at TRID.ProjectLibs.Common.ProjActions.GetDatePart(By element) in F:\Projects\TRID QA\trid-462743\QA\UIAutomation\SpecFramework\ProjectLibs\Common\ProjActions.cs:line 100
Thread#4:T:===========================================================
Thread#1:T:   at TRID.StepDefinitions.CardsValidationSteps.ThenUpdatedComputedScheduledPmiTerminationDateValueShouldDisplayOnClosingDisclosure() in F:\Projects\TRID QA\trid-462743\QA\UIAutomation\SpecFramework\StepDefinitions\CardsValidationSteps.cs:line 603
Thread#4:T:ExpectedComputedValue :606.7
Thread#4:T:ActualComputedValue :606.7
Thread#1:T:done: CardsValidationSteps.ThenUpdatedComputedScheduledPmiTerminationDateValueShouldDisplayOnClosingDisclosure() (0.5s)
Thread#5:T:===========================================================
Thread#2:T:===========================================================
Thread#4:T:============================================================
Thread#1:B:And updated/computed Estimated Total Monthly Payment value should display on Closing Disclosure
Thread#5:T:ExpectedComputedValue :130919.22
Thread#3:T:done: CardsValidationSteps.WhenUserNavigatesToClosingDisclosureCardsPage() (1.3s)
Thread#2:T:ExpectedDisclosedValue :18.64
Thread#5:T:ActualComputedValue :130919.22
Thread#3:B:Then updated/computed Principal and Interest value should display on Closing Disclosure
Thread#2:T:ActualDisclosedValue :18.64
Thread#5:T:============================================================
Thread#2:T:============================================================
Thread#4:T:===========================================================
Thread#1:T:NUnit.Framework.AssertionException:   Computed value does not match as expected with the difference of 550
Thread#4:T:ExpectedDisclosedValue :606.7
Thread#1:T:  Expected: 1845.6099999999999d
Thread#5:T:===========================================================
Thread#4:T:ActualDisclosedValue :606.7
Thread#1:T:  But was:  1295.6099999999999d
Thread#5:T:ExpectedDisclosedValue :130919.22
Thread#3:T:===========================================================
Thread#4:T:============================================================
Thread#2:T:===========================================================
Thread#3:T:ExpectedComputedValue :303.57
Thread#1:T:   at NUnit.Framework.Assert.That[TActual](TActual actual, IResolveConstraint expression, String message, Object[] args)
Thread#5:T:ActualDisclosedValue :130919.22
Thread#2:T:ExpectedVarianceValue :0
Thread#5:T:============================================================
Thread#3:T:ActualComputedValue :303.57
Thread#1:T:   at NUnit.Framework.Assert.AreEqual(Object expected, Object actual, String message, Object[] args)
Thread#2:T:ActualVarianceValue :0
Thread#3:T:============================================================
Thread#1:T:   at TRID.StepDefinitions.CardsValidationSteps.ThenUpdatedComputedEstimatedTotalMonthlyPaymentValueShouldDisplayOnClosingDisclosure() in F:\Projects\TRID QA\trid-462743\QA\UIAutomation\SpecFramework\StepDefinitions\CardsValidationSteps.cs:line 701
Thread#2:T:============================================================
Thread#1:T:done: CardsValidationSteps.ThenUpdatedComputedEstimatedTotalMonthlyPaymentValueShouldDisplayOnClosingDisclosure() (0.5s)
Thread#1:B:And updated/computed APR value should display on Closing Disclosure
Thread#2:T:done: CardsValidationSteps.ThenUpdatedComputedMortgageInsuranceValueShouldDisplayOnClosingDisclosure() (1.3s)
Thread#4:T:===========================================================
Thread#5:T:===========================================================
Thread#2:B:And updated/computed Scheduled PMI Termination Date value should display on Closing Disclosure
Thread#4:T:ExpectedVarianceValue :0
Thread#5:T:ExpectedVarianceValue :0
Thread#3:T:===========================================================
Thread#4:T:ActualVarianceValue :0
Thread#5:T:ActualVarianceValue :0
Thread#3:T:ExpectedDisclosedValue :303.57
Thread#4:T:============================================================
Thread#5:T:============================================================
Thread#1:T:NUnit.Framework.AssertionException:   Computed value does not match as expected with the difference of 3.866
Thread#3:T:ActualDisclosedValue :303.57
Thread#2:T:System.FormatException: The string was not recognized as a valid DateTime. There is an unknown word starting at index 1.
Thread#4:T:done: CardsValidationSteps.ThenUpdatedComputedPrincipalAndInterestValueShouldDisplayOnClosingDisclosure() (1.3s)
Thread#2:T:   at System.DateTimeParse.Parse(String s, DateTimeFormatInfo dtfi, DateTimeStyles styles)
Thread#1:T:  Expected: 3.8660000000000001d
Thread#3:T:============================================================
Thread#5:T:done: CardsValidationSteps.ThenUpdatedComputedAmountFinancedValueShouldDisplayOnClosingDisclosure() (1.1s)
Thread#2:T:   at System.Convert.ToDateTime(String value)
Thread#4:B:And updated/computed Mortgage Insurance value should display on Closing Disclosure
Thread#1:T:  But was:  0.0d
Thread#5:B:And updated/computed TIP value should display on Closing Disclosure
Thread#2:T:   at TRID.ProjectLibs.Common.ProjActions.GetDatePart(By element) in F:\Projects\TRID QA\trid-462743\QA\UIAutomation\SpecFramework\ProjectLibs\Common\ProjActions.cs:line 100
Thread#1:T:   at NUnit.Framework.Assert.That[TActual](TActual actual, IResolveConstraint expression, String message, Object[] args)
Thread#2:T:   at TRID.StepDefinitions.CardsValidationSteps.ThenUpdatedComputedScheduledPmiTerminationDateValueShouldDisplayOnClosingDisclosure() in F:\Projects\TRID QA\trid-462743\QA\UIAutomation\SpecFramework\StepDefinitions\CardsValidationSteps.cs:line 603
Thread#3:T:===========================================================
Thread#1:T:   at NUnit.Framework.Assert.AreEqual(Object expected, Object actual, String message, Object[] args)
Thread#2:T:done: CardsValidationSteps.ThenUpdatedComputedScheduledPmiTerminationDateValueShouldDisplayOnClosingDisclosure() (0.4s)
Thread#3:T:ExpectedVarianceValue :0
Thread#1:T:   at TRID.StepDefinitions.CardsValidationSteps.ThenUpdatedComputedAprValueShouldDisplayOnClosingDisclosure() in F:\Projects\TRID QA\trid-462743\QA\UIAutomation\SpecFramework\StepDefinitions\CardsValidationSteps.cs:line 750
Thread#4:T:===========================================================
Thread#3:T:ActualVarianceValue :0
Thread#1:T:done: CardsValidationSteps.ThenUpdatedComputedAprValueShouldDisplayOnClosingDisclosure() (0.5s)
Thread#5:T:NUnit.Framework.AssertionException:   Computed value does not match as expected with the difference of 66.24
Thread#4:T:ExpectedComputedValue :40.39
Thread#2:B:And updated/computed Estimated Total Monthly Payment value should display on Closing Disclosure
Thread#3:T:============================================================
Thread#4:T:ActualComputedValue :40.39
Thread#1:B:And APRWIN info value should display on Closing Disclosure
Thread#5:T:  Expected: 66.870000000000005d
Thread#3:T:done: CardsValidationSteps.ThenUpdatedComputedPrincipalAndInterestValueShouldDisplayOnClosingDisclosure() (1.0s)
Thread#4:T:============================================================
Thread#3:B:And updated/computed Mortgage Insurance value should display on Closing Disclosure
Thread#5:T:  But was:  0.63d
Thread#5:T:   at NUnit.Framework.Assert.That[TActual](TActual actual, IResolveConstraint expression, String message, Object[] args)
Thread#2:T:NUnit.Framework.AssertionException:   Computed value does not match as expected with the difference of 126.93
Thread#5:T:   at NUnit.Framework.Assert.AreEqual(Object expected, Object actual, String message, Object[] args)
Thread#1:T:NUnit.Framework.AssertionException:   Apr Info value does not match as expected with the difference of 3.8656
Thread#2:T:  Expected: 448.91000000000002d
Thread#1:T:  Expected: 3.8656000000000001d
Thread#4:T:===========================================================
Thread#5:T:   at TRID.StepDefinitions.CardsValidationSteps.ThenUpdatedComputedTipValueShouldDisplayOnClosingDisclosure() in F:\Projects\TRID QA\trid-462743\QA\UIAutomation\SpecFramework\StepDefinitions\CardsValidationSteps.cs:line 1072
Thread#2:T:  But was:  321.98000000000002d
Thread#3:T:===========================================================
Thread#1:T:  But was:  0.0d
Thread#5:T:done: CardsValidationSteps.ThenUpdatedComputedTipValueShouldDisplayOnClosingDisclosure() (0.5s)
Thread#2:T:   at NUnit.Framework.Assert.That[TActual](TActual actual, IResolveConstraint expression, String message, Object[] args)
Thread#1:T:   at NUnit.Framework.Assert.That[TActual](TActual actual, IResolveConstraint expression, String message, Object[] args)
Thread#4:T:ExpectedDisclosedValue :40.39
Thread#3:T:ExpectedComputedValue :20.2
Thread#5:B:And updated/computed Escrow Property Costs over one year 11 Months value should display on Closing Disclosure
Thread#2:T:   at NUnit.Framework.Assert.AreEqual(Object expected, Object actual, String message, Object[] args)
Thread#1:T:   at NUnit.Framework.Assert.AreEqual(Object expected, Object actual, String message, Object[] args)
Thread#3:T:ActualComputedValue :20.2
Thread#1:T:   at TRID.StepDefinitions.CardsValidationSteps.ThenAprwinInfoValueShouldDisplayOnClosingDisclosure() in F:\Projects\TRID QA\trid-462743\QA\UIAutomation\SpecFramework\StepDefinitions\CardsValidationSteps.cs:line 799
Thread#4:T:ActualDisclosedValue :40.39
Thread#2:T:   at TRID.StepDefinitions.CardsValidationSteps.ThenUpdatedComputedEstimatedTotalMonthlyPaymentValueShouldDisplayOnClosingDisclosure() in F:\Projects\TRID QA\trid-462743\QA\UIAutomation\SpecFramework\StepDefinitions\CardsValidationSteps.cs:line 701
Thread#1:T:done: CardsValidationSteps.ThenAprwinInfoValueShouldDisplayOnClosingDisclosure() (0.4s)
Thread#3:T:============================================================
Thread#4:T:============================================================
Thread#2:T:done: CardsValidationSteps.ThenUpdatedComputedEstimatedTotalMonthlyPaymentValueShouldDisplayOnClosingDisclosure() (0.5s)
Thread#1:B:And updated/computed Balloon Amount value should display on Closing Disclosure
Thread#2:B:And updated/computed APR value should display on Closing Disclosure
Thread#5:T:NUnit.Framework.AssertionException:   Computed value does not match as expected with the difference of 3300
Thread#5:T:  Expected: 3300.0d
Thread#4:T:===========================================================
Thread#3:T:===========================================================
Thread#1:T:NUnit.Framework.AssertionException:   Computed value does not match as expected with the difference of 1.75
Thread#4:T:ExpectedVarianceValue :0
Thread#3:T:ExpectedDisclosedValue :20.2
Thread#5:T:  But was:  0.0d
Thread#1:T:  Expected: 1213.0799999999999d
Thread#3:T:ActualDisclosedValue :20.2
Thread#4:T:ActualVarianceValue :0
Thread#2:T:NUnit.Framework.AssertionException:   Computed value does not match as expected with the difference of 3.842
Thread#1:T:  But was:  1214.8299999999999d
Thread#5:T:   at NUnit.Framework.Assert.That[TActual](TActual actual, IResolveConstraint expression, String message, Object[] args)
Thread#3:T:============================================================
Thread#2:T:  Expected: 3.8420000000000001d
Thread#4:T:============================================================
Thread#1:T:   at NUnit.Framework.Assert.That[TActual](TActual actual, IResolveConstraint expression, String message, Object[] args)
Thread#5:T:   at NUnit.Framework.Assert.AreEqual(Object expected, Object actual, String message, Object[] args)
Thread#2:T:  But was:  0.0d
Thread#1:T:   at NUnit.Framework.Assert.AreEqual(Object expected, Object actual, String message, Object[] args)
Thread#4:T:done: CardsValidationSteps.ThenUpdatedComputedMortgageInsuranceValueShouldDisplayOnClosingDisclosure() (1.1s)
Thread#2:T:   at NUnit.Framework.Assert.That[TActual](TActual actual, IResolveConstraint expression, String message, Object[] args)
Thread#1:T:   at TRID.StepDefinitions.CardsValidationSteps.ThenUpdatedComputedBalloonAmountValueShouldDisplayOnClosingDisclosure() in F:\Projects\TRID QA\trid-462743\QA\UIAutomation\SpecFramework\StepDefinitions\CardsValidationSteps.cs:line 827
Thread#5:T:   at TRID.StepDefinitions.CardsValidationSteps.ThenUpdatedComputedEscrowPropertyCostsOverOneYear11MonthsValueShouldDisplayOnClosingDisclosure() in F:\Projects\TRID QA\trid-462743\QA\UIAutomation\SpecFramework\StepDefinitions\CardsValidationSteps.cs:line 1121
Thread#4:B:And updated/computed Scheduled PMI Termination Date value should display on Closing Disclosure
Thread#2:T:   at NUnit.Framework.Assert.AreEqual(Object expected, Object actual, String message, Object[] args)
Thread#1:T:done: CardsValidationSteps.ThenUpdatedComputedBalloonAmountValueShouldDisplayOnClosingDisclosure() (0.4s)
Thread#5:T:done: CardsValidationSteps.ThenUpdatedComputedEscrowPropertyCostsOverOneYear11MonthsValueShouldDisplayOnClosingDisclosure() (0.6s)
Thread#2:T:   at TRID.StepDefinitions.CardsValidationSteps.ThenUpdatedComputedAprValueShouldDisplayOnClosingDisclosure() in F:\Projects\TRID QA\trid-462743\QA\UIAutomation\SpecFramework\StepDefinitions\CardsValidationSteps.cs:line 750
Thread#1:B:And updated/computed Total of Payments value should display on Closing Disclosure
Thread#5:B:And updated/computed Escrow Property Costs over one year 12 Months value should display on Closing Disclosure
Thread#2:T:done: CardsValidationSteps.ThenUpdatedComputedAprValueShouldDisplayOnClosingDisclosure() (0.5s)
Thread#3:T:===========================================================
Thread#2:B:And APRWIN info value should display on Closing Disclosure
Thread#3:T:ExpectedVarianceValue :0
Thread#4:T:System.FormatException: The string was not recognized as a valid DateTime. There is an unknown word starting at index 1.
Thread#3:T:ActualVarianceValue :0
Thread#4:T:   at System.DateTimeParse.Parse(String s, DateTimeFormatInfo dtfi, DateTimeStyles styles)
Thread#1:T:NUnit.Framework.AssertionException:   Computed value does not match as expected with the difference of 219310.76
Thread#3:T:============================================================
Thread#5:T:NUnit.Framework.AssertionException:   Computed value does not match as expected with the difference of 3300
Thread#1:T:  Expected: 220606.37d
Thread#4:T:   at System.Convert.ToDateTime(String value)
Thread#1:T:  But was:  1295.6099999999999d
Thread#3:T:done: CardsValidationSteps.ThenUpdatedComputedMortgageInsuranceValueShouldDisplayOnClosingDisclosure() (1.1s)
Thread#5:T:  Expected: 3300.0d
Thread#1:T:   at NUnit.Framework.Assert.That[TActual](TActual actual, IResolveConstraint expression, String message, Object[] args)
Thread#5:T:  But was:  0.0d
Thread#3:B:And updated/computed Scheduled PMI Termination Date value should display on Closing Disclosure
Thread#2:T:NUnit.Framework.AssertionException:   Apr Info value does not match as expected with the difference of 3.8422
Thread#1:T:   at NUnit.Framework.Assert.AreEqual(Object expected, Object actual, String message, Object[] args)
Thread#4:T:   at TRID.ProjectLibs.Common.ProjActions.GetDatePart(By element) in F:\Projects\TRID QA\trid-462743\QA\UIAutomation\SpecFramework\ProjectLibs\Common\ProjActions.cs:line 100
Thread#2:T:  Expected: 3.8422000000000001d
Thread#5:T:   at NUnit.Framework.Assert.That[TActual](TActual actual, IResolveConstraint expression, String message, Object[] args)
Thread#1:T:   at TRID.StepDefinitions.CardsValidationSteps.ThenUpdatedComputedTotalOfPaymentsValueShouldDisplayOnClosingDisclosure() in F:\Projects\TRID QA\trid-462743\QA\UIAutomation\SpecFramework\StepDefinitions\CardsValidationSteps.cs:line 876
Thread#4:T:   at TRID.StepDefinitions.CardsValidationSteps.ThenUpdatedComputedScheduledPmiTerminationDateValueShouldDisplayOnClosingDisclosure() in F:\Projects\TRID QA\trid-462743\QA\UIAutomation\SpecFramework\StepDefinitions\CardsValidationSteps.cs:line 603
Thread#2:T:  But was:  0.0d
Thread#1:T:done: CardsValidationSteps.ThenUpdatedComputedTotalOfPaymentsValueShouldDisplayOnClosingDisclosure() (0.4s)
Thread#5:T:   at NUnit.Framework.Assert.AreEqual(Object expected, Object actual, String message, Object[] args)
Thread#4:T:done: CardsValidationSteps.ThenUpdatedComputedScheduledPmiTerminationDateValueShouldDisplayOnClosingDisclosure() (0.5s)
Thread#2:T:   at NUnit.Framework.Assert.That[TActual](TActual actual, IResolveConstraint expression, String message, Object[] args)
Thread#1:B:And updated/computed Finance Charge value should display on Closing Disclosure
Thread#5:T:   at TRID.StepDefinitions.CardsValidationSteps.ThenUpdatedComputedEscrowPropertyCostsOverOneYear12MonthsValueShouldDisplayOnClosingDisclosure() in F:\Projects\TRID QA\trid-462743\QA\UIAutomation\SpecFramework\StepDefinitions\CardsValidationSteps.cs:line 1170
Thread#2:T:   at NUnit.Framework.Assert.AreEqual(Object expected, Object actual, String message, Object[] args)
Thread#5:T:done: CardsValidationSteps.ThenUpdatedComputedEscrowPropertyCostsOverOneYear12MonthsValueShouldDisplayOnClosingDisclosure() (0.4s)
Thread#4:B:And updated/computed Estimated Total Monthly Payment value should display on Closing Disclosure
Thread#2:T:   at TRID.StepDefinitions.CardsValidationSteps.ThenAprwinInfoValueShouldDisplayOnClosingDisclosure() in F:\Projects\TRID QA\trid-462743\QA\UIAutomation\SpecFramework\StepDefinitions\CardsValidationSteps.cs:line 799
Thread#5:B:And updated/computed Initial Escrow Payment value should display on Closing Disclosure
Thread#3:T:System.FormatException: The string was not recognized as a valid DateTime. There is an unknown word starting at index 1.
Thread#2:T:done: CardsValidationSteps.ThenAprwinInfoValueShouldDisplayOnClosingDisclosure() (0.5s)
Thread#3:T:   at System.DateTimeParse.Parse(String s, DateTimeFormatInfo dtfi, DateTimeStyles styles)
Thread#3:T:   at System.Convert.ToDateTime(String value)
Thread#1:T:NUnit.Framework.AssertionException:   Computed value does not match as expected with the difference of 88704.6
Thread#2:B:And updated/computed Balloon Amount value should display on Closing Disclosure
Thread#3:T:   at TRID.ProjectLibs.Common.ProjActions.GetDatePart(By element) in F:\Projects\TRID QA\trid-462743\QA\UIAutomation\SpecFramework\ProjectLibs\Common\ProjActions.cs:line 100
Thread#1:T:  Expected: 89606.369999999995d
Thread#3:T:   at TRID.StepDefinitions.CardsValidationSteps.ThenUpdatedComputedScheduledPmiTerminationDateValueShouldDisplayOnClosingDisclosure() in F:\Projects\TRID QA\trid-462743\QA\UIAutomation\SpecFramework\StepDefinitions\CardsValidationSteps.cs:line 603
Thread#1:T:  But was:  901.76999999999998d
Thread#4:T:NUnit.Framework.AssertionException:   Computed value does not match as expected with the difference of 275
Thread#5:T:NUnit.Framework.AssertionException:   Computed value does not match as expected with the difference of 750
Thread#1:T:   at NUnit.Framework.Assert.That[TActual](TActual actual, IResolveConstraint expression, String message, Object[] args)
Thread#3:T:done: CardsValidationSteps.ThenUpdatedComputedScheduledPmiTerminationDateValueShouldDisplayOnClosingDisclosure() (0.5s)
Thread#4:T:  Expected: 922.09000000000003d
Thread#5:T:  Expected: 750.0d
Thread#3:B:And updated/computed Estimated Total Monthly Payment value should display on Closing Disclosure
Thread#4:T:  But was:  647.09000000000003d
Thread#1:T:   at NUnit.Framework.Assert.AreEqual(Object expected, Object actual, String message, Object[] args)
Thread#5:T:  But was:  0.0d
Thread#2:T:NUnit.Framework.AssertionException:   Computed value does not match as expected with the difference of 205.21
Thread#1:T:   at TRID.StepDefinitions.CardsValidationSteps.ThenUpdatedComputedFinanceChargeValueShouldDisplayOnClosingDisclosure() in F:\Projects\TRID QA\trid-462743\QA\UIAutomation\SpecFramework\StepDefinitions\CardsValidationSteps.cs:line 925
Thread#4:T:   at NUnit.Framework.Assert.That[TActual](TActual actual, IResolveConstraint expression, String message, Object[] args)
Thread#5:T:   at NUnit.Framework.Assert.That[TActual](TActual actual, IResolveConstraint expression, String message, Object[] args)
Thread#2:T:  Expected: 98.129999999999995d
Thread#1:T:done: CardsValidationSteps.ThenUpdatedComputedFinanceChargeValueShouldDisplayOnClosingDisclosure() (0.4s)
Thread#4:T:   at NUnit.Framework.Assert.AreEqual(Object expected, Object actual, String message, Object[] args)
Thread#2:T:  But was:  303.33999999999997d
Thread#5:T:   at NUnit.Framework.Assert.AreEqual(Object expected, Object actual, String message, Object[] args)
Thread#1:B:And updated/computed Prepaid Charges value should display on Closing Disclosure
Thread#4:T:   at TRID.StepDefinitions.CardsValidationSteps.ThenUpdatedComputedEstimatedTotalMonthlyPaymentValueShouldDisplayOnClosingDisclosure() in F:\Projects\TRID QA\trid-462743\QA\UIAutomation\SpecFramework\StepDefinitions\CardsValidationSteps.cs:line 701
Thread#5:T:   at TRID.StepDefinitions.CardsValidationSteps.ThenUpdatedComputedInitialEscrowPaymentValueShouldDisplayOnClosingDisclosure() in F:\Projects\TRID QA\trid-462743\QA\UIAutomation\SpecFramework\StepDefinitions\CardsValidationSteps.cs:line 1220
Thread#2:T:   at NUnit.Framework.Assert.That[TActual](TActual actual, IResolveConstraint expression, String message, Object[] args)
Thread#4:T:done: CardsValidationSteps.ThenUpdatedComputedEstimatedTotalMonthlyPaymentValueShouldDisplayOnClosingDisclosure() (0.4s)
Thread#5:T:done: CardsValidationSteps.ThenUpdatedComputedInitialEscrowPaymentValueShouldDisplayOnClosingDisclosure() (0.4s)
Thread#2:T:   at NUnit.Framework.Assert.AreEqual(Object expected, Object actual, String message, Object[] args)
Thread#3:T:NUnit.Framework.AssertionException:   Computed value does not match as expected with the difference of 137.5
Thread#4:B:And updated/computed APR value should display on Closing Disclosure
Thread#5:B:And updated/computed Non Escrow Property Costs over one year value should display on Closing Disclosure
Thread#3:T:  Expected: 461.26999999999998d
Thread#2:T:   at TRID.StepDefinitions.CardsValidationSteps.ThenUpdatedComputedBalloonAmountValueShouldDisplayOnClosingDisclosure() in F:\Projects\TRID QA\trid-462743\QA\UIAutomation\SpecFramework\StepDefinitions\CardsValidationSteps.cs:line 827
Thread#3:T:  But was:  323.76999999999998d
Thread#1:T:===========================================================
Thread#2:T:done: CardsValidationSteps.ThenUpdatedComputedBalloonAmountValueShouldDisplayOnClosingDisclosure() (0.4s)
Thread#3:T:   at NUnit.Framework.Assert.That[TActual](TActual actual, IResolveConstraint expression, String message, Object[] args)
Thread#1:T:ExpectedComputedValue :0
Thread#2:B:And updated/computed Total of Payments value should display on Closing Disclosure
Thread#5:T:===========================================================
Thread#4:T:NUnit.Framework.AssertionException:   Computed value does not match as expected with the difference of 3.863
Thread#1:T:ActualComputedValue :0
Thread#3:T:   at NUnit.Framework.Assert.AreEqual(Object expected, Object actual, String message, Object[] args)
Thread#5:T:ExpectedComputedValue :0
Thread#4:T:  Expected: 3.863d
Thread#3:T:   at TRID.StepDefinitions.CardsValidationSteps.ThenUpdatedComputedEstimatedTotalMonthlyPaymentValueShouldDisplayOnClosingDisclosure() in F:\Projects\TRID QA\trid-462743\QA\UIAutomation\SpecFramework\StepDefinitions\CardsValidationSteps.cs:line 701
Thread#5:T:ActualComputedValue :0
Thread#1:T:============================================================
Thread#4:T:  But was:  0.0d
Thread#3:T:done: CardsValidationSteps.ThenUpdatedComputedEstimatedTotalMonthlyPaymentValueShouldDisplayOnClosingDisclosure() (0.5s)
Thread#5:T:============================================================
Thread#4:T:   at NUnit.Framework.Assert.That[TActual](TActual actual, IResolveConstraint expression, String message, Object[] args)
Thread#3:B:And updated/computed APR value should display on Closing Disclosure
Thread#4:T:   at NUnit.Framework.Assert.AreEqual(Object expected, Object actual, String message, Object[] args)
Thread#2:T:NUnit.Framework.AssertionException:   Computed value does not match as expected with the difference of 206077.77
Thread#4:T:   at TRID.StepDefinitions.CardsValidationSteps.ThenUpdatedComputedAprValueShouldDisplayOnClosingDisclosure() in F:\Projects\TRID QA\trid-462743\QA\UIAutomation\SpecFramework\StepDefinitions\CardsValidationSteps.cs:line 750
Thread#2:T:  Expected: 206399.75d
Thread#1:T:===========================================================
Thread#5:T:===========================================================
Thread#1:T:ExpectedDisclosedValue :0
Thread#2:T:  But was:  321.98000000000002d
Thread#4:T:done: CardsValidationSteps.ThenUpdatedComputedAprValueShouldDisplayOnClosingDisclosure() (0.4s)
Thread#5:T:ExpectedDisclosedValue :0
Thread#1:T:ActualDisclosedValue :0
Thread#4:B:And APRWIN info value should display on Closing Disclosure
Thread#1:T:============================================================
Thread#2:T:   at NUnit.Framework.Assert.That[TActual](TActual actual, IResolveConstraint expression, String message, Object[] args)
Thread#3:T:System.FormatException: Input string was not in a correct format.
Thread#5:T:ActualDisclosedValue :0
Thread#3:T:   at System.Number.ParseDouble(String value, NumberStyles options, NumberFormatInfo numfmt)
Thread#2:T:   at NUnit.Framework.Assert.AreEqual(Object expected, Object actual, String message, Object[] args)
Thread#5:T:============================================================
Thread#3:T:   at System.Convert.ToDouble(String value)
Thread#2:T:   at TRID.StepDefinitions.CardsValidationSteps.ThenUpdatedComputedTotalOfPaymentsValueShouldDisplayOnClosingDisclosure() in F:\Projects\TRID QA\trid-462743\QA\UIAutomation\SpecFramework\StepDefinitions\CardsValidationSteps.cs:line 876
Thread#2:T:done: CardsValidationSteps.ThenUpdatedComputedTotalOfPaymentsValueShouldDisplayOnClosingDisclosure() (0.4s)
Thread#3:T:   at TRID.ProjectLibs.Common.ProjActions.GetNumericValueFromString(String inputString) in F:\Projects\TRID QA\trid-462743\QA\UIAutomation\SpecFramework\ProjectLibs\Common\ProjActions.cs:line 94
Thread#1:T:===========================================================
Thread#3:T:   at TRID.StepDefinitions.CardsValidationSteps.ThenUpdatedComputedAprValueShouldDisplayOnClosingDisclosure() in F:\Projects\TRID QA\trid-462743\QA\UIAutomation\SpecFramework\StepDefinitions\CardsValidationSteps.cs:line 747
Thread#2:B:And updated/computed Finance Charge value should display on Closing Disclosure
Thread#4:T:NUnit.Framework.AssertionException:   Apr Info value does not match as expected with the difference of 3.8631
Thread#1:T:ExpectedVarianceValue :0
Thread#4:T:  Expected: 3.8631000000000002d
Thread#1:T:ActualVarianceValue :0
Thread#3:T:done: CardsValidationSteps.ThenUpdatedComputedAprValueShouldDisplayOnClosingDisclosure() (0.4s)
Thread#5:T:===========================================================
Thread#1:T:============================================================
Thread#3:B:And APRWIN info value should display on Closing Disclosure
Thread#5:T:ExpectedVarianceValue :0
Thread#4:T:  But was:  0.0d
Thread#1:T:done: CardsValidationSteps.ThenUpdatedComputedPrepaidChargesValueShouldDisplayOnClosingDisclosure() (0.9s)
Thread#5:T:ActualVarianceValue :0
Thread#1:B:And updated/computed Amount Financed value should display on Closing Disclosure
Thread#4:T:   at NUnit.Framework.Assert.That[TActual](TActual actual, IResolveConstraint expression, String message, Object[] args)
Thread#2:T:NUnit.Framework.AssertionException:   Computed value does not match as expected with the difference of 75192.69
Thread#5:T:============================================================
Thread#4:T:   at NUnit.Framework.Assert.AreEqual(Object expected, Object actual, String message, Object[] args)
Thread#3:T:System.FormatException: Input string was not in a correct format.
Thread#2:T:  Expected: 75399.75d
Thread#3:T:   at System.Number.ParseDouble(String value, NumberStyles options, NumberFormatInfo numfmt)
Thread#5:T:done: CardsValidationSteps.ThenUpdatedComputedNonEscrowPropertyCostsOverOneYearValueShouldDisplayOnClosingDisclosure() (0.9s)
Thread#2:T:  But was:  207.06d
Thread#4:T:   at TRID.StepDefinitions.CardsValidationSteps.ThenAprwinInfoValueShouldDisplayOnClosingDisclosure() in F:\Projects\TRID QA\trid-462743\QA\UIAutomation\SpecFramework\StepDefinitions\CardsValidationSteps.cs:line 799
Thread#3:T:   at System.Convert.ToDouble(String value)
Thread#5:B:And updated/computed Estimated Escrow value should display on Closing Disclosure
Thread#2:T:   at NUnit.Framework.Assert.That[TActual](TActual actual, IResolveConstraint expression, String message, Object[] args)
Thread#4:T:done: CardsValidationSteps.ThenAprwinInfoValueShouldDisplayOnClosingDisclosure() (0.4s)
Thread#3:T:   at TRID.ProjectLibs.Common.ProjActions.GetNumericValueFromString(String inputString) in F:\Projects\TRID QA\trid-462743\QA\UIAutomation\SpecFramework\ProjectLibs\Common\ProjActions.cs:line 94
Thread#4:B:And updated/computed Balloon Amount value should display on Closing Disclosure
Thread#1:T:===========================================================
Thread#2:T:   at NUnit.Framework.Assert.AreEqual(Object expected, Object actual, String message, Object[] args)
Thread#3:T:   at TRID.StepDefinitions.CardsValidationSteps.ThenAprwinInfoValueShouldDisplayOnClosingDisclosure() in F:\Projects\TRID QA\trid-462743\QA\UIAutomation\SpecFramework\StepDefinitions\CardsValidationSteps.cs:line 797
Thread#1:T:ExpectedComputedValue :131000
Thread#2:T:   at TRID.StepDefinitions.CardsValidationSteps.ThenUpdatedComputedFinanceChargeValueShouldDisplayOnClosingDisclosure() in F:\Projects\TRID QA\trid-462743\QA\UIAutomation\SpecFramework\StepDefinitions\CardsValidationSteps.cs:line 925
Thread#3:T:done: CardsValidationSteps.ThenAprwinInfoValueShouldDisplayOnClosingDisclosure() (0.3s)
Thread#1:T:ActualComputedValue :131000
Thread#2:T:done: CardsValidationSteps.ThenUpdatedComputedFinanceChargeValueShouldDisplayOnClosingDisclosure() (0.4s)
Thread#5:T:NUnit.Framework.AssertionException:   Computed value does not match as expected with the difference of 550
Thread#4:T:NUnit.Framework.AssertionException:   Computed value does not match as expected with the difference of 0.0599999999999454
Thread#2:B:And updated/computed Prepaid Charges value should display on Closing Disclosure
Thread#1:T:============================================================
Thread#5:T:  Expected: 550.0d
Thread#3:B:And updated/computed Balloon Amount value should display on Closing Disclosure
Thread#4:T:  Expected: 606.75999999999999d
Thread#5:T:  But was:  0.0d
Thread#4:T:  But was:  606.70000000000005d
Thread#5:T:   at NUnit.Framework.Assert.That[TActual](TActual actual, IResolveConstraint expression, String message, Object[] args)
Thread#4:T:   at NUnit.Framework.Assert.That[TActual](TActual actual, IResolveConstraint expression, String message, Object[] args)
Thread#5:T:   at NUnit.Framework.Assert.AreEqual(Object expected, Object actual, String message, Object[] args)
Thread#4:T:   at NUnit.Framework.Assert.AreEqual(Object expected, Object actual, String message, Object[] args)
Thread#5:T:   at TRID.StepDefinitions.CardsValidationSteps.ThenUpdatedComputedEstimatedEscrowValueShouldDisplayOnClosingDisclosure() in F:\Projects\TRID QA\trid-462743\QA\UIAutomation\SpecFramework\StepDefinitions\CardsValidationSteps.cs:line 1319
Thread#4:T:   at TRID.StepDefinitions.CardsValidationSteps.ThenUpdatedComputedBalloonAmountValueShouldDisplayOnClosingDisclosure() in F:\Projects\TRID QA\trid-462743\QA\UIAutomation\SpecFramework\StepDefinitions\CardsValidationSteps.cs:line 827
Thread#1:T:===========================================================
Thread#5:T:done: CardsValidationSteps.ThenUpdatedComputedEstimatedEscrowValueShouldDisplayOnClosingDisclosure() (0.4s)
Thread#3:T:NUnit.Framework.AssertionException:   Computed value does not match as expected with the difference of 47.45
Thread#4:T:done: CardsValidationSteps.ThenUpdatedComputedBalloonAmountValueShouldDisplayOnClosingDisclosure() (0.4s)
Thread#2:T:===========================================================
Thread#1:T:ExpectedDisclosedValue :131000
Thread#4:B:And updated/computed Total of Payments value should display on Closing Disclosure
Thread#5:B:And updated/computed Estimated Taxes, Insurance & Assessments value should display on Closing Disclosure
Thread#3:T:  Expected: 256.12d
Thread#2:T:ExpectedComputedValue :0
Thread#1:T:ActualDisclosedValue :131000
Thread#3:T:  But was:  303.56999999999999d
Thread#2:T:ActualComputedValue :0
Thread#1:T:============================================================
Thread#3:T:   at NUnit.Framework.Assert.That[TActual](TActual actual, IResolveConstraint expression, String message, Object[] args)
Thread#2:T:============================================================
Thread#3:T:   at NUnit.Framework.Assert.AreEqual(Object expected, Object actual, String message, Object[] args)
Thread#4:T:NUnit.Framework.AssertionException:   Computed value does not match as expected with the difference of 219703.69
Thread#5:T:===========================================================
Thread#5:T:ExpectedComputedValue :550
Thread#4:T:  Expected: 220350.78d
Thread#3:T:   at TRID.StepDefinitions.CardsValidationSteps.ThenUpdatedComputedBalloonAmountValueShouldDisplayOnClosingDisclosure() in F:\Projects\TRID QA\trid-462743\QA\UIAutomation\SpecFramework\StepDefinitions\CardsValidationSteps.cs:line 827
Thread#1:T:===========================================================
Thread#5:T:ActualComputedValue :550
Thread#4:T:  But was:  647.09000000000003d
Thread#1:T:ExpectedVarianceValue :0
Thread#5:T:============================================================
Thread#3:T:done: CardsValidationSteps.ThenUpdatedComputedBalloonAmountValueShouldDisplayOnClosingDisclosure() (0.6s)
Thread#4:T:   at NUnit.Framework.Assert.That[TActual](TActual actual, IResolveConstraint expression, String message, Object[] args)
Thread#2:T:===========================================================
Thread#1:T:ActualVarianceValue :0
Thread#3:B:And updated/computed Total of Payments value should display on Closing Disclosure
Thread#4:T:   at NUnit.Framework.Assert.AreEqual(Object expected, Object actual, String message, Object[] args)
Thread#1:T:============================================================
Thread#2:T:ExpectedDisclosedValue :0
Thread#4:T:   at TRID.StepDefinitions.CardsValidationSteps.ThenUpdatedComputedTotalOfPaymentsValueShouldDisplayOnClosingDisclosure() in F:\Projects\TRID QA\trid-462743\QA\UIAutomation\SpecFramework\StepDefinitions\CardsValidationSteps.cs:line 876
Thread#2:T:ActualDisclosedValue :0
Thread#1:T:done: CardsValidationSteps.ThenUpdatedComputedAmountFinancedValueShouldDisplayOnClosingDisclosure() (1.0s)
Thread#4:T:done: CardsValidationSteps.ThenUpdatedComputedTotalOfPaymentsValueShouldDisplayOnClosingDisclosure() (0.4s)
Thread#2:T:============================================================
Thread#1:B:And updated/computed TIP value should display on Closing Disclosure
Thread#4:B:And updated/computed Finance Charge value should display on Closing Disclosure
Thread#5:T:===========================================================
Thread#5:T:ExpectedDisclosedValue :550
Thread#3:T:NUnit.Framework.AssertionException:   Computed value does not match as expected with the difference of 219814.61
Thread#5:T:ActualDisclosedValue :550
Thread#3:T:  Expected: 220138.38000000001d
Thread#2:T:===========================================================
Thread#5:T:============================================================
Thread#1:T:NUnit.Framework.AssertionException:   Computed value does not match as expected with the difference of 66.29
Thread#3:T:  But was:  323.76999999999998d
Thread#2:T:ExpectedVarianceValue :0
Thread#1:T:  Expected: 66.920000000000002d
Thread#3:T:   at NUnit.Framework.Assert.That[TActual](TActual actual, IResolveConstraint expression, String message, Object[] args)
Thread#2:T:ActualVarianceValue :0
Thread#4:T:NUnit.Framework.AssertionException:   Computed value does not match as expected with the difference of 88894.3
Thread#1:T:  But was:  0.63d
Thread#3:T:   at NUnit.Framework.Assert.AreEqual(Object expected, Object actual, String message, Object[] args)
Thread#2:T:============================================================
Thread#4:T:  Expected: 89350.779999999999d
Thread#1:T:   at NUnit.Framework.Assert.That[TActual](TActual actual, IResolveConstraint expression, String message, Object[] args)
Thread#3:T:   at TRID.StepDefinitions.CardsValidationSteps.ThenUpdatedComputedTotalOfPaymentsValueShouldDisplayOnClosingDisclosure() in F:\Projects\TRID QA\trid-462743\QA\UIAutomation\SpecFramework\StepDefinitions\CardsValidationSteps.cs:line 876
Thread#2:T:done: CardsValidationSteps.ThenUpdatedComputedPrepaidChargesValueShouldDisplayOnClosingDisclosure() (1.0s)
Thread#4:T:  But was:  456.48000000000002d
Thread#1:T:   at NUnit.Framework.Assert.AreEqual(Object expected, Object actual, String message, Object[] args)
Thread#2:B:And updated/computed Amount Financed value should display on Closing Disclosure
Thread#3:T:done: CardsValidationSteps.ThenUpdatedComputedTotalOfPaymentsValueShouldDisplayOnClosingDisclosure() (0.4s)
Thread#4:T:   at NUnit.Framework.Assert.That[TActual](TActual actual, IResolveConstraint expression, String message, Object[] args)
Thread#1:T:   at TRID.StepDefinitions.CardsValidationSteps.ThenUpdatedComputedTipValueShouldDisplayOnClosingDisclosure() in F:\Projects\TRID QA\trid-462743\QA\UIAutomation\SpecFramework\StepDefinitions\CardsValidationSteps.cs:line 1072
Thread#5:T:===========================================================
Thread#3:B:And updated/computed Finance Charge value should display on Closing Disclosure
Thread#5:T:ExpectedVarianceValue :0
Thread#1:T:done: CardsValidationSteps.ThenUpdatedComputedTipValueShouldDisplayOnClosingDisclosure() (0.4s)
Thread#4:T:   at NUnit.Framework.Assert.AreEqual(Object expected, Object actual, String message, Object[] args)
Thread#5:T:ActualVarianceValue :0
Thread#1:B:And updated/computed Escrow Property Costs over one year 11 Months value should display on Closing Disclosure
Thread#4:T:   at TRID.StepDefinitions.CardsValidationSteps.ThenUpdatedComputedFinanceChargeValueShouldDisplayOnClosingDisclosure() in F:\Projects\TRID QA\trid-462743\QA\UIAutomation\SpecFramework\StepDefinitions\CardsValidationSteps.cs:line 925
Thread#4:T:done: CardsValidationSteps.ThenUpdatedComputedFinanceChargeValueShouldDisplayOnClosingDisclosure() (0.4s)
Thread#5:T:============================================================
Thread#2:T:===========================================================
Thread#3:T:NUnit.Framework.AssertionException:   Computed value does not match as expected with the difference of 88929.76
Thread#4:B:And updated/computed Prepaid Charges value should display on Closing Disclosure
Thread#2:T:ExpectedComputedValue :131000
Thread#5:T:done: CardsValidationSteps.ThenUpdatedComputedEstimatedTaxesInsuranceAssessmentsValueShouldDisplayOnClosingDisclosure() (1.0s)
Thread#3:T:  Expected: 89138.380000000005d
Thread#2:T:ActualComputedValue :131000
Thread#2:T:============================================================
Thread#3:T:  But was:  208.62000000000001d
Thread#5:Scheduler: get next test for thread
Thread#:Scheduler: at the end of normal test queue
Thread#5:Scheduler: enumerator for thread is at end
Thread#5:Scheduler: No more tests for thread 
Thread#1:T:NUnit.Framework.AssertionException:   Computed value does not match as expected with the difference of 3300
Thread#3:T:   at NUnit.Framework.Assert.That[TActual](TActual actual, IResolveConstraint expression, String message, Object[] args)
Thread#1:T:  Expected: 3300.0d
Thread#3:T:   at NUnit.Framework.Assert.AreEqual(Object expected, Object actual, String message, Object[] args)
Thread#1:T:  But was:  0.0d
Thread#4:T:===========================================================
Thread#3:T:   at TRID.StepDefinitions.CardsValidationSteps.ThenUpdatedComputedFinanceChargeValueShouldDisplayOnClosingDisclosure() in F:\Projects\TRID QA\trid-462743\QA\UIAutomation\SpecFramework\StepDefinitions\CardsValidationSteps.cs:line 925
Thread#1:T:   at NUnit.Framework.Assert.That[TActual](TActual actual, IResolveConstraint expression, String message, Object[] args)
Thread#4:T:ExpectedComputedValue :0
Thread#2:T:===========================================================
Thread#3:T:done: CardsValidationSteps.ThenUpdatedComputedFinanceChargeValueShouldDisplayOnClosingDisclosure() (0.4s)
Thread#1:T:   at NUnit.Framework.Assert.AreEqual(Object expected, Object actual, String message, Object[] args)
Thread#4:T:ActualComputedValue :0
Thread#2:T:ExpectedDisclosedValue :131000
Thread#3:B:And updated/computed Prepaid Charges value should display on Closing Disclosure
Thread#1:T:   at TRID.StepDefinitions.CardsValidationSteps.ThenUpdatedComputedEscrowPropertyCostsOverOneYear11MonthsValueShouldDisplayOnClosingDisclosure() in F:\Projects\TRID QA\trid-462743\QA\UIAutomation\SpecFramework\StepDefinitions\CardsValidationSteps.cs:line 1121
Thread#4:T:============================================================
Thread#2:T:ActualDisclosedValue :131000
Thread#1:T:done: CardsValidationSteps.ThenUpdatedComputedEscrowPropertyCostsOverOneYear11MonthsValueShouldDisplayOnClosingDisclosure() (0.5s)
Thread#2:T:============================================================
Thread#1:B:And updated/computed Escrow Property Costs over one year 12 Months value should display on Closing Disclosure
Thread#4:T:===========================================================
Thread#3:T:===========================================================
Thread#4:T:ExpectedDisclosedValue :0
Thread#3:T:ExpectedComputedValue :0
Thread#2:T:===========================================================
Thread#1:T:NUnit.Framework.AssertionException:   Computed value does not match as expected with the difference of 3300
Thread#4:T:ActualDisclosedValue :0
Thread#2:T:ExpectedVarianceValue :0
Thread#3:T:ActualComputedValue :0
Thread#1:T:  Expected: 3300.0d
Thread#4:T:============================================================
Thread#2:T:ActualVarianceValue :0
Thread#3:T:============================================================
Thread#1:T:  But was:  0.0d
Thread#2:T:============================================================
Thread#1:T:   at NUnit.Framework.Assert.That[TActual](TActual actual, IResolveConstraint expression, String message, Object[] args)
Thread#2:T:done: CardsValidationSteps.ThenUpdatedComputedAmountFinancedValueShouldDisplayOnClosingDisclosure() (1.0s)
Thread#1:T:   at NUnit.Framework.Assert.AreEqual(Object expected, Object actual, String message, Object[] args)
Thread#2:B:And updated/computed TIP value should display on Closing Disclosure
Thread#4:T:===========================================================
Thread#1:T:   at TRID.StepDefinitions.CardsValidationSteps.ThenUpdatedComputedEscrowPropertyCostsOverOneYear12MonthsValueShouldDisplayOnClosingDisclosure() in F:\Projects\TRID QA\trid-462743\QA\UIAutomation\SpecFramework\StepDefinitions\CardsValidationSteps.cs:line 1170
Thread#3:T:===========================================================
Thread#4:T:ExpectedVarianceValue :0
Thread#3:T:ExpectedDisclosedValue :0
Thread#1:T:done: CardsValidationSteps.ThenUpdatedComputedEscrowPropertyCostsOverOneYear12MonthsValueShouldDisplayOnClosingDisclosure() (0.4s)
Thread#4:T:ActualVarianceValue :0
Thread#2:T:NUnit.Framework.AssertionException:   Computed value does not match as expected with the difference of 56.24
Thread#1:B:And updated/computed Initial Escrow Payment value should display on Closing Disclosure
Thread#3:T:ActualDisclosedValue :0
Thread#4:T:============================================================
Thread#2:T:  Expected: 56.380000000000003d
Thread#4:T:done: CardsValidationSteps.ThenUpdatedComputedPrepaidChargesValueShouldDisplayOnClosingDisclosure() (0.9s)
Thread#3:T:============================================================
Thread#2:T:  But was:  0.14000000000000001d
Thread#4:B:And updated/computed Amount Financed value should display on Closing Disclosure
Thread#2:T:   at NUnit.Framework.Assert.That[TActual](TActual actual, IResolveConstraint expression, String message, Object[] args)
Thread#1:T:NUnit.Framework.AssertionException:   Computed value does not match as expected with the difference of 750
Thread#2:T:   at NUnit.Framework.Assert.AreEqual(Object expected, Object actual, String message, Object[] args)
Thread#3:T:===========================================================
Thread#1:T:  Expected: 750.0d
Thread#4:T:===========================================================
Thread#3:T:ExpectedVarianceValue :0
Thread#1:T:  But was:  0.0d
Thread#2:T:   at TRID.StepDefinitions.CardsValidationSteps.ThenUpdatedComputedTipValueShouldDisplayOnClosingDisclosure() in F:\Projects\TRID QA\trid-462743\QA\UIAutomation\SpecFramework\StepDefinitions\CardsValidationSteps.cs:line 1072
Thread#4:T:ExpectedComputedValue :131000
Thread#1:T:   at NUnit.Framework.Assert.That[TActual](TActual actual, IResolveConstraint expression, String message, Object[] args)
Thread#3:T:ActualVarianceValue :0
Thread#4:T:ActualComputedValue :131000
Thread#2:T:done: CardsValidationSteps.ThenUpdatedComputedTipValueShouldDisplayOnClosingDisclosure() (0.4s)
Thread#1:T:   at NUnit.Framework.Assert.AreEqual(Object expected, Object actual, String message, Object[] args)
Thread#3:T:============================================================
Thread#4:T:============================================================
Thread#1:T:   at TRID.StepDefinitions.CardsValidationSteps.ThenUpdatedComputedInitialEscrowPaymentValueShouldDisplayOnClosingDisclosure() in F:\Projects\TRID QA\trid-462743\QA\UIAutomation\SpecFramework\StepDefinitions\CardsValidationSteps.cs:line 1220
Thread#2:B:And updated/computed Escrow Property Costs over one year 11 Months value should display on Closing Disclosure
Thread#3:T:done: CardsValidationSteps.ThenUpdatedComputedPrepaidChargesValueShouldDisplayOnClosingDisclosure() (0.9s)
Thread#1:T:done: CardsValidationSteps.ThenUpdatedComputedInitialEscrowPaymentValueShouldDisplayOnClosingDisclosure() (0.4s)
Thread#3:B:And updated/computed Amount Financed value should display on Closing Disclosure
Thread#1:B:And updated/computed Non Escrow Property Costs over one year value should display on Closing Disclosure
Thread#4:T:===========================================================
Thread#2:T:NUnit.Framework.AssertionException:   Computed value does not match as expected with the difference of 3300.18
Thread#4:T:ExpectedDisclosedValue :131000
Thread#2:T:  Expected: 3300.1799999999998d
Thread#4:T:ActualDisclosedValue :131000
Thread#3:T:===========================================================
Thread#2:T:  But was:  0.0d
Thread#1:T:NUnit.Framework.AssertionException:   Computed value does not match as expected with the difference of 600
Thread#3:T:ExpectedComputedValue :131000
Thread#1:T:  Expected: 600.0d
Thread#2:T:   at NUnit.Framework.Assert.That[TActual](TActual actual, IResolveConstraint expression, String message, Object[] args)
Thread#4:T:============================================================
Thread#3:T:ActualComputedValue :131000
Thread#2:T:   at NUnit.Framework.Assert.AreEqual(Object expected, Object actual, String message, Object[] args)
Thread#1:T:  But was:  0.0d
Thread#3:T:============================================================
Thread#2:T:   at TRID.StepDefinitions.CardsValidationSteps.ThenUpdatedComputedEscrowPropertyCostsOverOneYear11MonthsValueShouldDisplayOnClosingDisclosure() in F:\Projects\TRID QA\trid-462743\QA\UIAutomation\SpecFramework\StepDefinitions\CardsValidationSteps.cs:line 1121
Thread#1:T:   at NUnit.Framework.Assert.That[TActual](TActual actual, IResolveConstraint expression, String message, Object[] args)
Thread#2:T:done: CardsValidationSteps.ThenUpdatedComputedEscrowPropertyCostsOverOneYear11MonthsValueShouldDisplayOnClosingDisclosure() (0.3s)
Thread#4:T:===========================================================
Thread#1:T:   at NUnit.Framework.Assert.AreEqual(Object expected, Object actual, String message, Object[] args)
Thread#3:T:===========================================================
Thread#4:T:ExpectedVarianceValue :0
Thread#2:B:And updated/computed Escrow Property Costs over one year 12 Months value should display on Closing Disclosure
Thread#1:T:   at TRID.StepDefinitions.CardsValidationSteps.ThenUpdatedComputedNonEscrowPropertyCostsOverOneYearValueShouldDisplayOnClosingDisclosure() in F:\Projects\TRID QA\trid-462743\QA\UIAutomation\SpecFramework\StepDefinitions\CardsValidationSteps.cs:line 1270
Thread#3:T:ExpectedDisclosedValue :131000
Thread#4:T:ActualVarianceValue :0
Thread#1:T:done: CardsValidationSteps.ThenUpdatedComputedNonEscrowPropertyCostsOverOneYearValueShouldDisplayOnClosingDisclosure() (0.4s)
Thread#3:T:ActualDisclosedValue :131000
Thread#4:T:============================================================
Thread#1:B:And updated/computed Estimated Escrow value should display on Closing Disclosure
Thread#2:T:NUnit.Framework.AssertionException:   Computed value does not match as expected with the difference of 3300.18
Thread#3:T:============================================================
Thread#4:T:done: CardsValidationSteps.ThenUpdatedComputedAmountFinancedValueShouldDisplayOnClosingDisclosure() (0.8s)
Thread#2:T:  Expected: 3300.1799999999998d
Thread#4:B:And updated/computed TIP value should display on Closing Disclosure
Thread#2:T:  But was:  0.0d
Thread#1:T:NUnit.Framework.AssertionException:   Computed value does not match as expected with the difference of 550
Thread#3:T:===========================================================
Thread#2:T:   at NUnit.Framework.Assert.That[TActual](TActual actual, IResolveConstraint expression, String message, Object[] args)
Thread#1:T:  Expected: 550.0d
Thread#3:T:ExpectedVarianceValue :0
Thread#2:T:   at NUnit.Framework.Assert.AreEqual(Object expected, Object actual, String message, Object[] args)
Thread#4:T:NUnit.Framework.AssertionException:   Computed value does not match as expected with the difference of 66.41
Thread#1:T:  But was:  0.0d
Thread#3:T:ActualVarianceValue :0
Thread#2:T:   at TRID.StepDefinitions.CardsValidationSteps.ThenUpdatedComputedEscrowPropertyCostsOverOneYear12MonthsValueShouldDisplayOnClosingDisclosure() in F:\Projects\TRID QA\trid-462743\QA\UIAutomation\SpecFramework\StepDefinitions\CardsValidationSteps.cs:line 1170
Thread#4:T:  Expected: 66.730000000000004d
Thread#1:T:   at NUnit.Framework.Assert.That[TActual](TActual actual, IResolveConstraint expression, String message, Object[] args)
Thread#3:T:============================================================
Thread#2:T:done: CardsValidationSteps.ThenUpdatedComputedEscrowPropertyCostsOverOneYear12MonthsValueShouldDisplayOnClosingDisclosure() (0.3s)
Thread#4:T:  But was:  0.32000000000000001d
Thread#1:T:   at NUnit.Framework.Assert.AreEqual(Object expected, Object actual, String message, Object[] args)
Thread#3:T:done: CardsValidationSteps.ThenUpdatedComputedAmountFinancedValueShouldDisplayOnClosingDisclosure() (0.7s)
Thread#4:T:   at NUnit.Framework.Assert.That[TActual](TActual actual, IResolveConstraint expression, String message, Object[] args)
Thread#1:T:   at TRID.StepDefinitions.CardsValidationSteps.ThenUpdatedComputedEstimatedEscrowValueShouldDisplayOnClosingDisclosure() in F:\Projects\TRID QA\trid-462743\QA\UIAutomation\SpecFramework\StepDefinitions\CardsValidationSteps.cs:line 1319
Thread#2:B:And updated/computed Initial Escrow Payment value should display on Closing Disclosure
Thread#3:B:And updated/computed TIP value should display on Closing Disclosure
Thread#1:T:done: CardsValidationSteps.ThenUpdatedComputedEstimatedEscrowValueShouldDisplayOnClosingDisclosure() (0.3s)
Thread#4:T:   at NUnit.Framework.Assert.AreEqual(Object expected, Object actual, String message, Object[] args)
Thread#1:B:And updated/computed Estimated Taxes, Insurance & Assessments value should display on Closing Disclosure
Thread#4:T:   at TRID.StepDefinitions.CardsValidationSteps.ThenUpdatedComputedTipValueShouldDisplayOnClosingDisclosure() in F:\Projects\TRID QA\trid-462743\QA\UIAutomation\SpecFramework\StepDefinitions\CardsValidationSteps.cs:line 1072
Thread#2:T:NUnit.Framework.AssertionException:   Computed value does not match as expected with the difference of 798.43
Thread#3:T:NUnit.Framework.AssertionException:   Computed value does not match as expected with the difference of 66.44
Thread#4:T:done: CardsValidationSteps.ThenUpdatedComputedTipValueShouldDisplayOnClosingDisclosure() (0.3s)
Thread#2:T:  Expected: 798.42999999999995d
Thread#3:T:  Expected: 66.579999999999998d
Thread#4:B:And updated/computed Escrow Property Costs over one year 11 Months value should display on Closing Disclosure
Thread#2:T:  But was:  0.0d
Thread#1:T:===========================================================
Thread#3:T:  But was:  0.14000000000000001d
Thread#2:T:   at NUnit.Framework.Assert.That[TActual](TActual actual, IResolveConstraint expression, String message, Object[] args)
Thread#1:T:ExpectedComputedValue :650
Thread#3:T:   at NUnit.Framework.Assert.That[TActual](TActual actual, IResolveConstraint expression, String message, Object[] args)
Thread#2:T:   at NUnit.Framework.Assert.AreEqual(Object expected, Object actual, String message, Object[] args)
Thread#4:T:NUnit.Framework.AssertionException:   Computed value does not match as expected with the difference of 3300
Thread#1:T:ActualComputedValue :650
Thread#3:T:   at NUnit.Framework.Assert.AreEqual(Object expected, Object actual, String message, Object[] args)
Thread#2:T:   at TRID.StepDefinitions.CardsValidationSteps.ThenUpdatedComputedInitialEscrowPaymentValueShouldDisplayOnClosingDisclosure() in F:\Projects\TRID QA\trid-462743\QA\UIAutomation\SpecFramework\StepDefinitions\CardsValidationSteps.cs:line 1220
Thread#4:T:  Expected: 3300.0d
Thread#1:T:============================================================
Thread#3:T:   at TRID.StepDefinitions.CardsValidationSteps.ThenUpdatedComputedTipValueShouldDisplayOnClosingDisclosure() in F:\Projects\TRID QA\trid-462743\QA\UIAutomation\SpecFramework\StepDefinitions\CardsValidationSteps.cs:line 1072
Thread#2:T:done: CardsValidationSteps.ThenUpdatedComputedInitialEscrowPaymentValueShouldDisplayOnClosingDisclosure() (0.3s)
Thread#4:T:  But was:  0.0d
Thread#3:T:done: CardsValidationSteps.ThenUpdatedComputedTipValueShouldDisplayOnClosingDisclosure() (0.3s)
Thread#2:B:And updated/computed Non Escrow Property Costs over one year value should display on Closing Disclosure
Thread#4:T:   at NUnit.Framework.Assert.That[TActual](TActual actual, IResolveConstraint expression, String message, Object[] args)
Thread#3:B:And updated/computed Escrow Property Costs over one year 11 Months value should display on Closing Disclosure
Thread#1:T:===========================================================
Thread#4:T:   at NUnit.Framework.Assert.AreEqual(Object expected, Object actual, String message, Object[] args)
Thread#1:T:ExpectedDisclosedValue :650
Thread#4:T:   at TRID.StepDefinitions.CardsValidationSteps.ThenUpdatedComputedEscrowPropertyCostsOverOneYear11MonthsValueShouldDisplayOnClosingDisclosure() in F:\Projects\TRID QA\trid-462743\QA\UIAutomation\SpecFramework\StepDefinitions\CardsValidationSteps.cs:line 1121
Thread#1:T:ActualDisclosedValue :650
Thread#2:T:===========================================================
Thread#4:T:done: CardsValidationSteps.ThenUpdatedComputedEscrowPropertyCostsOverOneYear11MonthsValueShouldDisplayOnClosingDisclosure() (0.3s)
Thread#3:T:NUnit.Framework.AssertionException:   Computed value does not match as expected with the difference of 3300
Thread#2:T:ExpectedComputedValue :0
Thread#1:T:============================================================
Thread#3:T:  Expected: 3300.0d
Thread#4:B:And updated/computed Escrow Property Costs over one year 12 Months value should display on Closing Disclosure
Thread#2:T:ActualComputedValue :0
Thread#3:T:  But was:  0.0d
Thread#2:T:============================================================
Thread#3:T:   at NUnit.Framework.Assert.That[TActual](TActual actual, IResolveConstraint expression, String message, Object[] args)
Thread#1:T:===========================================================
Thread#4:T:NUnit.Framework.AssertionException:   Computed value does not match as expected with the difference of 3300
Thread#3:T:   at NUnit.Framework.Assert.AreEqual(Object expected, Object actual, String message, Object[] args)
Thread#1:T:ExpectedVarianceValue :0
Thread#4:T:  Expected: 3300.0d
Thread#3:T:   at TRID.StepDefinitions.CardsValidationSteps.ThenUpdatedComputedEscrowPropertyCostsOverOneYear11MonthsValueShouldDisplayOnClosingDisclosure() in F:\Projects\TRID QA\trid-462743\QA\UIAutomation\SpecFramework\StepDefinitions\CardsValidationSteps.cs:line 1121
Thread#1:T:ActualVarianceValue :0
Thread#2:T:===========================================================
Thread#4:T:  But was:  0.0d
Thread#3:T:done: CardsValidationSteps.ThenUpdatedComputedEscrowPropertyCostsOverOneYear11MonthsValueShouldDisplayOnClosingDisclosure() (0.3s)
Thread#1:T:============================================================
Thread#2:T:ExpectedDisclosedValue :0
Thread#4:T:   at NUnit.Framework.Assert.That[TActual](TActual actual, IResolveConstraint expression, String message, Object[] args)
Thread#2:T:ActualDisclosedValue :0
Thread#3:B:And updated/computed Escrow Property Costs over one year 12 Months value should display on Closing Disclosure
Thread#1:T:done: CardsValidationSteps.ThenUpdatedComputedEstimatedTaxesInsuranceAssessmentsValueShouldDisplayOnClosingDisclosure() (0.7s)
Thread#4:T:   at NUnit.Framework.Assert.AreEqual(Object expected, Object actual, String message, Object[] args)
Thread#2:T:============================================================
Thread#4:T:   at TRID.StepDefinitions.CardsValidationSteps.ThenUpdatedComputedEscrowPropertyCostsOverOneYear12MonthsValueShouldDisplayOnClosingDisclosure() in F:\Projects\TRID QA\trid-462743\QA\UIAutomation\SpecFramework\StepDefinitions\CardsValidationSteps.cs:line 1170
Thread#1:Scheduler: get next test for thread
Thread#:Scheduler: at the end of normal test queue
Thread#1:Scheduler: enumerator for thread is at end
Thread#1:Scheduler: No more tests for thread 
Thread#3:T:NUnit.Framework.AssertionException:   Computed value does not match as expected with the difference of 3300
Thread#4:T:done: CardsValidationSteps.ThenUpdatedComputedEscrowPropertyCostsOverOneYear12MonthsValueShouldDisplayOnClosingDisclosure() (0.3s)
Thread#3:T:  Expected: 3300.0d
Thread#2:T:===========================================================
Thread#4:B:And updated/computed Initial Escrow Payment value should display on Closing Disclosure
Thread#3:T:  But was:  0.0d
Thread#2:T:ExpectedVarianceValue :0
Thread#2:T:ActualVarianceValue :0
Thread#3:T:   at NUnit.Framework.Assert.That[TActual](TActual actual, IResolveConstraint expression, String message, Object[] args)
Thread#2:T:============================================================
Thread#3:T:   at NUnit.Framework.Assert.AreEqual(Object expected, Object actual, String message, Object[] args)
Thread#4:T:NUnit.Framework.AssertionException:   Computed value does not match as expected with the difference of 750
Thread#2:T:done: CardsValidationSteps.ThenUpdatedComputedNonEscrowPropertyCostsOverOneYearValueShouldDisplayOnClosingDisclosure() (0.7s)
Thread#4:T:  Expected: 750.0d
Thread#3:T:   at TRID.StepDefinitions.CardsValidationSteps.ThenUpdatedComputedEscrowPropertyCostsOverOneYear12MonthsValueShouldDisplayOnClosingDisclosure() in F:\Projects\TRID QA\trid-462743\QA\UIAutomation\SpecFramework\StepDefinitions\CardsValidationSteps.cs:line 1170
Thread#2:B:And updated/computed Estimated Escrow value should display on Closing Disclosure
Thread#4:T:  But was:  0.0d
Thread#3:T:done: CardsValidationSteps.ThenUpdatedComputedEscrowPropertyCostsOverOneYear12MonthsValueShouldDisplayOnClosingDisclosure() (0.3s)
Thread#4:T:   at NUnit.Framework.Assert.That[TActual](TActual actual, IResolveConstraint expression, String message, Object[] args)
Thread#3:B:And updated/computed Initial Escrow Payment value should display on Closing Disclosure
Thread#4:T:   at NUnit.Framework.Assert.AreEqual(Object expected, Object actual, String message, Object[] args)
Thread#2:T:NUnit.Framework.AssertionException:   Computed value does not match as expected with the difference of 126.93
Thread#4:T:   at TRID.StepDefinitions.CardsValidationSteps.ThenUpdatedComputedInitialEscrowPaymentValueShouldDisplayOnClosingDisclosure() in F:\Projects\TRID QA\trid-462743\QA\UIAutomation\SpecFramework\StepDefinitions\CardsValidationSteps.cs:line 1220
Thread#2:T:  Expected: 126.93000000000001d
Thread#3:T:NUnit.Framework.AssertionException:   Computed value does not match as expected with the difference of 749.92
Thread#2:T:  But was:  0.0d
Thread#4:T:done: CardsValidationSteps.ThenUpdatedComputedInitialEscrowPaymentValueShouldDisplayOnClosingDisclosure() (0.3s)
Thread#3:T:  Expected: 749.91999999999996d
Thread#2:T:   at NUnit.Framework.Assert.That[TActual](TActual actual, IResolveConstraint expression, String message, Object[] args)
Thread#4:B:And updated/computed Non Escrow Property Costs over one year value should display on Closing Disclosure
Thread#3:T:  But was:  0.0d
Thread#2:T:   at NUnit.Framework.Assert.AreEqual(Object expected, Object actual, String message, Object[] args)
Thread#3:T:   at NUnit.Framework.Assert.That[TActual](TActual actual, IResolveConstraint expression, String message, Object[] args)
Thread#2:T:   at TRID.StepDefinitions.CardsValidationSteps.ThenUpdatedComputedEstimatedEscrowValueShouldDisplayOnClosingDisclosure() in F:\Projects\TRID QA\trid-462743\QA\UIAutomation\SpecFramework\StepDefinitions\CardsValidationSteps.cs:line 1319
Thread#3:T:   at NUnit.Framework.Assert.AreEqual(Object expected, Object actual, String message, Object[] args)
Thread#4:T:===========================================================
Thread#2:T:done: CardsValidationSteps.ThenUpdatedComputedEstimatedEscrowValueShouldDisplayOnClosingDisclosure() (0.3s)
Thread#3:T:   at TRID.StepDefinitions.CardsValidationSteps.ThenUpdatedComputedInitialEscrowPaymentValueShouldDisplayOnClosingDisclosure() in F:\Projects\TRID QA\trid-462743\QA\UIAutomation\SpecFramework\StepDefinitions\CardsValidationSteps.cs:line 1220
Thread#4:T:ExpectedComputedValue :0
Thread#2:B:And updated/computed Estimated Taxes, Insurance & Assessments value should display on Closing Disclosure
Thread#3:T:done: CardsValidationSteps.ThenUpdatedComputedInitialEscrowPaymentValueShouldDisplayOnClosingDisclosure() (0.3s)
Thread#4:T:ActualComputedValue :0
Thread#3:B:And updated/computed Non Escrow Property Costs over one year value should display on Closing Disclosure
Thread#4:T:============================================================
Thread#2:T:NUnit.Framework.AssertionException:   Computed value does not match as expected with the difference of 0.0100000000000051
Thread#2:T:  Expected: 126.93000000000001d
Thread#3:T:NUnit.Framework.AssertionException:   Computed value does not match as expected with the difference of 600
Thread#4:T:===========================================================
Thread#2:T:  But was:  126.92d
Thread#3:T:  Expected: 600.0d
Thread#4:T:ExpectedDisclosedValue :0
Thread#3:T:  But was:  0.0d
Thread#2:T:   at NUnit.Framework.Assert.That[TActual](TActual actual, IResolveConstraint expression, String message, Object[] args)
Thread#4:T:ActualDisclosedValue :0
Thread#2:T:   at NUnit.Framework.Assert.AreEqual(Object expected, Object actual, String message, Object[] args)
Thread#3:T:   at NUnit.Framework.Assert.That[TActual](TActual actual, IResolveConstraint expression, String message, Object[] args)
Thread#2:T:   at TRID.StepDefinitions.CardsValidationSteps.ThenUpdatedComputedEstimatedTaxesInsuranceAssessmentsValueShouldDisplayOnClosingDisclosure() in F:\Projects\TRID QA\trid-462743\QA\UIAutomation\SpecFramework\StepDefinitions\CardsValidationSteps.cs:line 1368
Thread#4:T:============================================================
Thread#3:T:   at NUnit.Framework.Assert.AreEqual(Object expected, Object actual, String message, Object[] args)
Thread#2:T:done: CardsValidationSteps.ThenUpdatedComputedEstimatedTaxesInsuranceAssessmentsValueShouldDisplayOnClosingDisclosure() (0.3s)
Thread#3:T:   at TRID.StepDefinitions.CardsValidationSteps.ThenUpdatedComputedNonEscrowPropertyCostsOverOneYearValueShouldDisplayOnClosingDisclosure() in F:\Projects\TRID QA\trid-462743\QA\UIAutomation\SpecFramework\StepDefinitions\CardsValidationSteps.cs:line 1270
Thread#3:T:done: CardsValidationSteps.ThenUpdatedComputedNonEscrowPropertyCostsOverOneYearValueShouldDisplayOnClosingDisclosure() (0.3s)
Thread#4:T:===========================================================
Thread#2:Scheduler: get next test for thread
Thread#:Scheduler: at the end of normal test queue
Thread#2:Scheduler: enumerator for thread is at end
Thread#2:Scheduler: No more tests for thread 
Thread#4:T:ExpectedVarianceValue :0
Thread#3:B:And updated/computed Estimated Escrow value should display on Closing Disclosure
Thread#4:T:ActualVarianceValue :0
Thread#4:T:============================================================
Thread#3:T:NUnit.Framework.AssertionException:   Computed value does not match as expected with the difference of 137.5
Thread#4:T:done: CardsValidationSteps.ThenUpdatedComputedNonEscrowPropertyCostsOverOneYearValueShouldDisplayOnClosingDisclosure() (0.7s)
Thread#3:T:  Expected: 137.5d
Thread#4:B:And updated/computed Estimated Escrow value should display on Closing Disclosure
Thread#3:T:  But was:  0.0d
Thread#3:T:   at NUnit.Framework.Assert.That[TActual](TActual actual, IResolveConstraint expression, String message, Object[] args)
Thread#3:T:   at NUnit.Framework.Assert.AreEqual(Object expected, Object actual, String message, Object[] args)
Thread#4:T:NUnit.Framework.AssertionException:   Computed value does not match as expected with the difference of 275
Thread#3:T:   at TRID.StepDefinitions.CardsValidationSteps.ThenUpdatedComputedEstimatedEscrowValueShouldDisplayOnClosingDisclosure() in F:\Projects\TRID QA\trid-462743\QA\UIAutomation\SpecFramework\StepDefinitions\CardsValidationSteps.cs:line 1319
Thread#4:T:  Expected: 275.0d
Thread#3:T:done: CardsValidationSteps.ThenUpdatedComputedEstimatedEscrowValueShouldDisplayOnClosingDisclosure() (0.3s)
Thread#4:T:  But was:  0.0d
Thread#3:B:And updated/computed Estimated Taxes, Insurance & Assessments value should display on Closing Disclosure
Thread#4:T:   at NUnit.Framework.Assert.That[TActual](TActual actual, IResolveConstraint expression, String message, Object[] args)
Thread#4:T:   at NUnit.Framework.Assert.AreEqual(Object expected, Object actual, String message, Object[] args)
Thread#3:T:===========================================================
Thread#4:T:   at TRID.StepDefinitions.CardsValidationSteps.ThenUpdatedComputedEstimatedEscrowValueShouldDisplayOnClosingDisclosure() in F:\Projects\TRID QA\trid-462743\QA\UIAutomation\SpecFramework\StepDefinitions\CardsValidationSteps.cs:line 1319
Thread#3:T:ExpectedComputedValue :162.5
Thread#4:T:done: CardsValidationSteps.ThenUpdatedComputedEstimatedEscrowValueShouldDisplayOnClosingDisclosure() (0.3s)
Thread#3:T:ActualComputedValue :162.5
Thread#4:B:And updated/computed Estimated Taxes, Insurance & Assessments value should display on Closing Disclosure
Thread#3:T:============================================================
Thread#4:T:===========================================================
Thread#3:T:===========================================================
Thread#4:T:ExpectedComputedValue :275
Thread#3:T:ExpectedDisclosedValue :162.5
Thread#4:T:ActualComputedValue :275
Thread#3:T:ActualDisclosedValue :162.5
Thread#4:T:============================================================
Thread#3:T:============================================================
Thread#4:T:===========================================================
Thread#3:T:===========================================================
Thread#4:T:ExpectedDisclosedValue :275
Thread#3:T:ExpectedVarianceValue :0
Thread#4:T:ActualDisclosedValue :275
Thread#3:T:ActualVarianceValue :0
Thread#4:T:============================================================
Thread#3:T:============================================================
Thread#3:T:done: CardsValidationSteps.ThenUpdatedComputedEstimatedTaxesInsuranceAssessmentsValueShouldDisplayOnClosingDisclosure() (0.5s)
Thread#4:T:===========================================================
Thread#4:T:ExpectedVarianceValue :0
Thread#3:Scheduler: get next test for thread
Thread#:Scheduler: at the end of normal test queue
Thread#3:Scheduler: enumerator for thread is at end
Thread#3:Scheduler: No more tests for thread 
Thread#4:T:ActualVarianceValue :0
Thread#4:T:============================================================
Thread#4:T:done: CardsValidationSteps.ThenUpdatedComputedEstimatedTaxesInsuranceAssessmentsValueShouldDisplayOnClosingDisclosure() (0.5s)
Thread#4:Scheduler: get next test for thread
Thread#:Scheduler: at the end of normal test queue
Thread#4:Scheduler: enumerator for thread is at end
Thread#4:Scheduler: No more tests for thread 
Thread#5:T:##########################################################
Thread#5:T:##########################################################
Thread#5:T:====================================================================================
Thread#5:T:Scenario Number : 7
Thread#5:T:The total number of cards Failue: 12
Thread#5:T:Name of cards Failed: || ScheduledPMITerminationDate || : System.FormatException: The string was not recognized as a valid DateTime. There is an unknown word starting at index 1.
Thread#1:T:##########################################################
Thread#5:T:   at System.DateTimeParse.Parse(String s, DateTimeFormatInfo dtfi, DateTimeStyles styles)
Thread#1:T:##########################################################
Thread#5:T:   at System.Convert.ToDateTime(String value)
Thread#1:T:====================================================================================
Thread#5:T:   at TRID.ProjectLibs.Common.ProjActions.GetDatePart(By element) in F:\Projects\TRID QA\trid-462743\QA\UIAutomation\SpecFramework\ProjectLibs\Common\ProjActions.cs:line 100
Thread#1:T:Scenario Number : 2
Thread#5:T:   at TRID.StepDefinitions.CardsValidationSteps.ThenUpdatedComputedScheduledPmiTerminationDateValueShouldDisplayOnClosingDisclosure() in F:\Projects\TRID QA\trid-462743\QA\UIAutomation\SpecFramework\StepDefinitions\CardsValidationSteps.cs:line 603 
Thread#1:T:The total number of cards Failue: 13
Thread#5:T: ====================================================================================
Thread#1:T:Name of cards Failed: || ScheduledPMITerminationDate || : System.FormatException: The string was not recognized as a valid DateTime. There is an unknown word starting at index 1.
Thread#5:T:|| EstimatedTotalMonthlyPayment || : NUnit.Framework.AssertionException:   Computed value does not match as expected with the difference of 550
Thread#1:T:   at System.DateTimeParse.Parse(String s, DateTimeFormatInfo dtfi, DateTimeStyles styles)
Thread#5:T:  Expected: 1845.1900000000001d
Thread#1:T:   at System.Convert.ToDateTime(String value)
Thread#5:T:  But was:  1295.1900000000001d
Thread#1:T:   at TRID.ProjectLibs.Common.ProjActions.GetDatePart(By element) in F:\Projects\TRID QA\trid-462743\QA\UIAutomation\SpecFramework\ProjectLibs\Common\ProjActions.cs:line 100
Thread#5:T:   at NUnit.Framework.Assert.That[TActual](TActual actual, IResolveConstraint expression, String message, Object[] args)
Thread#1:T:   at TRID.StepDefinitions.CardsValidationSteps.ThenUpdatedComputedScheduledPmiTerminationDateValueShouldDisplayOnClosingDisclosure() in F:\Projects\TRID QA\trid-462743\QA\UIAutomation\SpecFramework\StepDefinitions\CardsValidationSteps.cs:line 603 
Thread#5:T:   at NUnit.Framework.Assert.AreEqual(Object expected, Object actual, String message, Object[] args)
Thread#1:T: ====================================================================================
Thread#5:T:   at TRID.StepDefinitions.CardsValidationSteps.ThenUpdatedComputedEstimatedTotalMonthlyPaymentValueShouldDisplayOnClosingDisclosure() in F:\Projects\TRID QA\trid-462743\QA\UIAutomation\SpecFramework\StepDefinitions\CardsValidationSteps.cs:line 701 
Thread#1:T:|| EstimatedTotalMonthlyPayment || : NUnit.Framework.AssertionException:   Computed value does not match as expected with the difference of 550
Thread#5:T: ====================================================================================
Thread#1:T:  Expected: 1845.6099999999999d
Thread#5:T:|| APR || : NUnit.Framework.AssertionException:   Computed value does not match as expected with the difference of 3.868
Thread#5:T:  Expected: 3.8679999999999999d
Thread#1:T:  But was:  1295.6099999999999d
Thread#5:T:  But was:  0.0d
Thread#1:T:   at NUnit.Framework.Assert.That[TActual](TActual actual, IResolveConstraint expression, String message, Object[] args)
Thread#5:T:   at NUnit.Framework.Assert.That[TActual](TActual actual, IResolveConstraint expression, String message, Object[] args)
Thread#1:T:   at NUnit.Framework.Assert.AreEqual(Object expected, Object actual, String message, Object[] args)
Thread#5:T:   at NUnit.Framework.Assert.AreEqual(Object expected, Object actual, String message, Object[] args)
Thread#1:T:   at TRID.StepDefinitions.CardsValidationSteps.ThenUpdatedComputedEstimatedTotalMonthlyPaymentValueShouldDisplayOnClosingDisclosure() in F:\Projects\TRID QA\trid-462743\QA\UIAutomation\SpecFramework\StepDefinitions\CardsValidationSteps.cs:line 701 
Thread#5:T:   at TRID.StepDefinitions.CardsValidationSteps.ThenUpdatedComputedAprValueShouldDisplayOnClosingDisclosure() in F:\Projects\TRID QA\trid-462743\QA\UIAutomation\SpecFramework\StepDefinitions\CardsValidationSteps.cs:line 750 
Thread#1:T: ====================================================================================
Thread#5:T: ====================================================================================
Thread#1:T:|| APR || : NUnit.Framework.AssertionException:   Computed value does not match as expected with the difference of 3.866
Thread#5:T:|| APRWIN || : NUnit.Framework.AssertionException:   Apr Info value does not match as expected with the difference of 3.8679
Thread#1:T:  Expected: 3.8660000000000001d
Thread#1:T:  But was:  0.0d
Thread#5:T:  Expected: 3.8679000000000001d
Thread#1:T:   at NUnit.Framework.Assert.That[TActual](TActual actual, IResolveConstraint expression, String message, Object[] args)
Thread#5:T:  But was:  0.0d
Thread#5:T:   at NUnit.Framework.Assert.That[TActual](TActual actual, IResolveConstraint expression, String message, Object[] args)
Thread#1:T:   at NUnit.Framework.Assert.AreEqual(Object expected, Object actual, String message, Object[] args)
Thread#1:T:   at TRID.StepDefinitions.CardsValidationSteps.ThenUpdatedComputedAprValueShouldDisplayOnClosingDisclosure() in F:\Projects\TRID QA\trid-462743\QA\UIAutomation\SpecFramework\StepDefinitions\CardsValidationSteps.cs:line 750 
Thread#5:T:   at NUnit.Framework.Assert.AreEqual(Object expected, Object actual, String message, Object[] args)
Thread#1:T: ====================================================================================
Thread#5:T:   at TRID.StepDefinitions.CardsValidationSteps.ThenAprwinInfoValueShouldDisplayOnClosingDisclosure() in F:\Projects\TRID QA\trid-462743\QA\UIAutomation\SpecFramework\StepDefinitions\CardsValidationSteps.cs:line 799 
Thread#1:T:|| APRWIN || : NUnit.Framework.AssertionException:   Apr Info value does not match as expected with the difference of 3.8656
Thread#5:T: ====================================================================================
Thread#1:T:  Expected: 3.8656000000000001d
Thread#5:T:|| BalloonAmount || : NUnit.Framework.AssertionException:   Computed value does not match as expected with the difference of 0.180000000000064
Thread#1:T:  But was:  0.0d
Thread#5:T:  Expected: 1214.23d
Thread#5:T:  But was:  1214.4100000000001d
Thread#1:T:   at NUnit.Framework.Assert.That[TActual](TActual actual, IResolveConstraint expression, String message, Object[] args)
Thread#1:T:   at NUnit.Framework.Assert.AreEqual(Object expected, Object actual, String message, Object[] args)
Thread#5:T:   at NUnit.Framework.Assert.That[TActual](TActual actual, IResolveConstraint expression, String message, Object[] args)
Thread#1:T:   at TRID.StepDefinitions.CardsValidationSteps.ThenAprwinInfoValueShouldDisplayOnClosingDisclosure() in F:\Projects\TRID QA\trid-462743\QA\UIAutomation\SpecFramework\StepDefinitions\CardsValidationSteps.cs:line 799 
Thread#5:T:   at NUnit.Framework.Assert.AreEqual(Object expected, Object actual, String message, Object[] args)
Thread#1:T: ====================================================================================
Thread#5:T:   at TRID.StepDefinitions.CardsValidationSteps.ThenUpdatedComputedBalloonAmountValueShouldDisplayOnClosingDisclosure() in F:\Projects\TRID QA\trid-462743\QA\UIAutomation\SpecFramework\StepDefinitions\CardsValidationSteps.cs:line 827 
Thread#5:T: ====================================================================================
Thread#1:T:|| BalloonAmount || : NUnit.Framework.AssertionException:   Computed value does not match as expected with the difference of 1.75
Thread#5:T:|| TotalOfPayments || : NUnit.Framework.AssertionException:   Computed value does not match as expected with the difference of 219237.15
Thread#1:T:  Expected: 1213.0799999999999d
Thread#5:T:  Expected: 220613.12d
Thread#1:T:  But was:  1214.8299999999999d
Thread#2:T:##########################################################
Thread#1:T:   at NUnit.Framework.Assert.That[TActual](TActual actual, IResolveConstraint expression, String message, Object[] args)
Thread#5:T:  But was:  1375.97d
Thread#2:T:##########################################################
Thread#1:T:   at NUnit.Framework.Assert.AreEqual(Object expected, Object actual, String message, Object[] args)
Thread#5:T:   at NUnit.Framework.Assert.That[TActual](TActual actual, IResolveConstraint expression, String message, Object[] args)
Thread#2:T:====================================================================================
Thread#1:T:   at TRID.StepDefinitions.CardsValidationSteps.ThenUpdatedComputedBalloonAmountValueShouldDisplayOnClosingDisclosure() in F:\Projects\TRID QA\trid-462743\QA\UIAutomation\SpecFramework\StepDefinitions\CardsValidationSteps.cs:line 827 
Thread#5:T:   at NUnit.Framework.Assert.AreEqual(Object expected, Object actual, String message, Object[] args)
Thread#2:T:Scenario Number : 3
Thread#1:T: ====================================================================================
Thread#5:T:   at TRID.StepDefinitions.CardsValidationSteps.ThenUpdatedComputedTotalOfPaymentsValueShouldDisplayOnClosingDisclosure() in F:\Projects\TRID QA\trid-462743\QA\UIAutomation\SpecFramework\StepDefinitions\CardsValidationSteps.cs:line 876 
Thread#2:T:The total number of cards Failue: 13
Thread#5:T: ====================================================================================
Thread#1:T:|| TotalOfPayments || : NUnit.Framework.AssertionException:   Computed value does not match as expected with the difference of 219310.76
Thread#1:T:  Expected: 220606.37d
Thread#2:T:Name of cards Failed: || ScheduledPMITerminationDate || : System.FormatException: The string was not recognized as a valid DateTime. There is an unknown word starting at index 1.
Thread#5:T:|| FinanceCharge || : NUnit.Framework.AssertionException:   Computed value does not match as expected with the difference of 88632.81
Thread#2:T:   at System.DateTimeParse.Parse(String s, DateTimeFormatInfo dtfi, DateTimeStyles styles)
Thread#1:T:  But was:  1295.6099999999999d
Thread#5:T:  Expected: 89613.119999999995d
Thread#2:T:   at System.Convert.ToDateTime(String value)
Thread#1:T:   at NUnit.Framework.Assert.That[TActual](TActual actual, IResolveConstraint expression, String message, Object[] args)
Thread#5:T:  But was:  980.30999999999995d
Thread#2:T:   at TRID.ProjectLibs.Common.ProjActions.GetDatePart(By element) in F:\Projects\TRID QA\trid-462743\QA\UIAutomation\SpecFramework\ProjectLibs\Common\ProjActions.cs:line 100
Thread#1:T:   at NUnit.Framework.Assert.AreEqual(Object expected, Object actual, String message, Object[] args)
Thread#5:T:   at NUnit.Framework.Assert.That[TActual](TActual actual, IResolveConstraint expression, String message, Object[] args)
Thread#2:T:   at TRID.StepDefinitions.CardsValidationSteps.ThenUpdatedComputedScheduledPmiTerminationDateValueShouldDisplayOnClosingDisclosure() in F:\Projects\TRID QA\trid-462743\QA\UIAutomation\SpecFramework\StepDefinitions\CardsValidationSteps.cs:line 603 
Thread#5:T:   at NUnit.Framework.Assert.AreEqual(Object expected, Object actual, String message, Object[] args)
Thread#1:T:   at TRID.StepDefinitions.CardsValidationSteps.ThenUpdatedComputedTotalOfPaymentsValueShouldDisplayOnClosingDisclosure() in F:\Projects\TRID QA\trid-462743\QA\UIAutomation\SpecFramework\StepDefinitions\CardsValidationSteps.cs:line 876 
Thread#2:T: ====================================================================================
Thread#5:T:   at TRID.StepDefinitions.CardsValidationSteps.ThenUpdatedComputedFinanceChargeValueShouldDisplayOnClosingDisclosure() in F:\Projects\TRID QA\trid-462743\QA\UIAutomation\SpecFramework\StepDefinitions\CardsValidationSteps.cs:line 925 
Thread#1:T: ====================================================================================
Thread#2:T:|| EstimatedTotalMonthlyPayment || : NUnit.Framework.AssertionException:   Computed value does not match as expected with the difference of 126.93
Thread#5:T: ====================================================================================
Thread#1:T:|| FinanceCharge || : NUnit.Framework.AssertionException:   Computed value does not match as expected with the difference of 88704.6
Thread#2:T:  Expected: 448.91000000000002d
Thread#5:T:|| TIP || : NUnit.Framework.AssertionException:   Computed value does not match as expected with the difference of 66.24
Thread#1:T:  Expected: 89606.369999999995d
Thread#2:T:  But was:  321.98000000000002d
Thread#5:T:  Expected: 66.870000000000005d
Thread#1:T:  But was:  901.76999999999998d
Thread#2:T:   at NUnit.Framework.Assert.That[TActual](TActual actual, IResolveConstraint expression, String message, Object[] args)
Thread#1:T:   at NUnit.Framework.Assert.That[TActual](TActual actual, IResolveConstraint expression, String message, Object[] args)
Thread#5:T:  But was:  0.63d
Thread#2:T:   at NUnit.Framework.Assert.AreEqual(Object expected, Object actual, String message, Object[] args)
Thread#1:T:   at NUnit.Framework.Assert.AreEqual(Object expected, Object actual, String message, Object[] args)
Thread#5:T:   at NUnit.Framework.Assert.That[TActual](TActual actual, IResolveConstraint expression, String message, Object[] args)
Thread#2:T:   at TRID.StepDefinitions.CardsValidationSteps.ThenUpdatedComputedEstimatedTotalMonthlyPaymentValueShouldDisplayOnClosingDisclosure() in F:\Projects\TRID QA\trid-462743\QA\UIAutomation\SpecFramework\StepDefinitions\CardsValidationSteps.cs:line 701 
Thread#1:T:   at TRID.StepDefinitions.CardsValidationSteps.ThenUpdatedComputedFinanceChargeValueShouldDisplayOnClosingDisclosure() in F:\Projects\TRID QA\trid-462743\QA\UIAutomation\SpecFramework\StepDefinitions\CardsValidationSteps.cs:line 925 
Thread#5:T:   at NUnit.Framework.Assert.AreEqual(Object expected, Object actual, String message, Object[] args)
Thread#2:T: ====================================================================================
Thread#1:T: ====================================================================================
Thread#5:T:   at TRID.StepDefinitions.CardsValidationSteps.ThenUpdatedComputedTipValueShouldDisplayOnClosingDisclosure() in F:\Projects\TRID QA\trid-462743\QA\UIAutomation\SpecFramework\StepDefinitions\CardsValidationSteps.cs:line 1072 
Thread#2:T:|| APR || : NUnit.Framework.AssertionException:   Computed value does not match as expected with the difference of 3.842
Thread#1:T:|| TIP || : NUnit.Framework.AssertionException:   Computed value does not match as expected with the difference of 66.29
Thread#2:T:  Expected: 3.8420000000000001d
Thread#5:T: ====================================================================================
Thread#1:T:  Expected: 66.920000000000002d
Thread#2:T:  But was:  0.0d
Thread#1:T:  But was:  0.63d
Thread#5:T:|| EscrowPropertyOver1Year11Months || : NUnit.Framework.AssertionException:   Computed value does not match as expected with the difference of 3300
Thread#2:T:   at NUnit.Framework.Assert.That[TActual](TActual actual, IResolveConstraint expression, String message, Object[] args)
Thread#5:T:  Expected: 3300.0d
Thread#1:T:   at NUnit.Framework.Assert.That[TActual](TActual actual, IResolveConstraint expression, String message, Object[] args)
Thread#2:T:   at NUnit.Framework.Assert.AreEqual(Object expected, Object actual, String message, Object[] args)
Thread#1:T:   at NUnit.Framework.Assert.AreEqual(Object expected, Object actual, String message, Object[] args)
Thread#5:T:  But was:  0.0d
Thread#2:T:   at TRID.StepDefinitions.CardsValidationSteps.ThenUpdatedComputedAprValueShouldDisplayOnClosingDisclosure() in F:\Projects\TRID QA\trid-462743\QA\UIAutomation\SpecFramework\StepDefinitions\CardsValidationSteps.cs:line 750 
Thread#5:T:   at NUnit.Framework.Assert.That[TActual](TActual actual, IResolveConstraint expression, String message, Object[] args)
Thread#1:T:   at TRID.StepDefinitions.CardsValidationSteps.ThenUpdatedComputedTipValueShouldDisplayOnClosingDisclosure() in F:\Projects\TRID QA\trid-462743\QA\UIAutomation\SpecFramework\StepDefinitions\CardsValidationSteps.cs:line 1072 
Thread#1:T: ====================================================================================
Thread#2:T: ====================================================================================
Thread#5:T:   at NUnit.Framework.Assert.AreEqual(Object expected, Object actual, String message, Object[] args)
Thread#5:T:   at TRID.StepDefinitions.CardsValidationSteps.ThenUpdatedComputedEscrowPropertyCostsOverOneYear11MonthsValueShouldDisplayOnClosingDisclosure() in F:\Projects\TRID QA\trid-462743\QA\UIAutomation\SpecFramework\StepDefinitions\CardsValidationSteps.cs:line 1121 
Thread#2:T:|| APRWIN || : NUnit.Framework.AssertionException:   Apr Info value does not match as expected with the difference of 3.8422
Thread#1:T:|| EscrowPropertyOver1Year11Months || : NUnit.Framework.AssertionException:   Computed value does not match as expected with the difference of 3300
Thread#5:T: ====================================================================================
Thread#1:T:  Expected: 3300.0d
Thread#2:T:  Expected: 3.8422000000000001d
Thread#5:T:|| EscrowPropertyOver1Year12Months || : NUnit.Framework.AssertionException:   Computed value does not match as expected with the difference of 3300
Thread#1:T:  But was:  0.0d
Thread#2:T:  But was:  0.0d
Thread#1:T:   at NUnit.Framework.Assert.That[TActual](TActual actual, IResolveConstraint expression, String message, Object[] args)
Thread#5:T:  Expected: 3300.0d
Thread#3:T:##########################################################
Thread#2:T:   at NUnit.Framework.Assert.That[TActual](TActual actual, IResolveConstraint expression, String message, Object[] args)
Thread#1:T:   at NUnit.Framework.Assert.AreEqual(Object expected, Object actual, String message, Object[] args)
Thread#5:T:  But was:  0.0d
Thread#3:T:##########################################################
Thread#2:T:   at NUnit.Framework.Assert.AreEqual(Object expected, Object actual, String message, Object[] args)
Thread#4:T:##########################################################
Thread#5:T:   at NUnit.Framework.Assert.That[TActual](TActual actual, IResolveConstraint expression, String message, Object[] args)
Thread#1:T:   at TRID.StepDefinitions.CardsValidationSteps.ThenUpdatedComputedEscrowPropertyCostsOverOneYear11MonthsValueShouldDisplayOnClosingDisclosure() in F:\Projects\TRID QA\trid-462743\QA\UIAutomation\SpecFramework\StepDefinitions\CardsValidationSteps.cs:line 1121 
Thread#2:T:   at TRID.StepDefinitions.CardsValidationSteps.ThenAprwinInfoValueShouldDisplayOnClosingDisclosure() in F:\Projects\TRID QA\trid-462743\QA\UIAutomation\SpecFramework\StepDefinitions\CardsValidationSteps.cs:line 799 
Thread#4:T:##########################################################
Thread#3:T:====================================================================================
Thread#1:T: ====================================================================================
Thread#5:T:   at NUnit.Framework.Assert.AreEqual(Object expected, Object actual, String message, Object[] args)
Thread#2:T: ====================================================================================
Thread#4:T:====================================================================================
Thread#3:T:Scenario Number : 4
Thread#5:T:   at TRID.StepDefinitions.CardsValidationSteps.ThenUpdatedComputedEscrowPropertyCostsOverOneYear12MonthsValueShouldDisplayOnClosingDisclosure() in F:\Projects\TRID QA\trid-462743\QA\UIAutomation\SpecFramework\StepDefinitions\CardsValidationSteps.cs:line 1170 
Thread#2:T:|| BalloonAmount || : NUnit.Framework.AssertionException:   Computed value does not match as expected with the difference of 205.21
Thread#1:T:|| EscrowPropertyOver1Year12Months || : NUnit.Framework.AssertionException:   Computed value does not match as expected with the difference of 3300
Thread#5:T: ====================================================================================
Thread#2:T:  Expected: 98.129999999999995d
Thread#3:T:The total number of cards Failue: 13
Thread#4:T:Scenario Number : 6
Thread#2:T:  But was:  303.33999999999997d
Thread#5:T:|| InitialEscrowPayment || : NUnit.Framework.AssertionException:   Computed value does not match as expected with the difference of 750
Thread#3:T:Name of cards Failed: || ScheduledPMITerminationDate || : System.FormatException: The string was not recognized as a valid DateTime. There is an unknown word starting at index 1.
Thread#1:T:  Expected: 3300.0d
Thread#4:T:The total number of cards Failue: 12
Thread#5:T:  Expected: 750.0d
Thread#1:T:  But was:  0.0d
Thread#2:T:   at NUnit.Framework.Assert.That[TActual](TActual actual, IResolveConstraint expression, String message, Object[] args)
Thread#3:T:   at System.DateTimeParse.Parse(String s, DateTimeFormatInfo dtfi, DateTimeStyles styles)
Thread#5:T:  But was:  0.0d
Thread#4:T:Name of cards Failed: || ScheduledPMITerminationDate || : System.FormatException: The string was not recognized as a valid DateTime. There is an unknown word starting at index 1.
Thread#1:T:   at NUnit.Framework.Assert.That[TActual](TActual actual, IResolveConstraint expression, String message, Object[] args)
Thread#3:T:   at System.Convert.ToDateTime(String value)
Thread#2:T:   at NUnit.Framework.Assert.AreEqual(Object expected, Object actual, String message, Object[] args)
Thread#5:T:   at NUnit.Framework.Assert.That[TActual](TActual actual, IResolveConstraint expression, String message, Object[] args)
Thread#2:T:   at TRID.StepDefinitions.CardsValidationSteps.ThenUpdatedComputedBalloonAmountValueShouldDisplayOnClosingDisclosure() in F:\Projects\TRID QA\trid-462743\QA\UIAutomation\SpecFramework\StepDefinitions\CardsValidationSteps.cs:line 827 
Thread#3:T:   at TRID.ProjectLibs.Common.ProjActions.GetDatePart(By element) in F:\Projects\TRID QA\trid-462743\QA\UIAutomation\SpecFramework\ProjectLibs\Common\ProjActions.cs:line 100
Thread#4:T:   at System.DateTimeParse.Parse(String s, DateTimeFormatInfo dtfi, DateTimeStyles styles)
Thread#1:T:   at NUnit.Framework.Assert.AreEqual(Object expected, Object actual, String message, Object[] args)
Thread#5:T:   at NUnit.Framework.Assert.AreEqual(Object expected, Object actual, String message, Object[] args)
Thread#4:T:   at System.Convert.ToDateTime(String value)
Thread#1:T:   at TRID.StepDefinitions.CardsValidationSteps.ThenUpdatedComputedEscrowPropertyCostsOverOneYear12MonthsValueShouldDisplayOnClosingDisclosure() in F:\Projects\TRID QA\trid-462743\QA\UIAutomation\SpecFramework\StepDefinitions\CardsValidationSteps.cs:line 1170 
Thread#5:T:   at TRID.StepDefinitions.CardsValidationSteps.ThenUpdatedComputedInitialEscrowPaymentValueShouldDisplayOnClosingDisclosure() in F:\Projects\TRID QA\trid-462743\QA\UIAutomation\SpecFramework\StepDefinitions\CardsValidationSteps.cs:line 1220 
Thread#2:T: ====================================================================================
Thread#3:T:   at TRID.StepDefinitions.CardsValidationSteps.ThenUpdatedComputedScheduledPmiTerminationDateValueShouldDisplayOnClosingDisclosure() in F:\Projects\TRID QA\trid-462743\QA\UIAutomation\SpecFramework\StepDefinitions\CardsValidationSteps.cs:line 603 
Thread#4:T:   at TRID.ProjectLibs.Common.ProjActions.GetDatePart(By element) in F:\Projects\TRID QA\trid-462743\QA\UIAutomation\SpecFramework\ProjectLibs\Common\ProjActions.cs:line 100
Thread#1:T: ====================================================================================
Thread#4:T:   at TRID.StepDefinitions.CardsValidationSteps.ThenUpdatedComputedScheduledPmiTerminationDateValueShouldDisplayOnClosingDisclosure() in F:\Projects\TRID QA\trid-462743\QA\UIAutomation\SpecFramework\StepDefinitions\CardsValidationSteps.cs:line 603 
Thread#5:T: ====================================================================================
Thread#1:T:|| InitialEscrowPayment || : NUnit.Framework.AssertionException:   Computed value does not match as expected with the difference of 750
Thread#3:T: ====================================================================================
Thread#4:T: ====================================================================================
Thread#5:T:|| EstimatedEscrow || : NUnit.Framework.AssertionException:   Computed value does not match as expected with the difference of 550
Thread#1:T:  Expected: 750.0d
Thread#2:T:|| TotalOfPayments || : NUnit.Framework.AssertionException:   Computed value does not match as expected with the difference of 206077.77
Thread#5:T:  Expected: 550.0d
Thread#4:T:|| EstimatedTotalMonthlyPayment || : NUnit.Framework.AssertionException:   Computed value does not match as expected with the difference of 275
Thread#2:T:  Expected: 206399.75d
Thread#3:T:|| EstimatedTotalMonthlyPayment || : NUnit.Framework.AssertionException:   Computed value does not match as expected with the difference of 137.5
Thread#1:T:  But was:  0.0d
Thread#4:T:  Expected: 922.09000000000003d
Thread#2:T:  But was:  321.98000000000002d
Thread#1:T:   at NUnit.Framework.Assert.That[TActual](TActual actual, IResolveConstraint expression, String message, Object[] args)
Thread#3:T:  Expected: 461.26999999999998d
Thread#5:T:  But was:  0.0d
Thread#2:T:   at NUnit.Framework.Assert.That[TActual](TActual actual, IResolveConstraint expression, String message, Object[] args)
Thread#1:T:   at NUnit.Framework.Assert.AreEqual(Object expected, Object actual, String message, Object[] args)
Thread#4:T:  But was:  647.09000000000003d
Thread#3:T:  But was:  323.76999999999998d
Thread#2:T:   at NUnit.Framework.Assert.AreEqual(Object expected, Object actual, String message, Object[] args)
Thread#5:T:   at NUnit.Framework.Assert.That[TActual](TActual actual, IResolveConstraint expression, String message, Object[] args)
Thread#1:T:   at TRID.StepDefinitions.CardsValidationSteps.ThenUpdatedComputedInitialEscrowPaymentValueShouldDisplayOnClosingDisclosure() in F:\Projects\TRID QA\trid-462743\QA\UIAutomation\SpecFramework\StepDefinitions\CardsValidationSteps.cs:line 1220 
Thread#2:T:   at TRID.StepDefinitions.CardsValidationSteps.ThenUpdatedComputedTotalOfPaymentsValueShouldDisplayOnClosingDisclosure() in F:\Projects\TRID QA\trid-462743\QA\UIAutomation\SpecFramework\StepDefinitions\CardsValidationSteps.cs:line 876 
Thread#3:T:   at NUnit.Framework.Assert.That[TActual](TActual actual, IResolveConstraint expression, String message, Object[] args)
Thread#5:T:   at NUnit.Framework.Assert.AreEqual(Object expected, Object actual, String message, Object[] args)
Thread#4:T:   at NUnit.Framework.Assert.That[TActual](TActual actual, IResolveConstraint expression, String message, Object[] args)
Thread#1:T: ====================================================================================
Thread#3:T:   at NUnit.Framework.Assert.AreEqual(Object expected, Object actual, String message, Object[] args)
Thread#5:T:   at TRID.StepDefinitions.CardsValidationSteps.ThenUpdatedComputedEstimatedEscrowValueShouldDisplayOnClosingDisclosure() in F:\Projects\TRID QA\trid-462743\QA\UIAutomation\SpecFramework\StepDefinitions\CardsValidationSteps.cs:line 1319 
Thread#1:T:|| NonEscrowPropertyOverOneYear || : NUnit.Framework.AssertionException:   Computed value does not match as expected with the difference of 600
Thread#2:T: ====================================================================================
Thread#3:T:   at TRID.StepDefinitions.CardsValidationSteps.ThenUpdatedComputedEstimatedTotalMonthlyPaymentValueShouldDisplayOnClosingDisclosure() in F:\Projects\TRID QA\trid-462743\QA\UIAutomation\SpecFramework\StepDefinitions\CardsValidationSteps.cs:line 701 
Thread#5:T: ====================================================================================
Thread#4:T:   at NUnit.Framework.Assert.AreEqual(Object expected, Object actual, String message, Object[] args)
Thread#1:T:  Expected: 600.0d
Thread#2:T:|| FinanceCharge || : NUnit.Framework.AssertionException:   Computed value does not match as expected with the difference of 75192.69
Thread#5:T:====================================================================================
Thread#1:T:  But was:  0.0d
Thread#3:T: ====================================================================================
Thread#4:T:   at TRID.StepDefinitions.CardsValidationSteps.ThenUpdatedComputedEstimatedTotalMonthlyPaymentValueShouldDisplayOnClosingDisclosure() in F:\Projects\TRID QA\trid-462743\QA\UIAutomation\SpecFramework\StepDefinitions\CardsValidationSteps.cs:line 701 
Thread#2:T:  Expected: 75399.75d
Thread#5:T:##########################################################
Thread#1:T:   at NUnit.Framework.Assert.That[TActual](TActual actual, IResolveConstraint expression, String message, Object[] args)
Thread#4:T: ====================================================================================
Thread#3:T:|| APR || : System.FormatException: Input string was not in a correct format.
Thread#5:T:##########################################################
Thread#1:T:   at NUnit.Framework.Assert.AreEqual(Object expected, Object actual, String message, Object[] args)
Thread#2:T:  But was:  207.06d
Thread#4:T:|| APR || : NUnit.Framework.AssertionException:   Computed value does not match as expected with the difference of 3.863
Thread#1:T:   at TRID.StepDefinitions.CardsValidationSteps.ThenUpdatedComputedNonEscrowPropertyCostsOverOneYearValueShouldDisplayOnClosingDisclosure() in F:\Projects\TRID QA\trid-462743\QA\UIAutomation\SpecFramework\StepDefinitions\CardsValidationSteps.cs:line 1270 
Thread#2:T:   at NUnit.Framework.Assert.That[TActual](TActual actual, IResolveConstraint expression, String message, Object[] args)
Thread#3:T:   at System.Number.ParseDouble(String value, NumberStyles options, NumberFormatInfo numfmt)
Thread#4:T:  Expected: 3.863d
Thread#5: Test #245/0 is finished on thread #5 as CleanupFailed within 170.6331708 seconds
Thread#1:T: ====================================================================================
Thread#2:T:   at NUnit.Framework.Assert.AreEqual(Object expected, Object actual, String message, Object[] args)
Thread#3:T:   at System.Convert.ToDouble(String value)
Thread#4:T:  But was:  0.0d
Thread#2:T:   at TRID.StepDefinitions.CardsValidationSteps.ThenUpdatedComputedFinanceChargeValueShouldDisplayOnClosingDisclosure() in F:\Projects\TRID QA\trid-462743\QA\UIAutomation\SpecFramework\StepDefinitions\CardsValidationSteps.cs:line 925 
Thread#3:T:   at TRID.ProjectLibs.Common.ProjActions.GetNumericValueFromString(String inputString) in F:\Projects\TRID QA\trid-462743\QA\UIAutomation\SpecFramework\ProjectLibs\Common\ProjActions.cs:line 94
Thread#1:T:|| EstimatedEscrow || : NUnit.Framework.AssertionException:   Computed value does not match as expected with the difference of 550
Thread#4:T:   at NUnit.Framework.Assert.That[TActual](TActual actual, IResolveConstraint expression, String message, Object[] args)
Appdomain Disposed
Thread#2:T: ====================================================================================
Thread#3:T:   at TRID.StepDefinitions.CardsValidationSteps.ThenUpdatedComputedAprValueShouldDisplayOnClosingDisclosure() in F:\Projects\TRID QA\trid-462743\QA\UIAutomation\SpecFramework\StepDefinitions\CardsValidationSteps.cs:line 747 
Thread#1:T:  Expected: 550.0d
Thread#4:T:   at NUnit.Framework.Assert.AreEqual(Object expected, Object actual, String message, Object[] args)
Thread#2:T:|| TIP || : NUnit.Framework.AssertionException:   Computed value does not match as expected with the difference of 56.24
Thread#1:T:  But was:  0.0d
Thread#3:T: ====================================================================================
Thread#4:T:   at TRID.StepDefinitions.CardsValidationSteps.ThenUpdatedComputedAprValueShouldDisplayOnClosingDisclosure() in F:\Projects\TRID QA\trid-462743\QA\UIAutomation\SpecFramework\StepDefinitions\CardsValidationSteps.cs:line 750 
Thread#2:T:  Expected: 56.380000000000003d
Thread#1:T:   at NUnit.Framework.Assert.That[TActual](TActual actual, IResolveConstraint expression, String message, Object[] args)
Thread#3:T:|| APRWIN || : System.FormatException: Input string was not in a correct format.
Thread#4:T: ====================================================================================
Thread#2:T:  But was:  0.14000000000000001d
Thread#1:T:   at NUnit.Framework.Assert.AreEqual(Object expected, Object actual, String message, Object[] args)
Thread#3:T:   at System.Number.ParseDouble(String value, NumberStyles options, NumberFormatInfo numfmt)
Thread#4:T:|| APRWIN || : NUnit.Framework.AssertionException:   Apr Info value does not match as expected with the difference of 3.8631
Thread#2:T:   at NUnit.Framework.Assert.That[TActual](TActual actual, IResolveConstraint expression, String message, Object[] args)
Thread#3:T:   at System.Convert.ToDouble(String value)
Thread#1:T:   at TRID.StepDefinitions.CardsValidationSteps.ThenUpdatedComputedEstimatedEscrowValueShouldDisplayOnClosingDisclosure() in F:\Projects\TRID QA\trid-462743\QA\UIAutomation\SpecFramework\StepDefinitions\CardsValidationSteps.cs:line 1319 
Thread#2:T:   at NUnit.Framework.Assert.AreEqual(Object expected, Object actual, String message, Object[] args)
Thread#4:T:  Expected: 3.8631000000000002d
Thread#3:T:   at TRID.ProjectLibs.Common.ProjActions.GetNumericValueFromString(String inputString) in F:\Projects\TRID QA\trid-462743\QA\UIAutomation\SpecFramework\ProjectLibs\Common\ProjActions.cs:line 94
Thread#1:T: ====================================================================================
Thread#2:T:   at TRID.StepDefinitions.CardsValidationSteps.ThenUpdatedComputedTipValueShouldDisplayOnClosingDisclosure() in F:\Projects\TRID QA\trid-462743\QA\UIAutomation\SpecFramework\StepDefinitions\CardsValidationSteps.cs:line 1072 
Thread#4:T:  But was:  0.0d
Thread#1:T:====================================================================================
Thread#3:T:   at TRID.StepDefinitions.CardsValidationSteps.ThenAprwinInfoValueShouldDisplayOnClosingDisclosure() in F:\Projects\TRID QA\trid-462743\QA\UIAutomation\SpecFramework\StepDefinitions\CardsValidationSteps.cs:line 797 
Thread#2:T: ====================================================================================
Thread#4:T:   at NUnit.Framework.Assert.That[TActual](TActual actual, IResolveConstraint expression, String message, Object[] args)
Thread#1:T:##########################################################
Thread#3:T: ====================================================================================
Thread#2:T:|| EscrowPropertyOver1Year11Months || : NUnit.Framework.AssertionException:   Computed value does not match as expected with the difference of 3300.18
Thread#4:T:   at NUnit.Framework.Assert.AreEqual(Object expected, Object actual, String message, Object[] args)
Thread#1:T:##########################################################
Thread#3:T:|| BalloonAmount || : NUnit.Framework.AssertionException:   Computed value does not match as expected with the difference of 47.45
Thread#2:T:  Expected: 3300.1799999999998d
Thread#4:T:   at TRID.StepDefinitions.CardsValidationSteps.ThenAprwinInfoValueShouldDisplayOnClosingDisclosure() in F:\Projects\TRID QA\trid-462743\QA\UIAutomation\SpecFramework\StepDefinitions\CardsValidationSteps.cs:line 799 
Thread#3:T:  Expected: 256.12d
Thread#1: Test #241/0 is finished on thread #1 as CleanupFailed within 171.2051874 seconds
Thread#2:T:  But was:  0.0d
Thread#4:T: ====================================================================================
Thread#3:T:  But was:  303.56999999999999d
Thread#4:T:|| BalloonAmount || : NUnit.Framework.AssertionException:   Computed value does not match as expected with the difference of 0.0599999999999454
Thread#2:T:   at NUnit.Framework.Assert.That[TActual](TActual actual, IResolveConstraint expression, String message, Object[] args)
Thread#3:T:   at NUnit.Framework.Assert.That[TActual](TActual actual, IResolveConstraint expression, String message, Object[] args)
Appdomain Disposed
Thread#4:T:  Expected: 606.75999999999999d
Thread#2:T:   at NUnit.Framework.Assert.AreEqual(Object expected, Object actual, String message, Object[] args)
Thread#3:T:   at NUnit.Framework.Assert.AreEqual(Object expected, Object actual, String message, Object[] args)
Thread#4:T:  But was:  606.70000000000005d
Thread#2:T:   at TRID.StepDefinitions.CardsValidationSteps.ThenUpdatedComputedEscrowPropertyCostsOverOneYear11MonthsValueShouldDisplayOnClosingDisclosure() in F:\Projects\TRID QA\trid-462743\QA\UIAutomation\SpecFramework\StepDefinitions\CardsValidationSteps.cs:line 1121 
Thread#3:T:   at TRID.StepDefinitions.CardsValidationSteps.ThenUpdatedComputedBalloonAmountValueShouldDisplayOnClosingDisclosure() in F:\Projects\TRID QA\trid-462743\QA\UIAutomation\SpecFramework\StepDefinitions\CardsValidationSteps.cs:line 827 
Thread#4:T:   at NUnit.Framework.Assert.That[TActual](TActual actual, IResolveConstraint expression, String message, Object[] args)
Thread#2:T: ====================================================================================
Thread#3:T: ====================================================================================
Thread#4:T:   at NUnit.Framework.Assert.AreEqual(Object expected, Object actual, String message, Object[] args)
Thread#2:T:|| EscrowPropertyOver1Year12Months || : NUnit.Framework.AssertionException:   Computed value does not match as expected with the difference of 3300.18
Thread#3:T:|| TotalOfPayments || : NUnit.Framework.AssertionException:   Computed value does not match as expected with the difference of 219814.61
Thread#4:T:   at TRID.StepDefinitions.CardsValidationSteps.ThenUpdatedComputedBalloonAmountValueShouldDisplayOnClosingDisclosure() in F:\Projects\TRID QA\trid-462743\QA\UIAutomation\SpecFramework\StepDefinitions\CardsValidationSteps.cs:line 827 
Thread#2:T:  Expected: 3300.1799999999998d
Thread#3:T:  Expected: 220138.38000000001d
Thread#4:T: ====================================================================================
Thread#2:T:  But was:  0.0d
Thread#3:T:  But was:  323.76999999999998d
Thread#4:T:|| TotalOfPayments || : NUnit.Framework.AssertionException:   Computed value does not match as expected with the difference of 219703.69
Thread#2:T:   at NUnit.Framework.Assert.That[TActual](TActual actual, IResolveConstraint expression, String message, Object[] args)
Thread#3:T:   at NUnit.Framework.Assert.That[TActual](TActual actual, IResolveConstraint expression, String message, Object[] args)
Thread#4:T:  Expected: 220350.78d
Thread#2:T:   at NUnit.Framework.Assert.AreEqual(Object expected, Object actual, String message, Object[] args)
Thread#3:T:   at NUnit.Framework.Assert.AreEqual(Object expected, Object actual, String message, Object[] args)
Thread#4:T:  But was:  647.09000000000003d
Thread#2:T:   at TRID.StepDefinitions.CardsValidationSteps.ThenUpdatedComputedEscrowPropertyCostsOverOneYear12MonthsValueShouldDisplayOnClosingDisclosure() in F:\Projects\TRID QA\trid-462743\QA\UIAutomation\SpecFramework\StepDefinitions\CardsValidationSteps.cs:line 1170 
Thread#3:T:   at TRID.StepDefinitions.CardsValidationSteps.ThenUpdatedComputedTotalOfPaymentsValueShouldDisplayOnClosingDisclosure() in F:\Projects\TRID QA\trid-462743\QA\UIAutomation\SpecFramework\StepDefinitions\CardsValidationSteps.cs:line 876 
Thread#4:T:   at NUnit.Framework.Assert.That[TActual](TActual actual, IResolveConstraint expression, String message, Object[] args)
Thread#2:T: ====================================================================================
Thread#3:T: ====================================================================================
Thread#4:T:   at NUnit.Framework.Assert.AreEqual(Object expected, Object actual, String message, Object[] args)
Thread#2:T:|| InitialEscrowPayment || : NUnit.Framework.AssertionException:   Computed value does not match as expected with the difference of 798.43
Thread#3:T:|| FinanceCharge || : NUnit.Framework.AssertionException:   Computed value does not match as expected with the difference of 88929.76
Thread#4:T:   at TRID.StepDefinitions.CardsValidationSteps.ThenUpdatedComputedTotalOfPaymentsValueShouldDisplayOnClosingDisclosure() in F:\Projects\TRID QA\trid-462743\QA\UIAutomation\SpecFramework\StepDefinitions\CardsValidationSteps.cs:line 876 
Thread#2:T:  Expected: 798.42999999999995d
Thread#3:T:  Expected: 89138.380000000005d
Thread#4:T: ====================================================================================
Thread#2:T:  But was:  0.0d
Thread#3:T:  But was:  208.62000000000001d
Thread#4:T:|| FinanceCharge || : NUnit.Framework.AssertionException:   Computed value does not match as expected with the difference of 88894.3
Thread#2:T:   at NUnit.Framework.Assert.That[TActual](TActual actual, IResolveConstraint expression, String message, Object[] args)
Thread#3:T:   at NUnit.Framework.Assert.That[TActual](TActual actual, IResolveConstraint expression, String message, Object[] args)
Thread#4:T:  Expected: 89350.779999999999d
Thread#2:T:   at NUnit.Framework.Assert.AreEqual(Object expected, Object actual, String message, Object[] args)
Thread#3:T:   at NUnit.Framework.Assert.AreEqual(Object expected, Object actual, String message, Object[] args)
Thread#4:T:  But was:  456.48000000000002d
Thread#2:T:   at TRID.StepDefinitions.CardsValidationSteps.ThenUpdatedComputedInitialEscrowPaymentValueShouldDisplayOnClosingDisclosure() in F:\Projects\TRID QA\trid-462743\QA\UIAutomation\SpecFramework\StepDefinitions\CardsValidationSteps.cs:line 1220 
Thread#3:T:   at TRID.StepDefinitions.CardsValidationSteps.ThenUpdatedComputedFinanceChargeValueShouldDisplayOnClosingDisclosure() in F:\Projects\TRID QA\trid-462743\QA\UIAutomation\SpecFramework\StepDefinitions\CardsValidationSteps.cs:line 925 
Thread#4:T:   at NUnit.Framework.Assert.That[TActual](TActual actual, IResolveConstraint expression, String message, Object[] args)
Thread#2:T: ====================================================================================
Thread#3:T: ====================================================================================
Thread#4:T:   at NUnit.Framework.Assert.AreEqual(Object expected, Object actual, String message, Object[] args)
Thread#2:T:|| EstimatedEscrow || : NUnit.Framework.AssertionException:   Computed value does not match as expected with the difference of 126.93
Thread#3:T:|| TIP || : NUnit.Framework.AssertionException:   Computed value does not match as expected with the difference of 66.44
Thread#4:T:   at TRID.StepDefinitions.CardsValidationSteps.ThenUpdatedComputedFinanceChargeValueShouldDisplayOnClosingDisclosure() in F:\Projects\TRID QA\trid-462743\QA\UIAutomation\SpecFramework\StepDefinitions\CardsValidationSteps.cs:line 925 
Thread#2:T:  Expected: 126.93000000000001d
Thread#3:T:  Expected: 66.579999999999998d
Thread#4:T: ====================================================================================
Thread#2:T:  But was:  0.0d
Thread#3:T:  But was:  0.14000000000000001d
Thread#4:T:|| TIP || : NUnit.Framework.AssertionException:   Computed value does not match as expected with the difference of 66.41
Thread#2:T:   at NUnit.Framework.Assert.That[TActual](TActual actual, IResolveConstraint expression, String message, Object[] args)
Thread#3:T:   at NUnit.Framework.Assert.That[TActual](TActual actual, IResolveConstraint expression, String message, Object[] args)
Thread#4:T:  Expected: 66.730000000000004d
Thread#2:T:   at NUnit.Framework.Assert.AreEqual(Object expected, Object actual, String message, Object[] args)
Thread#3:T:   at NUnit.Framework.Assert.AreEqual(Object expected, Object actual, String message, Object[] args)
Thread#4:T:  But was:  0.32000000000000001d
Thread#3:T:   at TRID.StepDefinitions.CardsValidationSteps.ThenUpdatedComputedTipValueShouldDisplayOnClosingDisclosure() in F:\Projects\TRID QA\trid-462743\QA\UIAutomation\SpecFramework\StepDefinitions\CardsValidationSteps.cs:line 1072 
Thread#2:T:   at TRID.StepDefinitions.CardsValidationSteps.ThenUpdatedComputedEstimatedEscrowValueShouldDisplayOnClosingDisclosure() in F:\Projects\TRID QA\trid-462743\QA\UIAutomation\SpecFramework\StepDefinitions\CardsValidationSteps.cs:line 1319 
Thread#4:T:   at NUnit.Framework.Assert.That[TActual](TActual actual, IResolveConstraint expression, String message, Object[] args)
Thread#3:T: ====================================================================================
Thread#2:T: ====================================================================================
Thread#4:T:   at NUnit.Framework.Assert.AreEqual(Object expected, Object actual, String message, Object[] args)
Thread#3:T:|| EscrowPropertyOver1Year11Months || : NUnit.Framework.AssertionException:   Computed value does not match as expected with the difference of 3300
Thread#2:T:|| EstimatedTaxesInsuranceAssessments || : NUnit.Framework.AssertionException:   Computed value does not match as expected with the difference of 0.0100000000000051
Thread#4:T:   at TRID.StepDefinitions.CardsValidationSteps.ThenUpdatedComputedTipValueShouldDisplayOnClosingDisclosure() in F:\Projects\TRID QA\trid-462743\QA\UIAutomation\SpecFramework\StepDefinitions\CardsValidationSteps.cs:line 1072 
Thread#3:T:  Expected: 3300.0d
Thread#2:T:  Expected: 126.93000000000001d
Thread#4:T: ====================================================================================
Thread#3:T:  But was:  0.0d
Thread#4:T:|| EscrowPropertyOver1Year11Months || : NUnit.Framework.AssertionException:   Computed value does not match as expected with the difference of 3300
Thread#2:T:  But was:  126.92d
Thread#3:T:   at NUnit.Framework.Assert.That[TActual](TActual actual, IResolveConstraint expression, String message, Object[] args)
Thread#4:T:  Expected: 3300.0d
Thread#3:T:   at NUnit.Framework.Assert.AreEqual(Object expected, Object actual, String message, Object[] args)
Thread#2:T:   at NUnit.Framework.Assert.That[TActual](TActual actual, IResolveConstraint expression, String message, Object[] args)
Thread#4:T:  But was:  0.0d
Thread#3:T:   at TRID.StepDefinitions.CardsValidationSteps.ThenUpdatedComputedEscrowPropertyCostsOverOneYear11MonthsValueShouldDisplayOnClosingDisclosure() in F:\Projects\TRID QA\trid-462743\QA\UIAutomation\SpecFramework\StepDefinitions\CardsValidationSteps.cs:line 1121 
Thread#2:T:   at NUnit.Framework.Assert.AreEqual(Object expected, Object actual, String message, Object[] args)
Thread#3:T: ====================================================================================
Thread#4:T:   at NUnit.Framework.Assert.That[TActual](TActual actual, IResolveConstraint expression, String message, Object[] args)
Thread#2:T:   at TRID.StepDefinitions.CardsValidationSteps.ThenUpdatedComputedEstimatedTaxesInsuranceAssessmentsValueShouldDisplayOnClosingDisclosure() in F:\Projects\TRID QA\trid-462743\QA\UIAutomation\SpecFramework\StepDefinitions\CardsValidationSteps.cs:line 1368 
Thread#3:T:|| EscrowPropertyOver1Year12Months || : NUnit.Framework.AssertionException:   Computed value does not match as expected with the difference of 3300
Thread#4:T:   at NUnit.Framework.Assert.AreEqual(Object expected, Object actual, String message, Object[] args)
Thread#2:T: ====================================================================================
Thread#3:T:  Expected: 3300.0d
Thread#4:T:   at TRID.StepDefinitions.CardsValidationSteps.ThenUpdatedComputedEscrowPropertyCostsOverOneYear11MonthsValueShouldDisplayOnClosingDisclosure() in F:\Projects\TRID QA\trid-462743\QA\UIAutomation\SpecFramework\StepDefinitions\CardsValidationSteps.cs:line 1121 
Thread#2:T:====================================================================================
Thread#3:T:  But was:  0.0d
Thread#4:T: ====================================================================================
Thread#3:T:   at NUnit.Framework.Assert.That[TActual](TActual actual, IResolveConstraint expression, String message, Object[] args)
Thread#2:T:##########################################################
Thread#4:T:|| EscrowPropertyOver1Year12Months || : NUnit.Framework.AssertionException:   Computed value does not match as expected with the difference of 3300
Thread#3:T:   at NUnit.Framework.Assert.AreEqual(Object expected, Object actual, String message, Object[] args)
Thread#2:T:##########################################################
Thread#4:T:  Expected: 3300.0d
Thread#3:T:   at TRID.StepDefinitions.CardsValidationSteps.ThenUpdatedComputedEscrowPropertyCostsOverOneYear12MonthsValueShouldDisplayOnClosingDisclosure() in F:\Projects\TRID QA\trid-462743\QA\UIAutomation\SpecFramework\StepDefinitions\CardsValidationSteps.cs:line 1170 
Thread#4:T:  But was:  0.0d
Thread#2: Test #242/0 is finished on thread #2 as CleanupFailed within 172.4815727 seconds
Thread#3:T: ====================================================================================
Thread#4:T:   at NUnit.Framework.Assert.That[TActual](TActual actual, IResolveConstraint expression, String message, Object[] args)
Thread#3:T:|| InitialEscrowPayment || : NUnit.Framework.AssertionException:   Computed value does not match as expected with the difference of 749.92
Appdomain Disposed
Thread#4:T:   at NUnit.Framework.Assert.AreEqual(Object expected, Object actual, String message, Object[] args)
Thread#3:T:  Expected: 749.91999999999996d
Thread#4:T:   at TRID.StepDefinitions.CardsValidationSteps.ThenUpdatedComputedEscrowPropertyCostsOverOneYear12MonthsValueShouldDisplayOnClosingDisclosure() in F:\Projects\TRID QA\trid-462743\QA\UIAutomation\SpecFramework\StepDefinitions\CardsValidationSteps.cs:line 1170 
Thread#3:T:  But was:  0.0d
Thread#4:T: ====================================================================================
Thread#3:T:   at NUnit.Framework.Assert.That[TActual](TActual actual, IResolveConstraint expression, String message, Object[] args)
Thread#4:T:|| InitialEscrowPayment || : NUnit.Framework.AssertionException:   Computed value does not match as expected with the difference of 750
Thread#3:T:   at NUnit.Framework.Assert.AreEqual(Object expected, Object actual, String message, Object[] args)
Thread#4:T:  Expected: 750.0d
Thread#3:T:   at TRID.StepDefinitions.CardsValidationSteps.ThenUpdatedComputedInitialEscrowPaymentValueShouldDisplayOnClosingDisclosure() in F:\Projects\TRID QA\trid-462743\QA\UIAutomation\SpecFramework\StepDefinitions\CardsValidationSteps.cs:line 1220 
Thread#4:T:  But was:  0.0d
Thread#3:T: ====================================================================================
Thread#4:T:   at NUnit.Framework.Assert.That[TActual](TActual actual, IResolveConstraint expression, String message, Object[] args)
Thread#3:T:|| NonEscrowPropertyOverOneYear || : NUnit.Framework.AssertionException:   Computed value does not match as expected with the difference of 600
Thread#4:T:   at NUnit.Framework.Assert.AreEqual(Object expected, Object actual, String message, Object[] args)
Thread#3:T:  Expected: 600.0d
Thread#4:T:   at TRID.StepDefinitions.CardsValidationSteps.ThenUpdatedComputedInitialEscrowPaymentValueShouldDisplayOnClosingDisclosure() in F:\Projects\TRID QA\trid-462743\QA\UIAutomation\SpecFramework\StepDefinitions\CardsValidationSteps.cs:line 1220 
Thread#3:T:  But was:  0.0d
Thread#4:T: ====================================================================================
Thread#3:T:   at NUnit.Framework.Assert.That[TActual](TActual actual, IResolveConstraint expression, String message, Object[] args)
Thread#4:T:|| EstimatedEscrow || : NUnit.Framework.AssertionException:   Computed value does not match as expected with the difference of 275
Thread#3:T:   at NUnit.Framework.Assert.AreEqual(Object expected, Object actual, String message, Object[] args)
Thread#4:T:  Expected: 275.0d
Thread#3:T:   at TRID.StepDefinitions.CardsValidationSteps.ThenUpdatedComputedNonEscrowPropertyCostsOverOneYearValueShouldDisplayOnClosingDisclosure() in F:\Projects\TRID QA\trid-462743\QA\UIAutomation\SpecFramework\StepDefinitions\CardsValidationSteps.cs:line 1270 
Thread#4:T:  But was:  0.0d
Thread#3:T: ====================================================================================
Thread#4:T:   at NUnit.Framework.Assert.That[TActual](TActual actual, IResolveConstraint expression, String message, Object[] args)
Thread#3:T:|| EstimatedEscrow || : NUnit.Framework.AssertionException:   Computed value does not match as expected with the difference of 137.5
Thread#4:T:   at NUnit.Framework.Assert.AreEqual(Object expected, Object actual, String message, Object[] args)
Thread#3:T:  Expected: 137.5d
Thread#4:T:   at TRID.StepDefinitions.CardsValidationSteps.ThenUpdatedComputedEstimatedEscrowValueShouldDisplayOnClosingDisclosure() in F:\Projects\TRID QA\trid-462743\QA\UIAutomation\SpecFramework\StepDefinitions\CardsValidationSteps.cs:line 1319 
Thread#3:T:  But was:  0.0d
Thread#4:T: ====================================================================================
Thread#3:T:   at NUnit.Framework.Assert.That[TActual](TActual actual, IResolveConstraint expression, String message, Object[] args)
Thread#4:T:====================================================================================
Thread#3:T:   at NUnit.Framework.Assert.AreEqual(Object expected, Object actual, String message, Object[] args)
Thread#4:T:##########################################################
Thread#3:T:   at TRID.StepDefinitions.CardsValidationSteps.ThenUpdatedComputedEstimatedEscrowValueShouldDisplayOnClosingDisclosure() in F:\Projects\TRID QA\trid-462743\QA\UIAutomation\SpecFramework\StepDefinitions\CardsValidationSteps.cs:line 1319 
Thread#4:T:##########################################################
Thread#3:T: ====================================================================================
Thread#3:T:====================================================================================
Thread#4: Test #244/0 is finished on thread #4 as CleanupFailed within 172.9463234 seconds
Thread#3:T:##########################################################
Thread#3:T:##########################################################
Appdomain Disposed
Thread#3: Test #243/0 is finished on thread #3 as CleanupFailed within 173.0907121 seconds
Appdomain Disposed
Thread#-1:Scheduler: get next test for thread
Thread#:Scheduler: at the end of normal test queue
Thread#-1:Scheduler: enumerator for thread is at end
Total: 6
Succeeded: 0
Ignored: 0
Pending: 0
Skipped: 0
Failed: 6
