VS filter: testpath:TestAssembly:TRID/Feature:CardsValidation/Scenario:Giving+inputs+from+Excel+file+and+validating+cards+value+on+Closing+Disclosure+page%2c+011 | testpath:TestAssembly:TRID/Feature:CardsValidation/Scenario:Giving+inputs+from+Excel+file+and+validating+cards+value+on+Closing+Disclosure+page%2c+012 | testpath:TestAssembly:TRID/Feature:CardsValidation/Scenario:Giving+inputs+from+Excel+file+and+validating+cards+value+on+Closing+Disclosure+page%2c+009 | testpath:TestAssembly:TRID/Feature:CardsValidation/Scenario:Giving+inputs+from+Excel+file+and+validating+cards+value+on+Closing+Disclosure+page%2c+001 | testpath:TestAssembly:TRID/Feature:CardsValidation/Scenario:Giving+inputs+from+Excel+file+and+validating+cards+value+on+Closing+Disclosure+page%2c+013 | testpath:TestAssembly:TRID/Feature:CardsValidation/Scenario:Giving+inputs+from+Excel+file+and+validating+cards+value+on+Closing+Disclosure+page%2c+008
Discovering target: Default
Discovering tests from assembly: F:\Projects\TRID QA\trid-462743\QA\UIAutomation\SpecFramework\bin\Debug\TRID.dll
Appdomain Disposed
Test Suite Dump
#0: TRID/Default - 
#1: Default - 
#2: TRID - 
#122: CardsValidation - 
#240: Giving inputs from Excel file and validating cards value on Closing Disclosure page, 001 - TestAssembly:TRID/Feature:CardsValidation/Scenario:Giving+inputs+from+Excel+file+and+validating+cards+value+on+Closing+Disclosure+page%2c+001
#246: Giving inputs from Excel file and validating cards value on Closing Disclosure page, 008 - TestAssembly:TRID/Feature:CardsValidation/Scenario:Giving+inputs+from+Excel+file+and+validating+cards+value+on+Closing+Disclosure+page%2c+008
#247: Giving inputs from Excel file and validating cards value on Closing Disclosure page, 009 - TestAssembly:TRID/Feature:CardsValidation/Scenario:Giving+inputs+from+Excel+file+and+validating+cards+value+on+Closing+Disclosure+page%2c+009
#248: Giving inputs from Excel file and validating cards value on Closing Disclosure page, 011 - TestAssembly:TRID/Feature:CardsValidation/Scenario:Giving+inputs+from+Excel+file+and+validating+cards+value+on+Closing+Disclosure+page%2c+011
#249: Giving inputs from Excel file and validating cards value on Closing Disclosure page, 012 - TestAssembly:TRID/Feature:CardsValidation/Scenario:Giving+inputs+from+Excel+file+and+validating+cards+value+on+Closing+Disclosure+page%2c+012
#250: Giving inputs from Excel file and validating cards value on Closing Disclosure page, 013 - TestAssembly:TRID/Feature:CardsValidation/Scenario:Giving+inputs+from+Excel+file+and+validating+cards+value+on+Closing+Disclosure+page%2c+013
End: Test Suite Dump
Thread#0:Scheduler: get next test for thread
Thread#:Scheduler: testitem #240 from normal test queue 
Thread#0:Scheduler: considering testitem #240 for thread
Thread#0:Scheduler: using testitem #240 for thread
Thread#0:Scheduler: Test #240 is scheduled for thread
Thread#0:Scheduler: with testItemExecutionIndex 0
Thread #0: creating new test thread executor for TRID, Version=1.0.0.0, Culture=neutral, PublicKeyToken=null (target: Default)
Thread#1:Scheduler: get next test for thread
Thread#:Scheduler: testitem #246 from normal test queue 
Thread#1:Scheduler: considering testitem #246 for thread
Thread#1:Scheduler: using testitem #246 for thread
Thread#1:Scheduler: Test #246 is scheduled for thread
Thread#1:Scheduler: with testItemExecutionIndex 1
Thread #1: creating new test thread executor for TRID, Version=1.0.0.0, Culture=neutral, PublicKeyToken=null (target: Default)
Thread#2:Scheduler: get next test for thread
Thread#:Scheduler: testitem #247 from normal test queue 
Thread#2:Scheduler: considering testitem #247 for thread
Thread#2:Scheduler: using testitem #247 for thread
Thread#2:Scheduler: Test #247 is scheduled for thread
Thread#2:Scheduler: with testItemExecutionIndex 2
Thread #2: creating new test thread executor for TRID, Version=1.0.0.0, Culture=neutral, PublicKeyToken=null (target: Default)
Thread#3:Scheduler: get next test for thread
Thread#:Scheduler: testitem #248 from normal test queue 
Thread#3:Scheduler: considering testitem #248 for thread
Thread#3:Scheduler: using testitem #248 for thread
Thread#3:Scheduler: Test #248 is scheduled for thread
Thread#3:Scheduler: with testItemExecutionIndex 3
Thread #3: creating new test thread executor for TRID, Version=1.0.0.0, Culture=neutral, PublicKeyToken=null (target: Default)
Loading SpecRun type 'TechTalk.SpecRun.Framework.TestAssemblyExecutor' from: C:\Users\sandees\AppData\Local\Temp\VisualStudioTestExplorerExtensions\SpecRun.Runner.1.5.2\tools\TechTalk.SpecRun.Framework.Executor.dll
Loading SpecRun type 'TechTalk.SpecRun.Framework.TestAssemblyExecutor' from: C:\Users\sandees\AppData\Local\Temp\VisualStudioTestExplorerExtensions\SpecRun.Runner.1.5.2\tools\TechTalk.SpecRun.Framework.Executor.dll
Loading SpecRun type 'TechTalk.SpecRun.Framework.TestAssemblyExecutor' from: C:\Users\sandees\AppData\Local\Temp\VisualStudioTestExplorerExtensions\SpecRun.Runner.1.5.2\tools\TechTalk.SpecRun.Framework.Executor.dll
Loading SpecRun type 'TechTalk.SpecRun.Framework.TestAssemblyExecutor' from: C:\Users\sandees\AppData\Local\Temp\VisualStudioTestExplorerExtensions\SpecRun.Runner.1.5.2\tools\TechTalk.SpecRun.Framework.Executor.dll
Thread#4:Scheduler: get next test for thread
Thread#:Scheduler: testitem #249 from normal test queue 
Thread#4:Scheduler: considering testitem #249 for thread
Thread#4:Scheduler: using testitem #249 for thread
Thread#4:Scheduler: Test #249 is scheduled for thread
Thread#4:Scheduler: with testItemExecutionIndex 4
Thread #4: creating new test thread executor for TRID, Version=1.0.0.0, Culture=neutral, PublicKeyToken=null (target: Default)
Thread#5:Scheduler: get next test for thread
Thread#:Scheduler: testitem #250 from normal test queue 
Thread#5:Scheduler: considering testitem #250 for thread
Thread#5:Scheduler: using testitem #250 for thread
Thread#5:Scheduler: Test #250 is scheduled for thread
Thread#5:Scheduler: with testItemExecutionIndex 5
Thread #5: creating new test thread executor for TRID, Version=1.0.0.0, Culture=neutral, PublicKeyToken=null (target: Default)
Loading SpecRun type 'TechTalk.SpecRun.Framework.TestAssemblyExecutor' from: C:\Users\sandees\AppData\Local\Temp\VisualStudioTestExplorerExtensions\SpecRun.Runner.1.5.2\tools\TechTalk.SpecRun.Framework.Executor.dll
Loading SpecRun type 'TechTalk.SpecRun.Framework.TestAssemblyExecutor' from: C:\Users\sandees\AppData\Local\Temp\VisualStudioTestExplorerExtensions\SpecRun.Runner.1.5.2\tools\TechTalk.SpecRun.Framework.Executor.dll
Thread#1: Test #246/0 is started on thread #1
Thread#0: Test #240/0 is started on thread #0
Thread#3: Test #248/0 is started on thread #3
Thread#6:Scheduler: get next test for thread
Thread#:Scheduler: at the end of normal test queue
Thread#6:Scheduler: enumerator for thread is at end
Thread#6:Scheduler: No more tests for thread 
Thread#2: Test #247/0 is started on thread #2
Thread#7:Scheduler: get next test for thread
Thread#:Scheduler: at the end of normal test queue
Thread#7:Scheduler: enumerator for thread is at end
Thread#7:Scheduler: No more tests for thread 
Thread#5: Test #250/0 is started on thread #5
Thread#8:Scheduler: get next test for thread
Thread#:Scheduler: at the end of normal test queue
Thread#8:Scheduler: enumerator for thread is at end
Thread#8:Scheduler: No more tests for thread 
Thread#4: Test #249/0 is started on thread #4
Thread#9:Scheduler: get next test for thread
Thread#:Scheduler: at the end of normal test queue
Thread#9:Scheduler: enumerator for thread is at end
Thread#9:Scheduler: No more tests for thread 
Thread#0:B:Given user is at TRID application homepage
Thread#3:B:Given user is at TRID application homepage
Thread#2:B:Given user is at TRID application homepage
Thread#5:B:Given user is at TRID application homepage
Thread#4:B:Given user is at TRID application homepage
Thread#1:B:Given user is at TRID application homepage
Thread#4:T:done: CardsValidationSteps.GivenUserIsAtTridApplicationHomepage() (29.1s)
Thread#4:B:And user have closing disclosure data from excel sheet ClosingDisclosure for the scenario 11
Thread#0:T:done: CardsValidationSteps.GivenUserIsAtTridApplicationHomepage() (30.0s)
Thread#0:B:And user have closing disclosure data from excel sheet ClosingDisclosure for the scenario 2
Thread#1:T:done: CardsValidationSteps.GivenUserIsAtTridApplicationHomepage() (30.2s)
Thread#1:B:And user have closing disclosure data from excel sheet ClosingDisclosure for the scenario 8
Thread#3:T:done: CardsValidationSteps.GivenUserIsAtTridApplicationHomepage() (31.3s)
Thread#3:B:And user have closing disclosure data from excel sheet ClosingDisclosure for the scenario 10
Thread#0:T:done: CardsValidationSteps.GivenUserHaveClosingDisclosureDataFromExcelSheetForTheScenario("ClosingDisclosure", 2) (5.0s)
Thread#0:B:And user have Mortgage Insurance data from excel sheet MortgageInsurance for the scenario 2
Thread#4:T:done: CardsValidationSteps.GivenUserHaveClosingDisclosureDataFromExcelSheetForTheScenario("ClosingDisclosure", 11) (5.8s)
Thread#4:B:And user have Mortgage Insurance data from excel sheet MortgageInsurance for the scenario 11
Thread#2:T:done: CardsValidationSteps.GivenUserIsAtTridApplicationHomepage() (35.1s)
Thread#2:B:And user have closing disclosure data from excel sheet ClosingDisclosure for the scenario 9
Thread#1:T:done: CardsValidationSteps.GivenUserHaveClosingDisclosureDataFromExcelSheetForTheScenario("ClosingDisclosure", 8) (5.2s)
Thread#1:B:And user have Mortgage Insurance data from excel sheet MortgageInsurance for the scenario 8
Thread#3:T:done: CardsValidationSteps.GivenUserHaveClosingDisclosureDataFromExcelSheetForTheScenario("ClosingDisclosure", 10) (4.5s)
Thread#3:B:And user have Mortgage Insurance data from excel sheet MortgageInsurance for the scenario 10
Thread#0:T:done: CardsValidationSteps.GivenUserHaveMortgageInsuranceDataFromExcelSheetForTheScenarioMortgageInsurance("MortgageInsurance", 2) (1.5s)
Thread#0:B:And user have variable loan data from excel sheet ARM Terms for the scenario 1
Thread#4:T:done: CardsValidationSteps.GivenUserHaveMortgageInsuranceDataFromExcelSheetForTheScenarioMortgageInsurance("MortgageInsurance", 11) (1.8s)
Thread#4:B:And user have variable loan data from excel sheet ARM Terms for the scenario 1
Thread#5:T:done: CardsValidationSteps.GivenUserIsAtTridApplicationHomepage() (37.3s)
Thread#5:B:And user have closing disclosure data from excel sheet ClosingDisclosure for the scenario 12
Thread#1:T:done: CardsValidationSteps.GivenUserHaveMortgageInsuranceDataFromExcelSheetForTheScenarioMortgageInsurance("MortgageInsurance", 8) (2.8s)
Thread#1:B:And user have variable loan data from excel sheet ARM Terms for the scenario 1
Thread#3:T:done: CardsValidationSteps.GivenUserHaveMortgageInsuranceDataFromExcelSheetForTheScenarioMortgageInsurance("MortgageInsurance", 10) (2.9s)
Thread#3:B:And user have variable loan data from excel sheet ARM Terms for the scenario 1
Thread#0:T:done: CardsValidationSteps.GivenUserHaveVariableLoanDataFromExcelSheetForTheScenario("ARM Terms", 1) (3.6s)
Thread#0:B:And user have Prepaid Charges data from excel sheet PrepaidCharges for the scenario 2
Thread#4:T:done: CardsValidationSteps.GivenUserHaveVariableLoanDataFromExcelSheetForTheScenario("ARM Terms", 1) (4.0s)
Thread#4:B:And user have Prepaid Charges data from excel sheet PrepaidCharges for the scenario 11
Thread#2:T:done: CardsValidationSteps.GivenUserHaveClosingDisclosureDataFromExcelSheetForTheScenario("ClosingDisclosure", 9) (5.7s)
Thread#2:B:And user have Mortgage Insurance data from excel sheet MortgageInsurance for the scenario 9
Thread#1:T:done: CardsValidationSteps.GivenUserHaveVariableLoanDataFromExcelSheetForTheScenario("ARM Terms", 1) (4.8s)
Thread#1:B:And user have Prepaid Charges data from excel sheet PrepaidCharges for the scenario 8
Thread#3:T:done: CardsValidationSteps.GivenUserHaveVariableLoanDataFromExcelSheetForTheScenario("ARM Terms", 1) (5.3s)
Thread#3:B:And user have Prepaid Charges data from excel sheet PrepaidCharges for the scenario 10
Thread#2:T:done: CardsValidationSteps.GivenUserHaveMortgageInsuranceDataFromExcelSheetForTheScenarioMortgageInsurance("MortgageInsurance", 9) (4.7s)
Thread#2:B:And user have variable loan data from excel sheet ARM Terms for the scenario 1
Thread#0:T:done: CardsValidationSteps.GivenUserHavePrepaidChargesDataFromExcelSheetPrepaidChargesForTheScenario("PrepaidCharges", 2) (5.5s)
Thread#0:B:And user have Export data from excel sheet Export for the scenario 2
Thread#4:T:done: CardsValidationSteps.GivenUserHavePrepaidChargesDataFromExcelSheetPrepaidChargesForTheScenario("PrepaidCharges", 11) (5.7s)
Thread#4:B:And user have Export data from excel sheet Export for the scenario 11
Thread#5:T:done: CardsValidationSteps.GivenUserHaveClosingDisclosureDataFromExcelSheetForTheScenario("ClosingDisclosure", 12) (9.3s)
Thread#5:B:And user have Mortgage Insurance data from excel sheet MortgageInsurance for the scenario 12
Thread#1:T:done: CardsValidationSteps.GivenUserHavePrepaidChargesDataFromExcelSheetPrepaidChargesForTheScenario("PrepaidCharges", 8) (4.3s)
Thread#1:B:And user have Export data from excel sheet Export for the scenario 8
Thread#3:T:done: CardsValidationSteps.GivenUserHavePrepaidChargesDataFromExcelSheetPrepaidChargesForTheScenario("PrepaidCharges", 10) (4.4s)
Thread#3:B:And user have Export data from excel sheet Export for the scenario 10
Thread#2:T:done: CardsValidationSteps.GivenUserHaveVariableLoanDataFromExcelSheetForTheScenario("ARM Terms", 1) (3.2s)
Thread#2:B:And user have Prepaid Charges data from excel sheet PrepaidCharges for the scenario 9
Thread#0:T:done: CardsValidationSteps.GivenUserHaveExportDataFromExcelSheetExportForTheScenario("Export", 2) (3.5s)
Thread#0:B:And user have Escrow Grid data from excel sheet EscrowGrid for the scenario 2
Thread#4:T:done: CardsValidationSteps.GivenUserHaveExportDataFromExcelSheetExportForTheScenario("Export", 11) (3.1s)
Thread#4:B:And user have Escrow Grid data from excel sheet EscrowGrid for the scenario 11
Thread#5:T:done: CardsValidationSteps.GivenUserHaveMortgageInsuranceDataFromExcelSheetForTheScenarioMortgageInsurance("MortgageInsurance", 12) (3.5s)
Thread#5:B:And user have variable loan data from excel sheet ARM Terms for the scenario 1
Thread#1:T:done: CardsValidationSteps.GivenUserHaveExportDataFromExcelSheetExportForTheScenario("Export", 8) (3.1s)
Thread#1:B:And user have Escrow Grid data from excel sheet EscrowGrid for the scenario 8
Thread#3:T:done: CardsValidationSteps.GivenUserHaveExportDataFromExcelSheetExportForTheScenario("Export", 10) (2.6s)
Thread#3:B:And user have Escrow Grid data from excel sheet EscrowGrid for the scenario 10
Thread#2:T:done: CardsValidationSteps.GivenUserHavePrepaidChargesDataFromExcelSheetPrepaidChargesForTheScenario("PrepaidCharges", 9) (3.2s)
Thread#2:B:And user have Export data from excel sheet Export for the scenario 9
Thread#0:T:done: CardsValidationSteps.GivenUserHaveEscrowGridDataFromExcelSheetForTheScenario("EscrowGrid", 2) (3.4s)
Thread#0:B:When user navigate to Loan Inputs Page
Thread#4:T:done: CardsValidationSteps.GivenUserHaveEscrowGridDataFromExcelSheetForTheScenario("EscrowGrid", 11) (3.6s)
Thread#4:B:When user navigate to Loan Inputs Page
Thread#1:T:done: CardsValidationSteps.GivenUserHaveEscrowGridDataFromExcelSheetForTheScenario("EscrowGrid", 8) (4.6s)
Thread#1:B:When user navigate to Loan Inputs Page
Thread#5:T:done: CardsValidationSteps.GivenUserHaveVariableLoanDataFromExcelSheetForTheScenario("ARM Terms", 1) (5.0s)
Thread#5:B:And user have Prepaid Charges data from excel sheet PrepaidCharges for the scenario 12
Thread#0:T:done: CardsValidationSteps.WhenUserNavigateToLoanInputsPage() (2.9s)
Thread#0:B:And user selects Calculation Method
Thread#2:T:done: CardsValidationSteps.GivenUserHaveExportDataFromExcelSheetExportForTheScenario("Export", 9) (4.0s)
Thread#2:B:And user have Escrow Grid data from excel sheet EscrowGrid for the scenario 9
Thread#3:T:done: CardsValidationSteps.GivenUserHaveEscrowGridDataFromExcelSheetForTheScenario("EscrowGrid", 10) (5.0s)
Thread#3:B:When user navigate to Loan Inputs Page
Thread#4:T:done: CardsValidationSteps.WhenUserNavigateToLoanInputsPage() (3.2s)
Thread#4:B:And user selects Calculation Method
Thread#0:T:done: CardsValidationSteps.WhenUserSelectsCalculationMethodInClosingDisclosurePage() (1.3s)
Thread#0:B:And user selects loan type
Thread#0:T:done: CardsValidationSteps.WhenUserSelectsLoanTypeInClosingDisclosurePage() (0.3s)
Thread#0:B:And user selects Frequency of Payments
Thread#0:T:done: CardsValidationSteps.WhenUserSelectsFrequencyOfPaymentsInClosingDisclosurePage() (0.1s)
Thread#0:B:And user selects Loan Term
Thread#0:T:done: CardsValidationSteps.WhenUserSelectsLoanTermInClosingDisclosurePage() (0.1s)
Thread#0:B:And user selects Repayment Term Type
Thread#4:T:done: CardsValidationSteps.WhenUserSelectsCalculationMethodInClosingDisclosurePage() (1.2s)
Thread#4:B:And user selects loan type
Thread#0:T:done: CardsValidationSteps.WhenUserSelectsRepaymentTermTypeInClosingDisclosurePage() (0.5s)
Thread#0:B:And user enters Loan detail input values for computation
Thread#4:T:done: CardsValidationSteps.WhenUserSelectsLoanTypeInClosingDisclosurePage() (0.5s)
Thread#4:B:And user selects Frequency of Payments
Thread#2:T:done: CardsValidationSteps.GivenUserHaveEscrowGridDataFromExcelSheetForTheScenario("EscrowGrid", 9) (2.5s)
Thread#2:B:When user navigate to Loan Inputs Page
Thread#4:T:done: CardsValidationSteps.WhenUserSelectsFrequencyOfPaymentsInClosingDisclosurePage() (0.5s)
Thread#4:B:And user selects Loan Term
Thread#1:T:done: CardsValidationSteps.WhenUserNavigateToLoanInputsPage() (3.4s)
Thread#1:B:And user selects Calculation Method
Thread#4:T:done: CardsValidationSteps.WhenUserSelectsLoanTermInClosingDisclosurePage() (0.3s)
Thread#4:B:And user selects Repayment Term Type
Thread#3:T:done: CardsValidationSteps.WhenUserNavigateToLoanInputsPage() (3.0s)
Thread#3:B:And user selects Calculation Method
Thread#1:T:done: CardsValidationSteps.WhenUserSelectsCalculationMethodInClosingDisclosurePage() (0.5s)
Thread#1:B:And user selects loan type
Thread#4:T:done: CardsValidationSteps.WhenUserSelectsRepaymentTermTypeInClosingDisclosurePage() (0.4s)
Thread#4:B:And user enters Loan detail input values for computation
Thread#1:T:done: CardsValidationSteps.WhenUserSelectsLoanTypeInClosingDisclosurePage() (0.4s)
Thread#1:B:And user selects Frequency of Payments
Thread#3:T:done: CardsValidationSteps.WhenUserSelectsCalculationMethodInClosingDisclosurePage() (0.5s)
Thread#3:B:And user selects loan type
Thread#1:T:done: CardsValidationSteps.WhenUserSelectsFrequencyOfPaymentsInClosingDisclosurePage() (0.3s)
Thread#1:B:And user selects Loan Term
Thread#5:T:done: CardsValidationSteps.GivenUserHavePrepaidChargesDataFromExcelSheetPrepaidChargesForTheScenario("PrepaidCharges", 12) (4.7s)
Thread#5:B:And user have Export data from excel sheet Export for the scenario 12
Thread#3:T:done: CardsValidationSteps.WhenUserSelectsLoanTypeInClosingDisclosurePage() (0.5s)
Thread#3:B:And user selects Frequency of Payments
Thread#1:T:done: CardsValidationSteps.WhenUserSelectsLoanTermInClosingDisclosurePage() (0.4s)
Thread#1:B:And user selects Repayment Term Type
Thread#3:T:done: CardsValidationSteps.WhenUserSelectsFrequencyOfPaymentsInClosingDisclosurePage() (0.3s)
Thread#3:B:And user selects Loan Term
Thread#1:T:done: CardsValidationSteps.WhenUserSelectsRepaymentTermTypeInClosingDisclosurePage() (0.4s)
Thread#1:B:And user enters Loan detail input values for computation
Thread#3:T:done: CardsValidationSteps.WhenUserSelectsLoanTermInClosingDisclosurePage() (0.5s)
Thread#3:B:And user selects Repayment Term Type
Thread#3:T:done: CardsValidationSteps.WhenUserSelectsRepaymentTermTypeInClosingDisclosurePage() (0.2s)
Thread#3:B:And user enters Loan detail input values for computation
Thread#2:T:done: CardsValidationSteps.WhenUserNavigateToLoanInputsPage() (2.8s)
Thread#2:B:And user selects Calculation Method
Thread#5:T:done: CardsValidationSteps.GivenUserHaveExportDataFromExcelSheetExportForTheScenario("Export", 12) (1.6s)
Thread#5:B:And user have Escrow Grid data from excel sheet EscrowGrid for the scenario 12
Thread#2:T:done: CardsValidationSteps.WhenUserSelectsCalculationMethodInClosingDisclosurePage() (0.4s)
Thread#2:B:And user selects loan type
Thread#2:T:done: CardsValidationSteps.WhenUserSelectsLoanTypeInClosingDisclosurePage() (0.4s)
Thread#2:B:And user selects Frequency of Payments
Thread#2:T:done: CardsValidationSteps.WhenUserSelectsFrequencyOfPaymentsInClosingDisclosurePage() (0.2s)
Thread#2:B:And user selects Loan Term
Thread#2:T:done: CardsValidationSteps.WhenUserSelectsLoanTermInClosingDisclosurePage() (0.2s)
Thread#2:B:And user selects Repayment Term Type
Thread#2:T:done: CardsValidationSteps.WhenUserSelectsRepaymentTermTypeInClosingDisclosurePage() (0.3s)
Thread#2:B:And user enters Loan detail input values for computation
Thread#5:T:done: CardsValidationSteps.GivenUserHaveEscrowGridDataFromExcelSheetForTheScenario("EscrowGrid", 12) (2.1s)
Thread#5:B:When user navigate to Loan Inputs Page
Thread#5:T:done: CardsValidationSteps.WhenUserNavigateToLoanInputsPage() (2.9s)
Thread#5:B:And user selects Calculation Method
Thread#5:T:done: CardsValidationSteps.WhenUserSelectsCalculationMethodInClosingDisclosurePage() (0.7s)
Thread#5:B:And user selects loan type
Thread#4:T:done: CardsValidationSteps.WhenUserEntersLoanDetailInputValuesForComputationforClosingDisclosurepage() (8.0s)
Thread#4:B:And user enters pmi rate values
Thread#5:T:done: CardsValidationSteps.WhenUserSelectsLoanTypeInClosingDisclosurePage() (0.4s)
Thread#5:B:And user selects Frequency of Payments
Thread#5:T:done: CardsValidationSteps.WhenUserSelectsFrequencyOfPaymentsInClosingDisclosurePage() (0.4s)
Thread#5:B:And user selects Loan Term
Thread#2:T:done: CardsValidationSteps.WhenUserEntersLoanDetailInputValuesForComputationforClosingDisclosurepage() (5.4s)
Thread#2:B:And user enters pmi rate values
Thread#1:T:done: CardsValidationSteps.WhenUserEntersLoanDetailInputValuesForComputationforClosingDisclosurepage() (7.8s)
Thread#1:B:And user enters pmi rate values
Thread#5:T:done: CardsValidationSteps.WhenUserSelectsLoanTermInClosingDisclosurePage() (0.4s)
Thread#5:B:And user selects Repayment Term Type
Thread#5:T:done: CardsValidationSteps.WhenUserSelectsRepaymentTermTypeInClosingDisclosurePage() (0.5s)
Thread#5:B:And user enters Loan detail input values for computation
Thread#0:T:done: CardsValidationSteps.WhenUserEntersLoanDetailInputValuesForComputationforClosingDisclosurepage() (11.3s)
Thread#0:B:And user enters pmi rate values
Thread#3:T:done: CardsValidationSteps.WhenUserEntersLoanDetailInputValuesForComputationforClosingDisclosurepage() (8.5s)
Thread#3:B:And user enters pmi rate values
Thread#2:T:done: CardsValidationSteps.WhenUserEntersPmiRateValues() (4.1s)
Thread#4:T:done: CardsValidationSteps.WhenUserEntersPmiRateValues() (5.0s)
Thread#2:B:And user enters other pmi input values
Thread#4:B:And user enters other pmi input values
Thread#1:T:done: CardsValidationSteps.WhenUserEntersPmiRateValues() (4.9s)
Thread#1:B:And user enters other pmi input values
Thread#2:T:done: CardsValidationSteps.WhenUserEntersOtherPmiInputValues() (1.2s)
Thread#3:T:done: CardsValidationSteps.WhenUserEntersPmiRateValues() (4.1s)
Thread#2:B:And user enters Escrow Grid Input values
Thread#3:B:And user enters other pmi input values
Thread#4:T:done: CardsValidationSteps.WhenUserEntersOtherPmiInputValues() (1.8s)
Thread#4:B:And user enters Escrow Grid Input values
Thread#5:T:error: element not visible
Thread#5:T:  (Session info: chrome=59.0.3071.115)
Thread#5:T:  (Driver info: chromedriver=2.29.461591 (62ebf098771772160f391d75e589dc567915b233),platform=Windows NT 10.0.10586 x86_64)
Thread#5:B:And user enters pmi rate values
Thread#5:T:skipped because of previous errors
Thread#5:B:And user enters other pmi input values
Thread#5:T:skipped because of previous errors
Thread#5:B:And user enters Escrow Grid Input values
Thread#5:T:skipped because of previous errors
Thread#5:B:And user enters all input values for Prepaid Charges
Thread#5:T:skipped because of previous errors
Thread#5:B:And user enters input value for prepaid custom fields
Thread#5:T:skipped because of previous errors
Thread#5:B:And user navigates to Disclosure Inputs Page
Thread#5:T:skipped because of previous errors
Thread#5:B:And user enters disclosed input values for Closing Disclosure Loan Terms & Projected Payments
Thread#5:T:skipped because of previous errors
Thread#5:B:And user enters disclosed input values for Closing Disclosure Loan Calculations
Thread#5:T:skipped because of previous errors
Thread#5:B:And user enters disclosed input values for Property Cost and Escrow
Thread#5:T:skipped because of previous errors
Thread#5:B:And user navigates to Loan Estimate Cards Page
Thread#5:T:skipped because of previous errors
Thread#5:B:And user enters disclsoed input values for Loan Estimate - Comparisons
Thread#5:T:skipped because of previous errors
Thread#5:B:And user navigates to Export Page
Thread#5:T:skipped because of previous errors
Thread#5:B:And user enters all input values for Export Page
Thread#5:T:skipped because of previous errors
Thread#5:B:And user clicks on Export button to generate JSON file
Thread#5:T:skipped because of previous errors
Thread#5:B:And user navigates to Closing Disclosure Cards Page
Thread#5:T:skipped because of previous errors
Thread#5:B:Then updated/computed Principal and Interest value should display on Closing Disclosure
Thread#5:T:skipped because of previous errors
Thread#5:B:And updated/computed Mortgage Insurance value should display on Closing Disclosure
Thread#5:T:skipped because of previous errors
Thread#5:B:And updated/computed Scheduled PMI Termination Date value should display on Closing Disclosure
Thread#5:T:skipped because of previous errors
Thread#5:B:And updated/computed Estimated Total Monthly Payment value should display on Closing Disclosure
Thread#5:T:skipped because of previous errors
Thread#5:B:And updated/computed APR value should display on Closing Disclosure
Thread#5:T:skipped because of previous errors
Thread#5:B:And APRWIN info value should display on Closing Disclosure
Thread#5:T:skipped because of previous errors
Thread#5:B:And updated/computed Balloon Amount value should display on Closing Disclosure
Thread#5:T:skipped because of previous errors
Thread#5:B:And updated/computed Total of Payments value should display on Closing Disclosure
Thread#5:T:skipped because of previous errors
Thread#5:B:And updated/computed Finance Charge value should display on Closing Disclosure
Thread#5:T:skipped because of previous errors
Thread#5:B:And updated/computed Prepaid Charges value should display on Closing Disclosure
Thread#5:T:skipped because of previous errors
Thread#5:B:And updated/computed Amount Financed value should display on Closing Disclosure
Thread#5:T:skipped because of previous errors
Thread#5:B:And updated/computed TIP value should display on Closing Disclosure
Thread#5:T:skipped because of previous errors
Thread#5:B:And updated/computed Escrow Property Costs over one year 11 Months value should display on Closing Disclosure
Thread#5:T:skipped because of previous errors
Thread#5:B:And updated/computed Escrow Property Costs over one year 12 Months value should display on Closing Disclosure
Thread#5:T:skipped because of previous errors
Thread#5:B:And updated/computed Initial Escrow Payment value should display on Closing Disclosure
Thread#5:T:skipped because of previous errors
Thread#5:B:And updated/computed Non Escrow Property Costs over one year value should display on Closing Disclosure
Thread#5:T:skipped because of previous errors
Thread#5:B:And updated/computed Estimated Escrow value should display on Closing Disclosure
Thread#5:T:skipped because of previous errors
Thread#5:B:And updated/computed Estimated Taxes, Insurance & Assessments value should display on Closing Disclosure
Thread#5:T:skipped because of previous errors
Thread#5:Scheduler: reschedule tests for testitem #5
Thread#5:Scheduler: get next test for thread
Thread#:Scheduler: at the end of normal test queue
Thread#5:Scheduler: enumerator for thread is at end
Thread#5:Scheduler: No more tests for thread 
Thread#1:T:done: CardsValidationSteps.WhenUserEntersOtherPmiInputValues() (1.9s)
Thread#1:B:And user enters Escrow Grid Input values
Thread#3:T:done: CardsValidationSteps.WhenUserEntersOtherPmiInputValues() (1.9s)
Thread#3:B:And user enters Escrow Grid Input values
Thread#0:T:done: CardsValidationSteps.WhenUserEntersPmiRateValues() (9.1s)
Thread#0:B:And user enters other pmi input values
Thread#0:T:done: CardsValidationSteps.WhenUserEntersOtherPmiInputValues() (2.0s)
Thread#0:B:And user enters Escrow Grid Input values
Thread#2:T:done: CardsValidationSteps.WhenUserEntersEscrowGridInputValues() (9.5s)
Thread#2:B:And user enters all input values for Prepaid Charges
Thread#4:T:done: CardsValidationSteps.WhenUserEntersEscrowGridInputValues() (9.4s)
Thread#4:B:And user enters all input values for Prepaid Charges
Thread#1:T:done: CardsValidationSteps.WhenUserEntersEscrowGridInputValues() (10.5s)
Thread#1:B:And user enters all input values for Prepaid Charges
Thread#3:T:done: CardsValidationSteps.WhenUserEntersEscrowGridInputValues() (10.4s)
Thread#3:B:And user enters all input values for Prepaid Charges
Thread#2:T:done: CardsValidationSteps.WhenUserEntersAllInputValuesForPrepaidCharges() (7.3s)
Thread#2:B:And user enters input value for prepaid custom fields
Thread#2:T:done: CardsValidationSteps.WhenUserEntersInputValueForPrepaidCustomFields() (0.0s)
Thread#2:B:And user navigates to Disclosure Inputs Page
Thread#2:T:done: CardsValidationSteps.WhenUserNavigatesToDisclosureInputsPage() (0.8s)
Thread#2:B:And user enters disclosed input values for Closing Disclosure Loan Terms & Projected Payments
Thread#0:T:done: CardsValidationSteps.WhenUserEntersEscrowGridInputValues() (11.5s)
Thread#0:B:And user enters all input values for Prepaid Charges
Thread#4:T:done: CardsValidationSteps.WhenUserEntersAllInputValuesForPrepaidCharges() (9.0s)
Thread#4:B:And user enters input value for prepaid custom fields
Thread#4:T:done: CardsValidationSteps.WhenUserEntersInputValueForPrepaidCustomFields() (0.0s)
Thread#4:B:And user navigates to Disclosure Inputs Page
Thread#2:T:done: CardsValidationSteps.WhenUserEntersDisclosedInputValuesForClosingDisclosureLoanTermsProjectedPayments() (1.8s)
Thread#2:B:And user enters disclosed input values for Closing Disclosure Loan Calculations
Thread#4:T:done: CardsValidationSteps.WhenUserNavigatesToDisclosureInputsPage() (0.9s)
Thread#4:B:And user enters disclosed input values for Closing Disclosure Loan Terms & Projected Payments
Thread#1:T:done: CardsValidationSteps.WhenUserEntersAllInputValuesForPrepaidCharges() (8.9s)
Thread#1:B:And user enters input value for prepaid custom fields
Thread#3:T:done: CardsValidationSteps.WhenUserEntersAllInputValuesForPrepaidCharges() (8.6s)
Thread#1:T:done: CardsValidationSteps.WhenUserEntersInputValueForPrepaidCustomFields() (0.0s)
Thread#3:B:And user enters input value for prepaid custom fields
Thread#1:B:And user navigates to Disclosure Inputs Page
Thread#3:T:done: CardsValidationSteps.WhenUserEntersInputValueForPrepaidCustomFields() (0.0s)
Thread#3:B:And user navigates to Disclosure Inputs Page
Thread#2:T:done: CardsValidationSteps.WhenUserEntersDisclosedInputValuesForClosingDisclosureLoanCalculations() (2.1s)
Thread#1:T:done: CardsValidationSteps.WhenUserNavigatesToDisclosureInputsPage() (0.9s)
Thread#2:B:And user enters disclosed input values for Property Cost and Escrow
Thread#1:B:And user enters disclosed input values for Closing Disclosure Loan Terms & Projected Payments
Thread#3:T:done: CardsValidationSteps.WhenUserNavigatesToDisclosureInputsPage() (0.9s)
Thread#3:B:And user enters disclosed input values for Closing Disclosure Loan Terms & Projected Payments
Thread#4:T:done: CardsValidationSteps.WhenUserEntersDisclosedInputValuesForClosingDisclosureLoanTermsProjectedPayments() (2.9s)
Thread#2:T:done: CardsValidationSteps.WhenUserEntersDisclosedInputValuesForPropertyCostAndEscrow() (1.2s)
Thread#4:B:And user enters disclosed input values for Closing Disclosure Loan Calculations
Thread#2:B:And user navigates to Loan Estimate Cards Page
Thread#2:T:done: CardsValidationSteps.WhenUserNavigatesToLoanEstimateCardsPage() (1.0s)
Thread#2:B:And user enters disclsoed input values for Loan Estimate - Comparisons
Thread#1:T:done: CardsValidationSteps.WhenUserEntersDisclosedInputValuesForClosingDisclosureLoanTermsProjectedPayments() (2.3s)
Thread#3:T:done: CardsValidationSteps.WhenUserEntersDisclosedInputValuesForClosingDisclosureLoanTermsProjectedPayments() (2.2s)
Thread#1:B:And user enters disclosed input values for Closing Disclosure Loan Calculations
Thread#3:B:And user enters disclosed input values for Closing Disclosure Loan Calculations
Thread#2:T:done: CardsValidationSteps.WhenUserEntersDisclsoedInputValuesForLoanEstimate_Comparisons() (1.1s)
Thread#2:B:And user navigates to Export Page
Thread#4:T:done: CardsValidationSteps.WhenUserEntersDisclosedInputValuesForClosingDisclosureLoanCalculations() (2.6s)
Thread#4:B:And user enters disclosed input values for Property Cost and Escrow
Thread#0:T:done: CardsValidationSteps.WhenUserEntersAllInputValuesForPrepaidCharges() (8.3s)
Thread#0:B:And user enters input value for prepaid custom fields
Thread#2:T:done: CardsValidationSteps.WhenUserNavigatesToExportPage() (0.7s)
Thread#5: Test #250/0 is finished on thread #5 as Failed within 100.5804208 seconds
Appdomain Disposed
Thread#0:T:done: CardsValidationSteps.WhenUserEntersInputValueForPrepaidCustomFields() (0.0s)
Thread#2:B:And user enters all input values for Export Page
Thread#0:B:And user navigates to Disclosure Inputs Page
Thread#3:T:done: CardsValidationSteps.WhenUserEntersDisclosedInputValuesForClosingDisclosureLoanCalculations() (2.6s)
Thread#3:B:And user enters disclosed input values for Property Cost and Escrow
Thread#1:T:done: CardsValidationSteps.WhenUserEntersDisclosedInputValuesForClosingDisclosureLoanCalculations() (2.7s)
Thread#1:B:And user enters disclosed input values for Property Cost and Escrow
Thread#4:T:done: CardsValidationSteps.WhenUserEntersDisclosedInputValuesForPropertyCostAndEscrow() (1.4s)
Thread#4:B:And user navigates to Loan Estimate Cards Page
Thread#0:T:done: CardsValidationSteps.WhenUserNavigatesToDisclosureInputsPage() (0.9s)
Thread#0:B:And user enters disclosed input values for Closing Disclosure Loan Terms & Projected Payments
Thread#3:T:done: CardsValidationSteps.WhenUserEntersDisclosedInputValuesForPropertyCostAndEscrow() (1.3s)
Thread#4:T:done: CardsValidationSteps.WhenUserNavigatesToLoanEstimateCardsPage() (1.1s)
Thread#3:B:And user navigates to Loan Estimate Cards Page
Thread#2:T:done: CardsValidationSteps.WhenUserEntersAllInputValuesForExportPage() (2.1s)
Thread#4:B:And user enters disclsoed input values for Loan Estimate - Comparisons
Thread#2:B:And user clicks on Export button to generate JSON file
Thread#1:T:done: CardsValidationSteps.WhenUserEntersDisclosedInputValuesForPropertyCostAndEscrow() (1.4s)
Thread#1:B:And user navigates to Loan Estimate Cards Page
Thread#0:T:done: CardsValidationSteps.WhenUserEntersDisclosedInputValuesForClosingDisclosureLoanTermsProjectedPayments() (2.2s)
Thread#0:B:And user enters disclosed input values for Closing Disclosure Loan Calculations
Thread#1:T:done: CardsValidationSteps.WhenUserNavigatesToLoanEstimateCardsPage() (1.0s)
Thread#1:B:And user enters disclsoed input values for Loan Estimate - Comparisons
Thread#3:T:done: CardsValidationSteps.WhenUserNavigatesToLoanEstimateCardsPage() (1.3s)
Thread#3:B:And user enters disclsoed input values for Loan Estimate - Comparisons
Thread#4:T:done: CardsValidationSteps.WhenUserEntersDisclsoedInputValuesForLoanEstimate_Comparisons() (1.4s)
Thread#4:B:And user navigates to Export Page
Thread#4:T:done: CardsValidationSteps.WhenUserNavigatesToExportPage() (0.5s)
Thread#4:B:And user enters all input values for Export Page
Thread#1:T:done: CardsValidationSteps.WhenUserEntersDisclsoedInputValuesForLoanEstimate_Comparisons() (1.5s)
Thread#1:B:And user navigates to Export Page
Thread#3:T:done: CardsValidationSteps.WhenUserEntersDisclsoedInputValuesForLoanEstimate_Comparisons() (1.5s)
Thread#3:B:And user navigates to Export Page
Thread#1:T:done: CardsValidationSteps.WhenUserNavigatesToExportPage() (0.7s)
Thread#1:B:And user enters all input values for Export Page
Thread#2:T:done: CardsValidationSteps.WhenUserClicksOnExportButtonToGenerateJsonFile() (3.7s)
Thread#2:B:And user navigates to Closing Disclosure Cards Page
Thread#3:T:done: CardsValidationSteps.WhenUserNavigatesToExportPage() (0.8s)
Thread#3:B:And user enters all input values for Export Page
Thread#0:T:done: CardsValidationSteps.WhenUserEntersDisclosedInputValuesForClosingDisclosureLoanCalculations() (2.7s)
Thread#0:B:And user enters disclosed input values for Property Cost and Escrow
Thread#2:T:done: CardsValidationSteps.WhenUserNavigatesToClosingDisclosureCardsPage() (0.8s)
Thread#2:B:Then updated/computed Principal and Interest value should display on Closing Disclosure
Thread#2:T:===========================================================
Thread#2:T:ExpectedComputedValue :303.46
Thread#2:T:ActualComputedValue :303.46
Thread#2:T:============================================================
Thread#2:T:===========================================================
Thread#2:T:ExpectedDisclosedValue :303.46
Thread#0:T:done: CardsValidationSteps.WhenUserEntersDisclosedInputValuesForPropertyCostAndEscrow() (1.3s)
Thread#2:T:ActualDisclosedValue :303.46
Thread#0:B:And user navigates to Loan Estimate Cards Page
Thread#2:T:============================================================
Thread#2:T:===========================================================
Thread#2:T:ExpectedVarianceValue :0
Thread#4:T:done: CardsValidationSteps.WhenUserEntersAllInputValuesForExportPage() (3.5s)
Thread#4:B:And user clicks on Export button to generate JSON file
Thread#2:T:ActualVarianceValue :0
Thread#2:T:============================================================
Thread#2:T:done: CardsValidationSteps.ThenUpdatedComputedPrincipalAndInterestValueShouldDisplayOnClosingDisclosure() (1.1s)
Thread#2:B:And updated/computed Mortgage Insurance value should display on Closing Disclosure
Thread#2:T:===========================================================
Thread#2:T:ExpectedComputedValue :20.2
Thread#2:T:ActualComputedValue :20.2
Thread#2:T:============================================================
Thread#1:T:done: CardsValidationSteps.WhenUserEntersAllInputValuesForExportPage() (2.8s)
Thread#0:T:done: CardsValidationSteps.WhenUserNavigatesToLoanEstimateCardsPage() (1.1s)
Thread#1:B:And user clicks on Export button to generate JSON file
Thread#0:B:And user enters disclsoed input values for Loan Estimate - Comparisons
Thread#2:T:===========================================================
Thread#2:T:ExpectedDisclosedValue :20.2
Thread#2:T:ActualDisclosedValue :20.2
Thread#3:T:done: CardsValidationSteps.WhenUserEntersAllInputValuesForExportPage() (2.9s)
Thread#3:B:And user clicks on Export button to generate JSON file
Thread#2:T:============================================================
Thread#2:T:===========================================================
Thread#2:T:ExpectedVarianceValue :0
Thread#2:T:ActualVarianceValue :0
Thread#2:T:============================================================
Thread#2:T:done: CardsValidationSteps.ThenUpdatedComputedMortgageInsuranceValueShouldDisplayOnClosingDisclosure() (1.4s)
Thread#2:B:And updated/computed Scheduled PMI Termination Date value should display on Closing Disclosure
Thread#2:T:System.FormatException: The string was not recognized as a valid DateTime. There is an unknown word starting at index 1.
Thread#2:T:   at System.DateTimeParse.Parse(String s, DateTimeFormatInfo dtfi, DateTimeStyles styles)
Thread#2:T:   at System.Convert.ToDateTime(String value)
Thread#0:T:done: CardsValidationSteps.WhenUserEntersDisclsoedInputValuesForLoanEstimate_Comparisons() (1.3s)
Thread#2:T:   at TRID.ProjectLibs.Common.ProjActions.GetDatePart(By element) in F:\Projects\TRID QA\trid-462743\QA\UIAutomation\SpecFramework\ProjectLibs\Common\ProjActions.cs:line 100
Thread#0:B:And user navigates to Export Page
Thread#2:T:   at TRID.StepDefinitions.CardsValidationSteps.ThenUpdatedComputedScheduledPmiTerminationDateValueShouldDisplayOnClosingDisclosure() in F:\Projects\TRID QA\trid-462743\QA\UIAutomation\SpecFramework\StepDefinitions\CardsValidationSteps.cs:line 603
Thread#2:T:done: CardsValidationSteps.ThenUpdatedComputedScheduledPmiTerminationDateValueShouldDisplayOnClosingDisclosure() (0.5s)
Thread#2:B:And updated/computed Estimated Total Monthly Payment value should display on Closing Disclosure
Thread#2:T:NUnit.Framework.AssertionException:   Computed value does not match as expected with the difference of 137.5
Thread#2:T:  Expected: 461.16000000000002d
Thread#0:T:done: CardsValidationSteps.WhenUserNavigatesToExportPage() (0.4s)
Thread#2:T:  But was:  323.66000000000003d
Thread#0:B:And user enters all input values for Export Page
Thread#2:T:   at NUnit.Framework.Assert.That[TActual](TActual actual, IResolveConstraint expression, String message, Object[] args)
Thread#2:T:   at NUnit.Framework.Assert.AreEqual(Object expected, Object actual, String message, Object[] args)
Thread#2:T:   at TRID.StepDefinitions.CardsValidationSteps.ThenUpdatedComputedEstimatedTotalMonthlyPaymentValueShouldDisplayOnClosingDisclosure() in F:\Projects\TRID QA\trid-462743\QA\UIAutomation\SpecFramework\StepDefinitions\CardsValidationSteps.cs:line 701
Thread#2:T:done: CardsValidationSteps.ThenUpdatedComputedEstimatedTotalMonthlyPaymentValueShouldDisplayOnClosingDisclosure() (0.5s)
Thread#2:B:And updated/computed APR value should display on Closing Disclosure
Thread#2:T:NUnit.Framework.AssertionException:   Computed value does not match as expected with the difference of 3.863
Thread#2:T:  Expected: 3.863d
Thread#2:T:  But was:  0.0d
Thread#2:T:   at NUnit.Framework.Assert.That[TActual](TActual actual, IResolveConstraint expression, String message, Object[] args)
Thread#4:T:done: CardsValidationSteps.WhenUserClicksOnExportButtonToGenerateJsonFile() (3.3s)
Thread#2:T:   at NUnit.Framework.Assert.AreEqual(Object expected, Object actual, String message, Object[] args)
Thread#4:B:And user navigates to Closing Disclosure Cards Page
Thread#2:T:   at TRID.StepDefinitions.CardsValidationSteps.ThenUpdatedComputedAprValueShouldDisplayOnClosingDisclosure() in F:\Projects\TRID QA\trid-462743\QA\UIAutomation\SpecFramework\StepDefinitions\CardsValidationSteps.cs:line 750
Thread#2:T:done: CardsValidationSteps.ThenUpdatedComputedAprValueShouldDisplayOnClosingDisclosure() (0.4s)
Thread#2:B:And APRWIN info value should display on Closing Disclosure
Thread#2:T:NUnit.Framework.AssertionException:   Apr Info value does not match as expected with the difference of 3.8633
Thread#2:T:  Expected: 3.8633000000000002d
Thread#2:T:  But was:  0.0d
Thread#2:T:   at NUnit.Framework.Assert.That[TActual](TActual actual, IResolveConstraint expression, String message, Object[] args)
Thread#2:T:   at NUnit.Framework.Assert.AreEqual(Object expected, Object actual, String message, Object[] args)
Thread#2:T:   at TRID.StepDefinitions.CardsValidationSteps.ThenAprwinInfoValueShouldDisplayOnClosingDisclosure() in F:\Projects\TRID QA\trid-462743\QA\UIAutomation\SpecFramework\StepDefinitions\CardsValidationSteps.cs:line 799
Thread#4:T:done: CardsValidationSteps.WhenUserNavigatesToClosingDisclosureCardsPage() (0.6s)
Thread#2:T:done: CardsValidationSteps.ThenAprwinInfoValueShouldDisplayOnClosingDisclosure() (0.5s)
Thread#4:B:Then updated/computed Principal and Interest value should display on Closing Disclosure
Thread#2:B:And updated/computed Balloon Amount value should display on Closing Disclosure
Thread#0:T:done: CardsValidationSteps.WhenUserEntersAllInputValuesForExportPage() (1.4s)
Thread#1:T:done: CardsValidationSteps.WhenUserClicksOnExportButtonToGenerateJsonFile() (3.4s)
Thread#0:B:And user clicks on Export button to generate JSON file
Thread#1:B:And user navigates to Closing Disclosure Cards Page
Thread#2:T:NUnit.Framework.AssertionException:   Computed value does not match as expected with the difference of 17.58
Thread#4:T:===========================================================
Thread#2:T:  Expected: 285.88d
Thread#4:T:ExpectedComputedValue :1222.6
Thread#2:T:  But was:  303.45999999999998d
Thread#4:T:ActualComputedValue :1222.6
Thread#2:T:   at NUnit.Framework.Assert.That[TActual](TActual actual, IResolveConstraint expression, String message, Object[] args)
Thread#4:T:============================================================
Thread#2:T:   at NUnit.Framework.Assert.AreEqual(Object expected, Object actual, String message, Object[] args)
Thread#3:T:done: CardsValidationSteps.WhenUserClicksOnExportButtonToGenerateJsonFile() (3.4s)
Thread#2:T:   at TRID.StepDefinitions.CardsValidationSteps.ThenUpdatedComputedBalloonAmountValueShouldDisplayOnClosingDisclosure() in F:\Projects\TRID QA\trid-462743\QA\UIAutomation\SpecFramework\StepDefinitions\CardsValidationSteps.cs:line 827
Thread#3:B:And user navigates to Closing Disclosure Cards Page
Thread#2:T:done: CardsValidationSteps.ThenUpdatedComputedBalloonAmountValueShouldDisplayOnClosingDisclosure() (0.5s)
Thread#2:B:And updated/computed Total of Payments value should display on Closing Disclosure
Thread#4:T:===========================================================
Thread#4:T:ExpectedDisclosedValue :1222.6
Thread#4:T:ActualDisclosedValue :1222.6
Thread#2:T:NUnit.Framework.AssertionException:   Computed value does not match as expected with the difference of 219785.7
Thread#2:T:  Expected: 220109.35999999999d
Thread#4:T:============================================================
Thread#2:T:  But was:  323.66000000000003d
Thread#1:T:done: CardsValidationSteps.WhenUserNavigatesToClosingDisclosureCardsPage() (0.8s)
Thread#2:T:   at NUnit.Framework.Assert.That[TActual](TActual actual, IResolveConstraint expression, String message, Object[] args)
Thread#1:B:Then updated/computed Principal and Interest value should display on Closing Disclosure
Thread#4:T:===========================================================
Thread#2:T:   at NUnit.Framework.Assert.AreEqual(Object expected, Object actual, String message, Object[] args)
Thread#4:T:ExpectedVarianceValue :0
Thread#2:T:   at TRID.StepDefinitions.CardsValidationSteps.ThenUpdatedComputedTotalOfPaymentsValueShouldDisplayOnClosingDisclosure() in F:\Projects\TRID QA\trid-462743\QA\UIAutomation\SpecFramework\StepDefinitions\CardsValidationSteps.cs:line 876
Thread#1:T:===========================================================
Thread#4:T:ActualVarianceValue :0
Thread#2:T:done: CardsValidationSteps.ThenUpdatedComputedTotalOfPaymentsValueShouldDisplayOnClosingDisclosure() (0.6s)
Thread#1:T:ExpectedComputedValue :303.34
Thread#4:T:============================================================
Thread#2:B:And updated/computed Finance Charge value should display on Closing Disclosure
Thread#1:T:ActualComputedValue :303.34
Thread#4:T:done: CardsValidationSteps.ThenUpdatedComputedPrincipalAndInterestValueShouldDisplayOnClosingDisclosure() (1.4s)
Thread#1:T:============================================================
Thread#4:B:And updated/computed Mortgage Insurance value should display on Closing Disclosure
Thread#2:T:NUnit.Framework.AssertionException:   Computed value does not match as expected with the difference of 88887.83
Thread#3:T:done: CardsValidationSteps.WhenUserNavigatesToClosingDisclosureCardsPage() (1.0s)
Thread#2:T:  Expected: 89109.360000000001d
Thread#3:B:Then updated/computed Principal and Interest value should display on Closing Disclosure
Thread#4:T:===========================================================
Thread#1:T:===========================================================
Thread#2:T:  But was:  221.53d
Thread#4:T:ExpectedComputedValue :80.78
Thread#1:T:ExpectedDisclosedValue :303.34
Thread#2:T:   at NUnit.Framework.Assert.That[TActual](TActual actual, IResolveConstraint expression, String message, Object[] args)
Thread#1:T:ActualDisclosedValue :303.34
Thread#4:T:ActualComputedValue :80.78
Thread#3:T:===========================================================
Thread#2:T:   at NUnit.Framework.Assert.AreEqual(Object expected, Object actual, String message, Object[] args)
Thread#3:T:ExpectedComputedValue :610.79
Thread#4:T:============================================================
Thread#1:T:============================================================
Thread#3:T:ActualComputedValue :610.79
Thread#2:T:   at TRID.StepDefinitions.CardsValidationSteps.ThenUpdatedComputedFinanceChargeValueShouldDisplayOnClosingDisclosure() in F:\Projects\TRID QA\trid-462743\QA\UIAutomation\SpecFramework\StepDefinitions\CardsValidationSteps.cs:line 925
Thread#3:T:============================================================
Thread#2:T:done: CardsValidationSteps.ThenUpdatedComputedFinanceChargeValueShouldDisplayOnClosingDisclosure() (0.4s)
Thread#1:T:===========================================================
Thread#2:B:And updated/computed Prepaid Charges value should display on Closing Disclosure
Thread#4:T:===========================================================
Thread#1:T:ExpectedVarianceValue :0
Thread#3:T:===========================================================
Thread#4:T:ExpectedDisclosedValue :80.78
Thread#1:T:ActualVarianceValue :0
Thread#3:T:ExpectedDisclosedValue :610.79
Thread#2:T:===========================================================
Thread#4:T:ActualDisclosedValue :80.78
Thread#1:T:============================================================
Thread#2:T:ExpectedComputedValue :0
Thread#3:T:ActualDisclosedValue :610.79
Thread#1:T:done: CardsValidationSteps.ThenUpdatedComputedPrincipalAndInterestValueShouldDisplayOnClosingDisclosure() (1.0s)
Thread#4:T:============================================================
Thread#2:T:ActualComputedValue :0
Thread#3:T:============================================================
Thread#1:B:And updated/computed Mortgage Insurance value should display on Closing Disclosure
Thread#2:T:============================================================
Thread#4:T:===========================================================
Thread#3:T:===========================================================
Thread#4:T:ExpectedVarianceValue :0
Thread#1:T:===========================================================
Thread#2:T:===========================================================
Thread#3:T:ExpectedVarianceValue :0
Thread#4:T:ActualVarianceValue :0
Thread#1:T:ExpectedComputedValue :18.64
Thread#2:T:ExpectedDisclosedValue :0
Thread#3:T:ActualVarianceValue :0
Thread#4:T:============================================================
Thread#1:T:ActualComputedValue :18.64
Thread#2:T:ActualDisclosedValue :0
Thread#4:T:done: CardsValidationSteps.ThenUpdatedComputedMortgageInsuranceValueShouldDisplayOnClosingDisclosure() (0.9s)
Thread#3:T:============================================================
Thread#1:T:============================================================
Thread#2:T:============================================================
Thread#4:B:And updated/computed Scheduled PMI Termination Date value should display on Closing Disclosure
Thread#3:T:done: CardsValidationSteps.ThenUpdatedComputedPrincipalAndInterestValueShouldDisplayOnClosingDisclosure() (0.9s)
Thread#1:T:===========================================================
Thread#3:B:And updated/computed Mortgage Insurance value should display on Closing Disclosure
Thread#2:T:===========================================================
Thread#4:T:System.FormatException: The string was not recognized as a valid DateTime. There is an unknown word starting at index 1.
Thread#1:T:ExpectedDisclosedValue :18.64
Thread#2:T:ExpectedVarianceValue :0
Thread#4:T:   at System.DateTimeParse.Parse(String s, DateTimeFormatInfo dtfi, DateTimeStyles styles)
Thread#1:T:ActualDisclosedValue :18.64
Thread#2:T:ActualVarianceValue :0
Thread#3:T:===========================================================
Thread#4:T:   at System.Convert.ToDateTime(String value)
Thread#1:T:============================================================
Thread#3:T:ExpectedComputedValue :40.39
Thread#2:T:============================================================
Thread#4:T:   at TRID.ProjectLibs.Common.ProjActions.GetDatePart(By element) in F:\Projects\TRID QA\trid-462743\QA\UIAutomation\SpecFramework\ProjectLibs\Common\ProjActions.cs:line 100
Thread#2:T:done: CardsValidationSteps.ThenUpdatedComputedPrepaidChargesValueShouldDisplayOnClosingDisclosure() (0.9s)
Thread#3:T:ActualComputedValue :40.39
Thread#4:T:   at TRID.StepDefinitions.CardsValidationSteps.ThenUpdatedComputedScheduledPmiTerminationDateValueShouldDisplayOnClosingDisclosure() in F:\Projects\TRID QA\trid-462743\QA\UIAutomation\SpecFramework\StepDefinitions\CardsValidationSteps.cs:line 603
Thread#1:T:===========================================================
Thread#2:B:And updated/computed Amount Financed value should display on Closing Disclosure
Thread#3:T:============================================================
Thread#1:T:ExpectedVarianceValue :0
Thread#4:T:done: CardsValidationSteps.ThenUpdatedComputedScheduledPmiTerminationDateValueShouldDisplayOnClosingDisclosure() (0.3s)
Thread#4:B:And updated/computed Estimated Total Monthly Payment value should display on Closing Disclosure
Thread#1:T:ActualVarianceValue :0
Thread#2:T:===========================================================
Thread#1:T:============================================================
Thread#3:T:===========================================================
Thread#2:T:ExpectedComputedValue :131000
Thread#1:T:done: CardsValidationSteps.ThenUpdatedComputedMortgageInsuranceValueShouldDisplayOnClosingDisclosure() (0.9s)
Thread#3:T:ExpectedDisclosedValue :40.39
Thread#4:T:NUnit.Framework.AssertionException:   Computed value does not match as expected with the difference of 550
Thread#2:T:ActualComputedValue :131000
Thread#1:B:And updated/computed Scheduled PMI Termination Date value should display on Closing Disclosure
Thread#4:T:  Expected: 1853.3800000000001d
Thread#3:T:ActualDisclosedValue :40.39
Thread#2:T:============================================================
Thread#3:T:============================================================
Thread#4:T:  But was:  1303.3800000000001d
Thread#1:T:System.FormatException: The string was not recognized as a valid DateTime. There is an unknown word starting at index 1.
Thread#2:T:===========================================================
Thread#4:T:   at NUnit.Framework.Assert.That[TActual](TActual actual, IResolveConstraint expression, String message, Object[] args)
Thread#1:T:   at System.DateTimeParse.Parse(String s, DateTimeFormatInfo dtfi, DateTimeStyles styles)
Thread#3:T:===========================================================
Thread#2:T:ExpectedDisclosedValue :131000
Thread#4:T:   at NUnit.Framework.Assert.AreEqual(Object expected, Object actual, String message, Object[] args)
Thread#0:T:done: CardsValidationSteps.WhenUserClicksOnExportButtonToGenerateJsonFile() (3.3s)
Thread#1:T:   at System.Convert.ToDateTime(String value)
Thread#3:T:ExpectedVarianceValue :0
Thread#2:T:ActualDisclosedValue :131000
Thread#4:T:   at TRID.StepDefinitions.CardsValidationSteps.ThenUpdatedComputedEstimatedTotalMonthlyPaymentValueShouldDisplayOnClosingDisclosure() in F:\Projects\TRID QA\trid-462743\QA\UIAutomation\SpecFramework\StepDefinitions\CardsValidationSteps.cs:line 701
Thread#0:B:And user navigates to Closing Disclosure Cards Page
Thread#2:T:============================================================
Thread#1:T:   at TRID.ProjectLibs.Common.ProjActions.GetDatePart(By element) in F:\Projects\TRID QA\trid-462743\QA\UIAutomation\SpecFramework\ProjectLibs\Common\ProjActions.cs:line 100
Thread#3:T:ActualVarianceValue :0
Thread#4:T:done: CardsValidationSteps.ThenUpdatedComputedEstimatedTotalMonthlyPaymentValueShouldDisplayOnClosingDisclosure() (0.5s)
Thread#1:T:   at TRID.StepDefinitions.CardsValidationSteps.ThenUpdatedComputedScheduledPmiTerminationDateValueShouldDisplayOnClosingDisclosure() in F:\Projects\TRID QA\trid-462743\QA\UIAutomation\SpecFramework\StepDefinitions\CardsValidationSteps.cs:line 603
Thread#3:T:============================================================
Thread#4:B:And updated/computed APR value should display on Closing Disclosure
Thread#1:T:done: CardsValidationSteps.ThenUpdatedComputedScheduledPmiTerminationDateValueShouldDisplayOnClosingDisclosure() (0.4s)
Thread#2:T:===========================================================
Thread#3:T:done: CardsValidationSteps.ThenUpdatedComputedMortgageInsuranceValueShouldDisplayOnClosingDisclosure() (1.0s)
Thread#1:B:And updated/computed Estimated Total Monthly Payment value should display on Closing Disclosure
Thread#2:T:ExpectedVarianceValue :0
Thread#3:B:And updated/computed Scheduled PMI Termination Date value should display on Closing Disclosure
Thread#2:T:ActualVarianceValue :0
Thread#4:T:NUnit.Framework.AssertionException:   Computed value does not match as expected with the difference of 3.923
Thread#2:T:============================================================
Thread#4:T:  Expected: 3.923d
Thread#1:T:NUnit.Framework.AssertionException:   Computed value does not match as expected with the difference of 126.93
Thread#1:T:  Expected: 448.91000000000002d
Thread#2:T:done: CardsValidationSteps.ThenUpdatedComputedAmountFinancedValueShouldDisplayOnClosingDisclosure() (0.9s)
Thread#4:T:  But was:  0.0d
Thread#3:T:System.FormatException: The string was not recognized as a valid DateTime. There is an unknown word starting at index 1.
Thread#4:T:   at NUnit.Framework.Assert.That[TActual](TActual actual, IResolveConstraint expression, String message, Object[] args)
Thread#1:T:  But was:  321.98000000000002d
Thread#2:B:And updated/computed TIP value should display on Closing Disclosure
Thread#3:T:   at System.DateTimeParse.Parse(String s, DateTimeFormatInfo dtfi, DateTimeStyles styles)
Thread#1:T:   at NUnit.Framework.Assert.That[TActual](TActual actual, IResolveConstraint expression, String message, Object[] args)
Thread#3:T:   at System.Convert.ToDateTime(String value)
Thread#4:T:   at NUnit.Framework.Assert.AreEqual(Object expected, Object actual, String message, Object[] args)
Thread#1:T:   at NUnit.Framework.Assert.AreEqual(Object expected, Object actual, String message, Object[] args)
Thread#3:T:   at TRID.ProjectLibs.Common.ProjActions.GetDatePart(By element) in F:\Projects\TRID QA\trid-462743\QA\UIAutomation\SpecFramework\ProjectLibs\Common\ProjActions.cs:line 100
Thread#4:T:   at TRID.StepDefinitions.CardsValidationSteps.ThenUpdatedComputedAprValueShouldDisplayOnClosingDisclosure() in F:\Projects\TRID QA\trid-462743\QA\UIAutomation\SpecFramework\StepDefinitions\CardsValidationSteps.cs:line 750
Thread#1:T:   at TRID.StepDefinitions.CardsValidationSteps.ThenUpdatedComputedEstimatedTotalMonthlyPaymentValueShouldDisplayOnClosingDisclosure() in F:\Projects\TRID QA\trid-462743\QA\UIAutomation\SpecFramework\StepDefinitions\CardsValidationSteps.cs:line 701
Thread#3:T:   at TRID.StepDefinitions.CardsValidationSteps.ThenUpdatedComputedScheduledPmiTerminationDateValueShouldDisplayOnClosingDisclosure() in F:\Projects\TRID QA\trid-462743\QA\UIAutomation\SpecFramework\StepDefinitions\CardsValidationSteps.cs:line 603
Thread#2:T:NUnit.Framework.AssertionException:   Computed value does not match as expected with the difference of 66.39
Thread#4:T:done: CardsValidationSteps.ThenUpdatedComputedAprValueShouldDisplayOnClosingDisclosure() (0.6s)
Thread#1:T:done: CardsValidationSteps.ThenUpdatedComputedEstimatedTotalMonthlyPaymentValueShouldDisplayOnClosingDisclosure() (0.5s)
Thread#2:T:  Expected: 66.540000000000006d
Thread#3:T:done: CardsValidationSteps.ThenUpdatedComputedScheduledPmiTerminationDateValueShouldDisplayOnClosingDisclosure() (0.5s)
Thread#4:B:And APRWIN info value should display on Closing Disclosure
Thread#1:B:And updated/computed APR value should display on Closing Disclosure
Thread#2:T:  But was:  0.14999999999999999d
Thread#3:B:And updated/computed Estimated Total Monthly Payment value should display on Closing Disclosure
Thread#2:T:   at NUnit.Framework.Assert.That[TActual](TActual actual, IResolveConstraint expression, String message, Object[] args)
Thread#0:T:done: CardsValidationSteps.WhenUserNavigatesToClosingDisclosureCardsPage() (0.9s)
Thread#2:T:   at NUnit.Framework.Assert.AreEqual(Object expected, Object actual, String message, Object[] args)
Thread#4:T:NUnit.Framework.AssertionException:   Apr Info value does not match as expected with the difference of 3.9231
Thread#0:B:Then updated/computed Principal and Interest value should display on Closing Disclosure
Thread#1:T:NUnit.Framework.AssertionException:   Computed value does not match as expected with the difference of 3.84
Thread#4:T:  Expected: 3.9230999999999998d
Thread#3:T:NUnit.Framework.AssertionException:   Computed value does not match as expected with the difference of 275
Thread#1:T:  Expected: 3.8399999999999999d
Thread#2:T:   at TRID.StepDefinitions.CardsValidationSteps.ThenUpdatedComputedTipValueShouldDisplayOnClosingDisclosure() in F:\Projects\TRID QA\trid-462743\QA\UIAutomation\SpecFramework\StepDefinitions\CardsValidationSteps.cs:line 1072
Thread#3:T:  Expected: 926.17999999999995d
Thread#1:T:  But was:  0.0d
Thread#4:T:  But was:  0.0d
Thread#2:T:done: CardsValidationSteps.ThenUpdatedComputedTipValueShouldDisplayOnClosingDisclosure() (0.6s)
Thread#3:T:  But was:  651.17999999999995d
Thread#1:T:   at NUnit.Framework.Assert.That[TActual](TActual actual, IResolveConstraint expression, String message, Object[] args)
Thread#2:B:And updated/computed Escrow Property Costs over one year 11 Months value should display on Closing Disclosure
Thread#4:T:   at NUnit.Framework.Assert.That[TActual](TActual actual, IResolveConstraint expression, String message, Object[] args)
Thread#3:T:   at NUnit.Framework.Assert.That[TActual](TActual actual, IResolveConstraint expression, String message, Object[] args)
Thread#0:T:===========================================================
Thread#1:T:   at NUnit.Framework.Assert.AreEqual(Object expected, Object actual, String message, Object[] args)
Thread#4:T:   at NUnit.Framework.Assert.AreEqual(Object expected, Object actual, String message, Object[] args)
Thread#3:T:   at NUnit.Framework.Assert.AreEqual(Object expected, Object actual, String message, Object[] args)
Thread#0:T:ExpectedComputedValue :606.91
Thread#1:T:   at TRID.StepDefinitions.CardsValidationSteps.ThenUpdatedComputedAprValueShouldDisplayOnClosingDisclosure() in F:\Projects\TRID QA\trid-462743\QA\UIAutomation\SpecFramework\StepDefinitions\CardsValidationSteps.cs:line 750
Thread#3:T:   at TRID.StepDefinitions.CardsValidationSteps.ThenUpdatedComputedEstimatedTotalMonthlyPaymentValueShouldDisplayOnClosingDisclosure() in F:\Projects\TRID QA\trid-462743\QA\UIAutomation\SpecFramework\StepDefinitions\CardsValidationSteps.cs:line 701
Thread#0:T:ActualComputedValue :606.91
Thread#1:T:done: CardsValidationSteps.ThenUpdatedComputedAprValueShouldDisplayOnClosingDisclosure() (0.4s)
Thread#4:T:   at TRID.StepDefinitions.CardsValidationSteps.ThenAprwinInfoValueShouldDisplayOnClosingDisclosure() in F:\Projects\TRID QA\trid-462743\QA\UIAutomation\SpecFramework\StepDefinitions\CardsValidationSteps.cs:line 799
Thread#2:T:NUnit.Framework.AssertionException:   Computed value does not match as expected with the difference of 3300
Thread#3:T:done: CardsValidationSteps.ThenUpdatedComputedEstimatedTotalMonthlyPaymentValueShouldDisplayOnClosingDisclosure() (0.4s)
Thread#0:T:============================================================
Thread#1:B:And APRWIN info value should display on Closing Disclosure
Thread#2:T:  Expected: 3300.0d
Thread#3:B:And updated/computed APR value should display on Closing Disclosure
Thread#4:T:done: CardsValidationSteps.ThenAprwinInfoValueShouldDisplayOnClosingDisclosure() (0.5s)
Thread#2:T:  But was:  0.0d
Thread#4:B:And updated/computed Balloon Amount value should display on Closing Disclosure
Thread#2:T:   at NUnit.Framework.Assert.That[TActual](TActual actual, IResolveConstraint expression, String message, Object[] args)
Thread#1:T:NUnit.Framework.AssertionException:   Apr Info value does not match as expected with the difference of 3.8394
Thread#3:T:NUnit.Framework.AssertionException:   Computed value does not match as expected with the difference of 3.918
Thread#0:T:===========================================================
Thread#2:T:   at NUnit.Framework.Assert.AreEqual(Object expected, Object actual, String message, Object[] args)
Thread#1:T:  Expected: 3.8393999999999999d
Thread#0:T:ExpectedDisclosedValue :606.91
Thread#3:T:  Expected: 3.9180000000000001d
Thread#2:T:   at TRID.StepDefinitions.CardsValidationSteps.ThenUpdatedComputedEscrowPropertyCostsOverOneYear11MonthsValueShouldDisplayOnClosingDisclosure() in F:\Projects\TRID QA\trid-462743\QA\UIAutomation\SpecFramework\StepDefinitions\CardsValidationSteps.cs:line 1121
Thread#0:T:ActualDisclosedValue :606.91
Thread#3:T:  But was:  0.0d
Thread#1:T:  But was:  0.0d
Thread#2:T:done: CardsValidationSteps.ThenUpdatedComputedEscrowPropertyCostsOverOneYear11MonthsValueShouldDisplayOnClosingDisclosure() (0.5s)
Thread#3:T:   at NUnit.Framework.Assert.That[TActual](TActual actual, IResolveConstraint expression, String message, Object[] args)
Thread#1:T:   at NUnit.Framework.Assert.That[TActual](TActual actual, IResolveConstraint expression, String message, Object[] args)
Thread#4:T:NUnit.Framework.AssertionException:   Computed value does not match as expected with the difference of 0.0699999999999363
Thread#0:T:============================================================
Thread#2:B:And updated/computed Escrow Property Costs over one year 12 Months value should display on Closing Disclosure
Thread#4:T:  Expected: 1222.53d
Thread#1:T:   at NUnit.Framework.Assert.AreEqual(Object expected, Object actual, String message, Object[] args)
Thread#3:T:   at NUnit.Framework.Assert.AreEqual(Object expected, Object actual, String message, Object[] args)
Thread#4:T:  But was:  1222.5999999999999d
Thread#1:T:   at TRID.StepDefinitions.CardsValidationSteps.ThenAprwinInfoValueShouldDisplayOnClosingDisclosure() in F:\Projects\TRID QA\trid-462743\QA\UIAutomation\SpecFramework\StepDefinitions\CardsValidationSteps.cs:line 799
Thread#3:T:   at TRID.StepDefinitions.CardsValidationSteps.ThenUpdatedComputedAprValueShouldDisplayOnClosingDisclosure() in F:\Projects\TRID QA\trid-462743\QA\UIAutomation\SpecFramework\StepDefinitions\CardsValidationSteps.cs:line 750
Thread#4:T:   at NUnit.Framework.Assert.That[TActual](TActual actual, IResolveConstraint expression, String message, Object[] args)
Thread#1:T:done: CardsValidationSteps.ThenAprwinInfoValueShouldDisplayOnClosingDisclosure() (0.5s)
Thread#3:T:done: CardsValidationSteps.ThenUpdatedComputedAprValueShouldDisplayOnClosingDisclosure() (0.5s)
Thread#0:T:===========================================================
Thread#2:T:NUnit.Framework.AssertionException:   Computed value does not match as expected with the difference of 3300
Thread#1:B:And updated/computed Balloon Amount value should display on Closing Disclosure
Thread#4:T:   at NUnit.Framework.Assert.AreEqual(Object expected, Object actual, String message, Object[] args)
Thread#3:B:And APRWIN info value should display on Closing Disclosure
Thread#2:T:  Expected: 3300.0d
Thread#0:T:ExpectedVarianceValue :0
Thread#4:T:   at TRID.StepDefinitions.CardsValidationSteps.ThenUpdatedComputedBalloonAmountValueShouldDisplayOnClosingDisclosure() in F:\Projects\TRID QA\trid-462743\QA\UIAutomation\SpecFramework\StepDefinitions\CardsValidationSteps.cs:line 827
Thread#2:T:  But was:  0.0d
Thread#0:T:ActualVarianceValue :0
Thread#2:T:   at NUnit.Framework.Assert.That[TActual](TActual actual, IResolveConstraint expression, String message, Object[] args)
Thread#4:T:done: CardsValidationSteps.ThenUpdatedComputedBalloonAmountValueShouldDisplayOnClosingDisclosure() (0.6s)
Thread#1:T:NUnit.Framework.AssertionException:   Computed value does not match as expected with the difference of 7.66999999999996
Thread#0:T:============================================================
Thread#3:T:NUnit.Framework.AssertionException:   Apr Info value does not match as expected with the difference of 3.9183
Thread#2:T:   at NUnit.Framework.Assert.AreEqual(Object expected, Object actual, String message, Object[] args)
Thread#1:T:  Expected: 295.67000000000002d
Thread#4:B:And updated/computed Total of Payments value should display on Closing Disclosure
Thread#0:T:done: CardsValidationSteps.ThenUpdatedComputedPrincipalAndInterestValueShouldDisplayOnClosingDisclosure() (1.2s)
Thread#3:T:  Expected: 3.9182999999999999d
Thread#1:T:  But was:  303.33999999999997d
Thread#2:T:   at TRID.StepDefinitions.CardsValidationSteps.ThenUpdatedComputedEscrowPropertyCostsOverOneYear12MonthsValueShouldDisplayOnClosingDisclosure() in F:\Projects\TRID QA\trid-462743\QA\UIAutomation\SpecFramework\StepDefinitions\CardsValidationSteps.cs:line 1170
Thread#0:B:And updated/computed Mortgage Insurance value should display on Closing Disclosure
Thread#3:T:  But was:  0.0d
Thread#1:T:   at NUnit.Framework.Assert.That[TActual](TActual actual, IResolveConstraint expression, String message, Object[] args)
Thread#2:T:done: CardsValidationSteps.ThenUpdatedComputedEscrowPropertyCostsOverOneYear12MonthsValueShouldDisplayOnClosingDisclosure() (0.5s)
Thread#3:T:   at NUnit.Framework.Assert.That[TActual](TActual actual, IResolveConstraint expression, String message, Object[] args)
Thread#1:T:   at NUnit.Framework.Assert.AreEqual(Object expected, Object actual, String message, Object[] args)
Thread#2:B:And updated/computed Initial Escrow Payment value should display on Closing Disclosure
Thread#3:T:   at NUnit.Framework.Assert.AreEqual(Object expected, Object actual, String message, Object[] args)
Thread#4:T:NUnit.Framework.AssertionException:   Computed value does not match as expected with the difference of 220703.27
Thread#1:T:   at TRID.StepDefinitions.CardsValidationSteps.ThenUpdatedComputedBalloonAmountValueShouldDisplayOnClosingDisclosure() in F:\Projects\TRID QA\trid-462743\QA\UIAutomation\SpecFramework\StepDefinitions\CardsValidationSteps.cs:line 827
Thread#3:T:   at TRID.StepDefinitions.CardsValidationSteps.ThenAprwinInfoValueShouldDisplayOnClosingDisclosure() in F:\Projects\TRID QA\trid-462743\QA\UIAutomation\SpecFramework\StepDefinitions\CardsValidationSteps.cs:line 799
Thread#4:T:  Expected: 222087.42999999999d
Thread#0:T:===========================================================
Thread#1:T:done: CardsValidationSteps.ThenUpdatedComputedBalloonAmountValueShouldDisplayOnClosingDisclosure() (0.4s)
Thread#0:T:ExpectedComputedValue :40.39
Thread#4:T:  But was:  1384.1600000000001d
Thread#3:T:done: CardsValidationSteps.ThenAprwinInfoValueShouldDisplayOnClosingDisclosure() (0.5s)
Thread#0:T:ActualComputedValue :40.39
Thread#1:B:And updated/computed Total of Payments value should display on Closing Disclosure
Thread#2:T:NUnit.Framework.AssertionException:   Computed value does not match as expected with the difference of 749.92
Thread#3:B:And updated/computed Balloon Amount value should display on Closing Disclosure
Thread#4:T:   at NUnit.Framework.Assert.That[TActual](TActual actual, IResolveConstraint expression, String message, Object[] args)
Thread#0:T:============================================================
Thread#2:T:  Expected: 749.91999999999996d
Thread#2:T:  But was:  0.0d
Thread#4:T:   at NUnit.Framework.Assert.AreEqual(Object expected, Object actual, String message, Object[] args)
Thread#2:T:   at NUnit.Framework.Assert.That[TActual](TActual actual, IResolveConstraint expression, String message, Object[] args)
Thread#4:T:   at TRID.StepDefinitions.CardsValidationSteps.ThenUpdatedComputedTotalOfPaymentsValueShouldDisplayOnClosingDisclosure() in F:\Projects\TRID QA\trid-462743\QA\UIAutomation\SpecFramework\StepDefinitions\CardsValidationSteps.cs:line 876
Thread#3:T:NUnit.Framework.AssertionException:   Computed value does not match as expected with the difference of 0.230000000000018
Thread#1:T:NUnit.Framework.AssertionException:   Computed value does not match as expected with the difference of 205953.33
Thread#0:T:===========================================================
Thread#2:T:   at NUnit.Framework.Assert.AreEqual(Object expected, Object actual, String message, Object[] args)
Thread#0:T:ExpectedDisclosedValue :40.39
Thread#1:T:  Expected: 206290.85999999999d
Thread#3:T:  Expected: 610.55999999999995d
Thread#2:T:   at TRID.StepDefinitions.CardsValidationSteps.ThenUpdatedComputedInitialEscrowPaymentValueShouldDisplayOnClosingDisclosure() in F:\Projects\TRID QA\trid-462743\QA\UIAutomation\SpecFramework\StepDefinitions\CardsValidationSteps.cs:line 1220
Thread#1:T:  But was:  337.52999999999997d
Thread#3:T:  But was:  610.78999999999996d
Thread#4:T:done: CardsValidationSteps.ThenUpdatedComputedTotalOfPaymentsValueShouldDisplayOnClosingDisclosure() (0.6s)
Thread#0:T:ActualDisclosedValue :40.39
Thread#2:T:done: CardsValidationSteps.ThenUpdatedComputedInitialEscrowPaymentValueShouldDisplayOnClosingDisclosure() (0.5s)
Thread#3:T:   at NUnit.Framework.Assert.That[TActual](TActual actual, IResolveConstraint expression, String message, Object[] args)
Thread#0:T:============================================================
Thread#1:T:   at NUnit.Framework.Assert.That[TActual](TActual actual, IResolveConstraint expression, String message, Object[] args)
Thread#2:B:And updated/computed Non Escrow Property Costs over one year value should display on Closing Disclosure
Thread#3:T:   at NUnit.Framework.Assert.AreEqual(Object expected, Object actual, String message, Object[] args)
Thread#4:B:And updated/computed Finance Charge value should display on Closing Disclosure
Thread#1:T:   at NUnit.Framework.Assert.AreEqual(Object expected, Object actual, String message, Object[] args)
Thread#1:T:   at TRID.StepDefinitions.CardsValidationSteps.ThenUpdatedComputedTotalOfPaymentsValueShouldDisplayOnClosingDisclosure() in F:\Projects\TRID QA\trid-462743\QA\UIAutomation\SpecFramework\StepDefinitions\CardsValidationSteps.cs:line 876
Thread#3:T:   at TRID.StepDefinitions.CardsValidationSteps.ThenUpdatedComputedBalloonAmountValueShouldDisplayOnClosingDisclosure() in F:\Projects\TRID QA\trid-462743\QA\UIAutomation\SpecFramework\StepDefinitions\CardsValidationSteps.cs:line 827
Thread#1:T:done: CardsValidationSteps.ThenUpdatedComputedTotalOfPaymentsValueShouldDisplayOnClosingDisclosure() (0.5s)
Thread#3:T:done: CardsValidationSteps.ThenUpdatedComputedBalloonAmountValueShouldDisplayOnClosingDisclosure() (0.5s)
Thread#2:T:===========================================================
Thread#0:T:===========================================================
Thread#1:B:And updated/computed Finance Charge value should display on Closing Disclosure
Thread#3:B:And updated/computed Total of Payments value should display on Closing Disclosure
Thread#2:T:ExpectedComputedValue :0
Thread#0:T:ExpectedVarianceValue :0
Thread#4:T:NUnit.Framework.AssertionException:   Computed value does not match as expected with the difference of 90093.47
Thread#2:T:ActualComputedValue :0
Thread#0:T:ActualVarianceValue :0
Thread#4:T:  Expected: 91087.429999999993d
Thread#2:T:============================================================
Thread#0:T:============================================================
Thread#4:T:  But was:  993.96000000000004d
Thread#1:T:NUnit.Framework.AssertionException:   Computed value does not match as expected with the difference of 75068.76
Thread#0:T:done: CardsValidationSteps.ThenUpdatedComputedMortgageInsuranceValueShouldDisplayOnClosingDisclosure() (1.0s)
Thread#4:T:   at NUnit.Framework.Assert.That[TActual](TActual actual, IResolveConstraint expression, String message, Object[] args)
Thread#3:T:NUnit.Framework.AssertionException:   Computed value does not match as expected with the difference of 221171.71
Thread#1:T:  Expected: 75290.860000000001d
Thread#0:B:And updated/computed Scheduled PMI Termination Date value should display on Closing Disclosure
Thread#3:T:  Expected: 221822.89000000001d
Thread#1:T:  But was:  222.09999999999999d
Thread#4:T:   at NUnit.Framework.Assert.AreEqual(Object expected, Object actual, String message, Object[] args)
Thread#2:T:===========================================================
Thread#3:T:  But was:  651.17999999999995d
Thread#1:T:   at NUnit.Framework.Assert.That[TActual](TActual actual, IResolveConstraint expression, String message, Object[] args)
Thread#4:T:   at TRID.StepDefinitions.CardsValidationSteps.ThenUpdatedComputedFinanceChargeValueShouldDisplayOnClosingDisclosure() in F:\Projects\TRID QA\trid-462743\QA\UIAutomation\SpecFramework\StepDefinitions\CardsValidationSteps.cs:line 925
Thread#2:T:ExpectedDisclosedValue :0
Thread#1:T:   at NUnit.Framework.Assert.AreEqual(Object expected, Object actual, String message, Object[] args)
Thread#4:T:done: CardsValidationSteps.ThenUpdatedComputedFinanceChargeValueShouldDisplayOnClosingDisclosure() (0.5s)
Thread#2:T:ActualDisclosedValue :0
Thread#3:T:   at NUnit.Framework.Assert.That[TActual](TActual actual, IResolveConstraint expression, String message, Object[] args)
Thread#1:T:   at TRID.StepDefinitions.CardsValidationSteps.ThenUpdatedComputedFinanceChargeValueShouldDisplayOnClosingDisclosure() in F:\Projects\TRID QA\trid-462743\QA\UIAutomation\SpecFramework\StepDefinitions\CardsValidationSteps.cs:line 925
Thread#3:T:   at NUnit.Framework.Assert.AreEqual(Object expected, Object actual, String message, Object[] args)
Thread#4:B:And updated/computed Prepaid Charges value should display on Closing Disclosure
Thread#0:T:System.FormatException: The string was not recognized as a valid DateTime. There is an unknown word starting at index 1.
Thread#2:T:============================================================
Thread#3:T:   at TRID.StepDefinitions.CardsValidationSteps.ThenUpdatedComputedTotalOfPaymentsValueShouldDisplayOnClosingDisclosure() in F:\Projects\TRID QA\trid-462743\QA\UIAutomation\SpecFramework\StepDefinitions\CardsValidationSteps.cs:line 876
Thread#1:T:done: CardsValidationSteps.ThenUpdatedComputedFinanceChargeValueShouldDisplayOnClosingDisclosure() (0.5s)
Thread#0:T:   at System.DateTimeParse.Parse(String s, DateTimeFormatInfo dtfi, DateTimeStyles styles)
Thread#0:T:   at System.Convert.ToDateTime(String value)
Thread#1:B:And updated/computed Prepaid Charges value should display on Closing Disclosure
Thread#3:T:done: CardsValidationSteps.ThenUpdatedComputedTotalOfPaymentsValueShouldDisplayOnClosingDisclosure() (0.5s)
Thread#2:T:===========================================================
Thread#0:T:   at TRID.ProjectLibs.Common.ProjActions.GetDatePart(By element) in F:\Projects\TRID QA\trid-462743\QA\UIAutomation\SpecFramework\ProjectLibs\Common\ProjActions.cs:line 100
Thread#3:B:And updated/computed Finance Charge value should display on Closing Disclosure
Thread#2:T:ExpectedVarianceValue :0
Thread#0:T:   at TRID.StepDefinitions.CardsValidationSteps.ThenUpdatedComputedScheduledPmiTerminationDateValueShouldDisplayOnClosingDisclosure() in F:\Projects\TRID QA\trid-462743\QA\UIAutomation\SpecFramework\StepDefinitions\CardsValidationSteps.cs:line 603
Thread#4:T:===========================================================
Thread#2:T:ActualVarianceValue :0
Thread#4:T:ExpectedComputedValue :80.78
Thread#0:T:done: CardsValidationSteps.ThenUpdatedComputedScheduledPmiTerminationDateValueShouldDisplayOnClosingDisclosure() (0.4s)
Thread#2:T:============================================================
Thread#4:T:ActualComputedValue :80.78
Thread#0:B:And updated/computed Estimated Total Monthly Payment value should display on Closing Disclosure
Thread#1:T:===========================================================
Thread#4:T:============================================================
Thread#2:T:done: CardsValidationSteps.ThenUpdatedComputedNonEscrowPropertyCostsOverOneYearValueShouldDisplayOnClosingDisclosure() (1.0s)
Thread#1:T:ExpectedComputedValue :15.55
Thread#2:B:And updated/computed Estimated Escrow value should display on Closing Disclosure
Thread#1:T:ActualComputedValue :15.55
Thread#1:T:============================================================
Thread#3:T:NUnit.Framework.AssertionException:   Computed value does not match as expected with the difference of 90359.48
Thread#3:T:  Expected: 90822.889999999999d
Thread#3:T:  But was:  463.41000000000002d
Thread#3:T:   at NUnit.Framework.Assert.That[TActual](TActual actual, IResolveConstraint expression, String message, Object[] args)
Thread#0:T:NUnit.Framework.AssertionException:   Computed value does not match as expected with the difference of 200
Thread#3:T:   at NUnit.Framework.Assert.AreEqual(Object expected, Object actual, String message, Object[] args)
Thread#0:T:  Expected: 847.29999999999995d
Thread#3:T:   at TRID.StepDefinitions.CardsValidationSteps.ThenUpdatedComputedFinanceChargeValueShouldDisplayOnClosingDisclosure() in F:\Projects\TRID QA\trid-462743\QA\UIAutomation\SpecFramework\StepDefinitions\CardsValidationSteps.cs:line 925
Thread#4:T:===========================================================
Thread#0:T:  But was:  647.29999999999995d
Thread#3:T:done: CardsValidationSteps.ThenUpdatedComputedFinanceChargeValueShouldDisplayOnClosingDisclosure() (1.3s)
Thread#4:T:ExpectedDisclosedValue :80.78
Thread#0:T:   at NUnit.Framework.Assert.That[TActual](TActual actual, IResolveConstraint expression, String message, Object[] args)
Thread#4:T:ActualDisclosedValue :80.78
Thread#3:B:And updated/computed Prepaid Charges value should display on Closing Disclosure
Thread#4:T:============================================================
Thread#0:T:   at NUnit.Framework.Assert.AreEqual(Object expected, Object actual, String message, Object[] args)
Thread#2:T:NUnit.Framework.AssertionException:   Computed value does not match as expected with the difference of 137.5
Thread#0:T:   at TRID.StepDefinitions.CardsValidationSteps.ThenUpdatedComputedEstimatedTotalMonthlyPaymentValueShouldDisplayOnClosingDisclosure() in F:\Projects\TRID QA\trid-462743\QA\UIAutomation\SpecFramework\StepDefinitions\CardsValidationSteps.cs:line 701
Thread#2:T:  Expected: 137.5d
Thread#0:T:done: CardsValidationSteps.ThenUpdatedComputedEstimatedTotalMonthlyPaymentValueShouldDisplayOnClosingDisclosure() (1.4s)
Thread#3:T:===========================================================
Thread#1:T:===========================================================
Thread#2:T:  But was:  0.0d
Thread#4:T:===========================================================
Thread#3:T:ExpectedComputedValue :0
Thread#0:B:And updated/computed APR value should display on Closing Disclosure
Thread#2:T:   at NUnit.Framework.Assert.That[TActual](TActual actual, IResolveConstraint expression, String message, Object[] args)
Thread#4:T:ExpectedVarianceValue :0
Thread#1:T:ExpectedDisclosedValue :15.55
Thread#3:T:ActualComputedValue :0
Thread#4:T:ActualVarianceValue :0
Thread#1:T:ActualDisclosedValue :15.55
Thread#3:T:============================================================
Thread#2:T:   at NUnit.Framework.Assert.AreEqual(Object expected, Object actual, String message, Object[] args)
Thread#4:T:============================================================
Thread#2:T:   at TRID.StepDefinitions.CardsValidationSteps.ThenUpdatedComputedEstimatedEscrowValueShouldDisplayOnClosingDisclosure() in F:\Projects\TRID QA\trid-462743\QA\UIAutomation\SpecFramework\StepDefinitions\CardsValidationSteps.cs:line 1319
Thread#1:T:============================================================
Thread#4:T:done: CardsValidationSteps.ThenUpdatedComputedPrepaidChargesValueShouldDisplayOnClosingDisclosure() (2.0s)
Thread#2:T:done: CardsValidationSteps.ThenUpdatedComputedEstimatedEscrowValueShouldDisplayOnClosingDisclosure() (1.6s)
Thread#0:T:NUnit.Framework.AssertionException:   Computed value does not match as expected with the difference of 3.866
Thread#3:T:===========================================================
Thread#4:B:And updated/computed Amount Financed value should display on Closing Disclosure
Thread#0:T:  Expected: 3.8660000000000001d
Thread#2:B:And updated/computed Estimated Taxes, Insurance & Assessments value should display on Closing Disclosure
Thread#3:T:ExpectedDisclosedValue :0
Thread#0:T:  But was:  0.0d
Thread#1:T:===========================================================
Thread#3:T:ActualDisclosedValue :0
Thread#0:T:   at NUnit.Framework.Assert.That[TActual](TActual actual, IResolveConstraint expression, String message, Object[] args)
Thread#2:T:===========================================================
Thread#1:T:ExpectedVarianceValue :0
Thread#0:T:   at NUnit.Framework.Assert.AreEqual(Object expected, Object actual, String message, Object[] args)
Thread#2:T:ExpectedComputedValue :137.5
Thread#3:T:============================================================
Thread#1:T:ActualVarianceValue :0
Thread#4:T:===========================================================
Thread#2:T:ActualComputedValue :137.5
Thread#1:T:============================================================
Thread#0:T:   at TRID.StepDefinitions.CardsValidationSteps.ThenUpdatedComputedAprValueShouldDisplayOnClosingDisclosure() in F:\Projects\TRID QA\trid-462743\QA\UIAutomation\SpecFramework\StepDefinitions\CardsValidationSteps.cs:line 750
Thread#4:T:ExpectedComputedValue :130919.22
Thread#2:T:============================================================
Thread#1:T:done: CardsValidationSteps.ThenUpdatedComputedPrepaidChargesValueShouldDisplayOnClosingDisclosure() (2.2s)
Thread#0:T:done: CardsValidationSteps.ThenUpdatedComputedAprValueShouldDisplayOnClosingDisclosure() (0.5s)
Thread#4:T:ActualComputedValue :130919.22
Thread#1:B:And updated/computed Amount Financed value should display on Closing Disclosure
Thread#0:B:And APRWIN info value should display on Closing Disclosure
Thread#3:T:===========================================================
Thread#2:T:===========================================================
Thread#4:T:============================================================
Thread#3:T:ExpectedVarianceValue :0
Thread#2:T:ExpectedDisclosedValue :137.5
Thread#1:T:===========================================================
Thread#3:T:ActualVarianceValue :0
Thread#0:T:NUnit.Framework.AssertionException:   Apr Info value does not match as expected with the difference of 3.8659
Thread#2:T:ActualDisclosedValue :137.5
Thread#1:T:ExpectedComputedValue :130984.45
Thread#0:T:  Expected: 3.8658999999999999d
Thread#3:T:============================================================
Thread#2:T:============================================================
Thread#4:T:===========================================================
Thread#1:T:ActualComputedValue :130984.45
Thread#0:T:  But was:  0.0d
Thread#4:T:ExpectedDisclosedValue :130919.22
Thread#3:T:done: CardsValidationSteps.ThenUpdatedComputedPrepaidChargesValueShouldDisplayOnClosingDisclosure() (1.1s)
Thread#0:T:   at NUnit.Framework.Assert.That[TActual](TActual actual, IResolveConstraint expression, String message, Object[] args)
Thread#4:T:ActualDisclosedValue :130919.22
Thread#1:T:============================================================
Thread#0:T:   at NUnit.Framework.Assert.AreEqual(Object expected, Object actual, String message, Object[] args)
Thread#4:T:============================================================
Thread#3:B:And updated/computed Amount Financed value should display on Closing Disclosure
Thread#0:T:   at TRID.StepDefinitions.CardsValidationSteps.ThenAprwinInfoValueShouldDisplayOnClosingDisclosure() in F:\Projects\TRID QA\trid-462743\QA\UIAutomation\SpecFramework\StepDefinitions\CardsValidationSteps.cs:line 799
Thread#2:T:===========================================================
Thread#2:T:ExpectedVarianceValue :0
Thread#0:T:done: CardsValidationSteps.ThenAprwinInfoValueShouldDisplayOnClosingDisclosure() (0.4s)
Thread#1:T:===========================================================
Thread#4:T:===========================================================
Thread#2:T:ActualVarianceValue :0
Thread#0:B:And updated/computed Balloon Amount value should display on Closing Disclosure
Thread#1:T:ExpectedDisclosedValue :130984.45
Thread#4:T:ExpectedVarianceValue :0
Thread#2:T:============================================================
Thread#1:T:ActualDisclosedValue :130984.45
Thread#3:T:===========================================================
Thread#4:T:ActualVarianceValue :0
Thread#2:T:done: CardsValidationSteps.ThenUpdatedComputedEstimatedTaxesInsuranceAssessmentsValueShouldDisplayOnClosingDisclosure() (0.9s)
Thread#3:T:ExpectedComputedValue :131000
Thread#4:T:============================================================
Thread#1:T:============================================================
Thread#3:T:ActualComputedValue :131000
Thread#4:T:done: CardsValidationSteps.ThenUpdatedComputedAmountFinancedValueShouldDisplayOnClosingDisclosure() (1.0s)
Thread#0:T:NUnit.Framework.AssertionException:   Computed value does not match as expected with the difference of 1.70999999999992
Thread#3:T:============================================================
Thread#4:B:And updated/computed TIP value should display on Closing Disclosure
Thread#2:Scheduler: get next test for thread
Thread#:Scheduler: at the end of normal test queue
Thread#2:Scheduler: enumerator for thread is at end
Thread#2:Scheduler: No more tests for thread 
Thread#0:T:  Expected: 605.20000000000005d
Thread#1:T:===========================================================
Thread#0:T:  But was:  606.90999999999997d
Thread#1:T:ExpectedVarianceValue :0
Thread#4:T:NUnit.Framework.AssertionException:   Computed value does not match as expected with the difference of 67.35
Thread#0:T:   at NUnit.Framework.Assert.That[TActual](TActual actual, IResolveConstraint expression, String message, Object[] args)
Thread#3:T:===========================================================
Thread#4:T:  Expected: 67.989999999999995d
Thread#1:T:ActualVarianceValue :0
Thread#0:T:   at NUnit.Framework.Assert.AreEqual(Object expected, Object actual, String message, Object[] args)
Thread#3:T:ExpectedDisclosedValue :131000
Thread#4:T:  But was:  0.64000000000000001d
Thread#0:T:   at TRID.StepDefinitions.CardsValidationSteps.ThenUpdatedComputedBalloonAmountValueShouldDisplayOnClosingDisclosure() in F:\Projects\TRID QA\trid-462743\QA\UIAutomation\SpecFramework\StepDefinitions\CardsValidationSteps.cs:line 827
Thread#1:T:============================================================
Thread#3:T:ActualDisclosedValue :131000
Thread#4:T:   at NUnit.Framework.Assert.That[TActual](TActual actual, IResolveConstraint expression, String message, Object[] args)
Thread#1:T:done: CardsValidationSteps.ThenUpdatedComputedAmountFinancedValueShouldDisplayOnClosingDisclosure() (1.1s)
Thread#0:T:done: CardsValidationSteps.ThenUpdatedComputedBalloonAmountValueShouldDisplayOnClosingDisclosure() (0.5s)
Thread#3:T:============================================================
Thread#4:T:   at NUnit.Framework.Assert.AreEqual(Object expected, Object actual, String message, Object[] args)
Thread#1:B:And updated/computed TIP value should display on Closing Disclosure
Thread#0:B:And updated/computed Total of Payments value should display on Closing Disclosure
Thread#4:T:   at TRID.StepDefinitions.CardsValidationSteps.ThenUpdatedComputedTipValueShouldDisplayOnClosingDisclosure() in F:\Projects\TRID QA\trid-462743\QA\UIAutomation\SpecFramework\StepDefinitions\CardsValidationSteps.cs:line 1072
Thread#3:T:===========================================================
Thread#4:T:done: CardsValidationSteps.ThenUpdatedComputedTipValueShouldDisplayOnClosingDisclosure() (0.4s)
Thread#0:T:NUnit.Framework.AssertionException:   Computed value does not match as expected with the difference of 219777.31
Thread#3:T:ExpectedVarianceValue :0
Thread#1:T:NUnit.Framework.AssertionException:   Computed value does not match as expected with the difference of 56.16
Thread#4:B:And updated/computed Escrow Property Costs over one year 11 Months value should display on Closing Disclosure
Thread#0:T:  Expected: 220424.60999999999d
Thread#1:T:  Expected: 56.299999999999997d
Thread#3:T:ActualVarianceValue :0
Thread#0:T:  But was:  647.29999999999995d
Thread#1:T:  But was:  0.14000000000000001d
Thread#3:T:============================================================
Thread#0:T:   at NUnit.Framework.Assert.That[TActual](TActual actual, IResolveConstraint expression, String message, Object[] args)
Thread#3:T:done: CardsValidationSteps.ThenUpdatedComputedAmountFinancedValueShouldDisplayOnClosingDisclosure() (1.0s)
Thread#1:T:   at NUnit.Framework.Assert.That[TActual](TActual actual, IResolveConstraint expression, String message, Object[] args)
Thread#4:T:NUnit.Framework.AssertionException:   Computed value does not match as expected with the difference of 3300
Thread#0:T:   at NUnit.Framework.Assert.AreEqual(Object expected, Object actual, String message, Object[] args)
Thread#3:B:And updated/computed TIP value should display on Closing Disclosure
Thread#4:T:  Expected: 3300.0d
Thread#1:T:   at NUnit.Framework.Assert.AreEqual(Object expected, Object actual, String message, Object[] args)
Thread#0:T:   at TRID.StepDefinitions.CardsValidationSteps.ThenUpdatedComputedTotalOfPaymentsValueShouldDisplayOnClosingDisclosure() in F:\Projects\TRID QA\trid-462743\QA\UIAutomation\SpecFramework\StepDefinitions\CardsValidationSteps.cs:line 876
Thread#4:T:  But was:  0.0d
Thread#1:T:   at TRID.StepDefinitions.CardsValidationSteps.ThenUpdatedComputedTipValueShouldDisplayOnClosingDisclosure() in F:\Projects\TRID QA\trid-462743\QA\UIAutomation\SpecFramework\StepDefinitions\CardsValidationSteps.cs:line 1072
Thread#0:T:done: CardsValidationSteps.ThenUpdatedComputedTotalOfPaymentsValueShouldDisplayOnClosingDisclosure() (0.4s)
Thread#3:T:NUnit.Framework.AssertionException:   Computed value does not match as expected with the difference of 67.53
Thread#4:T:   at NUnit.Framework.Assert.That[TActual](TActual actual, IResolveConstraint expression, String message, Object[] args)
Thread#1:T:done: CardsValidationSteps.ThenUpdatedComputedTipValueShouldDisplayOnClosingDisclosure() (0.4s)
Thread#0:B:And updated/computed Finance Charge value should display on Closing Disclosure
Thread#3:T:  Expected: 67.849999999999994d
Thread#1:B:And updated/computed Escrow Property Costs over one year 11 Months value should display on Closing Disclosure
Thread#4:T:   at NUnit.Framework.Assert.AreEqual(Object expected, Object actual, String message, Object[] args)
Thread#3:T:  But was:  0.32000000000000001d
Thread#4:T:   at TRID.StepDefinitions.CardsValidationSteps.ThenUpdatedComputedEscrowPropertyCostsOverOneYear11MonthsValueShouldDisplayOnClosingDisclosure() in F:\Projects\TRID QA\trid-462743\QA\UIAutomation\SpecFramework\StepDefinitions\CardsValidationSteps.cs:line 1121
Thread#0:T:NUnit.Framework.AssertionException:   Computed value does not match as expected with the difference of 88966.99
Thread#3:T:   at NUnit.Framework.Assert.That[TActual](TActual actual, IResolveConstraint expression, String message, Object[] args)
Thread#1:T:NUnit.Framework.AssertionException:   Computed value does not match as expected with the difference of 3300.18
Thread#4:T:done: CardsValidationSteps.ThenUpdatedComputedEscrowPropertyCostsOverOneYear11MonthsValueShouldDisplayOnClosingDisclosure() (0.4s)
Thread#0:T:  Expected: 89424.610000000001d
Thread#3:T:   at NUnit.Framework.Assert.AreEqual(Object expected, Object actual, String message, Object[] args)
Thread#1:T:  Expected: 3300.1799999999998d
Thread#4:B:And updated/computed Escrow Property Costs over one year 12 Months value should display on Closing Disclosure
Thread#0:T:  But was:  457.62d
Thread#3:T:   at TRID.StepDefinitions.CardsValidationSteps.ThenUpdatedComputedTipValueShouldDisplayOnClosingDisclosure() in F:\Projects\TRID QA\trid-462743\QA\UIAutomation\SpecFramework\StepDefinitions\CardsValidationSteps.cs:line 1072
Thread#1:T:  But was:  0.0d
Thread#0:T:   at NUnit.Framework.Assert.That[TActual](TActual actual, IResolveConstraint expression, String message, Object[] args)
Thread#3:T:done: CardsValidationSteps.ThenUpdatedComputedTipValueShouldDisplayOnClosingDisclosure() (0.4s)
Thread#1:T:   at NUnit.Framework.Assert.That[TActual](TActual actual, IResolveConstraint expression, String message, Object[] args)
Thread#0:T:   at NUnit.Framework.Assert.AreEqual(Object expected, Object actual, String message, Object[] args)
Thread#4:T:NUnit.Framework.AssertionException:   Computed value does not match as expected with the difference of 3300
Thread#3:B:And updated/computed Escrow Property Costs over one year 11 Months value should display on Closing Disclosure
Thread#1:T:   at NUnit.Framework.Assert.AreEqual(Object expected, Object actual, String message, Object[] args)
Thread#0:T:   at TRID.StepDefinitions.CardsValidationSteps.ThenUpdatedComputedFinanceChargeValueShouldDisplayOnClosingDisclosure() in F:\Projects\TRID QA\trid-462743\QA\UIAutomation\SpecFramework\StepDefinitions\CardsValidationSteps.cs:line 925
Thread#4:T:  Expected: 3300.0d
Thread#1:T:   at TRID.StepDefinitions.CardsValidationSteps.ThenUpdatedComputedEscrowPropertyCostsOverOneYear11MonthsValueShouldDisplayOnClosingDisclosure() in F:\Projects\TRID QA\trid-462743\QA\UIAutomation\SpecFramework\StepDefinitions\CardsValidationSteps.cs:line 1121
Thread#0:T:done: CardsValidationSteps.ThenUpdatedComputedFinanceChargeValueShouldDisplayOnClosingDisclosure() (0.4s)
Thread#4:T:  But was:  0.0d
Thread#3:T:NUnit.Framework.AssertionException:   Computed value does not match as expected with the difference of 3300
Thread#1:T:done: CardsValidationSteps.ThenUpdatedComputedEscrowPropertyCostsOverOneYear11MonthsValueShouldDisplayOnClosingDisclosure() (0.4s)
Thread#0:B:And updated/computed Prepaid Charges value should display on Closing Disclosure
Thread#4:T:   at NUnit.Framework.Assert.That[TActual](TActual actual, IResolveConstraint expression, String message, Object[] args)
Thread#3:T:  Expected: 3300.0d
Thread#1:B:And updated/computed Escrow Property Costs over one year 12 Months value should display on Closing Disclosure
Thread#4:T:   at NUnit.Framework.Assert.AreEqual(Object expected, Object actual, String message, Object[] args)
Thread#3:T:  But was:  0.0d
Thread#4:T:   at TRID.StepDefinitions.CardsValidationSteps.ThenUpdatedComputedEscrowPropertyCostsOverOneYear12MonthsValueShouldDisplayOnClosingDisclosure() in F:\Projects\TRID QA\trid-462743\QA\UIAutomation\SpecFramework\StepDefinitions\CardsValidationSteps.cs:line 1170
Thread#3:T:   at NUnit.Framework.Assert.That[TActual](TActual actual, IResolveConstraint expression, String message, Object[] args)
Thread#4:T:done: CardsValidationSteps.ThenUpdatedComputedEscrowPropertyCostsOverOneYear12MonthsValueShouldDisplayOnClosingDisclosure() (0.4s)
Thread#0:T:===========================================================
Thread#3:T:   at NUnit.Framework.Assert.AreEqual(Object expected, Object actual, String message, Object[] args)
Thread#1:T:NUnit.Framework.AssertionException:   Computed value does not match as expected with the difference of 3300.18
Thread#4:B:And updated/computed Initial Escrow Payment value should display on Closing Disclosure
Thread#0:T:ExpectedComputedValue :0
Thread#3:T:   at TRID.StepDefinitions.CardsValidationSteps.ThenUpdatedComputedEscrowPropertyCostsOverOneYear11MonthsValueShouldDisplayOnClosingDisclosure() in F:\Projects\TRID QA\trid-462743\QA\UIAutomation\SpecFramework\StepDefinitions\CardsValidationSteps.cs:line 1121
Thread#1:T:  Expected: 3300.1799999999998d
Thread#0:T:ActualComputedValue :0
Thread#3:T:done: CardsValidationSteps.ThenUpdatedComputedEscrowPropertyCostsOverOneYear11MonthsValueShouldDisplayOnClosingDisclosure() (0.4s)
Thread#1:T:  But was:  0.0d
Thread#0:T:============================================================
Thread#4:T:NUnit.Framework.AssertionException:   Computed value does not match as expected with the difference of 750
Thread#3:B:And updated/computed Escrow Property Costs over one year 12 Months value should display on Closing Disclosure
Thread#1:T:   at NUnit.Framework.Assert.That[TActual](TActual actual, IResolveConstraint expression, String message, Object[] args)
Thread#4:T:  Expected: 750.0d
Thread#1:T:   at NUnit.Framework.Assert.AreEqual(Object expected, Object actual, String message, Object[] args)
Thread#0:T:===========================================================
Thread#4:T:  But was:  0.0d
Thread#0:T:ExpectedDisclosedValue :0
Thread#1:T:   at TRID.StepDefinitions.CardsValidationSteps.ThenUpdatedComputedEscrowPropertyCostsOverOneYear12MonthsValueShouldDisplayOnClosingDisclosure() in F:\Projects\TRID QA\trid-462743\QA\UIAutomation\SpecFramework\StepDefinitions\CardsValidationSteps.cs:line 1170
Thread#4:T:   at NUnit.Framework.Assert.That[TActual](TActual actual, IResolveConstraint expression, String message, Object[] args)
Thread#0:T:ActualDisclosedValue :0
Thread#1:T:done: CardsValidationSteps.ThenUpdatedComputedEscrowPropertyCostsOverOneYear12MonthsValueShouldDisplayOnClosingDisclosure() (0.4s)
Thread#4:T:   at NUnit.Framework.Assert.AreEqual(Object expected, Object actual, String message, Object[] args)
Thread#3:T:NUnit.Framework.AssertionException:   Computed value does not match as expected with the difference of 3300
Thread#0:T:============================================================
Thread#1:B:And updated/computed Initial Escrow Payment value should display on Closing Disclosure
Thread#4:T:   at TRID.StepDefinitions.CardsValidationSteps.ThenUpdatedComputedInitialEscrowPaymentValueShouldDisplayOnClosingDisclosure() in F:\Projects\TRID QA\trid-462743\QA\UIAutomation\SpecFramework\StepDefinitions\CardsValidationSteps.cs:line 1220
Thread#3:T:  Expected: 3300.0d
Thread#4:T:done: CardsValidationSteps.ThenUpdatedComputedInitialEscrowPaymentValueShouldDisplayOnClosingDisclosure() (0.4s)
Thread#3:T:  But was:  0.0d
Thread#0:T:===========================================================
Thread#1:T:NUnit.Framework.AssertionException:   Computed value does not match as expected with the difference of 798.43
Thread#4:B:And updated/computed Non Escrow Property Costs over one year value should display on Closing Disclosure
Thread#3:T:   at NUnit.Framework.Assert.That[TActual](TActual actual, IResolveConstraint expression, String message, Object[] args)
Thread#1:T:  Expected: 798.42999999999995d
Thread#0:T:ExpectedVarianceValue :0
Thread#3:T:   at NUnit.Framework.Assert.AreEqual(Object expected, Object actual, String message, Object[] args)
Thread#1:T:  But was:  0.0d
Thread#0:T:ActualVarianceValue :0
Thread#3:T:   at TRID.StepDefinitions.CardsValidationSteps.ThenUpdatedComputedEscrowPropertyCostsOverOneYear12MonthsValueShouldDisplayOnClosingDisclosure() in F:\Projects\TRID QA\trid-462743\QA\UIAutomation\SpecFramework\StepDefinitions\CardsValidationSteps.cs:line 1170
Thread#1:T:   at NUnit.Framework.Assert.That[TActual](TActual actual, IResolveConstraint expression, String message, Object[] args)
Thread#0:T:============================================================
Thread#3:T:done: CardsValidationSteps.ThenUpdatedComputedEscrowPropertyCostsOverOneYear12MonthsValueShouldDisplayOnClosingDisclosure() (0.5s)
Thread#1:T:   at NUnit.Framework.Assert.AreEqual(Object expected, Object actual, String message, Object[] args)
Thread#4:T:===========================================================
Thread#0:T:done: CardsValidationSteps.ThenUpdatedComputedPrepaidChargesValueShouldDisplayOnClosingDisclosure() (0.9s)
Thread#1:T:   at TRID.StepDefinitions.CardsValidationSteps.ThenUpdatedComputedInitialEscrowPaymentValueShouldDisplayOnClosingDisclosure() in F:\Projects\TRID QA\trid-462743\QA\UIAutomation\SpecFramework\StepDefinitions\CardsValidationSteps.cs:line 1220
Thread#3:B:And updated/computed Initial Escrow Payment value should display on Closing Disclosure
Thread#4:T:ExpectedComputedValue :0
Thread#0:B:And updated/computed Amount Financed value should display on Closing Disclosure
Thread#1:T:done: CardsValidationSteps.ThenUpdatedComputedInitialEscrowPaymentValueShouldDisplayOnClosingDisclosure() (0.4s)
Thread#4:T:ActualComputedValue :0
Thread#1:B:And updated/computed Non Escrow Property Costs over one year value should display on Closing Disclosure
Thread#3:T:NUnit.Framework.AssertionException:   Computed value does not match as expected with the difference of 750
Thread#4:T:============================================================
Thread#0:T:===========================================================
Thread#3:T:  Expected: 750.0d
Thread#0:T:ExpectedComputedValue :131000
Thread#1:T:===========================================================
Thread#3:T:  But was:  0.0d
Thread#0:T:ActualComputedValue :131000
Thread#4:T:===========================================================
Thread#1:T:ExpectedComputedValue :0
Thread#3:T:   at NUnit.Framework.Assert.That[TActual](TActual actual, IResolveConstraint expression, String message, Object[] args)
Thread#4:T:ExpectedDisclosedValue :0
Thread#0:T:============================================================
Thread#1:T:ActualComputedValue :0
Thread#3:T:   at NUnit.Framework.Assert.AreEqual(Object expected, Object actual, String message, Object[] args)
Thread#4:T:ActualDisclosedValue :0
Thread#3:T:   at TRID.StepDefinitions.CardsValidationSteps.ThenUpdatedComputedInitialEscrowPaymentValueShouldDisplayOnClosingDisclosure() in F:\Projects\TRID QA\trid-462743\QA\UIAutomation\SpecFramework\StepDefinitions\CardsValidationSteps.cs:line 1220
Thread#1:T:============================================================
Thread#4:T:============================================================
Thread#0:T:===========================================================
Thread#3:T:done: CardsValidationSteps.ThenUpdatedComputedInitialEscrowPaymentValueShouldDisplayOnClosingDisclosure() (0.4s)
Thread#0:T:ExpectedDisclosedValue :131000
Thread#3:B:And updated/computed Non Escrow Property Costs over one year value should display on Closing Disclosure
Thread#1:T:===========================================================
Thread#0:T:ActualDisclosedValue :131000
Thread#4:T:===========================================================
Thread#1:T:ExpectedDisclosedValue :0
Thread#4:T:ExpectedVarianceValue :0
Thread#0:T:============================================================
Thread#1:T:ActualDisclosedValue :0
Thread#4:T:ActualVarianceValue :0
Thread#1:T:============================================================
Thread#4:T:============================================================
Thread#3:T:===========================================================
Thread#4:T:done: CardsValidationSteps.ThenUpdatedComputedNonEscrowPropertyCostsOverOneYearValueShouldDisplayOnClosingDisclosure() (0.9s)
Thread#0:T:===========================================================
Thread#3:T:ExpectedComputedValue :0
Thread#1:T:===========================================================
Thread#4:B:And updated/computed Estimated Escrow value should display on Closing Disclosure
Thread#0:T:ExpectedVarianceValue :0
Thread#3:T:ActualComputedValue :0
Thread#1:T:ExpectedVarianceValue :0
Thread#0:T:ActualVarianceValue :0
Thread#3:T:============================================================
Thread#1:T:ActualVarianceValue :0
Thread#4:T:NUnit.Framework.AssertionException:   Computed value does not match as expected with the difference of 550
Thread#0:T:============================================================
Thread#1:T:============================================================
Thread#4:T:  Expected: 550.0d
Thread#0:T:done: CardsValidationSteps.ThenUpdatedComputedAmountFinancedValueShouldDisplayOnClosingDisclosure() (0.9s)
Thread#3:T:===========================================================
Thread#1:T:done: CardsValidationSteps.ThenUpdatedComputedNonEscrowPropertyCostsOverOneYearValueShouldDisplayOnClosingDisclosure() (0.8s)
Thread#4:T:  But was:  0.0d
Thread#0:B:And updated/computed TIP value should display on Closing Disclosure
Thread#3:T:ExpectedDisclosedValue :0
Thread#1:B:And updated/computed Estimated Escrow value should display on Closing Disclosure
Thread#4:T:   at NUnit.Framework.Assert.That[TActual](TActual actual, IResolveConstraint expression, String message, Object[] args)
Thread#3:T:ActualDisclosedValue :0
Thread#4:T:   at NUnit.Framework.Assert.AreEqual(Object expected, Object actual, String message, Object[] args)
Thread#0:T:NUnit.Framework.AssertionException:   Computed value does not match as expected with the difference of 66.46
Thread#3:T:============================================================
Thread#1:T:NUnit.Framework.AssertionException:   Computed value does not match as expected with the difference of 126.93
Thread#0:T:  Expected: 66.780000000000001d
Thread#4:T:   at TRID.StepDefinitions.CardsValidationSteps.ThenUpdatedComputedEstimatedEscrowValueShouldDisplayOnClosingDisclosure() in F:\Projects\TRID QA\trid-462743\QA\UIAutomation\SpecFramework\StepDefinitions\CardsValidationSteps.cs:line 1319
Thread#1:T:  Expected: 126.93000000000001d
Thread#0:T:  But was:  0.32000000000000001d
Thread#4:T:done: CardsValidationSteps.ThenUpdatedComputedEstimatedEscrowValueShouldDisplayOnClosingDisclosure() (0.4s)
Thread#3:T:===========================================================
Thread#1:T:  But was:  0.0d
Thread#0:T:   at NUnit.Framework.Assert.That[TActual](TActual actual, IResolveConstraint expression, String message, Object[] args)
Thread#3:T:ExpectedVarianceValue :0
Thread#4:B:And updated/computed Estimated Taxes, Insurance & Assessments value should display on Closing Disclosure
Thread#1:T:   at NUnit.Framework.Assert.That[TActual](TActual actual, IResolveConstraint expression, String message, Object[] args)
Thread#0:T:   at NUnit.Framework.Assert.AreEqual(Object expected, Object actual, String message, Object[] args)
Thread#3:T:ActualVarianceValue :0
Thread#1:T:   at NUnit.Framework.Assert.AreEqual(Object expected, Object actual, String message, Object[] args)
Thread#0:T:   at TRID.StepDefinitions.CardsValidationSteps.ThenUpdatedComputedTipValueShouldDisplayOnClosingDisclosure() in F:\Projects\TRID QA\trid-462743\QA\UIAutomation\SpecFramework\StepDefinitions\CardsValidationSteps.cs:line 1072
Thread#3:T:============================================================
Thread#4:T:===========================================================
Thread#1:T:   at TRID.StepDefinitions.CardsValidationSteps.ThenUpdatedComputedEstimatedEscrowValueShouldDisplayOnClosingDisclosure() in F:\Projects\TRID QA\trid-462743\QA\UIAutomation\SpecFramework\StepDefinitions\CardsValidationSteps.cs:line 1319
Thread#0:T:done: CardsValidationSteps.ThenUpdatedComputedTipValueShouldDisplayOnClosingDisclosure() (0.4s)
Thread#3:T:done: CardsValidationSteps.ThenUpdatedComputedNonEscrowPropertyCostsOverOneYearValueShouldDisplayOnClosingDisclosure() (0.9s)
Thread#4:T:ExpectedComputedValue :550
Thread#1:T:done: CardsValidationSteps.ThenUpdatedComputedEstimatedEscrowValueShouldDisplayOnClosingDisclosure() (0.4s)
Thread#0:B:And updated/computed Escrow Property Costs over one year 11 Months value should display on Closing Disclosure
Thread#3:B:And updated/computed Estimated Escrow value should display on Closing Disclosure
Thread#4:T:ActualComputedValue :550
Thread#1:B:And updated/computed Estimated Taxes, Insurance & Assessments value should display on Closing Disclosure
Thread#4:T:============================================================
Thread#0:T:NUnit.Framework.AssertionException:   Computed value does not match as expected with the difference of 2400
Thread#3:T:NUnit.Framework.AssertionException:   Computed value does not match as expected with the difference of 275
Thread#1:T:NUnit.Framework.AssertionException:   Computed value does not match as expected with the difference of 0.0100000000000051
Thread#0:T:  Expected: 2400.0d
Thread#3:T:  Expected: 275.0d
Thread#1:T:  Expected: 126.93000000000001d
Thread#4:T:===========================================================
Thread#0:T:  But was:  0.0d
Thread#3:T:  But was:  0.0d
Thread#4:T:ExpectedDisclosedValue :550
Thread#1:T:  But was:  126.92d
Thread#0:T:   at NUnit.Framework.Assert.That[TActual](TActual actual, IResolveConstraint expression, String message, Object[] args)
Thread#3:T:   at NUnit.Framework.Assert.That[TActual](TActual actual, IResolveConstraint expression, String message, Object[] args)
Thread#4:T:ActualDisclosedValue :550
Thread#1:T:   at NUnit.Framework.Assert.That[TActual](TActual actual, IResolveConstraint expression, String message, Object[] args)
Thread#0:T:   at NUnit.Framework.Assert.AreEqual(Object expected, Object actual, String message, Object[] args)
Thread#3:T:   at NUnit.Framework.Assert.AreEqual(Object expected, Object actual, String message, Object[] args)
Thread#4:T:============================================================
Thread#0:T:   at TRID.StepDefinitions.CardsValidationSteps.ThenUpdatedComputedEscrowPropertyCostsOverOneYear11MonthsValueShouldDisplayOnClosingDisclosure() in F:\Projects\TRID QA\trid-462743\QA\UIAutomation\SpecFramework\StepDefinitions\CardsValidationSteps.cs:line 1121
Thread#1:T:   at NUnit.Framework.Assert.AreEqual(Object expected, Object actual, String message, Object[] args)
Thread#0:T:done: CardsValidationSteps.ThenUpdatedComputedEscrowPropertyCostsOverOneYear11MonthsValueShouldDisplayOnClosingDisclosure() (0.4s)
Thread#3:T:   at TRID.StepDefinitions.CardsValidationSteps.ThenUpdatedComputedEstimatedEscrowValueShouldDisplayOnClosingDisclosure() in F:\Projects\TRID QA\trid-462743\QA\UIAutomation\SpecFramework\StepDefinitions\CardsValidationSteps.cs:line 1319
Thread#1:T:   at TRID.StepDefinitions.CardsValidationSteps.ThenUpdatedComputedEstimatedTaxesInsuranceAssessmentsValueShouldDisplayOnClosingDisclosure() in F:\Projects\TRID QA\trid-462743\QA\UIAutomation\SpecFramework\StepDefinitions\CardsValidationSteps.cs:line 1368
Thread#0:B:And updated/computed Escrow Property Costs over one year 12 Months value should display on Closing Disclosure
Thread#3:T:done: CardsValidationSteps.ThenUpdatedComputedEstimatedEscrowValueShouldDisplayOnClosingDisclosure() (0.4s)
Thread#1:T:done: CardsValidationSteps.ThenUpdatedComputedEstimatedTaxesInsuranceAssessmentsValueShouldDisplayOnClosingDisclosure() (0.4s)
Thread#4:T:===========================================================
Thread#3:B:And updated/computed Estimated Taxes, Insurance & Assessments value should display on Closing Disclosure
Thread#4:T:ExpectedVarianceValue :0
Thread#0:T:NUnit.Framework.AssertionException:   Computed value does not match as expected with the difference of 2400
Thread#1:Scheduler: get next test for thread
Thread#:Scheduler: at the end of normal test queue
Thread#1:Scheduler: enumerator for thread is at end
Thread#1:Scheduler: No more tests for thread 
Thread#4:T:ActualVarianceValue :0
Thread#0:T:  Expected: 2400.0d
Thread#3:T:===========================================================
Thread#4:T:============================================================
Thread#0:T:  But was:  0.0d
Thread#3:T:ExpectedComputedValue :275
Thread#4:T:done: CardsValidationSteps.ThenUpdatedComputedEstimatedTaxesInsuranceAssessmentsValueShouldDisplayOnClosingDisclosure() (0.8s)
Thread#3:T:ActualComputedValue :275
Thread#0:T:   at NUnit.Framework.Assert.That[TActual](TActual actual, IResolveConstraint expression, String message, Object[] args)
Thread#3:T:============================================================
Thread#0:T:   at NUnit.Framework.Assert.AreEqual(Object expected, Object actual, String message, Object[] args)
Thread#4:Scheduler: get next test for thread
Thread#:Scheduler: at the end of normal test queue
Thread#4:Scheduler: enumerator for thread is at end
Thread#4:Scheduler: No more tests for thread 
Thread#0:T:   at TRID.StepDefinitions.CardsValidationSteps.ThenUpdatedComputedEscrowPropertyCostsOverOneYear12MonthsValueShouldDisplayOnClosingDisclosure() in F:\Projects\TRID QA\trid-462743\QA\UIAutomation\SpecFramework\StepDefinitions\CardsValidationSteps.cs:line 1170
Thread#3:T:===========================================================
Thread#0:T:done: CardsValidationSteps.ThenUpdatedComputedEscrowPropertyCostsOverOneYear12MonthsValueShouldDisplayOnClosingDisclosure() (0.4s)
Thread#3:T:ExpectedDisclosedValue :275
Thread#0:B:And updated/computed Initial Escrow Payment value should display on Closing Disclosure
Thread#3:T:ActualDisclosedValue :275
Thread#3:T:============================================================
Thread#0:T:NUnit.Framework.AssertionException:   Computed value does not match as expected with the difference of 1200
Thread#0:T:  Expected: 1200.0d
Thread#3:T:===========================================================
Thread#0:T:  But was:  0.0d
Thread#3:T:ExpectedVarianceValue :0
Thread#0:T:   at NUnit.Framework.Assert.That[TActual](TActual actual, IResolveConstraint expression, String message, Object[] args)
Thread#3:T:ActualVarianceValue :0
Thread#0:T:   at NUnit.Framework.Assert.AreEqual(Object expected, Object actual, String message, Object[] args)
Thread#3:T:============================================================
Thread#0:T:   at TRID.StepDefinitions.CardsValidationSteps.ThenUpdatedComputedInitialEscrowPaymentValueShouldDisplayOnClosingDisclosure() in F:\Projects\TRID QA\trid-462743\QA\UIAutomation\SpecFramework\StepDefinitions\CardsValidationSteps.cs:line 1220
Thread#0:T:done: CardsValidationSteps.ThenUpdatedComputedInitialEscrowPaymentValueShouldDisplayOnClosingDisclosure() (0.3s)
Thread#3:T:done: CardsValidationSteps.ThenUpdatedComputedEstimatedTaxesInsuranceAssessmentsValueShouldDisplayOnClosingDisclosure() (0.7s)
Thread#0:B:And updated/computed Non Escrow Property Costs over one year value should display on Closing Disclosure
Thread#3:Scheduler: get next test for thread
Thread#:Scheduler: at the end of normal test queue
Thread#3:Scheduler: enumerator for thread is at end
Thread#3:Scheduler: No more tests for thread 
Thread#0:T:NUnit.Framework.AssertionException:   Computed value does not match as expected with the difference of 900
Thread#0:T:  Expected: 900.0d
Thread#0:T:  But was:  0.0d
Thread#0:T:   at NUnit.Framework.Assert.That[TActual](TActual actual, IResolveConstraint expression, String message, Object[] args)
Thread#0:T:   at NUnit.Framework.Assert.AreEqual(Object expected, Object actual, String message, Object[] args)
Thread#0:T:   at TRID.StepDefinitions.CardsValidationSteps.ThenUpdatedComputedNonEscrowPropertyCostsOverOneYearValueShouldDisplayOnClosingDisclosure() in F:\Projects\TRID QA\trid-462743\QA\UIAutomation\SpecFramework\StepDefinitions\CardsValidationSteps.cs:line 1270
Thread#0:T:done: CardsValidationSteps.ThenUpdatedComputedNonEscrowPropertyCostsOverOneYearValueShouldDisplayOnClosingDisclosure() (0.3s)
Thread#0:B:And updated/computed Estimated Escrow value should display on Closing Disclosure
Thread#0:T:NUnit.Framework.AssertionException:   Computed value does not match as expected with the difference of 200
Thread#0:T:  Expected: 200.0d
Thread#0:T:  But was:  0.0d
Thread#0:T:   at NUnit.Framework.Assert.That[TActual](TActual actual, IResolveConstraint expression, String message, Object[] args)
Thread#0:T:   at NUnit.Framework.Assert.AreEqual(Object expected, Object actual, String message, Object[] args)
Thread#0:T:   at TRID.StepDefinitions.CardsValidationSteps.ThenUpdatedComputedEstimatedEscrowValueShouldDisplayOnClosingDisclosure() in F:\Projects\TRID QA\trid-462743\QA\UIAutomation\SpecFramework\StepDefinitions\CardsValidationSteps.cs:line 1319
Thread#0:T:done: CardsValidationSteps.ThenUpdatedComputedEstimatedEscrowValueShouldDisplayOnClosingDisclosure() (0.2s)
Thread#0:B:And updated/computed Estimated Taxes, Insurance & Assessments value should display on Closing Disclosure
Thread#0:T:===========================================================
Thread#0:T:ExpectedComputedValue :275
Thread#0:T:ActualComputedValue :275
Thread#0:T:============================================================
Thread#0:T:===========================================================
Thread#0:T:ExpectedDisclosedValue :275
Thread#0:T:ActualDisclosedValue :275
Thread#0:T:============================================================
Thread#0:T:===========================================================
Thread#0:T:ExpectedVarianceValue :0
Thread#0:T:ActualVarianceValue :0
Thread#0:T:============================================================
Thread#0:T:done: CardsValidationSteps.ThenUpdatedComputedEstimatedTaxesInsuranceAssessmentsValueShouldDisplayOnClosingDisclosure() (0.5s)
Thread#0:Scheduler: get next test for thread
Thread#:Scheduler: at the end of normal test queue
Thread#0:Scheduler: enumerator for thread is at end
Thread#0:Scheduler: No more tests for thread 
Thread#2:T:##########################################################
Thread#2:T:##########################################################
Thread#2:T:====================================================================================
Thread#2:T:Scenario Number : 9
Thread#2:T:The total number of cards Failue: 12
Thread#2:T:Name of cards Failed: || ScheduledPMITerminationDate || : System.FormatException: The string was not recognized as a valid DateTime. There is an unknown word starting at index 1.
Thread#2:T:   at System.DateTimeParse.Parse(String s, DateTimeFormatInfo dtfi, DateTimeStyles styles)
Thread#2:T:   at System.Convert.ToDateTime(String value)
Thread#2:T:   at TRID.ProjectLibs.Common.ProjActions.GetDatePart(By element) in F:\Projects\TRID QA\trid-462743\QA\UIAutomation\SpecFramework\ProjectLibs\Common\ProjActions.cs:line 100
Thread#2:T:   at TRID.StepDefinitions.CardsValidationSteps.ThenUpdatedComputedScheduledPmiTerminationDateValueShouldDisplayOnClosingDisclosure() in F:\Projects\TRID QA\trid-462743\QA\UIAutomation\SpecFramework\StepDefinitions\CardsValidationSteps.cs:line 603 
Thread#2:T: ====================================================================================
Thread#2:T:|| EstimatedTotalMonthlyPayment || : NUnit.Framework.AssertionException:   Computed value does not match as expected with the difference of 137.5
Thread#2:T:  Expected: 461.16000000000002d
Thread#2:T:  But was:  323.66000000000003d
Thread#2:T:   at NUnit.Framework.Assert.That[TActual](TActual actual, IResolveConstraint expression, String message, Object[] args)
Thread#2:T:   at NUnit.Framework.Assert.AreEqual(Object expected, Object actual, String message, Object[] args)
Thread#2:T:   at TRID.StepDefinitions.CardsValidationSteps.ThenUpdatedComputedEstimatedTotalMonthlyPaymentValueShouldDisplayOnClosingDisclosure() in F:\Projects\TRID QA\trid-462743\QA\UIAutomation\SpecFramework\StepDefinitions\CardsValidationSteps.cs:line 701 
Thread#2:T: ====================================================================================
Thread#2:T:|| APR || : NUnit.Framework.AssertionException:   Computed value does not match as expected with the difference of 3.863
Thread#2:T:  Expected: 3.863d
Thread#2:T:  But was:  0.0d
Thread#2:T:   at NUnit.Framework.Assert.That[TActual](TActual actual, IResolveConstraint expression, String message, Object[] args)
Thread#2:T:   at NUnit.Framework.Assert.AreEqual(Object expected, Object actual, String message, Object[] args)
Thread#2:T:   at TRID.StepDefinitions.CardsValidationSteps.ThenUpdatedComputedAprValueShouldDisplayOnClosingDisclosure() in F:\Projects\TRID QA\trid-462743\QA\UIAutomation\SpecFramework\StepDefinitions\CardsValidationSteps.cs:line 750 
Thread#2:T: ====================================================================================
Thread#2:T:|| APRWIN || : NUnit.Framework.AssertionException:   Apr Info value does not match as expected with the difference of 3.8633
Thread#2:T:  Expected: 3.8633000000000002d
Thread#2:T:  But was:  0.0d
Thread#2:T:   at NUnit.Framework.Assert.That[TActual](TActual actual, IResolveConstraint expression, String message, Object[] args)
Thread#2:T:   at NUnit.Framework.Assert.AreEqual(Object expected, Object actual, String message, Object[] args)
Thread#2:T:   at TRID.StepDefinitions.CardsValidationSteps.ThenAprwinInfoValueShouldDisplayOnClosingDisclosure() in F:\Projects\TRID QA\trid-462743\QA\UIAutomation\SpecFramework\StepDefinitions\CardsValidationSteps.cs:line 799 
Thread#2:T: ====================================================================================
Thread#2:T:|| BalloonAmount || : NUnit.Framework.AssertionException:   Computed value does not match as expected with the difference of 17.58
Thread#2:T:  Expected: 285.88d
Thread#2:T:  But was:  303.45999999999998d
Thread#2:T:   at NUnit.Framework.Assert.That[TActual](TActual actual, IResolveConstraint expression, String message, Object[] args)
Thread#2:T:   at NUnit.Framework.Assert.AreEqual(Object expected, Object actual, String message, Object[] args)
Thread#2:T:   at TRID.StepDefinitions.CardsValidationSteps.ThenUpdatedComputedBalloonAmountValueShouldDisplayOnClosingDisclosure() in F:\Projects\TRID QA\trid-462743\QA\UIAutomation\SpecFramework\StepDefinitions\CardsValidationSteps.cs:line 827 
Thread#2:T: ====================================================================================
Thread#2:T:|| TotalOfPayments || : NUnit.Framework.AssertionException:   Computed value does not match as expected with the difference of 219785.7
Thread#2:T:  Expected: 220109.35999999999d
Thread#2:T:  But was:  323.66000000000003d
Thread#2:T:   at NUnit.Framework.Assert.That[TActual](TActual actual, IResolveConstraint expression, String message, Object[] args)
Thread#2:T:   at NUnit.Framework.Assert.AreEqual(Object expected, Object actual, String message, Object[] args)
Thread#2:T:   at TRID.StepDefinitions.CardsValidationSteps.ThenUpdatedComputedTotalOfPaymentsValueShouldDisplayOnClosingDisclosure() in F:\Projects\TRID QA\trid-462743\QA\UIAutomation\SpecFramework\StepDefinitions\CardsValidationSteps.cs:line 876 
Thread#2:T: ====================================================================================
Thread#2:T:|| FinanceCharge || : NUnit.Framework.AssertionException:   Computed value does not match as expected with the difference of 88887.83
Thread#2:T:  Expected: 89109.360000000001d
Thread#2:T:  But was:  221.53d
Thread#2:T:   at NUnit.Framework.Assert.That[TActual](TActual actual, IResolveConstraint expression, String message, Object[] args)
Thread#2:T:   at NUnit.Framework.Assert.AreEqual(Object expected, Object actual, String message, Object[] args)
Thread#2:T:   at TRID.StepDefinitions.CardsValidationSteps.ThenUpdatedComputedFinanceChargeValueShouldDisplayOnClosingDisclosure() in F:\Projects\TRID QA\trid-462743\QA\UIAutomation\SpecFramework\StepDefinitions\CardsValidationSteps.cs:line 925 
Thread#2:T: ====================================================================================
Thread#2:T:|| TIP || : NUnit.Framework.AssertionException:   Computed value does not match as expected with the difference of 66.39
Thread#2:T:  Expected: 66.540000000000006d
Thread#2:T:  But was:  0.14999999999999999d
Thread#2:T:   at NUnit.Framework.Assert.That[TActual](TActual actual, IResolveConstraint expression, String message, Object[] args)
Thread#2:T:   at NUnit.Framework.Assert.AreEqual(Object expected, Object actual, String message, Object[] args)
Thread#2:T:   at TRID.StepDefinitions.CardsValidationSteps.ThenUpdatedComputedTipValueShouldDisplayOnClosingDisclosure() in F:\Projects\TRID QA\trid-462743\QA\UIAutomation\SpecFramework\StepDefinitions\CardsValidationSteps.cs:line 1072 
Thread#2:T: ====================================================================================
Thread#2:T:|| EscrowPropertyOver1Year11Months || : NUnit.Framework.AssertionException:   Computed value does not match as expected with the difference of 3300
Thread#2:T:  Expected: 3300.0d
Thread#2:T:  But was:  0.0d
Thread#2:T:   at NUnit.Framework.Assert.That[TActual](TActual actual, IResolveConstraint expression, String message, Object[] args)
Thread#2:T:   at NUnit.Framework.Assert.AreEqual(Object expected, Object actual, String message, Object[] args)
Thread#2:T:   at TRID.StepDefinitions.CardsValidationSteps.ThenUpdatedComputedEscrowPropertyCostsOverOneYear11MonthsValueShouldDisplayOnClosingDisclosure() in F:\Projects\TRID QA\trid-462743\QA\UIAutomation\SpecFramework\StepDefinitions\CardsValidationSteps.cs:line 1121 
Thread#2:T: ====================================================================================
Thread#2:T:|| EscrowPropertyOver1Year12Months || : NUnit.Framework.AssertionException:   Computed value does not match as expected with the difference of 3300
Thread#2:T:  Expected: 3300.0d
Thread#2:T:  But was:  0.0d
Thread#2:T:   at NUnit.Framework.Assert.That[TActual](TActual actual, IResolveConstraint expression, String message, Object[] args)
Thread#2:T:   at NUnit.Framework.Assert.AreEqual(Object expected, Object actual, String message, Object[] args)
Thread#2:T:   at TRID.StepDefinitions.CardsValidationSteps.ThenUpdatedComputedEscrowPropertyCostsOverOneYear12MonthsValueShouldDisplayOnClosingDisclosure() in F:\Projects\TRID QA\trid-462743\QA\UIAutomation\SpecFramework\StepDefinitions\CardsValidationSteps.cs:line 1170 
Thread#2:T: ====================================================================================
Thread#2:T:|| InitialEscrowPayment || : NUnit.Framework.AssertionException:   Computed value does not match as expected with the difference of 749.92
Thread#2:T:  Expected: 749.91999999999996d
Thread#2:T:  But was:  0.0d
Thread#2:T:   at NUnit.Framework.Assert.That[TActual](TActual actual, IResolveConstraint expression, String message, Object[] args)
Thread#2:T:   at NUnit.Framework.Assert.AreEqual(Object expected, Object actual, String message, Object[] args)
Thread#2:T:   at TRID.StepDefinitions.CardsValidationSteps.ThenUpdatedComputedInitialEscrowPaymentValueShouldDisplayOnClosingDisclosure() in F:\Projects\TRID QA\trid-462743\QA\UIAutomation\SpecFramework\StepDefinitions\CardsValidationSteps.cs:line 1220 
Thread#2:T: ====================================================================================
Thread#2:T:|| EstimatedEscrow || : NUnit.Framework.AssertionException:   Computed value does not match as expected with the difference of 137.5
Thread#2:T:  Expected: 137.5d
Thread#2:T:  But was:  0.0d
Thread#2:T:   at NUnit.Framework.Assert.That[TActual](TActual actual, IResolveConstraint expression, String message, Object[] args)
Thread#2:T:   at NUnit.Framework.Assert.AreEqual(Object expected, Object actual, String message, Object[] args)
Thread#2:T:   at TRID.StepDefinitions.CardsValidationSteps.ThenUpdatedComputedEstimatedEscrowValueShouldDisplayOnClosingDisclosure() in F:\Projects\TRID QA\trid-462743\QA\UIAutomation\SpecFramework\StepDefinitions\CardsValidationSteps.cs:line 1319 
Thread#2:T: ====================================================================================
Thread#2:T:====================================================================================
Thread#2:T:##########################################################
Thread#2:T:##########################################################
Thread#2: Test #247/0 is finished on thread #2 as CleanupFailed within 133.5523856 seconds
Appdomain Disposed
Thread#1:T:##########################################################
Thread#1:T:##########################################################
Thread#1:T:====================================================================================
Thread#1:T:Scenario Number : 8
Thread#1:T:The total number of cards Failue: 13
Thread#1:T:Name of cards Failed: || ScheduledPMITerminationDate || : System.FormatException: The string was not recognized as a valid DateTime. There is an unknown word starting at index 1.
Thread#1:T:   at System.DateTimeParse.Parse(String s, DateTimeFormatInfo dtfi, DateTimeStyles styles)
Thread#1:T:   at System.Convert.ToDateTime(String value)
Thread#1:T:   at TRID.ProjectLibs.Common.ProjActions.GetDatePart(By element) in F:\Projects\TRID QA\trid-462743\QA\UIAutomation\SpecFramework\ProjectLibs\Common\ProjActions.cs:line 100
Thread#1:T:   at TRID.StepDefinitions.CardsValidationSteps.ThenUpdatedComputedScheduledPmiTerminationDateValueShouldDisplayOnClosingDisclosure() in F:\Projects\TRID QA\trid-462743\QA\UIAutomation\SpecFramework\StepDefinitions\CardsValidationSteps.cs:line 603 
Thread#1:T: ====================================================================================
Thread#1:T:|| EstimatedTotalMonthlyPayment || : NUnit.Framework.AssertionException:   Computed value does not match as expected with the difference of 126.93
Thread#1:T:  Expected: 448.91000000000002d
Thread#1:T:  But was:  321.98000000000002d
Thread#1:T:   at NUnit.Framework.Assert.That[TActual](TActual actual, IResolveConstraint expression, String message, Object[] args)
Thread#4:T:##########################################################
Thread#1:T:   at NUnit.Framework.Assert.AreEqual(Object expected, Object actual, String message, Object[] args)
Thread#4:T:##########################################################
Thread#1:T:   at TRID.StepDefinitions.CardsValidationSteps.ThenUpdatedComputedEstimatedTotalMonthlyPaymentValueShouldDisplayOnClosingDisclosure() in F:\Projects\TRID QA\trid-462743\QA\UIAutomation\SpecFramework\StepDefinitions\CardsValidationSteps.cs:line 701 
Thread#4:T:====================================================================================
Thread#1:T: ====================================================================================
Thread#4:T:Scenario Number : 12
Thread#1:T:|| APR || : NUnit.Framework.AssertionException:   Computed value does not match as expected with the difference of 3.84
Thread#4:T:The total number of cards Failue: 12
Thread#1:T:  Expected: 3.8399999999999999d
Thread#4:T:Name of cards Failed: || ScheduledPMITerminationDate || : System.FormatException: The string was not recognized as a valid DateTime. There is an unknown word starting at index 1.
Thread#1:T:  But was:  0.0d
Thread#4:T:   at System.DateTimeParse.Parse(String s, DateTimeFormatInfo dtfi, DateTimeStyles styles)
Thread#1:T:   at NUnit.Framework.Assert.That[TActual](TActual actual, IResolveConstraint expression, String message, Object[] args)
Thread#3:T:##########################################################
Thread#4:T:   at System.Convert.ToDateTime(String value)
Thread#3:T:##########################################################
Thread#1:T:   at NUnit.Framework.Assert.AreEqual(Object expected, Object actual, String message, Object[] args)
Thread#4:T:   at TRID.ProjectLibs.Common.ProjActions.GetDatePart(By element) in F:\Projects\TRID QA\trid-462743\QA\UIAutomation\SpecFramework\ProjectLibs\Common\ProjActions.cs:line 100
Thread#1:T:   at TRID.StepDefinitions.CardsValidationSteps.ThenUpdatedComputedAprValueShouldDisplayOnClosingDisclosure() in F:\Projects\TRID QA\trid-462743\QA\UIAutomation\SpecFramework\StepDefinitions\CardsValidationSteps.cs:line 750 
Thread#3:T:====================================================================================
Thread#4:T:   at TRID.StepDefinitions.CardsValidationSteps.ThenUpdatedComputedScheduledPmiTerminationDateValueShouldDisplayOnClosingDisclosure() in F:\Projects\TRID QA\trid-462743\QA\UIAutomation\SpecFramework\StepDefinitions\CardsValidationSteps.cs:line 603 
Thread#1:T: ====================================================================================
Thread#3:T:Scenario Number : 11
Thread#4:T: ====================================================================================
Thread#1:T:|| APRWIN || : NUnit.Framework.AssertionException:   Apr Info value does not match as expected with the difference of 3.8394
Thread#3:T:The total number of cards Failue: 12
Thread#4:T:|| EstimatedTotalMonthlyPayment || : NUnit.Framework.AssertionException:   Computed value does not match as expected with the difference of 550
Thread#1:T:  Expected: 3.8393999999999999d
Thread#3:T:Name of cards Failed: || ScheduledPMITerminationDate || : System.FormatException: The string was not recognized as a valid DateTime. There is an unknown word starting at index 1.
Thread#4:T:  Expected: 1853.3800000000001d
Thread#1:T:  But was:  0.0d
Thread#3:T:   at System.DateTimeParse.Parse(String s, DateTimeFormatInfo dtfi, DateTimeStyles styles)
Thread#4:T:  But was:  1303.3800000000001d
Thread#1:T:   at NUnit.Framework.Assert.That[TActual](TActual actual, IResolveConstraint expression, String message, Object[] args)
Thread#4:T:   at NUnit.Framework.Assert.That[TActual](TActual actual, IResolveConstraint expression, String message, Object[] args)
Thread#3:T:   at System.Convert.ToDateTime(String value)
Thread#1:T:   at NUnit.Framework.Assert.AreEqual(Object expected, Object actual, String message, Object[] args)
Thread#4:T:   at NUnit.Framework.Assert.AreEqual(Object expected, Object actual, String message, Object[] args)
Thread#3:T:   at TRID.ProjectLibs.Common.ProjActions.GetDatePart(By element) in F:\Projects\TRID QA\trid-462743\QA\UIAutomation\SpecFramework\ProjectLibs\Common\ProjActions.cs:line 100
Thread#1:T:   at TRID.StepDefinitions.CardsValidationSteps.ThenAprwinInfoValueShouldDisplayOnClosingDisclosure() in F:\Projects\TRID QA\trid-462743\QA\UIAutomation\SpecFramework\StepDefinitions\CardsValidationSteps.cs:line 799 
Thread#4:T:   at TRID.StepDefinitions.CardsValidationSteps.ThenUpdatedComputedEstimatedTotalMonthlyPaymentValueShouldDisplayOnClosingDisclosure() in F:\Projects\TRID QA\trid-462743\QA\UIAutomation\SpecFramework\StepDefinitions\CardsValidationSteps.cs:line 701 
Thread#1:T: ====================================================================================
Thread#3:T:   at TRID.StepDefinitions.CardsValidationSteps.ThenUpdatedComputedScheduledPmiTerminationDateValueShouldDisplayOnClosingDisclosure() in F:\Projects\TRID QA\trid-462743\QA\UIAutomation\SpecFramework\StepDefinitions\CardsValidationSteps.cs:line 603 
Thread#4:T: ====================================================================================
Thread#1:T:|| BalloonAmount || : NUnit.Framework.AssertionException:   Computed value does not match as expected with the difference of 7.66999999999996
Thread#3:T: ====================================================================================
Thread#4:T:|| APR || : NUnit.Framework.AssertionException:   Computed value does not match as expected with the difference of 3.923
Thread#3:T:|| EstimatedTotalMonthlyPayment || : NUnit.Framework.AssertionException:   Computed value does not match as expected with the difference of 275
Thread#1:T:  Expected: 295.67000000000002d
Thread#4:T:  Expected: 3.923d
Thread#3:T:  Expected: 926.17999999999995d
Thread#1:T:  But was:  303.33999999999997d
Thread#3:T:  But was:  651.17999999999995d
Thread#4:T:  But was:  0.0d
Thread#1:T:   at NUnit.Framework.Assert.That[TActual](TActual actual, IResolveConstraint expression, String message, Object[] args)
Thread#3:T:   at NUnit.Framework.Assert.That[TActual](TActual actual, IResolveConstraint expression, String message, Object[] args)
Thread#4:T:   at NUnit.Framework.Assert.That[TActual](TActual actual, IResolveConstraint expression, String message, Object[] args)
Thread#1:T:   at NUnit.Framework.Assert.AreEqual(Object expected, Object actual, String message, Object[] args)
Thread#4:T:   at NUnit.Framework.Assert.AreEqual(Object expected, Object actual, String message, Object[] args)
Thread#3:T:   at NUnit.Framework.Assert.AreEqual(Object expected, Object actual, String message, Object[] args)
Thread#3:T:   at TRID.StepDefinitions.CardsValidationSteps.ThenUpdatedComputedEstimatedTotalMonthlyPaymentValueShouldDisplayOnClosingDisclosure() in F:\Projects\TRID QA\trid-462743\QA\UIAutomation\SpecFramework\StepDefinitions\CardsValidationSteps.cs:line 701 
Thread#1:T:   at TRID.StepDefinitions.CardsValidationSteps.ThenUpdatedComputedBalloonAmountValueShouldDisplayOnClosingDisclosure() in F:\Projects\TRID QA\trid-462743\QA\UIAutomation\SpecFramework\StepDefinitions\CardsValidationSteps.cs:line 827 
Thread#4:T:   at TRID.StepDefinitions.CardsValidationSteps.ThenUpdatedComputedAprValueShouldDisplayOnClosingDisclosure() in F:\Projects\TRID QA\trid-462743\QA\UIAutomation\SpecFramework\StepDefinitions\CardsValidationSteps.cs:line 750 
Thread#1:T: ====================================================================================
Thread#3:T: ====================================================================================
Thread#4:T: ====================================================================================
Thread#1:T:|| TotalOfPayments || : NUnit.Framework.AssertionException:   Computed value does not match as expected with the difference of 205953.33
Thread#3:T:|| APR || : NUnit.Framework.AssertionException:   Computed value does not match as expected with the difference of 3.918
Thread#4:T:|| APRWIN || : NUnit.Framework.AssertionException:   Apr Info value does not match as expected with the difference of 3.9231
Thread#1:T:  Expected: 206290.85999999999d
Thread#3:T:  Expected: 3.9180000000000001d
Thread#4:T:  Expected: 3.9230999999999998d
Thread#1:T:  But was:  337.52999999999997d
Thread#3:T:  But was:  0.0d
Thread#4:T:  But was:  0.0d
Thread#1:T:   at NUnit.Framework.Assert.That[TActual](TActual actual, IResolveConstraint expression, String message, Object[] args)
Thread#3:T:   at NUnit.Framework.Assert.That[TActual](TActual actual, IResolveConstraint expression, String message, Object[] args)
Thread#4:T:   at NUnit.Framework.Assert.That[TActual](TActual actual, IResolveConstraint expression, String message, Object[] args)
Thread#1:T:   at NUnit.Framework.Assert.AreEqual(Object expected, Object actual, String message, Object[] args)
Thread#3:T:   at NUnit.Framework.Assert.AreEqual(Object expected, Object actual, String message, Object[] args)
Thread#4:T:   at NUnit.Framework.Assert.AreEqual(Object expected, Object actual, String message, Object[] args)
Thread#1:T:   at TRID.StepDefinitions.CardsValidationSteps.ThenUpdatedComputedTotalOfPaymentsValueShouldDisplayOnClosingDisclosure() in F:\Projects\TRID QA\trid-462743\QA\UIAutomation\SpecFramework\StepDefinitions\CardsValidationSteps.cs:line 876 
Thread#3:T:   at TRID.StepDefinitions.CardsValidationSteps.ThenUpdatedComputedAprValueShouldDisplayOnClosingDisclosure() in F:\Projects\TRID QA\trid-462743\QA\UIAutomation\SpecFramework\StepDefinitions\CardsValidationSteps.cs:line 750 
Thread#4:T:   at TRID.StepDefinitions.CardsValidationSteps.ThenAprwinInfoValueShouldDisplayOnClosingDisclosure() in F:\Projects\TRID QA\trid-462743\QA\UIAutomation\SpecFramework\StepDefinitions\CardsValidationSteps.cs:line 799 
Thread#1:T: ====================================================================================
Thread#3:T: ====================================================================================
Thread#1:T:|| FinanceCharge || : NUnit.Framework.AssertionException:   Computed value does not match as expected with the difference of 75068.76
Thread#4:T: ====================================================================================
Thread#3:T:|| APRWIN || : NUnit.Framework.AssertionException:   Apr Info value does not match as expected with the difference of 3.9183
Thread#3:T:  Expected: 3.9182999999999999d
Thread#1:T:  Expected: 75290.860000000001d
Thread#4:T:|| BalloonAmount || : NUnit.Framework.AssertionException:   Computed value does not match as expected with the difference of 0.0699999999999363
Thread#3:T:  But was:  0.0d
Thread#1:T:  But was:  222.09999999999999d
Thread#0:T:##########################################################
Thread#4:T:  Expected: 1222.53d
Thread#3:T:   at NUnit.Framework.Assert.That[TActual](TActual actual, IResolveConstraint expression, String message, Object[] args)
Thread#1:T:   at NUnit.Framework.Assert.That[TActual](TActual actual, IResolveConstraint expression, String message, Object[] args)
Thread#0:T:##########################################################
Thread#4:T:  But was:  1222.5999999999999d
Thread#3:T:   at NUnit.Framework.Assert.AreEqual(Object expected, Object actual, String message, Object[] args)
Thread#1:T:   at NUnit.Framework.Assert.AreEqual(Object expected, Object actual, String message, Object[] args)
Thread#0:T:====================================================================================
Thread#4:T:   at NUnit.Framework.Assert.That[TActual](TActual actual, IResolveConstraint expression, String message, Object[] args)
Thread#3:T:   at TRID.StepDefinitions.CardsValidationSteps.ThenAprwinInfoValueShouldDisplayOnClosingDisclosure() in F:\Projects\TRID QA\trid-462743\QA\UIAutomation\SpecFramework\StepDefinitions\CardsValidationSteps.cs:line 799 
Thread#0:T:Scenario Number : 1
Thread#1:T:   at TRID.StepDefinitions.CardsValidationSteps.ThenUpdatedComputedFinanceChargeValueShouldDisplayOnClosingDisclosure() in F:\Projects\TRID QA\trid-462743\QA\UIAutomation\SpecFramework\StepDefinitions\CardsValidationSteps.cs:line 925 
Thread#4:T:   at NUnit.Framework.Assert.AreEqual(Object expected, Object actual, String message, Object[] args)
Thread#0:T:The total number of cards Failue: 13
Thread#3:T: ====================================================================================
Thread#1:T: ====================================================================================
Thread#4:T:   at TRID.StepDefinitions.CardsValidationSteps.ThenUpdatedComputedBalloonAmountValueShouldDisplayOnClosingDisclosure() in F:\Projects\TRID QA\trid-462743\QA\UIAutomation\SpecFramework\StepDefinitions\CardsValidationSteps.cs:line 827 
Thread#0:T:Name of cards Failed: || ScheduledPMITerminationDate || : System.FormatException: The string was not recognized as a valid DateTime. There is an unknown word starting at index 1.
Thread#3:T:|| BalloonAmount || : NUnit.Framework.AssertionException:   Computed value does not match as expected with the difference of 0.230000000000018
Thread#1:T:|| TIP || : NUnit.Framework.AssertionException:   Computed value does not match as expected with the difference of 56.16
Thread#4:T: ====================================================================================
Thread#0:T:   at System.DateTimeParse.Parse(String s, DateTimeFormatInfo dtfi, DateTimeStyles styles)
Thread#3:T:  Expected: 610.55999999999995d
Thread#1:T:  Expected: 56.299999999999997d
Thread#4:T:|| TotalOfPayments || : NUnit.Framework.AssertionException:   Computed value does not match as expected with the difference of 220703.27
Thread#0:T:   at System.Convert.ToDateTime(String value)
Thread#3:T:  But was:  610.78999999999996d
Thread#1:T:  But was:  0.14000000000000001d
Thread#4:T:  Expected: 222087.42999999999d
Thread#0:T:   at TRID.ProjectLibs.Common.ProjActions.GetDatePart(By element) in F:\Projects\TRID QA\trid-462743\QA\UIAutomation\SpecFramework\ProjectLibs\Common\ProjActions.cs:line 100
Thread#1:T:   at NUnit.Framework.Assert.That[TActual](TActual actual, IResolveConstraint expression, String message, Object[] args)
Thread#3:T:   at NUnit.Framework.Assert.That[TActual](TActual actual, IResolveConstraint expression, String message, Object[] args)
Thread#4:T:  But was:  1384.1600000000001d
Thread#0:T:   at TRID.StepDefinitions.CardsValidationSteps.ThenUpdatedComputedScheduledPmiTerminationDateValueShouldDisplayOnClosingDisclosure() in F:\Projects\TRID QA\trid-462743\QA\UIAutomation\SpecFramework\StepDefinitions\CardsValidationSteps.cs:line 603 
Thread#1:T:   at NUnit.Framework.Assert.AreEqual(Object expected, Object actual, String message, Object[] args)
Thread#3:T:   at NUnit.Framework.Assert.AreEqual(Object expected, Object actual, String message, Object[] args)
Thread#4:T:   at NUnit.Framework.Assert.That[TActual](TActual actual, IResolveConstraint expression, String message, Object[] args)
Thread#0:T: ====================================================================================
Thread#3:T:   at TRID.StepDefinitions.CardsValidationSteps.ThenUpdatedComputedBalloonAmountValueShouldDisplayOnClosingDisclosure() in F:\Projects\TRID QA\trid-462743\QA\UIAutomation\SpecFramework\StepDefinitions\CardsValidationSteps.cs:line 827 
Thread#1:T:   at TRID.StepDefinitions.CardsValidationSteps.ThenUpdatedComputedTipValueShouldDisplayOnClosingDisclosure() in F:\Projects\TRID QA\trid-462743\QA\UIAutomation\SpecFramework\StepDefinitions\CardsValidationSteps.cs:line 1072 
Thread#4:T:   at NUnit.Framework.Assert.AreEqual(Object expected, Object actual, String message, Object[] args)
Thread#0:T:|| EstimatedTotalMonthlyPayment || : NUnit.Framework.AssertionException:   Computed value does not match as expected with the difference of 200
Thread#1:T: ====================================================================================
Thread#4:T:   at TRID.StepDefinitions.CardsValidationSteps.ThenUpdatedComputedTotalOfPaymentsValueShouldDisplayOnClosingDisclosure() in F:\Projects\TRID QA\trid-462743\QA\UIAutomation\SpecFramework\StepDefinitions\CardsValidationSteps.cs:line 876 
Thread#3:T: ====================================================================================
Thread#0:T:  Expected: 847.29999999999995d
Thread#1:T:|| EscrowPropertyOver1Year11Months || : NUnit.Framework.AssertionException:   Computed value does not match as expected with the difference of 3300.18
Thread#4:T: ====================================================================================
Thread#3:T:|| TotalOfPayments || : NUnit.Framework.AssertionException:   Computed value does not match as expected with the difference of 221171.71
Thread#0:T:  But was:  647.29999999999995d
Thread#1:T:  Expected: 3300.1799999999998d
Thread#4:T:|| FinanceCharge || : NUnit.Framework.AssertionException:   Computed value does not match as expected with the difference of 90093.47
Thread#3:T:  Expected: 221822.89000000001d
Thread#0:T:   at NUnit.Framework.Assert.That[TActual](TActual actual, IResolveConstraint expression, String message, Object[] args)
Thread#1:T:  But was:  0.0d
Thread#4:T:  Expected: 91087.429999999993d
Thread#3:T:  But was:  651.17999999999995d
Thread#0:T:   at NUnit.Framework.Assert.AreEqual(Object expected, Object actual, String message, Object[] args)
Thread#1:T:   at NUnit.Framework.Assert.That[TActual](TActual actual, IResolveConstraint expression, String message, Object[] args)
Thread#4:T:  But was:  993.96000000000004d
Thread#3:T:   at NUnit.Framework.Assert.That[TActual](TActual actual, IResolveConstraint expression, String message, Object[] args)
Thread#0:T:   at TRID.StepDefinitions.CardsValidationSteps.ThenUpdatedComputedEstimatedTotalMonthlyPaymentValueShouldDisplayOnClosingDisclosure() in F:\Projects\TRID QA\trid-462743\QA\UIAutomation\SpecFramework\StepDefinitions\CardsValidationSteps.cs:line 701 
Thread#1:T:   at NUnit.Framework.Assert.AreEqual(Object expected, Object actual, String message, Object[] args)
Thread#4:T:   at NUnit.Framework.Assert.That[TActual](TActual actual, IResolveConstraint expression, String message, Object[] args)
Thread#3:T:   at NUnit.Framework.Assert.AreEqual(Object expected, Object actual, String message, Object[] args)
Thread#0:T: ====================================================================================
Thread#1:T:   at TRID.StepDefinitions.CardsValidationSteps.ThenUpdatedComputedEscrowPropertyCostsOverOneYear11MonthsValueShouldDisplayOnClosingDisclosure() in F:\Projects\TRID QA\trid-462743\QA\UIAutomation\SpecFramework\StepDefinitions\CardsValidationSteps.cs:line 1121 
Thread#4:T:   at NUnit.Framework.Assert.AreEqual(Object expected, Object actual, String message, Object[] args)
Thread#3:T:   at TRID.StepDefinitions.CardsValidationSteps.ThenUpdatedComputedTotalOfPaymentsValueShouldDisplayOnClosingDisclosure() in F:\Projects\TRID QA\trid-462743\QA\UIAutomation\SpecFramework\StepDefinitions\CardsValidationSteps.cs:line 876 
Thread#0:T:|| APR || : NUnit.Framework.AssertionException:   Computed value does not match as expected with the difference of 3.866
Thread#4:T:   at TRID.StepDefinitions.CardsValidationSteps.ThenUpdatedComputedFinanceChargeValueShouldDisplayOnClosingDisclosure() in F:\Projects\TRID QA\trid-462743\QA\UIAutomation\SpecFramework\StepDefinitions\CardsValidationSteps.cs:line 925 
Thread#1:T: ====================================================================================
Thread#3:T: ====================================================================================
Thread#0:T:  Expected: 3.8660000000000001d
Thread#1:T:|| EscrowPropertyOver1Year12Months || : NUnit.Framework.AssertionException:   Computed value does not match as expected with the difference of 3300.18
Thread#4:T: ====================================================================================
Thread#3:T:|| FinanceCharge || : NUnit.Framework.AssertionException:   Computed value does not match as expected with the difference of 90359.48
Thread#0:T:  But was:  0.0d
Thread#4:T:|| TIP || : NUnit.Framework.AssertionException:   Computed value does not match as expected with the difference of 67.35
Thread#1:T:  Expected: 3300.1799999999998d
Thread#3:T:  Expected: 90822.889999999999d
Thread#0:T:   at NUnit.Framework.Assert.That[TActual](TActual actual, IResolveConstraint expression, String message, Object[] args)
Thread#4:T:  Expected: 67.989999999999995d
Thread#1:T:  But was:  0.0d
Thread#3:T:  But was:  463.41000000000002d
Thread#0:T:   at NUnit.Framework.Assert.AreEqual(Object expected, Object actual, String message, Object[] args)
Thread#4:T:  But was:  0.64000000000000001d
Thread#1:T:   at NUnit.Framework.Assert.That[TActual](TActual actual, IResolveConstraint expression, String message, Object[] args)
Thread#3:T:   at NUnit.Framework.Assert.That[TActual](TActual actual, IResolveConstraint expression, String message, Object[] args)
Thread#0:T:   at TRID.StepDefinitions.CardsValidationSteps.ThenUpdatedComputedAprValueShouldDisplayOnClosingDisclosure() in F:\Projects\TRID QA\trid-462743\QA\UIAutomation\SpecFramework\StepDefinitions\CardsValidationSteps.cs:line 750 
Thread#4:T:   at NUnit.Framework.Assert.That[TActual](TActual actual, IResolveConstraint expression, String message, Object[] args)
Thread#1:T:   at NUnit.Framework.Assert.AreEqual(Object expected, Object actual, String message, Object[] args)
Thread#3:T:   at NUnit.Framework.Assert.AreEqual(Object expected, Object actual, String message, Object[] args)
Thread#0:T: ====================================================================================
Thread#4:T:   at NUnit.Framework.Assert.AreEqual(Object expected, Object actual, String message, Object[] args)
Thread#1:T:   at TRID.StepDefinitions.CardsValidationSteps.ThenUpdatedComputedEscrowPropertyCostsOverOneYear12MonthsValueShouldDisplayOnClosingDisclosure() in F:\Projects\TRID QA\trid-462743\QA\UIAutomation\SpecFramework\StepDefinitions\CardsValidationSteps.cs:line 1170 
Thread#3:T:   at TRID.StepDefinitions.CardsValidationSteps.ThenUpdatedComputedFinanceChargeValueShouldDisplayOnClosingDisclosure() in F:\Projects\TRID QA\trid-462743\QA\UIAutomation\SpecFramework\StepDefinitions\CardsValidationSteps.cs:line 925 
Thread#0:T:|| APRWIN || : NUnit.Framework.AssertionException:   Apr Info value does not match as expected with the difference of 3.8659
Thread#4:T:   at TRID.StepDefinitions.CardsValidationSteps.ThenUpdatedComputedTipValueShouldDisplayOnClosingDisclosure() in F:\Projects\TRID QA\trid-462743\QA\UIAutomation\SpecFramework\StepDefinitions\CardsValidationSteps.cs:line 1072 
Thread#1:T: ====================================================================================
Thread#3:T: ====================================================================================
Thread#0:T:  Expected: 3.8658999999999999d
Thread#4:T: ====================================================================================
Thread#1:T:|| InitialEscrowPayment || : NUnit.Framework.AssertionException:   Computed value does not match as expected with the difference of 798.43
Thread#3:T:|| TIP || : NUnit.Framework.AssertionException:   Computed value does not match as expected with the difference of 67.53
Thread#0:T:  But was:  0.0d
Thread#4:T:|| EscrowPropertyOver1Year11Months || : NUnit.Framework.AssertionException:   Computed value does not match as expected with the difference of 3300
Thread#1:T:  Expected: 798.42999999999995d
Thread#3:T:  Expected: 67.849999999999994d
Thread#0:T:   at NUnit.Framework.Assert.That[TActual](TActual actual, IResolveConstraint expression, String message, Object[] args)
Thread#4:T:  Expected: 3300.0d
Thread#3:T:  But was:  0.32000000000000001d
Thread#1:T:  But was:  0.0d
Thread#0:T:   at NUnit.Framework.Assert.AreEqual(Object expected, Object actual, String message, Object[] args)
Thread#3:T:   at NUnit.Framework.Assert.That[TActual](TActual actual, IResolveConstraint expression, String message, Object[] args)
Thread#4:T:  But was:  0.0d
Thread#1:T:   at NUnit.Framework.Assert.That[TActual](TActual actual, IResolveConstraint expression, String message, Object[] args)
Thread#0:T:   at TRID.StepDefinitions.CardsValidationSteps.ThenAprwinInfoValueShouldDisplayOnClosingDisclosure() in F:\Projects\TRID QA\trid-462743\QA\UIAutomation\SpecFramework\StepDefinitions\CardsValidationSteps.cs:line 799 
Thread#3:T:   at NUnit.Framework.Assert.AreEqual(Object expected, Object actual, String message, Object[] args)
Thread#4:T:   at NUnit.Framework.Assert.That[TActual](TActual actual, IResolveConstraint expression, String message, Object[] args)
Thread#1:T:   at NUnit.Framework.Assert.AreEqual(Object expected, Object actual, String message, Object[] args)
Thread#0:T: ====================================================================================
Thread#3:T:   at TRID.StepDefinitions.CardsValidationSteps.ThenUpdatedComputedTipValueShouldDisplayOnClosingDisclosure() in F:\Projects\TRID QA\trid-462743\QA\UIAutomation\SpecFramework\StepDefinitions\CardsValidationSteps.cs:line 1072 
Thread#4:T:   at NUnit.Framework.Assert.AreEqual(Object expected, Object actual, String message, Object[] args)
Thread#1:T:   at TRID.StepDefinitions.CardsValidationSteps.ThenUpdatedComputedInitialEscrowPaymentValueShouldDisplayOnClosingDisclosure() in F:\Projects\TRID QA\trid-462743\QA\UIAutomation\SpecFramework\StepDefinitions\CardsValidationSteps.cs:line 1220 
Thread#0:T:|| BalloonAmount || : NUnit.Framework.AssertionException:   Computed value does not match as expected with the difference of 1.70999999999992
Thread#3:T: ====================================================================================
Thread#4:T:   at TRID.StepDefinitions.CardsValidationSteps.ThenUpdatedComputedEscrowPropertyCostsOverOneYear11MonthsValueShouldDisplayOnClosingDisclosure() in F:\Projects\TRID QA\trid-462743\QA\UIAutomation\SpecFramework\StepDefinitions\CardsValidationSteps.cs:line 1121 
Thread#1:T: ====================================================================================
Thread#0:T:  Expected: 605.20000000000005d
Thread#3:T:|| EscrowPropertyOver1Year11Months || : NUnit.Framework.AssertionException:   Computed value does not match as expected with the difference of 3300
Thread#4:T: ====================================================================================
Thread#1:T:|| EstimatedEscrow || : NUnit.Framework.AssertionException:   Computed value does not match as expected with the difference of 126.93
Thread#0:T:  But was:  606.90999999999997d
Thread#3:T:  Expected: 3300.0d
Thread#4:T:|| EscrowPropertyOver1Year12Months || : NUnit.Framework.AssertionException:   Computed value does not match as expected with the difference of 3300
Thread#1:T:  Expected: 126.93000000000001d
Thread#0:T:   at NUnit.Framework.Assert.That[TActual](TActual actual, IResolveConstraint expression, String message, Object[] args)
Thread#3:T:  But was:  0.0d
Thread#4:T:  Expected: 3300.0d
Thread#1:T:  But was:  0.0d
Thread#0:T:   at NUnit.Framework.Assert.AreEqual(Object expected, Object actual, String message, Object[] args)
Thread#3:T:   at NUnit.Framework.Assert.That[TActual](TActual actual, IResolveConstraint expression, String message, Object[] args)
Thread#4:T:  But was:  0.0d
Thread#1:T:   at NUnit.Framework.Assert.That[TActual](TActual actual, IResolveConstraint expression, String message, Object[] args)
Thread#0:T:   at TRID.StepDefinitions.CardsValidationSteps.ThenUpdatedComputedBalloonAmountValueShouldDisplayOnClosingDisclosure() in F:\Projects\TRID QA\trid-462743\QA\UIAutomation\SpecFramework\StepDefinitions\CardsValidationSteps.cs:line 827 
Thread#3:T:   at NUnit.Framework.Assert.AreEqual(Object expected, Object actual, String message, Object[] args)
Thread#4:T:   at NUnit.Framework.Assert.That[TActual](TActual actual, IResolveConstraint expression, String message, Object[] args)
Thread#1:T:   at NUnit.Framework.Assert.AreEqual(Object expected, Object actual, String message, Object[] args)
Thread#0:T: ====================================================================================
Thread#3:T:   at TRID.StepDefinitions.CardsValidationSteps.ThenUpdatedComputedEscrowPropertyCostsOverOneYear11MonthsValueShouldDisplayOnClosingDisclosure() in F:\Projects\TRID QA\trid-462743\QA\UIAutomation\SpecFramework\StepDefinitions\CardsValidationSteps.cs:line 1121 
Thread#4:T:   at NUnit.Framework.Assert.AreEqual(Object expected, Object actual, String message, Object[] args)
Thread#1:T:   at TRID.StepDefinitions.CardsValidationSteps.ThenUpdatedComputedEstimatedEscrowValueShouldDisplayOnClosingDisclosure() in F:\Projects\TRID QA\trid-462743\QA\UIAutomation\SpecFramework\StepDefinitions\CardsValidationSteps.cs:line 1319 
Thread#0:T:|| TotalOfPayments || : NUnit.Framework.AssertionException:   Computed value does not match as expected with the difference of 219777.31
Thread#3:T: ====================================================================================
Thread#4:T:   at TRID.StepDefinitions.CardsValidationSteps.ThenUpdatedComputedEscrowPropertyCostsOverOneYear12MonthsValueShouldDisplayOnClosingDisclosure() in F:\Projects\TRID QA\trid-462743\QA\UIAutomation\SpecFramework\StepDefinitions\CardsValidationSteps.cs:line 1170 
Thread#1:T: ====================================================================================
Thread#0:T:  Expected: 220424.60999999999d
Thread#3:T:|| EscrowPropertyOver1Year12Months || : NUnit.Framework.AssertionException:   Computed value does not match as expected with the difference of 3300
Thread#4:T: ====================================================================================
Thread#1:T:|| EstimatedTaxesInsuranceAssessments || : NUnit.Framework.AssertionException:   Computed value does not match as expected with the difference of 0.0100000000000051
Thread#0:T:  But was:  647.29999999999995d
Thread#3:T:  Expected: 3300.0d
Thread#4:T:|| InitialEscrowPayment || : NUnit.Framework.AssertionException:   Computed value does not match as expected with the difference of 750
Thread#1:T:  Expected: 126.93000000000001d
Thread#0:T:   at NUnit.Framework.Assert.That[TActual](TActual actual, IResolveConstraint expression, String message, Object[] args)
Thread#3:T:  But was:  0.0d
Thread#4:T:  Expected: 750.0d
Thread#1:T:  But was:  126.92d
Thread#0:T:   at NUnit.Framework.Assert.AreEqual(Object expected, Object actual, String message, Object[] args)
Thread#3:T:   at NUnit.Framework.Assert.That[TActual](TActual actual, IResolveConstraint expression, String message, Object[] args)
Thread#4:T:  But was:  0.0d
Thread#1:T:   at NUnit.Framework.Assert.That[TActual](TActual actual, IResolveConstraint expression, String message, Object[] args)
Thread#0:T:   at TRID.StepDefinitions.CardsValidationSteps.ThenUpdatedComputedTotalOfPaymentsValueShouldDisplayOnClosingDisclosure() in F:\Projects\TRID QA\trid-462743\QA\UIAutomation\SpecFramework\StepDefinitions\CardsValidationSteps.cs:line 876 
Thread#3:T:   at NUnit.Framework.Assert.AreEqual(Object expected, Object actual, String message, Object[] args)
Thread#4:T:   at NUnit.Framework.Assert.That[TActual](TActual actual, IResolveConstraint expression, String message, Object[] args)
Thread#0:T: ====================================================================================
Thread#1:T:   at NUnit.Framework.Assert.AreEqual(Object expected, Object actual, String message, Object[] args)
Thread#3:T:   at TRID.StepDefinitions.CardsValidationSteps.ThenUpdatedComputedEscrowPropertyCostsOverOneYear12MonthsValueShouldDisplayOnClosingDisclosure() in F:\Projects\TRID QA\trid-462743\QA\UIAutomation\SpecFramework\StepDefinitions\CardsValidationSteps.cs:line 1170 
Thread#4:T:   at NUnit.Framework.Assert.AreEqual(Object expected, Object actual, String message, Object[] args)
Thread#0:T:|| FinanceCharge || : NUnit.Framework.AssertionException:   Computed value does not match as expected with the difference of 88966.99
Thread#1:T:   at TRID.StepDefinitions.CardsValidationSteps.ThenUpdatedComputedEstimatedTaxesInsuranceAssessmentsValueShouldDisplayOnClosingDisclosure() in F:\Projects\TRID QA\trid-462743\QA\UIAutomation\SpecFramework\StepDefinitions\CardsValidationSteps.cs:line 1368 
Thread#3:T: ====================================================================================
Thread#4:T:   at TRID.StepDefinitions.CardsValidationSteps.ThenUpdatedComputedInitialEscrowPaymentValueShouldDisplayOnClosingDisclosure() in F:\Projects\TRID QA\trid-462743\QA\UIAutomation\SpecFramework\StepDefinitions\CardsValidationSteps.cs:line 1220 
Thread#0:T:  Expected: 89424.610000000001d
Thread#1:T: ====================================================================================
Thread#3:T:|| InitialEscrowPayment || : NUnit.Framework.AssertionException:   Computed value does not match as expected with the difference of 750
Thread#0:T:  But was:  457.62d
Thread#1:T:====================================================================================
Thread#4:T: ====================================================================================
Thread#3:T:  Expected: 750.0d
Thread#1:T:##########################################################
Thread#4:T:|| EstimatedEscrow || : NUnit.Framework.AssertionException:   Computed value does not match as expected with the difference of 550
Thread#0:T:   at NUnit.Framework.Assert.That[TActual](TActual actual, IResolveConstraint expression, String message, Object[] args)
Thread#3:T:  But was:  0.0d
Thread#1:T:##########################################################
Thread#0:T:   at NUnit.Framework.Assert.AreEqual(Object expected, Object actual, String message, Object[] args)
Thread#4:T:  Expected: 550.0d
Thread#3:T:   at NUnit.Framework.Assert.That[TActual](TActual actual, IResolveConstraint expression, String message, Object[] args)
Thread#0:T:   at TRID.StepDefinitions.CardsValidationSteps.ThenUpdatedComputedFinanceChargeValueShouldDisplayOnClosingDisclosure() in F:\Projects\TRID QA\trid-462743\QA\UIAutomation\SpecFramework\StepDefinitions\CardsValidationSteps.cs:line 925 
Thread#4:T:  But was:  0.0d
Thread#1: Test #246/0 is finished on thread #1 as CleanupFailed within 138.2302653 seconds
Thread#3:T:   at NUnit.Framework.Assert.AreEqual(Object expected, Object actual, String message, Object[] args)
Thread#0:T: ====================================================================================
Thread#4:T:   at NUnit.Framework.Assert.That[TActual](TActual actual, IResolveConstraint expression, String message, Object[] args)
Thread#3:T:   at TRID.StepDefinitions.CardsValidationSteps.ThenUpdatedComputedInitialEscrowPaymentValueShouldDisplayOnClosingDisclosure() in F:\Projects\TRID QA\trid-462743\QA\UIAutomation\SpecFramework\StepDefinitions\CardsValidationSteps.cs:line 1220 
Thread#0:T:|| TIP || : NUnit.Framework.AssertionException:   Computed value does not match as expected with the difference of 66.46
Appdomain Disposed
Thread#4:T:   at NUnit.Framework.Assert.AreEqual(Object expected, Object actual, String message, Object[] args)
Thread#0:T:  Expected: 66.780000000000001d
Thread#3:T: ====================================================================================
Thread#4:T:   at TRID.StepDefinitions.CardsValidationSteps.ThenUpdatedComputedEstimatedEscrowValueShouldDisplayOnClosingDisclosure() in F:\Projects\TRID QA\trid-462743\QA\UIAutomation\SpecFramework\StepDefinitions\CardsValidationSteps.cs:line 1319 
Thread#0:T:  But was:  0.32000000000000001d
Thread#3:T:|| EstimatedEscrow || : NUnit.Framework.AssertionException:   Computed value does not match as expected with the difference of 275
Thread#4:T: ====================================================================================
Thread#0:T:   at NUnit.Framework.Assert.That[TActual](TActual actual, IResolveConstraint expression, String message, Object[] args)
Thread#3:T:  Expected: 275.0d
Thread#4:T:====================================================================================
Thread#0:T:   at NUnit.Framework.Assert.AreEqual(Object expected, Object actual, String message, Object[] args)
Thread#3:T:  But was:  0.0d
Thread#4:T:##########################################################
Thread#3:T:   at NUnit.Framework.Assert.That[TActual](TActual actual, IResolveConstraint expression, String message, Object[] args)
Thread#0:T:   at TRID.StepDefinitions.CardsValidationSteps.ThenUpdatedComputedTipValueShouldDisplayOnClosingDisclosure() in F:\Projects\TRID QA\trid-462743\QA\UIAutomation\SpecFramework\StepDefinitions\CardsValidationSteps.cs:line 1072 
Thread#4:T:##########################################################
Thread#3:T:   at NUnit.Framework.Assert.AreEqual(Object expected, Object actual, String message, Object[] args)
Thread#0:T: ====================================================================================
Thread#3:T:   at TRID.StepDefinitions.CardsValidationSteps.ThenUpdatedComputedEstimatedEscrowValueShouldDisplayOnClosingDisclosure() in F:\Projects\TRID QA\trid-462743\QA\UIAutomation\SpecFramework\StepDefinitions\CardsValidationSteps.cs:line 1319 
Thread#4: Test #249/0 is finished on thread #4 as CleanupFailed within 138.4864516 seconds
Thread#0:T:|| EscrowPropertyOver1Year11Months || : NUnit.Framework.AssertionException:   Computed value does not match as expected with the difference of 2400
Thread#3:T: ====================================================================================
Thread#0:T:  Expected: 2400.0d
Thread#3:T:====================================================================================
Appdomain Disposed
Thread#0:T:  But was:  0.0d
Thread#3:T:##########################################################
Thread#0:T:   at NUnit.Framework.Assert.That[TActual](TActual actual, IResolveConstraint expression, String message, Object[] args)
Thread#3:T:##########################################################
Thread#0:T:   at NUnit.Framework.Assert.AreEqual(Object expected, Object actual, String message, Object[] args)
Thread#3: Test #248/0 is finished on thread #3 as CleanupFailed within 138.7902693 seconds
Thread#0:T:   at TRID.StepDefinitions.CardsValidationSteps.ThenUpdatedComputedEscrowPropertyCostsOverOneYear11MonthsValueShouldDisplayOnClosingDisclosure() in F:\Projects\TRID QA\trid-462743\QA\UIAutomation\SpecFramework\StepDefinitions\CardsValidationSteps.cs:line 1121 
Thread#0:T: ====================================================================================
Appdomain Disposed
Thread#0:T:|| EscrowPropertyOver1Year12Months || : NUnit.Framework.AssertionException:   Computed value does not match as expected with the difference of 2400
Thread#0:T:  Expected: 2400.0d
Thread#0:T:  But was:  0.0d
Thread#0:T:   at NUnit.Framework.Assert.That[TActual](TActual actual, IResolveConstraint expression, String message, Object[] args)
Thread#0:T:   at NUnit.Framework.Assert.AreEqual(Object expected, Object actual, String message, Object[] args)
Thread#0:T:   at TRID.StepDefinitions.CardsValidationSteps.ThenUpdatedComputedEscrowPropertyCostsOverOneYear12MonthsValueShouldDisplayOnClosingDisclosure() in F:\Projects\TRID QA\trid-462743\QA\UIAutomation\SpecFramework\StepDefinitions\CardsValidationSteps.cs:line 1170 
Thread#0:T: ====================================================================================
Thread#0:T:|| InitialEscrowPayment || : NUnit.Framework.AssertionException:   Computed value does not match as expected with the difference of 1200
Thread#0:T:  Expected: 1200.0d
Thread#0:T:  But was:  0.0d
Thread#0:T:   at NUnit.Framework.Assert.That[TActual](TActual actual, IResolveConstraint expression, String message, Object[] args)
Thread#0:T:   at NUnit.Framework.Assert.AreEqual(Object expected, Object actual, String message, Object[] args)
Thread#0:T:   at TRID.StepDefinitions.CardsValidationSteps.ThenUpdatedComputedInitialEscrowPaymentValueShouldDisplayOnClosingDisclosure() in F:\Projects\TRID QA\trid-462743\QA\UIAutomation\SpecFramework\StepDefinitions\CardsValidationSteps.cs:line 1220 
Thread#0:T: ====================================================================================
Thread#0:T:|| NonEscrowPropertyOverOneYear || : NUnit.Framework.AssertionException:   Computed value does not match as expected with the difference of 900
Thread#0:T:  Expected: 900.0d
Thread#0:T:  But was:  0.0d
Thread#0:T:   at NUnit.Framework.Assert.That[TActual](TActual actual, IResolveConstraint expression, String message, Object[] args)
Thread#0:T:   at NUnit.Framework.Assert.AreEqual(Object expected, Object actual, String message, Object[] args)
Thread#0:T:   at TRID.StepDefinitions.CardsValidationSteps.ThenUpdatedComputedNonEscrowPropertyCostsOverOneYearValueShouldDisplayOnClosingDisclosure() in F:\Projects\TRID QA\trid-462743\QA\UIAutomation\SpecFramework\StepDefinitions\CardsValidationSteps.cs:line 1270 
Thread#0:T: ====================================================================================
Thread#0:T:|| EstimatedEscrow || : NUnit.Framework.AssertionException:   Computed value does not match as expected with the difference of 200
Thread#0:T:  Expected: 200.0d
Thread#0:T:  But was:  0.0d
Thread#0:T:   at NUnit.Framework.Assert.That[TActual](TActual actual, IResolveConstraint expression, String message, Object[] args)
Thread#0:T:   at NUnit.Framework.Assert.AreEqual(Object expected, Object actual, String message, Object[] args)
Thread#0:T:   at TRID.StepDefinitions.CardsValidationSteps.ThenUpdatedComputedEstimatedEscrowValueShouldDisplayOnClosingDisclosure() in F:\Projects\TRID QA\trid-462743\QA\UIAutomation\SpecFramework\StepDefinitions\CardsValidationSteps.cs:line 1319 
Thread#0:T: ====================================================================================
Thread#0:T:====================================================================================
Thread#0:T:##########################################################
Thread#0:T:##########################################################
Thread#0: Test #240/0 is finished on thread #0 as CleanupFailed within 139.8082152 seconds
Appdomain Disposed
Thread#-1:Scheduler: get next test for thread
Thread#:Scheduler: at the end of normal test queue
Thread#-1:Scheduler: enumerator for thread is at end
Total: 6
Succeeded: 0
Ignored: 0
Pending: 0
Skipped: 0
Failed: 6
