VS filter: testpath:TestAssembly:TRID/Feature:CardsValidation/Scenario:Uploading+JSON+file+and+Validating+cards+value+on+Loan+Estimate+page%2c+143 | testpath:TestAssembly:TRID/Feature:CardsValidation/Scenario:Uploading+JSON+file+and+Validating+cards+value+on+Loan+Estimate+page%2c+045 | testpath:TestAssembly:TRID/Feature:CardsValidation/Scenario:Uploading+JSON+file+and+Validating+cards+value+on+Loan+Estimate+page%2c+141 | testpath:TestAssembly:TRID/Feature:CardsValidation/Scenario:Uploading+JSON+file+and+Validating+cards+value+on+Loan+Estimate+page%2c+145 | testpath:TestAssembly:TRID/Feature:CardsValidation/Scenario:Uploading+JSON+file+and+Validating+cards+value+on+Loan+Estimate+page%2c+142 | testpath:TestAssembly:TRID/Feature:CardsValidation/Scenario:Uploading+JSON+file+and+Validating+cards+value+on+Loan+Estimate+page%2c+144 | testpath:TestAssembly:TRID/Feature:CardsValidation/Scenario:Uploading+JSON+file+and+Validating+cards+value+on+Loan+Estimate+page%2c+140 | testpath:TestAssembly:TRID/Feature:CardsValidation/Scenario:Uploading+JSON+file+and+Validating+cards+value+on+Loan+Estimate+page%2c+147 | testpath:TestAssembly:TRID/Feature:CardsValidation/Scenario:Uploading+JSON+file+and+Validating+cards+value+on+Loan+Estimate+page%2c+139 | testpath:TestAssembly:TRID/Feature:CardsValidation/Scenario:Uploading+JSON+file+and+Validating+cards+value+on+Loan+Estimate+page%2c+146 | testpath:TestAssembly:TRID/Feature:CardsValidation/Scenario:Uploading+JSON+file+and+Validating+cards+value+on+Loan+Estimate+page%2c+138
Discovering target: Default
Discovering tests from assembly: F:\Projects\TRID QA\trid-462743\QA\UIAutomation\SpecFramework\bin\Debug\TRID.dll
Appdomain Disposed
Test Suite Dump
#0: TRID/Default - 
#1: Default - 
#2: TRID - 
#122: CardsValidation - 
#131: Uploading JSON file and Validating cards value on Loan Estimate page, 138 - TestAssembly:TRID/Feature:CardsValidation/Scenario:Uploading+JSON+file+and+Validating+cards+value+on+Loan+Estimate+page%2c+138
#132: Uploading JSON file and Validating cards value on Loan Estimate page, 139 - TestAssembly:TRID/Feature:CardsValidation/Scenario:Uploading+JSON+file+and+Validating+cards+value+on+Loan+Estimate+page%2c+139
#133: Uploading JSON file and Validating cards value on Loan Estimate page, 140 - TestAssembly:TRID/Feature:CardsValidation/Scenario:Uploading+JSON+file+and+Validating+cards+value+on+Loan+Estimate+page%2c+140
#134: Uploading JSON file and Validating cards value on Loan Estimate page, 141 - TestAssembly:TRID/Feature:CardsValidation/Scenario:Uploading+JSON+file+and+Validating+cards+value+on+Loan+Estimate+page%2c+141
#135: Uploading JSON file and Validating cards value on Loan Estimate page, 142 - TestAssembly:TRID/Feature:CardsValidation/Scenario:Uploading+JSON+file+and+Validating+cards+value+on+Loan+Estimate+page%2c+142
#136: Uploading JSON file and Validating cards value on Loan Estimate page, 143 - TestAssembly:TRID/Feature:CardsValidation/Scenario:Uploading+JSON+file+and+Validating+cards+value+on+Loan+Estimate+page%2c+143
#137: Uploading JSON file and Validating cards value on Loan Estimate page, 144 - TestAssembly:TRID/Feature:CardsValidation/Scenario:Uploading+JSON+file+and+Validating+cards+value+on+Loan+Estimate+page%2c+144
#138: Uploading JSON file and Validating cards value on Loan Estimate page, 145 - TestAssembly:TRID/Feature:CardsValidation/Scenario:Uploading+JSON+file+and+Validating+cards+value+on+Loan+Estimate+page%2c+145
#139: Uploading JSON file and Validating cards value on Loan Estimate page, 146 - TestAssembly:TRID/Feature:CardsValidation/Scenario:Uploading+JSON+file+and+Validating+cards+value+on+Loan+Estimate+page%2c+146
#140: Uploading JSON file and Validating cards value on Loan Estimate page, 147 - TestAssembly:TRID/Feature:CardsValidation/Scenario:Uploading+JSON+file+and+Validating+cards+value+on+Loan+Estimate+page%2c+147
#242: Uploading JSON file and Validating cards value on Loan Estimate page, 045 - TestAssembly:TRID/Feature:CardsValidation/Scenario:Uploading+JSON+file+and+Validating+cards+value+on+Loan+Estimate+page%2c+045
End: Test Suite Dump
Thread#0:Scheduler: get next test for thread
Thread#:Scheduler: testitem #131 from normal test queue 
Thread#0:Scheduler: considering testitem #131 for thread
Thread#0:Scheduler: using testitem #131 for thread
Thread#0:Scheduler: Test #131 is scheduled for thread
Thread#0:Scheduler: with testItemExecutionIndex 0
Thread #0: creating new test thread executor for TRID, Version=1.0.0.0, Culture=neutral, PublicKeyToken=null (target: Default)
Loading SpecRun type 'TechTalk.SpecRun.Framework.TestAssemblyExecutor' from: C:\Users\sandees\AppData\Local\Temp\VisualStudioTestExplorerExtensions\SpecRun.Runner.1.5.2\tools\TechTalk.SpecRun.Framework.Executor.dll
Thread#0: Test #131/0 is started on thread #0
Thread#0:B:Given user is at TRID application homepage
Thread#0:T:done: CardsValidationSteps.GivenUserIsAtTridApplicationHomepage() (37.2s)
Thread#0:B:And user have closing disclosure data from excel sheet ClosingDisclosure for the scenario 116
Thread#0:T:done: CardsValidationSteps.GivenUserHaveClosingDisclosureDataFromExcelSheetForTheScenario("ClosingDisclosure", 116) (1.0s)
Thread#0:B:When user upload json file for the scenario
Thread#0:T:done: CardsValidationSteps.WhenUserUploadJsonFileForTheScenario() (2.0s)
Thread#0:B:And user navigates to Loan Estimate Cards Page
Thread#0:T:done: CardsValidationSteps.WhenUserNavigatesToLoanEstimateCardsPage() (1.0s)
Thread#0:B:Then updated/computed in 5 Years value should display on Loan Estimate
Thread#0:T:===========================================================
Thread#0:T:ExpectedComputedValue :0
Thread#0:T:ActualComputedValue :0
Thread#0:T:============================================================
Thread#0:T:===========================================================
Thread#0:T:ExpectedDisclosedValue :36592.96
Thread#0:T:ActualDisclosedValue :36592.96
Thread#0:T:============================================================
Thread#0:T:NUnit.Framework.AssertionException:   Disclosed value does not match with computed value with the difference of 36592.96
Thread#0:T:  Expected: 36592.959999999999d
Thread#0:T:  But was:  0.0d
Thread#0:T:   at NUnit.Framework.Assert.That[TActual](TActual actual, IResolveConstraint expression, String message, Object[] args)
Thread#0:T:   at NUnit.Framework.Assert.AreEqual(Object expected, Object actual, String message, Object[] args)
Thread#0:T:   at TRID.StepDefinitions.CardsValidationSteps.ThenUpdatedComputedIn5YearsValueShouldDisplayOnLoanEstimate() in F:\Projects\TRID QA\trid-462743\QA\UIAutomation\SpecFramework\StepDefinitions\CardsValidationSteps.cs:line 1450
Thread#0:T:done: CardsValidationSteps.ThenUpdatedComputedIn5YearsValueShouldDisplayOnLoanEstimate() (1.2s)
Thread#0:B:And updated/computed in 5 Years principal value should display on Loan Estimate
Thread#0:T:===========================================================
Thread#0:T:ExpectedComputedValue :0
Thread#0:T:ActualComputedValue :0
Thread#0:T:============================================================
Thread#0:T:===========================================================
Thread#0:T:ExpectedDisclosedValue :13412.78
Thread#0:T:ActualDisclosedValue :13412.78
Thread#0:T:============================================================
Thread#0:T:NUnit.Framework.AssertionException:   Disclosed value does not match with computed value with the difference of 13412.78
Thread#0:T:  Expected: 13412.780000000001d
Thread#0:T:  But was:  0.0d
Thread#0:T:   at NUnit.Framework.Assert.That[TActual](TActual actual, IResolveConstraint expression, String message, Object[] args)
Thread#0:T:   at NUnit.Framework.Assert.AreEqual(Object expected, Object actual, String message, Object[] args)
Thread#0:T:   at TRID.StepDefinitions.CardsValidationSteps.ThenUpdatedComputedIn5YearsPrincipalValueShouldDisplayOnLoanEstimate() in F:\Projects\TRID QA\trid-462743\QA\UIAutomation\SpecFramework\StepDefinitions\CardsValidationSteps.cs:line 1499
Thread#0:T:done: CardsValidationSteps.ThenUpdatedComputedIn5YearsPrincipalValueShouldDisplayOnLoanEstimate() (1.1s)
Thread#0:Scheduler: get next test for thread
Thread#:Scheduler: testitem #132 from normal test queue 
Thread#0:Scheduler: considering testitem #132 for thread
Thread#0:Scheduler: using testitem #132 for thread
Thread#0:Scheduler: Test #132 is scheduled for thread
Thread#0:Scheduler: with testItemExecutionIndex 0
Thread#0: Test #131/0 is finished on thread #0 as Succeeded within 44.0495165 seconds
Thread#0: Test #132/0 is started on thread #0
Thread#0:B:Given user is at TRID application homepage
Thread#0:T:done: CardsValidationSteps.GivenUserIsAtTridApplicationHomepage() (1.9s)
Thread#0:B:And user have closing disclosure data from excel sheet ClosingDisclosure for the scenario 117
Thread#0:T:done: CardsValidationSteps.GivenUserHaveClosingDisclosureDataFromExcelSheetForTheScenario("ClosingDisclosure", 117) (1.1s)
Thread#0:B:When user upload json file for the scenario
Thread#0:T:done: CardsValidationSteps.WhenUserUploadJsonFileForTheScenario() (2.0s)
Thread#0:B:And user navigates to Loan Estimate Cards Page
Thread#0:T:done: CardsValidationSteps.WhenUserNavigatesToLoanEstimateCardsPage() (0.3s)
Thread#0:B:Then updated/computed in 5 Years value should display on Loan Estimate
Thread#0:T:===========================================================
Thread#0:T:ExpectedComputedValue :0
Thread#0:T:ActualComputedValue :0
Thread#0:T:============================================================
Thread#0:T:===========================================================
Thread#0:T:ExpectedDisclosedValue :36400.8
Thread#0:T:ActualDisclosedValue :36400.8
Thread#0:T:============================================================
Thread#0:T:NUnit.Framework.AssertionException:   Disclosed value does not match with computed value with the difference of 36400.8
Thread#0:T:  Expected: 36400.800000000003d
Thread#0:T:  But was:  0.0d
Thread#0:T:   at NUnit.Framework.Assert.That[TActual](TActual actual, IResolveConstraint expression, String message, Object[] args)
Thread#0:T:   at NUnit.Framework.Assert.AreEqual(Object expected, Object actual, String message, Object[] args)
Thread#0:T:   at TRID.StepDefinitions.CardsValidationSteps.ThenUpdatedComputedIn5YearsValueShouldDisplayOnLoanEstimate() in F:\Projects\TRID QA\trid-462743\QA\UIAutomation\SpecFramework\StepDefinitions\CardsValidationSteps.cs:line 1450
Thread#0:T:done: CardsValidationSteps.ThenUpdatedComputedIn5YearsValueShouldDisplayOnLoanEstimate() (1.1s)
Thread#0:B:And updated/computed in 5 Years principal value should display on Loan Estimate
Thread#0:T:===========================================================
Thread#0:T:ExpectedComputedValue :0
Thread#0:T:ActualComputedValue :0
Thread#0:T:============================================================
Thread#0:T:===========================================================
Thread#0:T:ExpectedDisclosedValue :12988.59
Thread#0:T:ActualDisclosedValue :12988.59
Thread#0:T:============================================================
Thread#0:T:NUnit.Framework.AssertionException:   Disclosed value does not match with computed value with the difference of 12988.59
Thread#0:T:  Expected: 12988.59d
Thread#0:T:  But was:  0.0d
Thread#0:T:   at NUnit.Framework.Assert.That[TActual](TActual actual, IResolveConstraint expression, String message, Object[] args)
Thread#0:T:   at NUnit.Framework.Assert.AreEqual(Object expected, Object actual, String message, Object[] args)
Thread#0:T:   at TRID.StepDefinitions.CardsValidationSteps.ThenUpdatedComputedIn5YearsPrincipalValueShouldDisplayOnLoanEstimate() in F:\Projects\TRID QA\trid-462743\QA\UIAutomation\SpecFramework\StepDefinitions\CardsValidationSteps.cs:line 1499
Thread#0:T:done: CardsValidationSteps.ThenUpdatedComputedIn5YearsPrincipalValueShouldDisplayOnLoanEstimate() (1.1s)
Thread#0:Scheduler: get next test for thread
Thread#:Scheduler: testitem #133 from normal test queue 
Thread#0:Scheduler: considering testitem #133 for thread
Thread#0:Scheduler: using testitem #133 for thread
Thread#0:Scheduler: Test #133 is scheduled for thread
Thread#0:Scheduler: with testItemExecutionIndex 0
Thread#0: Test #132/0 is finished on thread #0 as Succeeded within 8.8240904 seconds
Thread#0: Test #133/0 is started on thread #0
Thread#0:B:Given user is at TRID application homepage
Thread#0:T:done: CardsValidationSteps.GivenUserIsAtTridApplicationHomepage() (1.1s)
Thread#0:B:And user have closing disclosure data from excel sheet ClosingDisclosure for the scenario 118
Thread#0:T:done: CardsValidationSteps.GivenUserHaveClosingDisclosureDataFromExcelSheetForTheScenario("ClosingDisclosure", 118) (1.0s)
Thread#0:B:When user upload json file for the scenario
Thread#0:T:done: CardsValidationSteps.WhenUserUploadJsonFileForTheScenario() (2.0s)
Thread#0:B:And user navigates to Loan Estimate Cards Page
Thread#0:T:done: CardsValidationSteps.WhenUserNavigatesToLoanEstimateCardsPage() (0.3s)
Thread#0:B:Then updated/computed in 5 Years value should display on Loan Estimate
Thread#0:T:===========================================================
Thread#0:T:ExpectedComputedValue :0
Thread#0:T:ActualComputedValue :0
Thread#0:T:============================================================
Thread#0:T:===========================================================
Thread#0:T:ExpectedDisclosedValue :36814.08
Thread#0:T:ActualDisclosedValue :36814.08
Thread#0:T:============================================================
Thread#0:T:NUnit.Framework.AssertionException:   Disclosed value does not match with computed value with the difference of 36814.08
Thread#0:T:  Expected: 36814.080000000002d
Thread#0:T:  But was:  0.0d
Thread#0:T:   at NUnit.Framework.Assert.That[TActual](TActual actual, IResolveConstraint expression, String message, Object[] args)
Thread#0:T:   at NUnit.Framework.Assert.AreEqual(Object expected, Object actual, String message, Object[] args)
Thread#0:T:   at TRID.StepDefinitions.CardsValidationSteps.ThenUpdatedComputedIn5YearsValueShouldDisplayOnLoanEstimate() in F:\Projects\TRID QA\trid-462743\QA\UIAutomation\SpecFramework\StepDefinitions\CardsValidationSteps.cs:line 1450
Thread#0:T:done: CardsValidationSteps.ThenUpdatedComputedIn5YearsValueShouldDisplayOnLoanEstimate() (1.1s)
Thread#0:B:And updated/computed in 5 Years principal value should display on Loan Estimate
Thread#0:T:===========================================================
Thread#0:T:ExpectedComputedValue :0
Thread#0:T:ActualComputedValue :0
Thread#0:T:============================================================
Thread#0:T:===========================================================
Thread#0:T:ExpectedDisclosedValue :12799.69
Thread#0:T:ActualDisclosedValue :12799.69
Thread#0:T:============================================================
Thread#0:T:NUnit.Framework.AssertionException:   Disclosed value does not match with computed value with the difference of 12799.69
Thread#0:T:  Expected: 12799.690000000001d
Thread#0:T:  But was:  0.0d
Thread#0:T:   at NUnit.Framework.Assert.That[TActual](TActual actual, IResolveConstraint expression, String message, Object[] args)
Thread#0:T:   at NUnit.Framework.Assert.AreEqual(Object expected, Object actual, String message, Object[] args)
Thread#0:T:   at TRID.StepDefinitions.CardsValidationSteps.ThenUpdatedComputedIn5YearsPrincipalValueShouldDisplayOnLoanEstimate() in F:\Projects\TRID QA\trid-462743\QA\UIAutomation\SpecFramework\StepDefinitions\CardsValidationSteps.cs:line 1499
Thread#0:T:done: CardsValidationSteps.ThenUpdatedComputedIn5YearsPrincipalValueShouldDisplayOnLoanEstimate() (1.1s)
Thread#0:Scheduler: get next test for thread
Thread#:Scheduler: testitem #134 from normal test queue 
Thread#0:Scheduler: considering testitem #134 for thread
Thread#0:Scheduler: using testitem #134 for thread
Thread#0:Scheduler: Test #134 is scheduled for thread
Thread#0:Scheduler: with testItemExecutionIndex 0
Thread#0: Test #133/0 is finished on thread #0 as Succeeded within 8.0009964 seconds
Thread#0: Test #134/0 is started on thread #0
Thread#0:B:Given user is at TRID application homepage
Thread#0:T:done: CardsValidationSteps.GivenUserIsAtTridApplicationHomepage() (1.2s)
Thread#0:B:And user have closing disclosure data from excel sheet ClosingDisclosure for the scenario 119
Thread#0:T:done: CardsValidationSteps.GivenUserHaveClosingDisclosureDataFromExcelSheetForTheScenario("ClosingDisclosure", 119) (1.0s)
Thread#0:B:When user upload json file for the scenario
Thread#0:T:done: CardsValidationSteps.WhenUserUploadJsonFileForTheScenario() (2.0s)
Thread#0:B:And user navigates to Loan Estimate Cards Page
Thread#0:T:done: CardsValidationSteps.WhenUserNavigatesToLoanEstimateCardsPage() (0.3s)
Thread#0:B:Then updated/computed in 5 Years value should display on Loan Estimate
Thread#0:T:===========================================================
Thread#0:T:ExpectedComputedValue :0
Thread#0:T:ActualComputedValue :0
Thread#0:T:============================================================
Thread#0:T:===========================================================
Thread#0:T:ExpectedDisclosedValue :36814.08
Thread#0:T:ActualDisclosedValue :36814.08
Thread#0:T:============================================================
Thread#0:T:NUnit.Framework.AssertionException:   Disclosed value does not match with computed value with the difference of 36814.08
Thread#0:T:  Expected: 36814.080000000002d
Thread#0:T:  But was:  0.0d
Thread#0:T:   at NUnit.Framework.Assert.That[TActual](TActual actual, IResolveConstraint expression, String message, Object[] args)
Thread#0:T:   at NUnit.Framework.Assert.AreEqual(Object expected, Object actual, String message, Object[] args)
Thread#0:T:   at TRID.StepDefinitions.CardsValidationSteps.ThenUpdatedComputedIn5YearsValueShouldDisplayOnLoanEstimate() in F:\Projects\TRID QA\trid-462743\QA\UIAutomation\SpecFramework\StepDefinitions\CardsValidationSteps.cs:line 1450
Thread#0:T:done: CardsValidationSteps.ThenUpdatedComputedIn5YearsValueShouldDisplayOnLoanEstimate() (1.1s)
Thread#0:B:And updated/computed in 5 Years principal value should display on Loan Estimate
Thread#0:T:===========================================================
Thread#0:T:ExpectedComputedValue :0
Thread#0:T:ActualComputedValue :0
Thread#0:T:============================================================
Thread#0:T:===========================================================
Thread#0:T:ExpectedDisclosedValue :12799.69
Thread#0:T:ActualDisclosedValue :12799.69
Thread#0:T:============================================================
Thread#0:T:NUnit.Framework.AssertionException:   Disclosed value does not match with computed value with the difference of 12799.69
Thread#0:T:  Expected: 12799.690000000001d
Thread#0:T:  But was:  0.0d
Thread#0:T:   at NUnit.Framework.Assert.That[TActual](TActual actual, IResolveConstraint expression, String message, Object[] args)
Thread#0:T:   at NUnit.Framework.Assert.AreEqual(Object expected, Object actual, String message, Object[] args)
Thread#0:T:   at TRID.StepDefinitions.CardsValidationSteps.ThenUpdatedComputedIn5YearsPrincipalValueShouldDisplayOnLoanEstimate() in F:\Projects\TRID QA\trid-462743\QA\UIAutomation\SpecFramework\StepDefinitions\CardsValidationSteps.cs:line 1499
Thread#0:T:done: CardsValidationSteps.ThenUpdatedComputedIn5YearsPrincipalValueShouldDisplayOnLoanEstimate() (1.1s)
Thread#0:Scheduler: get next test for thread
Thread#:Scheduler: testitem #135 from normal test queue 
Thread#0:Scheduler: considering testitem #135 for thread
Thread#0:Scheduler: using testitem #135 for thread
Thread#0:Scheduler: Test #135 is scheduled for thread
Thread#0:Scheduler: with testItemExecutionIndex 0
Thread#0: Test #134/0 is finished on thread #0 as Succeeded within 8.0486031 seconds
Thread#0: Test #135/0 is started on thread #0
Thread#0:B:Given user is at TRID application homepage
Thread#0:T:done: CardsValidationSteps.GivenUserIsAtTridApplicationHomepage() (1.2s)
Thread#0:B:And user have closing disclosure data from excel sheet ClosingDisclosure for the scenario 120
Thread#0:T:done: CardsValidationSteps.GivenUserHaveClosingDisclosureDataFromExcelSheetForTheScenario("ClosingDisclosure", 120) (1.0s)
Thread#0:B:When user upload json file for the scenario
Thread#0:T:done: CardsValidationSteps.WhenUserUploadJsonFileForTheScenario() (2.0s)
Thread#0:B:And user navigates to Loan Estimate Cards Page
Thread#0:T:done: CardsValidationSteps.WhenUserNavigatesToLoanEstimateCardsPage() (0.3s)
Thread#0:B:Then updated/computed in 5 Years value should display on Loan Estimate
Thread#0:T:===========================================================
Thread#0:T:ExpectedComputedValue :0
Thread#0:T:ActualComputedValue :0
Thread#0:T:============================================================
Thread#0:T:===========================================================
Thread#0:T:ExpectedDisclosedValue :39874.8
Thread#0:T:ActualDisclosedValue :39874.8
Thread#0:T:============================================================
Thread#0:T:NUnit.Framework.AssertionException:   Disclosed value does not match with computed value with the difference of 39874.8
Thread#0:T:  Expected: 39874.800000000003d
Thread#0:T:  But was:  0.0d
Thread#0:T:   at NUnit.Framework.Assert.That[TActual](TActual actual, IResolveConstraint expression, String message, Object[] args)
Thread#0:T:   at NUnit.Framework.Assert.AreEqual(Object expected, Object actual, String message, Object[] args)
Thread#0:T:   at TRID.StepDefinitions.CardsValidationSteps.ThenUpdatedComputedIn5YearsValueShouldDisplayOnLoanEstimate() in F:\Projects\TRID QA\trid-462743\QA\UIAutomation\SpecFramework\StepDefinitions\CardsValidationSteps.cs:line 1450
Thread#0:T:done: CardsValidationSteps.ThenUpdatedComputedIn5YearsValueShouldDisplayOnLoanEstimate() (1.1s)
Thread#0:B:And updated/computed in 5 Years principal value should display on Loan Estimate
Thread#0:T:===========================================================
Thread#0:T:ExpectedComputedValue :0
Thread#0:T:ActualComputedValue :0
Thread#0:T:============================================================
Thread#0:T:===========================================================
Thread#0:T:ExpectedDisclosedValue :11556.76
Thread#0:T:ActualDisclosedValue :11556.76
Thread#0:T:============================================================
Thread#0:T:NUnit.Framework.AssertionException:   Disclosed value does not match with computed value with the difference of 11556.76
Thread#0:T:  Expected: 11556.76d
Thread#0:T:  But was:  0.0d
Thread#0:T:   at NUnit.Framework.Assert.That[TActual](TActual actual, IResolveConstraint expression, String message, Object[] args)
Thread#0:T:   at NUnit.Framework.Assert.AreEqual(Object expected, Object actual, String message, Object[] args)
Thread#0:T:   at TRID.StepDefinitions.CardsValidationSteps.ThenUpdatedComputedIn5YearsPrincipalValueShouldDisplayOnLoanEstimate() in F:\Projects\TRID QA\trid-462743\QA\UIAutomation\SpecFramework\StepDefinitions\CardsValidationSteps.cs:line 1499
Thread#0:T:done: CardsValidationSteps.ThenUpdatedComputedIn5YearsPrincipalValueShouldDisplayOnLoanEstimate() (1.1s)
Thread#0:Scheduler: get next test for thread
Thread#:Scheduler: testitem #136 from normal test queue 
Thread#0:Scheduler: considering testitem #136 for thread
Thread#0:Scheduler: using testitem #136 for thread
Thread#0:Scheduler: Test #136 is scheduled for thread
Thread#0:Scheduler: with testItemExecutionIndex 0
Thread#0: Test #135/0 is finished on thread #0 as Succeeded within 8.0816184 seconds
Thread#0: Test #136/0 is started on thread #0
Thread#0:B:Given user is at TRID application homepage
Thread#0:T:done: CardsValidationSteps.GivenUserIsAtTridApplicationHomepage() (1.2s)
Thread#0:B:And user have closing disclosure data from excel sheet ClosingDisclosure for the scenario 121
Thread#0:T:done: CardsValidationSteps.GivenUserHaveClosingDisclosureDataFromExcelSheetForTheScenario("ClosingDisclosure", 121) (0.9s)
Thread#0:B:When user upload json file for the scenario
Thread#0:T:done: CardsValidationSteps.WhenUserUploadJsonFileForTheScenario() (2.0s)
Thread#0:B:And user navigates to Loan Estimate Cards Page
Thread#0:T:done: CardsValidationSteps.WhenUserNavigatesToLoanEstimateCardsPage() (0.3s)
Thread#0:B:Then updated/computed in 5 Years value should display on Loan Estimate
Thread#0:T:===========================================================
Thread#0:T:ExpectedComputedValue :0
Thread#0:T:ActualComputedValue :0
Thread#0:T:============================================================
Thread#0:T:===========================================================
Thread#0:T:ExpectedDisclosedValue :37233.6
Thread#0:T:ActualDisclosedValue :37233.6
Thread#0:T:============================================================
Thread#0:T:NUnit.Framework.AssertionException:   Disclosed value does not match with computed value with the difference of 37233.6
Thread#0:T:  Expected: 37233.599999999999d
Thread#0:T:  But was:  0.0d
Thread#0:T:   at NUnit.Framework.Assert.That[TActual](TActual actual, IResolveConstraint expression, String message, Object[] args)
Thread#0:T:   at NUnit.Framework.Assert.AreEqual(Object expected, Object actual, String message, Object[] args)
Thread#0:T:   at TRID.StepDefinitions.CardsValidationSteps.ThenUpdatedComputedIn5YearsValueShouldDisplayOnLoanEstimate() in F:\Projects\TRID QA\trid-462743\QA\UIAutomation\SpecFramework\StepDefinitions\CardsValidationSteps.cs:line 1450
Thread#0:T:done: CardsValidationSteps.ThenUpdatedComputedIn5YearsValueShouldDisplayOnLoanEstimate() (1.1s)
Thread#0:B:And updated/computed in 5 Years principal value should display on Loan Estimate
Thread#0:T:===========================================================
Thread#0:T:ExpectedComputedValue :0
Thread#0:T:ActualComputedValue :0
Thread#0:T:============================================================
Thread#0:T:===========================================================
Thread#0:T:ExpectedDisclosedValue :12606.31
Thread#0:T:ActualDisclosedValue :12606.31
Thread#0:T:============================================================
Thread#0:T:NUnit.Framework.AssertionException:   Disclosed value does not match with computed value with the difference of 12606.31
Thread#0:T:  Expected: 12606.31d
Thread#0:T:  But was:  0.0d
Thread#0:T:   at NUnit.Framework.Assert.That[TActual](TActual actual, IResolveConstraint expression, String message, Object[] args)
Thread#0:T:   at NUnit.Framework.Assert.AreEqual(Object expected, Object actual, String message, Object[] args)
Thread#0:T:   at TRID.StepDefinitions.CardsValidationSteps.ThenUpdatedComputedIn5YearsPrincipalValueShouldDisplayOnLoanEstimate() in F:\Projects\TRID QA\trid-462743\QA\UIAutomation\SpecFramework\StepDefinitions\CardsValidationSteps.cs:line 1499
Thread#0:T:done: CardsValidationSteps.ThenUpdatedComputedIn5YearsPrincipalValueShouldDisplayOnLoanEstimate() (1.1s)
Thread#0:Scheduler: get next test for thread
Thread#:Scheduler: testitem #137 from normal test queue 
Thread#0:Scheduler: considering testitem #137 for thread
Thread#0:Scheduler: using testitem #137 for thread
Thread#0:Scheduler: Test #137 is scheduled for thread
Thread#0:Scheduler: with testItemExecutionIndex 0
Thread#0: Test #136/0 is finished on thread #0 as Succeeded within 7.9177582 seconds
Thread#0: Test #137/0 is started on thread #0
Thread#0:B:Given user is at TRID application homepage
Thread#0:T:done: CardsValidationSteps.GivenUserIsAtTridApplicationHomepage() (1.2s)
Thread#0:B:And user have closing disclosure data from excel sheet ClosingDisclosure for the scenario 122
Thread#0:T:done: CardsValidationSteps.GivenUserHaveClosingDisclosureDataFromExcelSheetForTheScenario("ClosingDisclosure", 122) (0.9s)
Thread#0:B:When user upload json file for the scenario
Thread#0:T:done: CardsValidationSteps.WhenUserUploadJsonFileForTheScenario() (2.0s)
Thread#0:B:And user navigates to Loan Estimate Cards Page
Thread#0:T:done: CardsValidationSteps.WhenUserNavigatesToLoanEstimateCardsPage() (0.3s)
Thread#0:B:Then updated/computed in 5 Years value should display on Loan Estimate
Thread#0:T:===========================================================
Thread#0:T:ExpectedComputedValue :0
Thread#0:T:ActualComputedValue :0
Thread#0:T:============================================================
Thread#0:T:===========================================================
Thread#0:T:ExpectedDisclosedValue :36400.8
Thread#0:T:ActualDisclosedValue :36400.8
Thread#0:T:============================================================
Thread#0:T:NUnit.Framework.AssertionException:   Disclosed value does not match with computed value with the difference of 36400.8
Thread#0:T:  Expected: 36400.800000000003d
Thread#0:T:  But was:  0.0d
Thread#0:T:   at NUnit.Framework.Assert.That[TActual](TActual actual, IResolveConstraint expression, String message, Object[] args)
Thread#0:T:   at NUnit.Framework.Assert.AreEqual(Object expected, Object actual, String message, Object[] args)
Thread#0:T:   at TRID.StepDefinitions.CardsValidationSteps.ThenUpdatedComputedIn5YearsValueShouldDisplayOnLoanEstimate() in F:\Projects\TRID QA\trid-462743\QA\UIAutomation\SpecFramework\StepDefinitions\CardsValidationSteps.cs:line 1450
Thread#0:T:done: CardsValidationSteps.ThenUpdatedComputedIn5YearsValueShouldDisplayOnLoanEstimate() (1.1s)
Thread#0:B:And updated/computed in 5 Years principal value should display on Loan Estimate
Thread#0:T:===========================================================
Thread#0:T:ExpectedComputedValue :0
Thread#0:T:ActualComputedValue :0
Thread#0:T:============================================================
Thread#0:T:===========================================================
Thread#0:T:ExpectedDisclosedValue :12988.59
Thread#0:T:ActualDisclosedValue :12988.59
Thread#0:T:============================================================
Thread#0:T:NUnit.Framework.AssertionException:   Disclosed value does not match with computed value with the difference of 12988.59
Thread#0:T:  Expected: 12988.59d
Thread#0:T:  But was:  0.0d
Thread#0:T:   at NUnit.Framework.Assert.That[TActual](TActual actual, IResolveConstraint expression, String message, Object[] args)
Thread#0:T:   at NUnit.Framework.Assert.AreEqual(Object expected, Object actual, String message, Object[] args)
Thread#0:T:   at TRID.StepDefinitions.CardsValidationSteps.ThenUpdatedComputedIn5YearsPrincipalValueShouldDisplayOnLoanEstimate() in F:\Projects\TRID QA\trid-462743\QA\UIAutomation\SpecFramework\StepDefinitions\CardsValidationSteps.cs:line 1499
Thread#0:T:done: CardsValidationSteps.ThenUpdatedComputedIn5YearsPrincipalValueShouldDisplayOnLoanEstimate() (1.1s)
Thread#0:Scheduler: get next test for thread
Thread#:Scheduler: testitem #138 from normal test queue 
Thread#0:Scheduler: considering testitem #138 for thread
Thread#0:Scheduler: using testitem #138 for thread
Thread#0:Scheduler: Test #138 is scheduled for thread
Thread#0:Scheduler: with testItemExecutionIndex 0
Thread#0: Test #137/0 is finished on thread #0 as Succeeded within 7.9042791 seconds
Thread#0: Test #138/0 is started on thread #0
Thread#0:B:Given user is at TRID application homepage
Thread#0:T:done: CardsValidationSteps.GivenUserIsAtTridApplicationHomepage() (1.2s)
Thread#0:B:And user have closing disclosure data from excel sheet ClosingDisclosure for the scenario 123
Thread#0:T:done: CardsValidationSteps.GivenUserHaveClosingDisclosureDataFromExcelSheetForTheScenario("ClosingDisclosure", 123) (0.9s)
Thread#0:B:When user upload json file for the scenario
Thread#0:T:done: CardsValidationSteps.WhenUserUploadJsonFileForTheScenario() (2.0s)
Thread#0:B:And user navigates to Loan Estimate Cards Page
Thread#0:T:done: CardsValidationSteps.WhenUserNavigatesToLoanEstimateCardsPage() (0.3s)
Thread#0:B:Then updated/computed in 5 Years value should display on Loan Estimate
Thread#0:T:===========================================================
Thread#0:T:ExpectedComputedValue :0
Thread#0:T:ActualComputedValue :0
Thread#0:T:============================================================
Thread#0:T:===========================================================
Thread#0:T:ExpectedDisclosedValue :36400.8
Thread#0:T:ActualDisclosedValue :36400.8
Thread#0:T:============================================================
Thread#0:T:NUnit.Framework.AssertionException:   Disclosed value does not match with computed value with the difference of 36400.8
Thread#0:T:  Expected: 36400.800000000003d
Thread#0:T:  But was:  0.0d
Thread#0:T:   at NUnit.Framework.Assert.That[TActual](TActual actual, IResolveConstraint expression, String message, Object[] args)
Thread#0:T:   at NUnit.Framework.Assert.AreEqual(Object expected, Object actual, String message, Object[] args)
Thread#0:T:   at TRID.StepDefinitions.CardsValidationSteps.ThenUpdatedComputedIn5YearsValueShouldDisplayOnLoanEstimate() in F:\Projects\TRID QA\trid-462743\QA\UIAutomation\SpecFramework\StepDefinitions\CardsValidationSteps.cs:line 1450
Thread#0:T:done: CardsValidationSteps.ThenUpdatedComputedIn5YearsValueShouldDisplayOnLoanEstimate() (1.1s)
Thread#0:B:And updated/computed in 5 Years principal value should display on Loan Estimate
Thread#0:T:===========================================================
Thread#0:T:ExpectedComputedValue :0
Thread#0:T:ActualComputedValue :0
Thread#0:T:============================================================
Thread#0:T:===========================================================
Thread#0:T:ExpectedDisclosedValue :12988.59
Thread#0:T:ActualDisclosedValue :12988.59
Thread#0:T:============================================================
Thread#0:T:NUnit.Framework.AssertionException:   Disclosed value does not match with computed value with the difference of 12988.59
Thread#0:T:  Expected: 12988.59d
Thread#0:T:  But was:  0.0d
Thread#0:T:   at NUnit.Framework.Assert.That[TActual](TActual actual, IResolveConstraint expression, String message, Object[] args)
Thread#0:T:   at NUnit.Framework.Assert.AreEqual(Object expected, Object actual, String message, Object[] args)
Thread#0:T:   at TRID.StepDefinitions.CardsValidationSteps.ThenUpdatedComputedIn5YearsPrincipalValueShouldDisplayOnLoanEstimate() in F:\Projects\TRID QA\trid-462743\QA\UIAutomation\SpecFramework\StepDefinitions\CardsValidationSteps.cs:line 1499
Thread#0:T:done: CardsValidationSteps.ThenUpdatedComputedIn5YearsPrincipalValueShouldDisplayOnLoanEstimate() (1.1s)
Thread#0:Scheduler: get next test for thread
Thread#:Scheduler: testitem #139 from normal test queue 
Thread#0:Scheduler: considering testitem #139 for thread
Thread#0:Scheduler: using testitem #139 for thread
Thread#0:Scheduler: Test #139 is scheduled for thread
Thread#0:Scheduler: with testItemExecutionIndex 0
Thread#0: Test #138/0 is finished on thread #0 as Succeeded within 7.9052087 seconds
Thread#0: Test #139/0 is started on thread #0
Thread#0:B:Given user is at TRID application homepage
Thread#0:T:done: CardsValidationSteps.GivenUserIsAtTridApplicationHomepage() (1.2s)
Thread#0:B:And user have closing disclosure data from excel sheet ClosingDisclosure for the scenario 124
Thread#0:T:done: CardsValidationSteps.GivenUserHaveClosingDisclosureDataFromExcelSheetForTheScenario("ClosingDisclosure", 124) (0.9s)
Thread#0:B:When user upload json file for the scenario
Thread#0:T:done: CardsValidationSteps.WhenUserUploadJsonFileForTheScenario() (2.0s)
Thread#0:B:And user navigates to Loan Estimate Cards Page
Thread#0:T:done: CardsValidationSteps.WhenUserNavigatesToLoanEstimateCardsPage() (0.3s)
Thread#0:B:Then updated/computed in 5 Years value should display on Loan Estimate
Thread#0:T:===========================================================
Thread#0:T:ExpectedComputedValue :0
Thread#0:T:ActualComputedValue :0
Thread#0:T:============================================================
Thread#0:T:===========================================================
Thread#0:T:ExpectedDisclosedValue :36814.08
Thread#0:T:ActualDisclosedValue :36814.08
Thread#0:T:============================================================
Thread#0:T:NUnit.Framework.AssertionException:   Disclosed value does not match with computed value with the difference of 36814.08
Thread#0:T:  Expected: 36814.080000000002d
Thread#0:T:  But was:  0.0d
Thread#0:T:   at NUnit.Framework.Assert.That[TActual](TActual actual, IResolveConstraint expression, String message, Object[] args)
Thread#0:T:   at NUnit.Framework.Assert.AreEqual(Object expected, Object actual, String message, Object[] args)
Thread#0:T:   at TRID.StepDefinitions.CardsValidationSteps.ThenUpdatedComputedIn5YearsValueShouldDisplayOnLoanEstimate() in F:\Projects\TRID QA\trid-462743\QA\UIAutomation\SpecFramework\StepDefinitions\CardsValidationSteps.cs:line 1450
Thread#0:T:done: CardsValidationSteps.ThenUpdatedComputedIn5YearsValueShouldDisplayOnLoanEstimate() (1.1s)
Thread#0:B:And updated/computed in 5 Years principal value should display on Loan Estimate
Thread#0:T:===========================================================
Thread#0:T:ExpectedComputedValue :0
Thread#0:T:ActualComputedValue :0
Thread#0:T:============================================================
Thread#0:T:===========================================================
Thread#0:T:ExpectedDisclosedValue :12799.69
Thread#0:T:ActualDisclosedValue :12799.69
Thread#0:T:============================================================
Thread#0:T:NUnit.Framework.AssertionException:   Disclosed value does not match with computed value with the difference of 12799.69
Thread#0:T:  Expected: 12799.690000000001d
Thread#0:T:  But was:  0.0d
Thread#0:T:   at NUnit.Framework.Assert.That[TActual](TActual actual, IResolveConstraint expression, String message, Object[] args)
Thread#0:T:   at NUnit.Framework.Assert.AreEqual(Object expected, Object actual, String message, Object[] args)
Thread#0:T:   at TRID.StepDefinitions.CardsValidationSteps.ThenUpdatedComputedIn5YearsPrincipalValueShouldDisplayOnLoanEstimate() in F:\Projects\TRID QA\trid-462743\QA\UIAutomation\SpecFramework\StepDefinitions\CardsValidationSteps.cs:line 1499
Thread#0:T:done: CardsValidationSteps.ThenUpdatedComputedIn5YearsPrincipalValueShouldDisplayOnLoanEstimate() (1.1s)
Thread#0:Scheduler: get next test for thread
Thread#:Scheduler: testitem #140 from normal test queue 
Thread#0:Scheduler: considering testitem #140 for thread
Thread#0:Scheduler: using testitem #140 for thread
Thread#0:Scheduler: Test #140 is scheduled for thread
Thread#0:Scheduler: with testItemExecutionIndex 0
Thread#0: Test #139/0 is finished on thread #0 as Succeeded within 7.8785587 seconds
Thread#0: Test #140/0 is started on thread #0
Thread#0:B:Given user is at TRID application homepage
Thread#0:T:done: CardsValidationSteps.GivenUserIsAtTridApplicationHomepage() (1.2s)
Thread#0:B:And user have closing disclosure data from excel sheet ClosingDisclosure for the scenario 125
Thread#0:T:done: CardsValidationSteps.GivenUserHaveClosingDisclosureDataFromExcelSheetForTheScenario("ClosingDisclosure", 125) (1.0s)
Thread#0:B:When user upload json file for the scenario
Thread#0:T:done: CardsValidationSteps.WhenUserUploadJsonFileForTheScenario() (2.0s)
Thread#0:B:And user navigates to Loan Estimate Cards Page
Thread#0:T:done: CardsValidationSteps.WhenUserNavigatesToLoanEstimateCardsPage() (0.3s)
Thread#0:B:Then updated/computed in 5 Years value should display on Loan Estimate
Thread#0:T:===========================================================
Thread#0:T:ExpectedComputedValue :0
Thread#0:T:ActualComputedValue :0
Thread#0:T:============================================================
Thread#0:T:===========================================================
Thread#0:T:ExpectedDisclosedValue :45987.24
Thread#0:T:ActualDisclosedValue :45987.24
Thread#0:T:============================================================
Thread#0:T:NUnit.Framework.AssertionException:   Disclosed value does not match with computed value with the difference of 45987.24
Thread#0:T:  Expected: 45987.239999999998d
Thread#0:T:  But was:  0.0d
Thread#0:T:   at NUnit.Framework.Assert.That[TActual](TActual actual, IResolveConstraint expression, String message, Object[] args)
Thread#0:T:   at NUnit.Framework.Assert.AreEqual(Object expected, Object actual, String message, Object[] args)
Thread#0:T:   at TRID.StepDefinitions.CardsValidationSteps.ThenUpdatedComputedIn5YearsValueShouldDisplayOnLoanEstimate() in F:\Projects\TRID QA\trid-462743\QA\UIAutomation\SpecFramework\StepDefinitions\CardsValidationSteps.cs:line 1450
Thread#0:T:done: CardsValidationSteps.ThenUpdatedComputedIn5YearsValueShouldDisplayOnLoanEstimate() (1.1s)
Thread#0:B:And updated/computed in 5 Years principal value should display on Loan Estimate
Thread#0:T:===========================================================
Thread#0:T:ExpectedComputedValue :0
Thread#0:T:ActualComputedValue :0
Thread#0:T:============================================================
Thread#0:T:===========================================================
Thread#0:T:ExpectedDisclosedValue :9718.03
Thread#0:T:ActualDisclosedValue :9718.03
Thread#0:T:============================================================
Thread#0:T:NUnit.Framework.AssertionException:   Disclosed value does not match with computed value with the difference of 9718.03
Thread#0:T:  Expected: 9718.0300000000007d
Thread#0:T:  But was:  0.0d
Thread#0:T:   at NUnit.Framework.Assert.That[TActual](TActual actual, IResolveConstraint expression, String message, Object[] args)
Thread#0:T:   at NUnit.Framework.Assert.AreEqual(Object expected, Object actual, String message, Object[] args)
Thread#0:T:   at TRID.StepDefinitions.CardsValidationSteps.ThenUpdatedComputedIn5YearsPrincipalValueShouldDisplayOnLoanEstimate() in F:\Projects\TRID QA\trid-462743\QA\UIAutomation\SpecFramework\StepDefinitions\CardsValidationSteps.cs:line 1499
Thread#0:T:done: CardsValidationSteps.ThenUpdatedComputedIn5YearsPrincipalValueShouldDisplayOnLoanEstimate() (1.1s)
Thread#0:Scheduler: get next test for thread
Thread#:Scheduler: testitem #242 from normal test queue 
Thread#0:Scheduler: considering testitem #242 for thread
Thread#0:Scheduler: using testitem #242 for thread
Thread#0:Scheduler: Test #242 is scheduled for thread
Thread#0:Scheduler: with testItemExecutionIndex 0
Thread#0: Test #140/0 is finished on thread #0 as Succeeded within 8.0310419 seconds
Thread#0: Test #242/0 is started on thread #0
Thread#0:B:Given user is at TRID application homepage
Thread#0:T:done: CardsValidationSteps.GivenUserIsAtTridApplicationHomepage() (1.2s)
Thread#0:B:And user have closing disclosure data from excel sheet ClosingDisclosure for the scenario 25
Thread#0:T:done: CardsValidationSteps.GivenUserHaveClosingDisclosureDataFromExcelSheetForTheScenario("ClosingDisclosure", 25) (1.0s)
Thread#0:B:When user upload json file for the scenario
Thread#0:T:done: CardsValidationSteps.WhenUserUploadJsonFileForTheScenario() (3.0s)
Thread#0:B:And user navigates to Loan Estimate Cards Page
Thread#0:T:done: CardsValidationSteps.WhenUserNavigatesToLoanEstimateCardsPage() (0.3s)
Thread#0:B:Then updated/computed in 5 Years value should display on Loan Estimate
Thread#0:T:===========================================================
Thread#0:T:ExpectedComputedValue :154402.21
Thread#0:T:ActualComputedValue :154402.21
Thread#0:T:============================================================
Thread#0:T:===========================================================
Thread#0:T:ExpectedDisclosedValue :154402.21
Thread#0:T:ActualDisclosedValue :154402.21
Thread#0:T:============================================================
Thread#0:T:===========================================================
Thread#0:T:ExpectedVarianceValue :0
Thread#0:T:ActualVarianceValue :0
Thread#0:T:============================================================
Thread#0:T:done: CardsValidationSteps.ThenUpdatedComputedIn5YearsValueShouldDisplayOnLoanEstimate() (1.0s)
Thread#0:B:And updated/computed in 5 Years principal value should display on Loan Estimate
Thread#0:T:===========================================================
Thread#0:T:ExpectedComputedValue :131000
Thread#0:T:ActualComputedValue :131000
Thread#0:T:============================================================
Thread#0:T:===========================================================
Thread#0:T:ExpectedDisclosedValue :131000
Thread#0:T:ActualDisclosedValue :131000
Thread#0:T:============================================================
Thread#0:T:===========================================================
Thread#0:T:ExpectedVarianceValue :0
Thread#0:T:ActualVarianceValue :0
Thread#0:T:============================================================
Thread#0:T:done: CardsValidationSteps.ThenUpdatedComputedIn5YearsPrincipalValueShouldDisplayOnLoanEstimate() (1.1s)
Thread#0:Scheduler: get next test for thread
Thread#:Scheduler: at the end of normal test queue
Thread#0:Scheduler: enumerator for thread is at end
Thread#0:Scheduler: No more tests for thread 
Thread#0:T:##########################################################
Thread#0:T:##########################################################
Thread#0:T:====================================================================================
Thread#0:T:Scenario Number : 45
Thread#0:T:The total number of cards Failue: 20
Thread#0:T:Name of cards Failed: || In5Years || : NUnit.Framework.AssertionException:   Disclosed value does not match with computed value with the difference of 36592.96
Thread#0:T:  Expected: 36592.959999999999d
Thread#0:T:  But was:  0.0d
Thread#0:T:   at NUnit.Framework.Assert.That[TActual](TActual actual, IResolveConstraint expression, String message, Object[] args)
Thread#0:T:   at NUnit.Framework.Assert.AreEqual(Object expected, Object actual, String message, Object[] args)
Thread#0:T:   at TRID.StepDefinitions.CardsValidationSteps.ThenUpdatedComputedIn5YearsValueShouldDisplayOnLoanEstimate() in F:\Projects\TRID QA\trid-462743\QA\UIAutomation\SpecFramework\StepDefinitions\CardsValidationSteps.cs:line 1450 
Thread#0:T: ====================================================================================
Thread#0:T:|| In5YearsPrincipal || : NUnit.Framework.AssertionException:   Disclosed value does not match with computed value with the difference of 13412.78
Thread#0:T:  Expected: 13412.780000000001d
Thread#0:T:  But was:  0.0d
Thread#0:T:   at NUnit.Framework.Assert.That[TActual](TActual actual, IResolveConstraint expression, String message, Object[] args)
Thread#0:T:   at NUnit.Framework.Assert.AreEqual(Object expected, Object actual, String message, Object[] args)
Thread#0:T:   at TRID.StepDefinitions.CardsValidationSteps.ThenUpdatedComputedIn5YearsPrincipalValueShouldDisplayOnLoanEstimate() in F:\Projects\TRID QA\trid-462743\QA\UIAutomation\SpecFramework\StepDefinitions\CardsValidationSteps.cs:line 1499 
Thread#0:T: ====================================================================================
Thread#0:T:|| In5Years || : NUnit.Framework.AssertionException:   Disclosed value does not match with computed value with the difference of 36400.8
Thread#0:T:  Expected: 36400.800000000003d
Thread#0:T:  But was:  0.0d
Thread#0:T:   at NUnit.Framework.Assert.That[TActual](TActual actual, IResolveConstraint expression, String message, Object[] args)
Thread#0:T:   at NUnit.Framework.Assert.AreEqual(Object expected, Object actual, String message, Object[] args)
Thread#0:T:   at TRID.StepDefinitions.CardsValidationSteps.ThenUpdatedComputedIn5YearsValueShouldDisplayOnLoanEstimate() in F:\Projects\TRID QA\trid-462743\QA\UIAutomation\SpecFramework\StepDefinitions\CardsValidationSteps.cs:line 1450 
Thread#0:T: ====================================================================================
Thread#0:T:|| In5YearsPrincipal || : NUnit.Framework.AssertionException:   Disclosed value does not match with computed value with the difference of 12988.59
Thread#0:T:  Expected: 12988.59d
Thread#0:T:  But was:  0.0d
Thread#0:T:   at NUnit.Framework.Assert.That[TActual](TActual actual, IResolveConstraint expression, String message, Object[] args)
Thread#0:T:   at NUnit.Framework.Assert.AreEqual(Object expected, Object actual, String message, Object[] args)
Thread#0:T:   at TRID.StepDefinitions.CardsValidationSteps.ThenUpdatedComputedIn5YearsPrincipalValueShouldDisplayOnLoanEstimate() in F:\Projects\TRID QA\trid-462743\QA\UIAutomation\SpecFramework\StepDefinitions\CardsValidationSteps.cs:line 1499 
Thread#0:T: ====================================================================================
Thread#0:T:|| In5Years || : NUnit.Framework.AssertionException:   Disclosed value does not match with computed value with the difference of 36814.08
Thread#0:T:  Expected: 36814.080000000002d
Thread#0:T:  But was:  0.0d
Thread#0:T:   at NUnit.Framework.Assert.That[TActual](TActual actual, IResolveConstraint expression, String message, Object[] args)
Thread#0:T:   at NUnit.Framework.Assert.AreEqual(Object expected, Object actual, String message, Object[] args)
Thread#0:T:   at TRID.StepDefinitions.CardsValidationSteps.ThenUpdatedComputedIn5YearsValueShouldDisplayOnLoanEstimate() in F:\Projects\TRID QA\trid-462743\QA\UIAutomation\SpecFramework\StepDefinitions\CardsValidationSteps.cs:line 1450 
Thread#0:T: ====================================================================================
Thread#0:T:|| In5YearsPrincipal || : NUnit.Framework.AssertionException:   Disclosed value does not match with computed value with the difference of 12799.69
Thread#0:T:  Expected: 12799.690000000001d
Thread#0:T:  But was:  0.0d
Thread#0:T:   at NUnit.Framework.Assert.That[TActual](TActual actual, IResolveConstraint expression, String message, Object[] args)
Thread#0:T:   at NUnit.Framework.Assert.AreEqual(Object expected, Object actual, String message, Object[] args)
Thread#0:T:   at TRID.StepDefinitions.CardsValidationSteps.ThenUpdatedComputedIn5YearsPrincipalValueShouldDisplayOnLoanEstimate() in F:\Projects\TRID QA\trid-462743\QA\UIAutomation\SpecFramework\StepDefinitions\CardsValidationSteps.cs:line 1499 
Thread#0:T: ====================================================================================
Thread#0:T:|| In5Years || : NUnit.Framework.AssertionException:   Disclosed value does not match with computed value with the difference of 36814.08
Thread#0:T:  Expected: 36814.080000000002d
Thread#0:T:  But was:  0.0d
Thread#0:T:   at NUnit.Framework.Assert.That[TActual](TActual actual, IResolveConstraint expression, String message, Object[] args)
Thread#0:T:   at NUnit.Framework.Assert.AreEqual(Object expected, Object actual, String message, Object[] args)
Thread#0:T:   at TRID.StepDefinitions.CardsValidationSteps.ThenUpdatedComputedIn5YearsValueShouldDisplayOnLoanEstimate() in F:\Projects\TRID QA\trid-462743\QA\UIAutomation\SpecFramework\StepDefinitions\CardsValidationSteps.cs:line 1450 
Thread#0:T: ====================================================================================
Thread#0:T:|| In5YearsPrincipal || : NUnit.Framework.AssertionException:   Disclosed value does not match with computed value with the difference of 12799.69
Thread#0:T:  Expected: 12799.690000000001d
Thread#0:T:  But was:  0.0d
Thread#0:T:   at NUnit.Framework.Assert.That[TActual](TActual actual, IResolveConstraint expression, String message, Object[] args)
Thread#0:T:   at NUnit.Framework.Assert.AreEqual(Object expected, Object actual, String message, Object[] args)
Thread#0:T:   at TRID.StepDefinitions.CardsValidationSteps.ThenUpdatedComputedIn5YearsPrincipalValueShouldDisplayOnLoanEstimate() in F:\Projects\TRID QA\trid-462743\QA\UIAutomation\SpecFramework\StepDefinitions\CardsValidationSteps.cs:line 1499 
Thread#0:T: ====================================================================================
Thread#0:T:|| In5Years || : NUnit.Framework.AssertionException:   Disclosed value does not match with computed value with the difference of 39874.8
Thread#0:T:  Expected: 39874.800000000003d
Thread#0:T:  But was:  0.0d
Thread#0:T:   at NUnit.Framework.Assert.That[TActual](TActual actual, IResolveConstraint expression, String message, Object[] args)
Thread#0:T:   at NUnit.Framework.Assert.AreEqual(Object expected, Object actual, String message, Object[] args)
Thread#0:T:   at TRID.StepDefinitions.CardsValidationSteps.ThenUpdatedComputedIn5YearsValueShouldDisplayOnLoanEstimate() in F:\Projects\TRID QA\trid-462743\QA\UIAutomation\SpecFramework\StepDefinitions\CardsValidationSteps.cs:line 1450 
Thread#0:T: ====================================================================================
Thread#0:T:|| In5YearsPrincipal || : NUnit.Framework.AssertionException:   Disclosed value does not match with computed value with the difference of 11556.76
Thread#0:T:  Expected: 11556.76d
Thread#0:T:  But was:  0.0d
Thread#0:T:   at NUnit.Framework.Assert.That[TActual](TActual actual, IResolveConstraint expression, String message, Object[] args)
Thread#0:T:   at NUnit.Framework.Assert.AreEqual(Object expected, Object actual, String message, Object[] args)
Thread#0:T:   at TRID.StepDefinitions.CardsValidationSteps.ThenUpdatedComputedIn5YearsPrincipalValueShouldDisplayOnLoanEstimate() in F:\Projects\TRID QA\trid-462743\QA\UIAutomation\SpecFramework\StepDefinitions\CardsValidationSteps.cs:line 1499 
Thread#0:T: ====================================================================================
Thread#0:T:|| In5Years || : NUnit.Framework.AssertionException:   Disclosed value does not match with computed value with the difference of 37233.6
Thread#0:T:  Expected: 37233.599999999999d
Thread#0:T:  But was:  0.0d
Thread#0:T:   at NUnit.Framework.Assert.That[TActual](TActual actual, IResolveConstraint expression, String message, Object[] args)
Thread#0:T:   at NUnit.Framework.Assert.AreEqual(Object expected, Object actual, String message, Object[] args)
Thread#0:T:   at TRID.StepDefinitions.CardsValidationSteps.ThenUpdatedComputedIn5YearsValueShouldDisplayOnLoanEstimate() in F:\Projects\TRID QA\trid-462743\QA\UIAutomation\SpecFramework\StepDefinitions\CardsValidationSteps.cs:line 1450 
Thread#0:T: ====================================================================================
Thread#0:T:|| In5YearsPrincipal || : NUnit.Framework.AssertionException:   Disclosed value does not match with computed value with the difference of 12606.31
Thread#0:T:  Expected: 12606.31d
Thread#0:T:  But was:  0.0d
Thread#0:T:   at NUnit.Framework.Assert.That[TActual](TActual actual, IResolveConstraint expression, String message, Object[] args)
Thread#0:T:   at NUnit.Framework.Assert.AreEqual(Object expected, Object actual, String message, Object[] args)
Thread#0:T:   at TRID.StepDefinitions.CardsValidationSteps.ThenUpdatedComputedIn5YearsPrincipalValueShouldDisplayOnLoanEstimate() in F:\Projects\TRID QA\trid-462743\QA\UIAutomation\SpecFramework\StepDefinitions\CardsValidationSteps.cs:line 1499 
Thread#0:T: ====================================================================================
Thread#0:T:|| In5Years || : NUnit.Framework.AssertionException:   Disclosed value does not match with computed value with the difference of 36400.8
Thread#0:T:  Expected: 36400.800000000003d
Thread#0:T:  But was:  0.0d
Thread#0:T:   at NUnit.Framework.Assert.That[TActual](TActual actual, IResolveConstraint expression, String message, Object[] args)
Thread#0:T:   at NUnit.Framework.Assert.AreEqual(Object expected, Object actual, String message, Object[] args)
Thread#0:T:   at TRID.StepDefinitions.CardsValidationSteps.ThenUpdatedComputedIn5YearsValueShouldDisplayOnLoanEstimate() in F:\Projects\TRID QA\trid-462743\QA\UIAutomation\SpecFramework\StepDefinitions\CardsValidationSteps.cs:line 1450 
Thread#0:T: ====================================================================================
Thread#0:T:|| In5YearsPrincipal || : NUnit.Framework.AssertionException:   Disclosed value does not match with computed value with the difference of 12988.59
Thread#0:T:  Expected: 12988.59d
Thread#0:T:  But was:  0.0d
Thread#0:T:   at NUnit.Framework.Assert.That[TActual](TActual actual, IResolveConstraint expression, String message, Object[] args)
Thread#0:T:   at NUnit.Framework.Assert.AreEqual(Object expected, Object actual, String message, Object[] args)
Thread#0:T:   at TRID.StepDefinitions.CardsValidationSteps.ThenUpdatedComputedIn5YearsPrincipalValueShouldDisplayOnLoanEstimate() in F:\Projects\TRID QA\trid-462743\QA\UIAutomation\SpecFramework\StepDefinitions\CardsValidationSteps.cs:line 1499 
Thread#0:T: ====================================================================================
Thread#0:T:|| In5Years || : NUnit.Framework.AssertionException:   Disclosed value does not match with computed value with the difference of 36400.8
Thread#0:T:  Expected: 36400.800000000003d
Thread#0:T:  But was:  0.0d
Thread#0:T:   at NUnit.Framework.Assert.That[TActual](TActual actual, IResolveConstraint expression, String message, Object[] args)
Thread#0:T:   at NUnit.Framework.Assert.AreEqual(Object expected, Object actual, String message, Object[] args)
Thread#0:T:   at TRID.StepDefinitions.CardsValidationSteps.ThenUpdatedComputedIn5YearsValueShouldDisplayOnLoanEstimate() in F:\Projects\TRID QA\trid-462743\QA\UIAutomation\SpecFramework\StepDefinitions\CardsValidationSteps.cs:line 1450 
Thread#0:T: ====================================================================================
Thread#0:T:|| In5YearsPrincipal || : NUnit.Framework.AssertionException:   Disclosed value does not match with computed value with the difference of 12988.59
Thread#0:T:  Expected: 12988.59d
Thread#0:T:  But was:  0.0d
Thread#0:T:   at NUnit.Framework.Assert.That[TActual](TActual actual, IResolveConstraint expression, String message, Object[] args)
Thread#0:T:   at NUnit.Framework.Assert.AreEqual(Object expected, Object actual, String message, Object[] args)
Thread#0:T:   at TRID.StepDefinitions.CardsValidationSteps.ThenUpdatedComputedIn5YearsPrincipalValueShouldDisplayOnLoanEstimate() in F:\Projects\TRID QA\trid-462743\QA\UIAutomation\SpecFramework\StepDefinitions\CardsValidationSteps.cs:line 1499 
Thread#0:T: ====================================================================================
Thread#0:T:|| In5Years || : NUnit.Framework.AssertionException:   Disclosed value does not match with computed value with the difference of 36814.08
Thread#0:T:  Expected: 36814.080000000002d
Thread#0:T:  But was:  0.0d
Thread#0:T:   at NUnit.Framework.Assert.That[TActual](TActual actual, IResolveConstraint expression, String message, Object[] args)
Thread#0:T:   at NUnit.Framework.Assert.AreEqual(Object expected, Object actual, String message, Object[] args)
Thread#0:T:   at TRID.StepDefinitions.CardsValidationSteps.ThenUpdatedComputedIn5YearsValueShouldDisplayOnLoanEstimate() in F:\Projects\TRID QA\trid-462743\QA\UIAutomation\SpecFramework\StepDefinitions\CardsValidationSteps.cs:line 1450 
Thread#0:T: ====================================================================================
Thread#0:T:|| In5YearsPrincipal || : NUnit.Framework.AssertionException:   Disclosed value does not match with computed value with the difference of 12799.69
Thread#0:T:  Expected: 12799.690000000001d
Thread#0:T:  But was:  0.0d
Thread#0:T:   at NUnit.Framework.Assert.That[TActual](TActual actual, IResolveConstraint expression, String message, Object[] args)
Thread#0:T:   at NUnit.Framework.Assert.AreEqual(Object expected, Object actual, String message, Object[] args)
Thread#0:T:   at TRID.StepDefinitions.CardsValidationSteps.ThenUpdatedComputedIn5YearsPrincipalValueShouldDisplayOnLoanEstimate() in F:\Projects\TRID QA\trid-462743\QA\UIAutomation\SpecFramework\StepDefinitions\CardsValidationSteps.cs:line 1499 
Thread#0:T: ====================================================================================
Thread#0:T:|| In5Years || : NUnit.Framework.AssertionException:   Disclosed value does not match with computed value with the difference of 45987.24
Thread#0:T:  Expected: 45987.239999999998d
Thread#0:T:  But was:  0.0d
Thread#0:T:   at NUnit.Framework.Assert.That[TActual](TActual actual, IResolveConstraint expression, String message, Object[] args)
Thread#0:T:   at NUnit.Framework.Assert.AreEqual(Object expected, Object actual, String message, Object[] args)
Thread#0:T:   at TRID.StepDefinitions.CardsValidationSteps.ThenUpdatedComputedIn5YearsValueShouldDisplayOnLoanEstimate() in F:\Projects\TRID QA\trid-462743\QA\UIAutomation\SpecFramework\StepDefinitions\CardsValidationSteps.cs:line 1450 
Thread#0:T: ====================================================================================
Thread#0:T:|| In5YearsPrincipal || : NUnit.Framework.AssertionException:   Disclosed value does not match with computed value with the difference of 9718.03
Thread#0:T:  Expected: 9718.0300000000007d
Thread#0:T:  But was:  0.0d
Thread#0:T:   at NUnit.Framework.Assert.That[TActual](TActual actual, IResolveConstraint expression, String message, Object[] args)
Thread#0:T:   at NUnit.Framework.Assert.AreEqual(Object expected, Object actual, String message, Object[] args)
Thread#0:T:   at TRID.StepDefinitions.CardsValidationSteps.ThenUpdatedComputedIn5YearsPrincipalValueShouldDisplayOnLoanEstimate() in F:\Projects\TRID QA\trid-462743\QA\UIAutomation\SpecFramework\StepDefinitions\CardsValidationSteps.cs:line 1499 
Thread#0:T: ====================================================================================
Thread#0:T:====================================================================================
Thread#0:T:##########################################################
Thread#0:T:##########################################################
Thread#0: Test #242/0 is finished on thread #0 as CleanupFailed within 27.4294079 seconds
Appdomain Disposed
Thread#-1:Scheduler: get next test for thread
Thread#:Scheduler: at the end of normal test queue
Thread#-1:Scheduler: enumerator for thread is at end
Total: 11
Succeeded: 10
Ignored: 0
Pending: 0
Skipped: 0
Failed: 1
