<!DOCTYPE html>
<html>
	<head>
        <meta http-equiv="content-type" content="text/html; charset=UTF-8" />
		<title>TRID Test Execution Report</title>
        <script type="text/javascript" src="http://code.jquery.com/jquery-1.6.2.min.js"></script>
        <script type="text/javascript">
            /**
            * jQuery.fn.sortElements
            * --------------
            * #author James Padolsey (http://james.padolsey.com)
            * #version 0.11
            * #updated 18-MAR-2010
            * #url https://raw.github.com/jamespadolsey/jQuery-Plugins/master/sortElements/jquery.sortElements.js
            * --------------
            * #param Function comparator:
            *   Exactly the same behaviour as [1,2,3].sort(comparator)
            *   
            * #param Function getSortable
            *   A function that should return the element that is
            *   to be sorted. The comparator will run on the
            *   current collection, but you may want the actual
            *   resulting sort to occur on a parent or another
            *   associated element.
            *   
            *   E.g. $('td').sortElements(comparator, function(){
            *      return this.parentNode; 
            *   })
            *   
            *   The <td>'s parent (<tr>) will be sorted instead
            *   of the <td> itself.
            */
            jQuery.fn.sortElements = (function () {

                var sort = [].sort;

                return function (comparator, getSortable) {

                    getSortable = getSortable || function () { return this; };

                    var placements = this.map(function () {

                        var sortElement = getSortable.call(this),
                parentNode = sortElement.parentNode,

                        // Since the element itself will change position, we have
                        // to have some way of storing it's original position in
                        // the DOM. The easiest way is to have a 'flag' node:
                nextSibling = parentNode.insertBefore(
                    document.createTextNode(''),
                    sortElement.nextSibling
                );

                        return function () {

                            if (parentNode === this) {
                                throw new Error(
                        "You can't sort elements if any one is a descendant of another."
                    );
                            }

                            // Insert before flag:
                            parentNode.insertBefore(this, nextSibling);
                            // Remove flag:
                            parentNode.removeChild(nextSibling);

                        };

                    });

                    return sort.call(this, comparator).each(function (i) {
                        placements[i].call(getSortable.call(this));
                    });

                };

            })();
        </script>
        <script type="text/javascript">
            jQuery.fn.setBarSizes = (function () {
                return function (metricName, maxBarSize, min) {
                    var max = Math.max.apply(Math, $.makeArray($(this).map(function () { return Number($(this).attr('data-sr-' + metricName)); })));
                    var scale = 1.0;
                    while (max > 0.0 && max <= 10.0) {
                        scale = scale * 10.0;
                        max = max * 10.0;
                    }
                    max = (Math.ceil(max / 2) * 2) / scale;

                    this.each(function () {
                        var barAnchor = $(this).find('a');
                        var actual = $(this).attr('data-sr-' + metricName);
                        var newHeight = Math.max(Math.round(maxBarSize * (actual - min) / (max - min)), 2);
                        barAnchor.css({ height: newHeight });
                    });

                    var unit = "";
                    if (metricName.substr(metricName.length - 4, 4) === "time")
                        unit = "s";

                    $('#testview .scale-min-label').each(function () {
                        $(this).text(min.toString() + unit);
                    });
                    $('#testview .scale-max-label').each(function () {
                        $(this).text(max.toString() + unit);
                    });
                    var mid = max / 2;
                    $('#testview .scale-mid-label').each(function () {
                        $(this).text(mid.toString() + unit);
                    });
                };
            })();

            function getComparer(metricName, isDesc) {
                return function (a, b) {
                    var aNumber = Number($(a).attr('data-sr-' + metricName));
                    var bNumber = Number($(b).attr('data-sr-' + metricName));
                    var result = aNumber > bNumber ? 1 : (aNumber < bNumber ? -1 : 0);
                    if (isDesc)
                        result = -1 * result;

                    if (result == 0 && metricName != "order")
                        result = getComparer("order", false)(a, b);

                    return result;
                };
            }

            var currentSort = "";
            function doSort(allowToggleDesc) {
                var newSort = $("input[name='barSortOrder']:checked").val();
                if (allowToggleDesc && currentSort == newSort) {
                    $('#barSortDesc').click();
                    doSort(false);
                    return;
                }
                currentSort = newSort;
                $('#testview td.testview-item').sortElements(getComparer(newSort, $('#barSortDesc').is(':checked')));
            }


            function doSetHeights(allowSort) {
                var selectedMetric = $("input[name='barHeight']:checked").val();
                $('#testview td.testview-item').setBarSizes(selectedMetric, 60, 0.0);

                if (allowSort && currentSort != selectedMetric) {
                    var $radios = $("input[name='barSortOrder']");
                    $radios.filter('[value=' + selectedMetric + ']').attr('checked', true);
                    $("#barSortDesc").attr("checked", [true]);
                    doSort(false);
                }
            }

            $(document).ready(function () {
                $("input[name='barSortOrder']").click(function () { doSort(true); return true; });
                $("input[name='barSortDesc']").change(function () { doSort(false); });
                $("input[name='barHeight']").change(function () { doSetHeights(true); });

                doSort(false);
                doSetHeights(false);

                $("div.scrollable").css({ 'overflow': 'auto' });
            });
        </script>

        <style type="text/css">
            body 
            {
                color: #000000;
                font-family: Arial,Liberation Sans,DejaVu Sans,sans-serif;
                line-height: 130%;
            }
            h1 {
                font-family: Trebuchet MS,Liberation Sans,DejaVu Sans,sans-serif;
                font-size: 170%;
                font-weight: bold;
            }            
            h2 {
                font-family: Trebuchet MS,Liberation Sans,DejaVu Sans,sans-serif;
                font-size: 130%;
                font-weight: bold;
                margin-bottom: 5px;
            }            
            h3 {
                font-family: Trebuchet MS,Liberation Sans,DejaVu Sans,sans-serif;
                font-size: 120%;
                font-weight: bold;
                margin-bottom: 5px;
            }            
            a.bar
            {
                text-decoration: none;
                display: block;
                line-height: 1px;
            }
            .description
            {
                font-style: italic;
            }
            .log 
            {
                width: 600px;
                white-space: pre-wrap;
                display: block;
                margin: 0px;
            }
            .errorMessage 
            {
                width: 600px;
                color: Red;
                font-weight: bold;
            }
            .stackTrace 
            {
                width: 600px;
                white-space: pre-wrap;
                font-style: italic;
                color: Red;
                display: block;
            }
            table.testEvents
            {
                border: solid 1px #e8eef4;
                border-collapse: collapse;
            }
            table.testEvents td
            {
                vertical-align: top;
                padding: 5px;
                border: solid 1px #e8eef4;
            }
            table.testEvents th
            {
                padding: 6px 5px;
                text-align: left;
                background-color: #e8eef4;
                border: solid 1px #e8eef4;                
            }
            .comment
            {
                font-style: italic;
                font-size: smaller;
            }
            .startupBar
            {
                background-color: #EEEEEE;
                cursor: default;
            }
            
            .colorSucceeded
            {
                background-color: #90ED7B;
            }
            .colorIgnored
            {
                background-color: #FFFF85;
            }
            .colorPending
            {
                background-color: #D47BED;
            }
            .colorNothingToRun
            {
                background-color: #CCCCFF;
            }
            .colorSkipped
            {
                background-color: #CCCCFF;
            }
            .colorInconclusive
            {
                background-color: #7BEDED;
            }
            .colorCleanupFailed
            {
                background-color: #FFCCCC;
            }
            .colorRandomlyFailed
            {
                background-color: #EDB07B;
            }
            .colorFailed
            {
                background-color: #ED5F5F;
            }
            .colorInitializationFailed
            {
                background-color: #FF0000;
            }
            .colorFrameworkError
            {
                background-color: #FF0000;
            }
            ul.subNodeLinks
            {
                padding-left: 20px;
                margin: 0px;
            }
            ul.subNodeLinks li
            {
                list-style: none;
            }
            
            /* views general */
            div.scrollable
            {
                /*overflow: auto; - thsi has to be set from js, because of an IE9 bug */
            }
            div.viewbox
            {
                position: relative;
                border: 3px solid #e8eef4;
            }
            div.viewbox table
            {
                border: 0px;
            }
                        
            /* testview */
            #testview
            {
                padding-top: 23px;
            }
            
            table.testview-items td
            {
                vertical-align: bottom;
                padding: 0px 1px 0px 1px;
            }
            td.right-padding, td.left-padding
            {
                width: 25px;
                min-width: 25px;
            }
            table.testview-items a.bar
            {
                width: 5px;
            }
            table.testview-items tr.testview-items-row
            {
                height: 60px;
            }
            
            /* scale */
            table.vertical-scale 
            {
                position: absolute;
                top: 23px;
                left: 0px;
                width: 100%;
                z-index: -100;
            }
            table.vertical-scale td, tr.horizontal-scale td
            {
                font-size: 60%;
                line-height: normal;
            }
            table.vertical-scale tr.scale-max, table.vertical-scale tr.scale-mid 
            {
                height: 30px;
            }
            tr.horizontal-scale, table.vertical-scale tr.scale-min 
            {
                height: 12px;
            }
            
            td.scale-max-label, td.scale-mid-label, td.scale-min-label
            {
                border-top: solid 1px #E6E6E6;
                text-align: left;
                vertical-align: top;
            }
            td.scale-10-label
            {
                border-left: solid 1px #E6E6E6;
                text-align: left;
                vertical-align: bottom;
                padding-left: 1px;
            }
            tr.scale-mid td, tr.scale-min td, tr.scale-max td
            {
                border-top: solid 1px #E6E6E6;
            }
           
            
            /* bar-control */
            #bar-control
            {
                font-size: 60%;
                line-height: normal;
                position: absolute;
                right: 0px;
                top: 0px;
            }
            #bar-control label
            {
                font-weight: bold;
                vertical-align: middle;
            }
            #bar-control .option
            {
                vertical-align: middle;
                text-transform: lowercase;
            }
            #bar-control input[type="checkbox"]
            {
                padding: 0 2px 0 3px;
            }
            #bar-control input
            {
                vertical-align: top;
                height: 12px;
                margin: 0px;
                padding: 0px;
            }
            #bar-control div
            {
                float: right;
                margin: 3px 5px 3px 5px;
            }
            
            
            /* timeline view */
            #timelineview
            {
                padding-top: 5px;
            }
            table.timelineview a
            {
                height: 20px;
            }
            table.timelineview td
            {
                vertical-align: bottom;
                padding: 0px 1px 0px 0px;
                border: 0px;
            }
            tr.thread-items-row
            {
                height: 25px;
            }
            tr.thread-items-row td
            {
                vertical-align: bottom;
            }
            td.thread-label
            {
                padding: 0px 6px 0px 6px;
                text-align: right;
                line-height: 18px;
                vertical-align: bottom;
            }
            th.thread-label
            {
                padding: 3px 6px 0px 6px;
                line-height: 18px;
                text-align: left;
                vertical-align: bottom;
            }
        </style>
	</head>
	<body>
        <h1>TRID Test Execution Report</h1>
        <ul>
            <li>Project: TRID</li>
            <li>Configuration: Default</li>
            <li>Test Assemblies: F:\Projects\TRID QA\trid-462743\QA\UIAutomation\SpecFramework\bin\Debug\TRID.dll</li>
            <li>Start Time: 7/19/2017 11:45:25 AM</li>
            <li>Duration: 00:01:38.2317105</li>
            <li>Test Threads: 1</li>
        </ul>

        <h2>Result: 1 failed (test cleanup falied for 1)</h2>
        <table class="testEvents">
                <tr>
        <th colspan="2">Success rate</th>
        <th>Tests</th>
        <th>Succeeded</th>
        <th>Failed</th>
        <th>Pending</th>
        <th>Ignored</th>
        <th>Skipped</th>
    </tr>

                <tr>
            <td>
            90%
    </td>
    <td>
        <table class="timelineview" cellpadding="0" cellspacing="0">
            <tr>
                    <td>
                        <a class="bar colorSucceeded" 
                                style="width: 179px;" 
                                title="9 succeeded" 
                                                        />
                    </td>
                    <td>
                        <a class="bar colorCleanupFailed" 
                                style="width: 19px;" 
                                title="test cleanup falied for 1" 
                                                    href="#error_summary"
                                />
                    </td>
            </tr>
        </table>
    </td>
    <td>10</td>
    <td>9</td>
    <td>1</td>
    <td>0</td>
    <td>0</td>
    <td>0</td>

    </tr>

        </table>
        
        <h2>Test Timeline Summary</h2>

        <div id="timelineview" class="viewbox">
            <div class="scrollable">
                <table cellpadding="0" cellspacing="0">
                    <tr>
                        <th class="thread-label" colspan="2">thread</th>
                    </tr>
                        <tr class="thread-items-row">
                            <td class="thread-label" title="Machine: SLBLR-LT-231">#0</td>
                            <td colspan="2">
                                <table class="timelineview" cellpadding="0" cellspacing="0">
                                    <tr>

                                            <td>
        <a
            class="bar startupBar" 
            style="width: 3px;" 
                title="test thread startup" 
        >&nbsp;</a>
    </td>

    <td>
        <a
            class="bar colorSucceeded" 
            style="width: 22px;" 
                title="Uploading JSON file and Validating cards value on Loan Estimate page, 138 (in CardsValidation)" 
                href="#t902797930.0"
        >&nbsp;</a>
    </td>
    <td>
        <a
            class="bar colorSucceeded" 
            style="width: 3px;" 
                title="Uploading JSON file and Validating cards value on Loan Estimate page, 139 (in CardsValidation)" 
                href="#t902797933.0"
        >&nbsp;</a>
    </td>
    <td>
        <a
            class="bar colorSucceeded" 
            style="width: 3px;" 
                title="Uploading JSON file and Validating cards value on Loan Estimate page, 140 (in CardsValidation)" 
                href="#t-321611166.0"
        >&nbsp;</a>
    </td>
    <td>
        <a
            class="bar colorSucceeded" 
            style="width: 3px;" 
                title="Uploading JSON file and Validating cards value on Loan Estimate page, 141 (in CardsValidation)" 
                href="#t-321611163.0"
        >&nbsp;</a>
    </td>
    <td>
        <a
            class="bar colorSucceeded" 
            style="width: 3px;" 
                title="Uploading JSON file and Validating cards value on Loan Estimate page, 142 (in CardsValidation)" 
                href="#t-321611164.0"
        >&nbsp;</a>
    </td>
    <td>
        <a
            class="bar colorSucceeded" 
            style="width: 3px;" 
                title="Uploading JSON file and Validating cards value on Loan Estimate page, 143 (in CardsValidation)" 
                href="#t-321611161.0"
        >&nbsp;</a>
    </td>
    <td>
        <a
            class="bar colorSucceeded" 
            style="width: 3px;" 
                title="Uploading JSON file and Validating cards value on Loan Estimate page, 144 (in CardsValidation)" 
                href="#t-321611154.0"
        >&nbsp;</a>
    </td>
    <td>
        <a
            class="bar colorSucceeded" 
            style="width: 3px;" 
                title="Uploading JSON file and Validating cards value on Loan Estimate page, 145 (in CardsValidation)" 
                href="#t-321611167.0"
        >&nbsp;</a>
    </td>
    <td>
        <a
            class="bar colorSucceeded" 
            style="width: 3px;" 
                title="Uploading JSON file and Validating cards value on Loan Estimate page, 146 (in CardsValidation)" 
                href="#t-321611168.0"
        >&nbsp;</a>
    </td>
    <td>
        <a
            class="bar colorCleanupFailed" 
            style="width: 10px;" 
                title="Uploading JSON file and Validating cards value on Loan Estimate page, 147 (in CardsValidation)" 
                href="#t-321611165.0"
        >&nbsp;</a>
    </td>
                                    </tr>
                                </table>
                            </td>
                        </tr>
                    <tr class="horizontal-scale">
                        <td>&nbsp;</td>
                            <td class="scale-10-label" style="width: 70px;min-width: 70px;">0s</td>
                        <td class="scale-10-label">98s</td>
                    </tr>
                </table>
            </div>
        </div>

        <h2>Test Result View</h2>
        <div id="testview" class="viewbox">
            <div id="bar-control">
                <div id="bar-control-sort">
                    <label>sort by:</label>
                    <span class="option"><input type="radio" name="barSortOrder" value="exectime" />Time</span>
                    <span class="option"><input type="radio" name="barSortOrder" value="acttime" />Act Time</span>
                    <span class="option"><input type="radio" name="barSortOrder" value="order" />Execution</span>
                    <span class="option"><input type="radio" name="barSortOrder" value="rescode" checked="checked" />Result</span>
                    <span class="option"><input type="checkbox" name="barSortDesc" id="barSortDesc" checked="checked" />desc</span>
                </div>
                <div id="bar-control-heights">
                    <label>heights:</label>
                    <span class="option"><input type="radio" checked="checked" name="barHeight" value="exectime" />Time</span>
                    <span class="option"><input type="radio" name="barHeight" value="acttime" />Act Time</span>
                    
                </div>
            </div>
            <table class="vertical-scale" cellpadding="0" cellspacing="0">
                <tr class="scale-max">
                    <td class="left-padding scale-max-label">&nbsp;</td>
                    <td colspan="10">&nbsp;</td>
                    <td class="right-padding">&nbsp;</td>
                </tr>
                <tr class="scale-mid">
                    <td class="left-padding scale-mid-label">&nbsp;</td>
                    <td colspan="10">&nbsp;</td>
                    <td class="right-padding">&nbsp;</td>
                </tr>
                <tr class="scale-min">
                    <td class="left-padding scale-min-label">&nbsp;</td>
                    <td colspan="10">&nbsp;</td>
                    <td class="right-padding">&nbsp;</td>
                </tr>
            </table>
            <div class="scrollable">
                <table class="testview-items" cellpadding="0" cellspacing="0">
                    <tr class="testview-items-row">
                        <td class="left-padding">&nbsp;</td>
    <td class="testview-item" 
        data-sr-exectime="37.8271157" data-sr-rescode="110" data-sr-order="0" data-sr-acttime="2.912">
        <a
            class="bar colorSucceeded" 
            style="height: 60px;"
            title="Uploading JSON file and Validating cards value on Loan Estimate page, 138 (in CardsValidation)"
            href="#t902797930.0">&nbsp;</a>
    </td>
    <td class="testview-item" 
        data-sr-exectime="6.1004199" data-sr-rescode="110" data-sr-order="1" data-sr-acttime="2.457">
        <a
            class="bar colorSucceeded" 
            style="height: 10px;"
            title="Uploading JSON file and Validating cards value on Loan Estimate page, 139 (in CardsValidation)"
            href="#t902797933.0">&nbsp;</a>
    </td>
    <td class="testview-item" 
        data-sr-exectime="5.5651082" data-sr-rescode="110" data-sr-order="2" data-sr-acttime="2.475">
        <a
            class="bar colorSucceeded" 
            style="height: 9px;"
            title="Uploading JSON file and Validating cards value on Loan Estimate page, 140 (in CardsValidation)"
            href="#t-321611166.0">&nbsp;</a>
    </td>
    <td class="testview-item" 
        data-sr-exectime="5.2587463" data-sr-rescode="110" data-sr-order="3" data-sr-acttime="2.444">
        <a
            class="bar colorSucceeded" 
            style="height: 8px;"
            title="Uploading JSON file and Validating cards value on Loan Estimate page, 141 (in CardsValidation)"
            href="#t-321611163.0">&nbsp;</a>
    </td>
    <td class="testview-item" 
        data-sr-exectime="5.2526407" data-sr-rescode="110" data-sr-order="4" data-sr-acttime="2.544">
        <a
            class="bar colorSucceeded" 
            style="height: 8px;"
            title="Uploading JSON file and Validating cards value on Loan Estimate page, 142 (in CardsValidation)"
            href="#t-321611164.0">&nbsp;</a>
    </td>
    <td class="testview-item" 
        data-sr-exectime="5.282131" data-sr-rescode="110" data-sr-order="5" data-sr-acttime="2.485">
        <a
            class="bar colorSucceeded" 
            style="height: 8px;"
            title="Uploading JSON file and Validating cards value on Loan Estimate page, 143 (in CardsValidation)"
            href="#t-321611161.0">&nbsp;</a>
    </td>
    <td class="testview-item" 
        data-sr-exectime="5.2859066" data-sr-rescode="110" data-sr-order="6" data-sr-acttime="2.524">
        <a
            class="bar colorSucceeded" 
            style="height: 8px;"
            title="Uploading JSON file and Validating cards value on Loan Estimate page, 144 (in CardsValidation)"
            href="#t-321611154.0">&nbsp;</a>
    </td>
    <td class="testview-item" 
        data-sr-exectime="5.1999252" data-sr-rescode="110" data-sr-order="7" data-sr-acttime="2.476">
        <a
            class="bar colorSucceeded" 
            style="height: 8px;"
            title="Uploading JSON file and Validating cards value on Loan Estimate page, 145 (in CardsValidation)"
            href="#t-321611167.0">&nbsp;</a>
    </td>
    <td class="testview-item" 
        data-sr-exectime="5.2298103" data-sr-rescode="110" data-sr-order="8" data-sr-acttime="2.459">
        <a
            class="bar colorSucceeded" 
            style="height: 8px;"
            title="Uploading JSON file and Validating cards value on Loan Estimate page, 146 (in CardsValidation)"
            href="#t-321611168.0">&nbsp;</a>
    </td>
    <td class="testview-item" 
        data-sr-exectime="16.7063874" data-sr-rescode="420" data-sr-order="9" data-sr-acttime="2.472">
        <a
            class="bar colorCleanupFailed" 
            style="height: 26px;"
            title="Uploading JSON file and Validating cards value on Loan Estimate page, 147 (in CardsValidation)"
            href="#t-321611165.0">&nbsp;</a>
    </td>
                        <td class="right-padding">&nbsp;</td>
                    </tr>
                    <tr class="horizontal-scale">
                        <td class="left-padding">&nbsp;</td>
                        <td colspan="10">&nbsp;</td>
                    </tr>
                </table>
            </div>
        </div>

        <h2>Feature Summary</h2>
        <table class="testEvents">
                <tr>
            <th>Feature</th>
        <th colspan="2">Success rate</th>
        <th>Tests</th>
        <th>Succeeded</th>
        <th>Failed</th>
        <th>Pending</th>
        <th>Ignored</th>
        <th>Skipped</th>
    </tr>

    <tr>
            <td><a href="#f-2124762618">CardsValidation</a></td>
            <td>
            90%
    </td>
    <td>
        <table class="timelineview" cellpadding="0" cellspacing="0">
            <tr>
                    <td>
                        <a class="bar colorSucceeded" 
                                style="width: 179px;" 
                                title="9 succeeded" 
                                                        />
                    </td>
                    <td>
                        <a class="bar colorCleanupFailed" 
                                style="width: 19px;" 
                                title="test cleanup falied for 1" 
                                                    href="#error_summary"
                                />
                    </td>
            </tr>
        </table>
    </td>
    <td>10</td>
    <td>9</td>
    <td>1</td>
    <td>0</td>
    <td>0</td>
    <td>0</td>

    </tr>
        </table>

        <a name="error_summary" />
        <h2>Error Summary</h2>
        <table class="testEvents">
                <tr>
            <th>Test</th>
        <th colspan="2">Success rate</th>
        <th>Tests</th>
        <th>Succeeded</th>
        <th>Failed</th>
        <th>Pending</th>
        <th>Ignored</th>
        <th>Skipped</th>
    </tr>

                <tr>
                    <td>
                        <a href="#t-321611165.0">Uploading JSON file and Validating cards value on Loan Estimate page, 147 (in TRID, CardsValidation)</a>
                    </td>
                        <td>
            0%
    </td>
    <td>
        <table class="timelineview" cellpadding="0" cellspacing="0">
            <tr>
                    <td>
                        <a class="bar colorCleanupFailed" 
                                style="width: 199px;" 
                                title="test cleanup falied for 1" 
                                                    href="#error_summary"
                                />
                    </td>
            </tr>
        </table>
    </td>
    <td>1</td>
    <td>0</td>
    <td>1</td>
    <td>0</td>
    <td>0</td>
    <td>0</td>

                </tr>
                <tr>
                    <td colspan="9" style="padding-left: 20px;"><div class="errorMessage">Error: Test Case failed</div></td>
                </tr>
        </table>

        <h2>Scenario Summary</h2>
            <a name="f-2124762618" />
            <h3>Feature: CardsValidation</h3>
            <table class="testEvents">
                    <tr>
            <th>Test</th>
        <th colspan="2">Success rate</th>
        <th>Tests</th>
        <th>Succeeded</th>
        <th>Failed</th>
        <th>Pending</th>
        <th>Ignored</th>
        <th>Skipped</th>
    </tr>

                    <tr>
                        <td>
                                    <a href="#t902797930.0">Scenario: Uploading JSON file and Validating cards value on Loan Estimate page, 138</a>

                        </td>
                            <td>
            100%
    </td>
    <td>
        <table class="timelineview" cellpadding="0" cellspacing="0">
            <tr>
                    <td>
                        <a class="bar colorSucceeded" 
                                style="width: 199px;" 
                                title="1 succeeded" 
                                                        />
                    </td>
            </tr>
        </table>
    </td>
    <td>1</td>
    <td>1</td>
    <td>0</td>
    <td>0</td>
    <td>0</td>
    <td>0</td>

                    </tr>
                    <tr>
                        <td>
                                    <a href="#t902797933.0">Scenario: Uploading JSON file and Validating cards value on Loan Estimate page, 139</a>

                        </td>
                            <td>
            100%
    </td>
    <td>
        <table class="timelineview" cellpadding="0" cellspacing="0">
            <tr>
                    <td>
                        <a class="bar colorSucceeded" 
                                style="width: 199px;" 
                                title="1 succeeded" 
                                                        />
                    </td>
            </tr>
        </table>
    </td>
    <td>1</td>
    <td>1</td>
    <td>0</td>
    <td>0</td>
    <td>0</td>
    <td>0</td>

                    </tr>
                    <tr>
                        <td>
                                    <a href="#t-321611166.0">Scenario: Uploading JSON file and Validating cards value on Loan Estimate page, 140</a>

                        </td>
                            <td>
            100%
    </td>
    <td>
        <table class="timelineview" cellpadding="0" cellspacing="0">
            <tr>
                    <td>
                        <a class="bar colorSucceeded" 
                                style="width: 199px;" 
                                title="1 succeeded" 
                                                        />
                    </td>
            </tr>
        </table>
    </td>
    <td>1</td>
    <td>1</td>
    <td>0</td>
    <td>0</td>
    <td>0</td>
    <td>0</td>

                    </tr>
                    <tr>
                        <td>
                                    <a href="#t-321611163.0">Scenario: Uploading JSON file and Validating cards value on Loan Estimate page, 141</a>

                        </td>
                            <td>
            100%
    </td>
    <td>
        <table class="timelineview" cellpadding="0" cellspacing="0">
            <tr>
                    <td>
                        <a class="bar colorSucceeded" 
                                style="width: 199px;" 
                                title="1 succeeded" 
                                                        />
                    </td>
            </tr>
        </table>
    </td>
    <td>1</td>
    <td>1</td>
    <td>0</td>
    <td>0</td>
    <td>0</td>
    <td>0</td>

                    </tr>
                    <tr>
                        <td>
                                    <a href="#t-321611164.0">Scenario: Uploading JSON file and Validating cards value on Loan Estimate page, 142</a>

                        </td>
                            <td>
            100%
    </td>
    <td>
        <table class="timelineview" cellpadding="0" cellspacing="0">
            <tr>
                    <td>
                        <a class="bar colorSucceeded" 
                                style="width: 199px;" 
                                title="1 succeeded" 
                                                        />
                    </td>
            </tr>
        </table>
    </td>
    <td>1</td>
    <td>1</td>
    <td>0</td>
    <td>0</td>
    <td>0</td>
    <td>0</td>

                    </tr>
                    <tr>
                        <td>
                                    <a href="#t-321611161.0">Scenario: Uploading JSON file and Validating cards value on Loan Estimate page, 143</a>

                        </td>
                            <td>
            100%
    </td>
    <td>
        <table class="timelineview" cellpadding="0" cellspacing="0">
            <tr>
                    <td>
                        <a class="bar colorSucceeded" 
                                style="width: 199px;" 
                                title="1 succeeded" 
                                                        />
                    </td>
            </tr>
        </table>
    </td>
    <td>1</td>
    <td>1</td>
    <td>0</td>
    <td>0</td>
    <td>0</td>
    <td>0</td>

                    </tr>
                    <tr>
                        <td>
                                    <a href="#t-321611154.0">Scenario: Uploading JSON file and Validating cards value on Loan Estimate page, 144</a>

                        </td>
                            <td>
            100%
    </td>
    <td>
        <table class="timelineview" cellpadding="0" cellspacing="0">
            <tr>
                    <td>
                        <a class="bar colorSucceeded" 
                                style="width: 199px;" 
                                title="1 succeeded" 
                                                        />
                    </td>
            </tr>
        </table>
    </td>
    <td>1</td>
    <td>1</td>
    <td>0</td>
    <td>0</td>
    <td>0</td>
    <td>0</td>

                    </tr>
                    <tr>
                        <td>
                                    <a href="#t-321611167.0">Scenario: Uploading JSON file and Validating cards value on Loan Estimate page, 145</a>

                        </td>
                            <td>
            100%
    </td>
    <td>
        <table class="timelineview" cellpadding="0" cellspacing="0">
            <tr>
                    <td>
                        <a class="bar colorSucceeded" 
                                style="width: 199px;" 
                                title="1 succeeded" 
                                                        />
                    </td>
            </tr>
        </table>
    </td>
    <td>1</td>
    <td>1</td>
    <td>0</td>
    <td>0</td>
    <td>0</td>
    <td>0</td>

                    </tr>
                    <tr>
                        <td>
                                    <a href="#t-321611168.0">Scenario: Uploading JSON file and Validating cards value on Loan Estimate page, 146</a>

                        </td>
                            <td>
            100%
    </td>
    <td>
        <table class="timelineview" cellpadding="0" cellspacing="0">
            <tr>
                    <td>
                        <a class="bar colorSucceeded" 
                                style="width: 199px;" 
                                title="1 succeeded" 
                                                        />
                    </td>
            </tr>
        </table>
    </td>
    <td>1</td>
    <td>1</td>
    <td>0</td>
    <td>0</td>
    <td>0</td>
    <td>0</td>

                    </tr>
                    <tr>
                        <td>
                                    <a href="#t-321611165.0">Scenario: Uploading JSON file and Validating cards value on Loan Estimate page, 147</a>

                        </td>
                            <td>
            0%
    </td>
    <td>
        <table class="timelineview" cellpadding="0" cellspacing="0">
            <tr>
                    <td>
                        <a class="bar colorCleanupFailed" 
                                style="width: 199px;" 
                                title="test cleanup falied for 1" 
                                                    href="#error_summary"
                                />
                    </td>
            </tr>
        </table>
    </td>
    <td>1</td>
    <td>0</td>
    <td>1</td>
    <td>0</td>
    <td>0</td>
    <td>0</td>

                    </tr>
            </table>

        <h2>Execution Details</h2>
            <a name="t902797930.0" />
            <h3>Scenario: Uploading JSON file and Validating cards value on Loan Estimate page, 138 (in TRID, CardsValidation)</h3>
            <ul>
                <li>Status: Succeeded</li>
                <li>Start time: 7/19/2017 11:45:25 AM</li>
                <li>Execution time (sec): 37.8271157</li>
                <li>Thread: #0</li>
            </ul>
            <table class="testEvents">
                <tr>
                    <th>Steps</th>
                    <th>Trace</th>
                    <th>Result</th>
                </tr>
                    <tr>
                        <td>
                            <pre class="log">Given user is at TRID application homepage</pre>
                        </td>
                        <td>
                            <!-- [TestArrange: Scenario - Uploading JSON file and Validating cards value on Loan Estimate page, 138] -->
                            <pre class="log">done: CardsValidationSteps.GivenUserIsAtTridApplicationHomepage() (33.1s)</pre>
                        </td>
                        <td>Succeeded in 33.092s</td>
                    </tr>
                    <tr>
                        <td>
                            <pre class="log">And user have closing disclosure data from excel sheet ClosingDisclosure for the scenario 116</pre>
                        </td>
                        <td>
                            <!-- [TestArrange: Scenario - Uploading JSON file and Validating cards value on Loan Estimate page, 138] -->
                            <pre class="log">done: CardsValidationSteps.GivenUserHaveClosingDisclosureDataFromExcelSheetForTheScenario(&quot;ClosingDisclosure&quot;, 116) (1.1s)</pre>
                        </td>
                        <td>Succeeded in 1.141s</td>
                    </tr>
                    <tr>
                        <td>
                            <pre class="log">When user upload json file for the scenario</pre>
                        </td>
                        <td>
                            <!-- [TestAct: Scenario - Uploading JSON file and Validating cards value on Loan Estimate page, 138] -->
                            <pre class="log">done: CardsValidationSteps.WhenUserUploadJsonFileForTheScenario() (2.0s)</pre>
                        </td>
                        <td>Succeeded in 1.999s</td>
                    </tr>
                    <tr>
                        <td>
                            <pre class="log">And user navigates to Loan Estimate Cards Page</pre>
                        </td>
                        <td>
                            <!-- [TestAct: Scenario - Uploading JSON file and Validating cards value on Loan Estimate page, 138] -->
                            <pre class="log">done: CardsValidationSteps.WhenUserNavigatesToLoanEstimateCardsPage() (0.9s)</pre>
                        </td>
                        <td>Succeeded in 0.913s</td>
                    </tr>
                    <tr>
                        <td>
                            <pre class="log">Then updated/computed in 5 Years value should display on Loan Estimate</pre>
                        </td>
                        <td>
                            <!-- [TestAssert: Scenario - Uploading JSON file and Validating cards value on Loan Estimate page, 138] -->
                            <pre class="log">NUnit.Framework.AssertionException:   Computed value does not match as expected with the difference of 35619.66
  Expected: 0.0d
  But was:  35619.660000000003d

   at NUnit.Framework.Assert.That[TActual](TActual actual, IResolveConstraint expression, String message, Object[] args)
   at NUnit.Framework.Assert.AreEqual(Object expected, Object actual, String message, Object[] args)
   at TRID.StepDefinitions.CardsValidationSteps.ThenUpdatedComputedIn5YearsValueShouldDisplayOnLoanEstimate() in F:\Projects\TRID QA\trid-462743\QA\UIAutomation\SpecFramework\StepDefinitions\CardsValidationSteps.cs:line 1419
done: CardsValidationSteps.ThenUpdatedComputedIn5YearsValueShouldDisplayOnLoanEstimate() (0.3s)</pre>
                        </td>
                        <td>Succeeded in 0.276s</td>
                    </tr>
                    <tr>
                        <td>
                            <pre class="log">And updated/computed in 5 Years principal value should display on Loan Estimate</pre>
                        </td>
                        <td>
                            <!-- [TestAssert: Scenario - Uploading JSON file and Validating cards value on Loan Estimate page, 138] -->
                            <pre class="log">NUnit.Framework.AssertionException:   Computed value does not match as expected with the difference of 13440.32
  Expected: 0.0d
  But was:  13440.32d

   at NUnit.Framework.Assert.That[TActual](TActual actual, IResolveConstraint expression, String message, Object[] args)
   at NUnit.Framework.Assert.AreEqual(Object expected, Object actual, String message, Object[] args)
   at TRID.StepDefinitions.CardsValidationSteps.ThenUpdatedComputedIn5YearsPrincipalValueShouldDisplayOnLoanEstimate() in F:\Projects\TRID QA\trid-462743\QA\UIAutomation\SpecFramework\StepDefinitions\CardsValidationSteps.cs:line 1468
done: CardsValidationSteps.ThenUpdatedComputedIn5YearsPrincipalValueShouldDisplayOnLoanEstimate() (0.2s)</pre>
                        </td>
                        <td>Succeeded in 0.228s</td>
                    </tr>
            </table>
            <a name="t902797933.0" />
            <h3>Scenario: Uploading JSON file and Validating cards value on Loan Estimate page, 139 (in TRID, CardsValidation)</h3>
            <ul>
                <li>Status: Succeeded</li>
                <li>Start time: 7/19/2017 11:46:03 AM</li>
                <li>Execution time (sec): 6.1004199</li>
                <li>Thread: #0</li>
            </ul>
            <table class="testEvents">
                <tr>
                    <th>Steps</th>
                    <th>Trace</th>
                    <th>Result</th>
                </tr>
                    <tr>
                        <td>
                            <pre class="log">Given user is at TRID application homepage</pre>
                        </td>
                        <td>
                            <!-- [TestArrange: Scenario - Uploading JSON file and Validating cards value on Loan Estimate page, 139] -->
                            <pre class="log">done: CardsValidationSteps.GivenUserIsAtTridApplicationHomepage() (1.9s)</pre>
                        </td>
                        <td>Succeeded in 1.964s</td>
                    </tr>
                    <tr>
                        <td>
                            <pre class="log">And user have closing disclosure data from excel sheet ClosingDisclosure for the scenario 117</pre>
                        </td>
                        <td>
                            <!-- [TestArrange: Scenario - Uploading JSON file and Validating cards value on Loan Estimate page, 139] -->
                            <pre class="log">done: CardsValidationSteps.GivenUserHaveClosingDisclosureDataFromExcelSheetForTheScenario(&quot;ClosingDisclosure&quot;, 117) (1.1s)</pre>
                        </td>
                        <td>Succeeded in 1.19s</td>
                    </tr>
                    <tr>
                        <td>
                            <pre class="log">When user upload json file for the scenario</pre>
                        </td>
                        <td>
                            <!-- [TestAct: Scenario - Uploading JSON file and Validating cards value on Loan Estimate page, 139] -->
                            <pre class="log">done: CardsValidationSteps.WhenUserUploadJsonFileForTheScenario() (2.0s)</pre>
                        </td>
                        <td>Succeeded in 2.05s</td>
                    </tr>
                    <tr>
                        <td>
                            <pre class="log">And user navigates to Loan Estimate Cards Page</pre>
                        </td>
                        <td>
                            <!-- [TestAct: Scenario - Uploading JSON file and Validating cards value on Loan Estimate page, 139] -->
                            <pre class="log">done: CardsValidationSteps.WhenUserNavigatesToLoanEstimateCardsPage() (0.3s)</pre>
                        </td>
                        <td>Succeeded in 0.407s</td>
                    </tr>
                    <tr>
                        <td>
                            <pre class="log">Then updated/computed in 5 Years value should display on Loan Estimate</pre>
                        </td>
                        <td>
                            <!-- [TestAssert: Scenario - Uploading JSON file and Validating cards value on Loan Estimate page, 139] -->
                            <pre class="log">NUnit.Framework.AssertionException:   Computed value does not match as expected with the difference of 35619.66
  Expected: 0.0d
  But was:  35619.660000000003d

   at NUnit.Framework.Assert.That[TActual](TActual actual, IResolveConstraint expression, String message, Object[] args)
   at NUnit.Framework.Assert.AreEqual(Object expected, Object actual, String message, Object[] args)
   at TRID.StepDefinitions.CardsValidationSteps.ThenUpdatedComputedIn5YearsValueShouldDisplayOnLoanEstimate() in F:\Projects\TRID QA\trid-462743\QA\UIAutomation\SpecFramework\StepDefinitions\CardsValidationSteps.cs:line 1419
done: CardsValidationSteps.ThenUpdatedComputedIn5YearsValueShouldDisplayOnLoanEstimate() (0.2s)</pre>
                        </td>
                        <td>Succeeded in 0.206s</td>
                    </tr>
                    <tr>
                        <td>
                            <pre class="log">And updated/computed in 5 Years principal value should display on Loan Estimate</pre>
                        </td>
                        <td>
                            <!-- [TestAssert: Scenario - Uploading JSON file and Validating cards value on Loan Estimate page, 139] -->
                            <pre class="log">NUnit.Framework.AssertionException:   Computed value does not match as expected with the difference of 13440.32
  Expected: 0.0d
  But was:  13440.32d

   at NUnit.Framework.Assert.That[TActual](TActual actual, IResolveConstraint expression, String message, Object[] args)
   at NUnit.Framework.Assert.AreEqual(Object expected, Object actual, String message, Object[] args)
   at TRID.StepDefinitions.CardsValidationSteps.ThenUpdatedComputedIn5YearsPrincipalValueShouldDisplayOnLoanEstimate() in F:\Projects\TRID QA\trid-462743\QA\UIAutomation\SpecFramework\StepDefinitions\CardsValidationSteps.cs:line 1468
done: CardsValidationSteps.ThenUpdatedComputedIn5YearsPrincipalValueShouldDisplayOnLoanEstimate() (0.2s)</pre>
                        </td>
                        <td>Succeeded in 0.199s</td>
                    </tr>
            </table>
            <a name="t-321611166.0" />
            <h3>Scenario: Uploading JSON file and Validating cards value on Loan Estimate page, 140 (in TRID, CardsValidation)</h3>
            <ul>
                <li>Status: Succeeded</li>
                <li>Start time: 7/19/2017 11:46:09 AM</li>
                <li>Execution time (sec): 5.5651082</li>
                <li>Thread: #0</li>
            </ul>
            <table class="testEvents">
                <tr>
                    <th>Steps</th>
                    <th>Trace</th>
                    <th>Result</th>
                </tr>
                    <tr>
                        <td>
                            <pre class="log">Given user is at TRID application homepage</pre>
                        </td>
                        <td>
                            <!-- [TestArrange: Scenario - Uploading JSON file and Validating cards value on Loan Estimate page, 140] -->
                            <pre class="log">done: CardsValidationSteps.GivenUserIsAtTridApplicationHomepage() (1.2s)</pre>
                        </td>
                        <td>Succeeded in 1.282s</td>
                    </tr>
                    <tr>
                        <td>
                            <pre class="log">And user have closing disclosure data from excel sheet ClosingDisclosure for the scenario 118</pre>
                        </td>
                        <td>
                            <!-- [TestArrange: Scenario - Uploading JSON file and Validating cards value on Loan Estimate page, 140] -->
                            <pre class="log">done: CardsValidationSteps.GivenUserHaveClosingDisclosureDataFromExcelSheetForTheScenario(&quot;ClosingDisclosure&quot;, 118) (1.1s)</pre>
                        </td>
                        <td>Succeeded in 1.154s</td>
                    </tr>
                    <tr>
                        <td>
                            <pre class="log">When user upload json file for the scenario</pre>
                        </td>
                        <td>
                            <!-- [TestAct: Scenario - Uploading JSON file and Validating cards value on Loan Estimate page, 140] -->
                            <pre class="log">done: CardsValidationSteps.WhenUserUploadJsonFileForTheScenario() (2.0s)</pre>
                        </td>
                        <td>Succeeded in 2.057s</td>
                    </tr>
                    <tr>
                        <td>
                            <pre class="log">And user navigates to Loan Estimate Cards Page</pre>
                        </td>
                        <td>
                            <!-- [TestAct: Scenario - Uploading JSON file and Validating cards value on Loan Estimate page, 140] -->
                            <pre class="log">done: CardsValidationSteps.WhenUserNavigatesToLoanEstimateCardsPage() (0.3s)</pre>
                        </td>
                        <td>Succeeded in 0.419s</td>
                    </tr>
                    <tr>
                        <td>
                            <pre class="log">Then updated/computed in 5 Years value should display on Loan Estimate</pre>
                        </td>
                        <td>
                            <!-- [TestAssert: Scenario - Uploading JSON file and Validating cards value on Loan Estimate page, 140] -->
                            <pre class="log">NUnit.Framework.AssertionException:   Computed value does not match as expected with the difference of 35619.66
  Expected: 0.0d
  But was:  35619.660000000003d

   at NUnit.Framework.Assert.That[TActual](TActual actual, IResolveConstraint expression, String message, Object[] args)
   at NUnit.Framework.Assert.AreEqual(Object expected, Object actual, String message, Object[] args)
   at TRID.StepDefinitions.CardsValidationSteps.ThenUpdatedComputedIn5YearsValueShouldDisplayOnLoanEstimate() in F:\Projects\TRID QA\trid-462743\QA\UIAutomation\SpecFramework\StepDefinitions\CardsValidationSteps.cs:line 1419
done: CardsValidationSteps.ThenUpdatedComputedIn5YearsValueShouldDisplayOnLoanEstimate() (0.2s)</pre>
                        </td>
                        <td>Succeeded in 0.254s</td>
                    </tr>
                    <tr>
                        <td>
                            <pre class="log">And updated/computed in 5 Years principal value should display on Loan Estimate</pre>
                        </td>
                        <td>
                            <!-- [TestAssert: Scenario - Uploading JSON file and Validating cards value on Loan Estimate page, 140] -->
                            <pre class="log">NUnit.Framework.AssertionException:   Computed value does not match as expected with the difference of 13440.32
  Expected: 0.0d
  But was:  13440.32d

   at NUnit.Framework.Assert.That[TActual](TActual actual, IResolveConstraint expression, String message, Object[] args)
   at NUnit.Framework.Assert.AreEqual(Object expected, Object actual, String message, Object[] args)
   at TRID.StepDefinitions.CardsValidationSteps.ThenUpdatedComputedIn5YearsPrincipalValueShouldDisplayOnLoanEstimate() in F:\Projects\TRID QA\trid-462743\QA\UIAutomation\SpecFramework\StepDefinitions\CardsValidationSteps.cs:line 1468
done: CardsValidationSteps.ThenUpdatedComputedIn5YearsPrincipalValueShouldDisplayOnLoanEstimate() (0.3s)</pre>
                        </td>
                        <td>Succeeded in 0.323s</td>
                    </tr>
            </table>
            <a name="t-321611163.0" />
            <h3>Scenario: Uploading JSON file and Validating cards value on Loan Estimate page, 141 (in TRID, CardsValidation)</h3>
            <ul>
                <li>Status: Succeeded</li>
                <li>Start time: 7/19/2017 11:46:15 AM</li>
                <li>Execution time (sec): 5.2587463</li>
                <li>Thread: #0</li>
            </ul>
            <table class="testEvents">
                <tr>
                    <th>Steps</th>
                    <th>Trace</th>
                    <th>Result</th>
                </tr>
                    <tr>
                        <td>
                            <pre class="log">Given user is at TRID application homepage</pre>
                        </td>
                        <td>
                            <!-- [TestArrange: Scenario - Uploading JSON file and Validating cards value on Loan Estimate page, 141] -->
                            <pre class="log">done: CardsValidationSteps.GivenUserIsAtTridApplicationHomepage() (1.2s)</pre>
                        </td>
                        <td>Succeeded in 1.269s</td>
                    </tr>
                    <tr>
                        <td>
                            <pre class="log">And user have closing disclosure data from excel sheet ClosingDisclosure for the scenario 119</pre>
                        </td>
                        <td>
                            <!-- [TestArrange: Scenario - Uploading JSON file and Validating cards value on Loan Estimate page, 141] -->
                            <pre class="log">done: CardsValidationSteps.GivenUserHaveClosingDisclosureDataFromExcelSheetForTheScenario(&quot;ClosingDisclosure&quot;, 119) (1.0s)</pre>
                        </td>
                        <td>Succeeded in 1.047s</td>
                    </tr>
                    <tr>
                        <td>
                            <pre class="log">When user upload json file for the scenario</pre>
                        </td>
                        <td>
                            <!-- [TestAct: Scenario - Uploading JSON file and Validating cards value on Loan Estimate page, 141] -->
                            <pre class="log">done: CardsValidationSteps.WhenUserUploadJsonFileForTheScenario() (2.0s)</pre>
                        </td>
                        <td>Succeeded in 2.029s</td>
                    </tr>
                    <tr>
                        <td>
                            <pre class="log">And user navigates to Loan Estimate Cards Page</pre>
                        </td>
                        <td>
                            <!-- [TestAct: Scenario - Uploading JSON file and Validating cards value on Loan Estimate page, 141] -->
                            <pre class="log">done: CardsValidationSteps.WhenUserNavigatesToLoanEstimateCardsPage() (0.3s)</pre>
                        </td>
                        <td>Succeeded in 0.415s</td>
                    </tr>
                    <tr>
                        <td>
                            <pre class="log">Then updated/computed in 5 Years value should display on Loan Estimate</pre>
                        </td>
                        <td>
                            <!-- [TestAssert: Scenario - Uploading JSON file and Validating cards value on Loan Estimate page, 141] -->
                            <pre class="log">NUnit.Framework.AssertionException:   Computed value does not match as expected with the difference of 36840.01
  Expected: 0.0d
  But was:  36840.010000000002d

   at NUnit.Framework.Assert.That[TActual](TActual actual, IResolveConstraint expression, String message, Object[] args)
   at NUnit.Framework.Assert.AreEqual(Object expected, Object actual, String message, Object[] args)
   at TRID.StepDefinitions.CardsValidationSteps.ThenUpdatedComputedIn5YearsValueShouldDisplayOnLoanEstimate() in F:\Projects\TRID QA\trid-462743\QA\UIAutomation\SpecFramework\StepDefinitions\CardsValidationSteps.cs:line 1419
done: CardsValidationSteps.ThenUpdatedComputedIn5YearsValueShouldDisplayOnLoanEstimate() (0.2s)</pre>
                        </td>
                        <td>Succeeded in 0.212s</td>
                    </tr>
                    <tr>
                        <td>
                            <pre class="log">And updated/computed in 5 Years principal value should display on Loan Estimate</pre>
                        </td>
                        <td>
                            <!-- [TestAssert: Scenario - Uploading JSON file and Validating cards value on Loan Estimate page, 141] -->
                            <pre class="log">NUnit.Framework.AssertionException:   Computed value does not match as expected with the difference of 12826.63
  Expected: 0.0d
  But was:  12826.629999999999d

   at NUnit.Framework.Assert.That[TActual](TActual actual, IResolveConstraint expression, String message, Object[] args)
   at NUnit.Framework.Assert.AreEqual(Object expected, Object actual, String message, Object[] args)
   at TRID.StepDefinitions.CardsValidationSteps.ThenUpdatedComputedIn5YearsPrincipalValueShouldDisplayOnLoanEstimate() in F:\Projects\TRID QA\trid-462743\QA\UIAutomation\SpecFramework\StepDefinitions\CardsValidationSteps.cs:line 1468
done: CardsValidationSteps.ThenUpdatedComputedIn5YearsPrincipalValueShouldDisplayOnLoanEstimate() (0.2s)</pre>
                        </td>
                        <td>Succeeded in 0.208s</td>
                    </tr>
            </table>
            <a name="t-321611164.0" />
            <h3>Scenario: Uploading JSON file and Validating cards value on Loan Estimate page, 142 (in TRID, CardsValidation)</h3>
            <ul>
                <li>Status: Succeeded</li>
                <li>Start time: 7/19/2017 11:46:20 AM</li>
                <li>Execution time (sec): 5.2526407</li>
                <li>Thread: #0</li>
            </ul>
            <table class="testEvents">
                <tr>
                    <th>Steps</th>
                    <th>Trace</th>
                    <th>Result</th>
                </tr>
                    <tr>
                        <td>
                            <pre class="log">Given user is at TRID application homepage</pre>
                        </td>
                        <td>
                            <!-- [TestArrange: Scenario - Uploading JSON file and Validating cards value on Loan Estimate page, 142] -->
                            <pre class="log">done: CardsValidationSteps.GivenUserIsAtTridApplicationHomepage() (1.2s)</pre>
                        </td>
                        <td>Succeeded in 1.22s</td>
                    </tr>
                    <tr>
                        <td>
                            <pre class="log">And user have closing disclosure data from excel sheet ClosingDisclosure for the scenario 120</pre>
                        </td>
                        <td>
                            <!-- [TestArrange: Scenario - Uploading JSON file and Validating cards value on Loan Estimate page, 142] -->
                            <pre class="log">done: CardsValidationSteps.GivenUserHaveClosingDisclosureDataFromExcelSheetForTheScenario(&quot;ClosingDisclosure&quot;, 120) (1.0s)</pre>
                        </td>
                        <td>Succeeded in 1.016s</td>
                    </tr>
                    <tr>
                        <td>
                            <pre class="log">When user upload json file for the scenario</pre>
                        </td>
                        <td>
                            <!-- [TestAct: Scenario - Uploading JSON file and Validating cards value on Loan Estimate page, 142] -->
                            <pre class="log">done: CardsValidationSteps.WhenUserUploadJsonFileForTheScenario() (2.0s)</pre>
                        </td>
                        <td>Succeeded in 2.039s</td>
                    </tr>
                    <tr>
                        <td>
                            <pre class="log">And user navigates to Loan Estimate Cards Page</pre>
                        </td>
                        <td>
                            <!-- [TestAct: Scenario - Uploading JSON file and Validating cards value on Loan Estimate page, 142] -->
                            <pre class="log">done: CardsValidationSteps.WhenUserNavigatesToLoanEstimateCardsPage() (0.4s)</pre>
                        </td>
                        <td>Succeeded in 0.505s</td>
                    </tr>
                    <tr>
                        <td>
                            <pre class="log">Then updated/computed in 5 Years value should display on Loan Estimate</pre>
                        </td>
                        <td>
                            <!-- [TestAssert: Scenario - Uploading JSON file and Validating cards value on Loan Estimate page, 142] -->
                            <pre class="log">NUnit.Framework.AssertionException:   Computed value does not match as expected with the difference of 41292.46
  Expected: 0.0d
  But was:  41292.459999999999d

   at NUnit.Framework.Assert.That[TActual](TActual actual, IResolveConstraint expression, String message, Object[] args)
   at NUnit.Framework.Assert.AreEqual(Object expected, Object actual, String message, Object[] args)
   at TRID.StepDefinitions.CardsValidationSteps.ThenUpdatedComputedIn5YearsValueShouldDisplayOnLoanEstimate() in F:\Projects\TRID QA\trid-462743\QA\UIAutomation\SpecFramework\StepDefinitions\CardsValidationSteps.cs:line 1419
done: CardsValidationSteps.ThenUpdatedComputedIn5YearsValueShouldDisplayOnLoanEstimate() (0.2s)</pre>
                        </td>
                        <td>Succeeded in 0.198s</td>
                    </tr>
                    <tr>
                        <td>
                            <pre class="log">And updated/computed in 5 Years principal value should display on Loan Estimate</pre>
                        </td>
                        <td>
                            <!-- [TestAssert: Scenario - Uploading JSON file and Validating cards value on Loan Estimate page, 142] -->
                            <pre class="log">NUnit.Framework.AssertionException:   Computed value does not match as expected with the difference of 11123.49
  Expected: 0.0d
  But was:  11123.49d

   at NUnit.Framework.Assert.That[TActual](TActual actual, IResolveConstraint expression, String message, Object[] args)
   at NUnit.Framework.Assert.AreEqual(Object expected, Object actual, String message, Object[] args)
   at TRID.StepDefinitions.CardsValidationSteps.ThenUpdatedComputedIn5YearsPrincipalValueShouldDisplayOnLoanEstimate() in F:\Projects\TRID QA\trid-462743\QA\UIAutomation\SpecFramework\StepDefinitions\CardsValidationSteps.cs:line 1468
done: CardsValidationSteps.ThenUpdatedComputedIn5YearsPrincipalValueShouldDisplayOnLoanEstimate() (0.2s)</pre>
                        </td>
                        <td>Succeeded in 0.194s</td>
                    </tr>
            </table>
            <a name="t-321611161.0" />
            <h3>Scenario: Uploading JSON file and Validating cards value on Loan Estimate page, 143 (in TRID, CardsValidation)</h3>
            <ul>
                <li>Status: Succeeded</li>
                <li>Start time: 7/19/2017 11:46:25 AM</li>
                <li>Execution time (sec): 5.282131</li>
                <li>Thread: #0</li>
            </ul>
            <table class="testEvents">
                <tr>
                    <th>Steps</th>
                    <th>Trace</th>
                    <th>Result</th>
                </tr>
                    <tr>
                        <td>
                            <pre class="log">Given user is at TRID application homepage</pre>
                        </td>
                        <td>
                            <!-- [TestArrange: Scenario - Uploading JSON file and Validating cards value on Loan Estimate page, 143] -->
                            <pre class="log">done: CardsValidationSteps.GivenUserIsAtTridApplicationHomepage() (1.3s)</pre>
                        </td>
                        <td>Succeeded in 1.318s</td>
                    </tr>
                    <tr>
                        <td>
                            <pre class="log">And user have closing disclosure data from excel sheet ClosingDisclosure for the scenario 121</pre>
                        </td>
                        <td>
                            <!-- [TestArrange: Scenario - Uploading JSON file and Validating cards value on Loan Estimate page, 143] -->
                            <pre class="log">done: CardsValidationSteps.GivenUserHaveClosingDisclosureDataFromExcelSheetForTheScenario(&quot;ClosingDisclosure&quot;, 121) (0.9s)</pre>
                        </td>
                        <td>Succeeded in 0.985s</td>
                    </tr>
                    <tr>
                        <td>
                            <pre class="log">When user upload json file for the scenario</pre>
                        </td>
                        <td>
                            <!-- [TestAct: Scenario - Uploading JSON file and Validating cards value on Loan Estimate page, 143] -->
                            <pre class="log">done: CardsValidationSteps.WhenUserUploadJsonFileForTheScenario() (2.0s)</pre>
                        </td>
                        <td>Succeeded in 2.008s</td>
                    </tr>
                    <tr>
                        <td>
                            <pre class="log">And user navigates to Loan Estimate Cards Page</pre>
                        </td>
                        <td>
                            <!-- [TestAct: Scenario - Uploading JSON file and Validating cards value on Loan Estimate page, 143] -->
                            <pre class="log">done: CardsValidationSteps.WhenUserNavigatesToLoanEstimateCardsPage() (0.4s)</pre>
                        </td>
                        <td>Succeeded in 0.477s</td>
                    </tr>
                    <tr>
                        <td>
                            <pre class="log">Then updated/computed in 5 Years value should display on Loan Estimate</pre>
                        </td>
                        <td>
                            <!-- [TestAssert: Scenario - Uploading JSON file and Validating cards value on Loan Estimate page, 143] -->
                            <pre class="log">NUnit.Framework.AssertionException:   Computed value does not match as expected with the difference of 36840.01
  Expected: 0.0d
  But was:  36840.010000000002d

   at NUnit.Framework.Assert.That[TActual](TActual actual, IResolveConstraint expression, String message, Object[] args)
   at NUnit.Framework.Assert.AreEqual(Object expected, Object actual, String message, Object[] args)
   at TRID.StepDefinitions.CardsValidationSteps.ThenUpdatedComputedIn5YearsValueShouldDisplayOnLoanEstimate() in F:\Projects\TRID QA\trid-462743\QA\UIAutomation\SpecFramework\StepDefinitions\CardsValidationSteps.cs:line 1419
done: CardsValidationSteps.ThenUpdatedComputedIn5YearsValueShouldDisplayOnLoanEstimate() (0.2s)</pre>
                        </td>
                        <td>Succeeded in 0.216s</td>
                    </tr>
                    <tr>
                        <td>
                            <pre class="log">And updated/computed in 5 Years principal value should display on Loan Estimate</pre>
                        </td>
                        <td>
                            <!-- [TestAssert: Scenario - Uploading JSON file and Validating cards value on Loan Estimate page, 143] -->
                            <pre class="log">NUnit.Framework.AssertionException:   Computed value does not match as expected with the difference of 12826.63
  Expected: 0.0d
  But was:  12826.629999999999d

   at NUnit.Framework.Assert.That[TActual](TActual actual, IResolveConstraint expression, String message, Object[] args)
   at NUnit.Framework.Assert.AreEqual(Object expected, Object actual, String message, Object[] args)
   at TRID.StepDefinitions.CardsValidationSteps.ThenUpdatedComputedIn5YearsPrincipalValueShouldDisplayOnLoanEstimate() in F:\Projects\TRID QA\trid-462743\QA\UIAutomation\SpecFramework\StepDefinitions\CardsValidationSteps.cs:line 1468
done: CardsValidationSteps.ThenUpdatedComputedIn5YearsPrincipalValueShouldDisplayOnLoanEstimate() (0.2s)</pre>
                        </td>
                        <td>Succeeded in 0.203s</td>
                    </tr>
            </table>
            <a name="t-321611154.0" />
            <h3>Scenario: Uploading JSON file and Validating cards value on Loan Estimate page, 144 (in TRID, CardsValidation)</h3>
            <ul>
                <li>Status: Succeeded</li>
                <li>Start time: 7/19/2017 11:46:30 AM</li>
                <li>Execution time (sec): 5.2859066</li>
                <li>Thread: #0</li>
            </ul>
            <table class="testEvents">
                <tr>
                    <th>Steps</th>
                    <th>Trace</th>
                    <th>Result</th>
                </tr>
                    <tr>
                        <td>
                            <pre class="log">Given user is at TRID application homepage</pre>
                        </td>
                        <td>
                            <!-- [TestArrange: Scenario - Uploading JSON file and Validating cards value on Loan Estimate page, 144] -->
                            <pre class="log">done: CardsValidationSteps.GivenUserIsAtTridApplicationHomepage() (1.2s)</pre>
                        </td>
                        <td>Succeeded in 1.251s</td>
                    </tr>
                    <tr>
                        <td>
                            <pre class="log">And user have closing disclosure data from excel sheet ClosingDisclosure for the scenario 122</pre>
                        </td>
                        <td>
                            <!-- [TestArrange: Scenario - Uploading JSON file and Validating cards value on Loan Estimate page, 144] -->
                            <pre class="log">done: CardsValidationSteps.GivenUserHaveClosingDisclosureDataFromExcelSheetForTheScenario(&quot;ClosingDisclosure&quot;, 122) (1.0s)</pre>
                        </td>
                        <td>Succeeded in 1.024s</td>
                    </tr>
                    <tr>
                        <td>
                            <pre class="log">When user upload json file for the scenario</pre>
                        </td>
                        <td>
                            <!-- [TestAct: Scenario - Uploading JSON file and Validating cards value on Loan Estimate page, 144] -->
                            <pre class="log">done: CardsValidationSteps.WhenUserUploadJsonFileForTheScenario() (1.9s)</pre>
                        </td>
                        <td>Succeeded in 2.002s</td>
                    </tr>
                    <tr>
                        <td>
                            <pre class="log">And user navigates to Loan Estimate Cards Page</pre>
                        </td>
                        <td>
                            <!-- [TestAct: Scenario - Uploading JSON file and Validating cards value on Loan Estimate page, 144] -->
                            <pre class="log">done: CardsValidationSteps.WhenUserNavigatesToLoanEstimateCardsPage() (0.5s)</pre>
                        </td>
                        <td>Succeeded in 0.522s</td>
                    </tr>
                    <tr>
                        <td>
                            <pre class="log">Then updated/computed in 5 Years value should display on Loan Estimate</pre>
                        </td>
                        <td>
                            <!-- [TestAssert: Scenario - Uploading JSON file and Validating cards value on Loan Estimate page, 144] -->
                            <pre class="log">NUnit.Framework.AssertionException:   Computed value does not match as expected with the difference of 36400.89
  Expected: 0.0d
  But was:  36400.889999999999d

   at NUnit.Framework.Assert.That[TActual](TActual actual, IResolveConstraint expression, String message, Object[] args)
   at NUnit.Framework.Assert.AreEqual(Object expected, Object actual, String message, Object[] args)
   at TRID.StepDefinitions.CardsValidationSteps.ThenUpdatedComputedIn5YearsValueShouldDisplayOnLoanEstimate() in F:\Projects\TRID QA\trid-462743\QA\UIAutomation\SpecFramework\StepDefinitions\CardsValidationSteps.cs:line 1419
done: CardsValidationSteps.ThenUpdatedComputedIn5YearsValueShouldDisplayOnLoanEstimate() (0.2s)</pre>
                        </td>
                        <td>Succeeded in 0.208s</td>
                    </tr>
                    <tr>
                        <td>
                            <pre class="log">And updated/computed in 5 Years principal value should display on Loan Estimate</pre>
                        </td>
                        <td>
                            <!-- [TestAssert: Scenario - Uploading JSON file and Validating cards value on Loan Estimate page, 144] -->
                            <pre class="log">NUnit.Framework.AssertionException:   Computed value does not match as expected with the difference of 12998.68
  Expected: 0.0d
  But was:  12998.68d

   at NUnit.Framework.Assert.That[TActual](TActual actual, IResolveConstraint expression, String message, Object[] args)
   at NUnit.Framework.Assert.AreEqual(Object expected, Object actual, String message, Object[] args)
   at TRID.StepDefinitions.CardsValidationSteps.ThenUpdatedComputedIn5YearsPrincipalValueShouldDisplayOnLoanEstimate() in F:\Projects\TRID QA\trid-462743\QA\UIAutomation\SpecFramework\StepDefinitions\CardsValidationSteps.cs:line 1468
done: CardsValidationSteps.ThenUpdatedComputedIn5YearsPrincipalValueShouldDisplayOnLoanEstimate() (0.2s)</pre>
                        </td>
                        <td>Succeeded in 0.205s</td>
                    </tr>
            </table>
            <a name="t-321611167.0" />
            <h3>Scenario: Uploading JSON file and Validating cards value on Loan Estimate page, 145 (in TRID, CardsValidation)</h3>
            <ul>
                <li>Status: Succeeded</li>
                <li>Start time: 7/19/2017 11:46:36 AM</li>
                <li>Execution time (sec): 5.1999252</li>
                <li>Thread: #0</li>
            </ul>
            <table class="testEvents">
                <tr>
                    <th>Steps</th>
                    <th>Trace</th>
                    <th>Result</th>
                </tr>
                    <tr>
                        <td>
                            <pre class="log">Given user is at TRID application homepage</pre>
                        </td>
                        <td>
                            <!-- [TestArrange: Scenario - Uploading JSON file and Validating cards value on Loan Estimate page, 145] -->
                            <pre class="log">done: CardsValidationSteps.GivenUserIsAtTridApplicationHomepage() (1.2s)</pre>
                        </td>
                        <td>Succeeded in 1.254s</td>
                    </tr>
                    <tr>
                        <td>
                            <pre class="log">And user have closing disclosure data from excel sheet ClosingDisclosure for the scenario 123</pre>
                        </td>
                        <td>
                            <!-- [TestArrange: Scenario - Uploading JSON file and Validating cards value on Loan Estimate page, 145] -->
                            <pre class="log">done: CardsValidationSteps.GivenUserHaveClosingDisclosureDataFromExcelSheetForTheScenario(&quot;ClosingDisclosure&quot;, 123) (0.9s)</pre>
                        </td>
                        <td>Succeeded in 0.999s</td>
                    </tr>
                    <tr>
                        <td>
                            <pre class="log">When user upload json file for the scenario</pre>
                        </td>
                        <td>
                            <!-- [TestAct: Scenario - Uploading JSON file and Validating cards value on Loan Estimate page, 145] -->
                            <pre class="log">done: CardsValidationSteps.WhenUserUploadJsonFileForTheScenario() (1.9s)</pre>
                        </td>
                        <td>Succeeded in 2s</td>
                    </tr>
                    <tr>
                        <td>
                            <pre class="log">And user navigates to Loan Estimate Cards Page</pre>
                        </td>
                        <td>
                            <!-- [TestAct: Scenario - Uploading JSON file and Validating cards value on Loan Estimate page, 145] -->
                            <pre class="log">done: CardsValidationSteps.WhenUserNavigatesToLoanEstimateCardsPage() (0.4s)</pre>
                        </td>
                        <td>Succeeded in 0.476s</td>
                    </tr>
                    <tr>
                        <td>
                            <pre class="log">Then updated/computed in 5 Years value should display on Loan Estimate</pre>
                        </td>
                        <td>
                            <!-- [TestAssert: Scenario - Uploading JSON file and Validating cards value on Loan Estimate page, 145] -->
                            <pre class="log">NUnit.Framework.AssertionException:   Computed value does not match as expected with the difference of 36400.89
  Expected: 0.0d
  But was:  36400.889999999999d

   at NUnit.Framework.Assert.That[TActual](TActual actual, IResolveConstraint expression, String message, Object[] args)
   at NUnit.Framework.Assert.AreEqual(Object expected, Object actual, String message, Object[] args)
   at TRID.StepDefinitions.CardsValidationSteps.ThenUpdatedComputedIn5YearsValueShouldDisplayOnLoanEstimate() in F:\Projects\TRID QA\trid-462743\QA\UIAutomation\SpecFramework\StepDefinitions\CardsValidationSteps.cs:line 1419
done: CardsValidationSteps.ThenUpdatedComputedIn5YearsValueShouldDisplayOnLoanEstimate() (0.2s)</pre>
                        </td>
                        <td>Succeeded in 0.203s</td>
                    </tr>
                    <tr>
                        <td>
                            <pre class="log">And updated/computed in 5 Years principal value should display on Loan Estimate</pre>
                        </td>
                        <td>
                            <!-- [TestAssert: Scenario - Uploading JSON file and Validating cards value on Loan Estimate page, 145] -->
                            <pre class="log">NUnit.Framework.AssertionException:   Computed value does not match as expected with the difference of 12998.68
  Expected: 0.0d
  But was:  12998.68d

   at NUnit.Framework.Assert.That[TActual](TActual actual, IResolveConstraint expression, String message, Object[] args)
   at NUnit.Framework.Assert.AreEqual(Object expected, Object actual, String message, Object[] args)
   at TRID.StepDefinitions.CardsValidationSteps.ThenUpdatedComputedIn5YearsPrincipalValueShouldDisplayOnLoanEstimate() in F:\Projects\TRID QA\trid-462743\QA\UIAutomation\SpecFramework\StepDefinitions\CardsValidationSteps.cs:line 1468
done: CardsValidationSteps.ThenUpdatedComputedIn5YearsPrincipalValueShouldDisplayOnLoanEstimate() (0.2s)</pre>
                        </td>
                        <td>Succeeded in 0.196s</td>
                    </tr>
            </table>
            <a name="t-321611168.0" />
            <h3>Scenario: Uploading JSON file and Validating cards value on Loan Estimate page, 146 (in TRID, CardsValidation)</h3>
            <ul>
                <li>Status: Succeeded</li>
                <li>Start time: 7/19/2017 11:46:41 AM</li>
                <li>Execution time (sec): 5.2298103</li>
                <li>Thread: #0</li>
            </ul>
            <table class="testEvents">
                <tr>
                    <th>Steps</th>
                    <th>Trace</th>
                    <th>Result</th>
                </tr>
                    <tr>
                        <td>
                            <pre class="log">Given user is at TRID application homepage</pre>
                        </td>
                        <td>
                            <!-- [TestArrange: Scenario - Uploading JSON file and Validating cards value on Loan Estimate page, 146] -->
                            <pre class="log">done: CardsValidationSteps.GivenUserIsAtTridApplicationHomepage() (1.2s)</pre>
                        </td>
                        <td>Succeeded in 1.208s</td>
                    </tr>
                    <tr>
                        <td>
                            <pre class="log">And user have closing disclosure data from excel sheet ClosingDisclosure for the scenario 124</pre>
                        </td>
                        <td>
                            <!-- [TestArrange: Scenario - Uploading JSON file and Validating cards value on Loan Estimate page, 146] -->
                            <pre class="log">done: CardsValidationSteps.GivenUserHaveClosingDisclosureDataFromExcelSheetForTheScenario(&quot;ClosingDisclosure&quot;, 124) (1.0s)</pre>
                        </td>
                        <td>Succeeded in 1.081s</td>
                    </tr>
                    <tr>
                        <td>
                            <pre class="log">When user upload json file for the scenario</pre>
                        </td>
                        <td>
                            <!-- [TestAct: Scenario - Uploading JSON file and Validating cards value on Loan Estimate page, 146] -->
                            <pre class="log">done: CardsValidationSteps.WhenUserUploadJsonFileForTheScenario() (2.0s)</pre>
                        </td>
                        <td>Succeeded in 2s</td>
                    </tr>
                    <tr>
                        <td>
                            <pre class="log">And user navigates to Loan Estimate Cards Page</pre>
                        </td>
                        <td>
                            <!-- [TestAct: Scenario - Uploading JSON file and Validating cards value on Loan Estimate page, 146] -->
                            <pre class="log">done: CardsValidationSteps.WhenUserNavigatesToLoanEstimateCardsPage() (0.4s)</pre>
                        </td>
                        <td>Succeeded in 0.459s</td>
                    </tr>
                    <tr>
                        <td>
                            <pre class="log">Then updated/computed in 5 Years value should display on Loan Estimate</pre>
                        </td>
                        <td>
                            <!-- [TestAssert: Scenario - Uploading JSON file and Validating cards value on Loan Estimate page, 146] -->
                            <pre class="log">NUnit.Framework.AssertionException:   Computed value does not match as expected with the difference of 36400.89
  Expected: 0.0d
  But was:  36400.889999999999d

   at NUnit.Framework.Assert.That[TActual](TActual actual, IResolveConstraint expression, String message, Object[] args)
   at NUnit.Framework.Assert.AreEqual(Object expected, Object actual, String message, Object[] args)
   at TRID.StepDefinitions.CardsValidationSteps.ThenUpdatedComputedIn5YearsValueShouldDisplayOnLoanEstimate() in F:\Projects\TRID QA\trid-462743\QA\UIAutomation\SpecFramework\StepDefinitions\CardsValidationSteps.cs:line 1419
done: CardsValidationSteps.ThenUpdatedComputedIn5YearsValueShouldDisplayOnLoanEstimate() (0.2s)</pre>
                        </td>
                        <td>Succeeded in 0.213s</td>
                    </tr>
                    <tr>
                        <td>
                            <pre class="log">And updated/computed in 5 Years principal value should display on Loan Estimate</pre>
                        </td>
                        <td>
                            <!-- [TestAssert: Scenario - Uploading JSON file and Validating cards value on Loan Estimate page, 146] -->
                            <pre class="log">NUnit.Framework.AssertionException:   Computed value does not match as expected with the difference of 12998.68
  Expected: 0.0d
  But was:  12998.68d

   at NUnit.Framework.Assert.That[TActual](TActual actual, IResolveConstraint expression, String message, Object[] args)
   at NUnit.Framework.Assert.AreEqual(Object expected, Object actual, String message, Object[] args)
   at TRID.StepDefinitions.CardsValidationSteps.ThenUpdatedComputedIn5YearsPrincipalValueShouldDisplayOnLoanEstimate() in F:\Projects\TRID QA\trid-462743\QA\UIAutomation\SpecFramework\StepDefinitions\CardsValidationSteps.cs:line 1468
done: CardsValidationSteps.ThenUpdatedComputedIn5YearsPrincipalValueShouldDisplayOnLoanEstimate() (0.2s)</pre>
                        </td>
                        <td>Succeeded in 0.198s</td>
                    </tr>
            </table>
            <a name="t-321611165.0" />
            <h3>Scenario: Uploading JSON file and Validating cards value on Loan Estimate page, 147 (in TRID, CardsValidation)</h3>
            <ul>
                <li>Status: CleanupFailed</li>
                <li>Start time: 7/19/2017 11:46:46 AM</li>
                <li>Execution time (sec): 16.7063874</li>
                <li>Thread: #0</li>
                <li>Error: Test Case failed</li>
            </ul>
            <table class="testEvents">
                <tr>
                    <th>Steps</th>
                    <th>Trace</th>
                    <th>Result</th>
                </tr>
                    <tr>
                        <td>
                            <pre class="log">Given user is at TRID application homepage</pre>
                        </td>
                        <td>
                            <!-- [TestArrange: Scenario - Uploading JSON file and Validating cards value on Loan Estimate page, 147] -->
                            <pre class="log">done: CardsValidationSteps.GivenUserIsAtTridApplicationHomepage() (1.2s)</pre>
                        </td>
                        <td>Succeeded in 1.216s</td>
                    </tr>
                    <tr>
                        <td>
                            <pre class="log">And user have closing disclosure data from excel sheet ClosingDisclosure for the scenario 125</pre>
                        </td>
                        <td>
                            <!-- [TestArrange: Scenario - Uploading JSON file and Validating cards value on Loan Estimate page, 147] -->
                            <pre class="log">done: CardsValidationSteps.GivenUserHaveClosingDisclosureDataFromExcelSheetForTheScenario(&quot;ClosingDisclosure&quot;, 125) (1.0s)</pre>
                        </td>
                        <td>Succeeded in 1.073s</td>
                    </tr>
                    <tr>
                        <td>
                            <pre class="log">When user upload json file for the scenario</pre>
                        </td>
                        <td>
                            <!-- [TestAct: Scenario - Uploading JSON file and Validating cards value on Loan Estimate page, 147] -->
                            <pre class="log">done: CardsValidationSteps.WhenUserUploadJsonFileForTheScenario() (1.9s)</pre>
                        </td>
                        <td>Succeeded in 2.004s</td>
                    </tr>
                    <tr>
                        <td>
                            <pre class="log">And user navigates to Loan Estimate Cards Page</pre>
                        </td>
                        <td>
                            <!-- [TestAct: Scenario - Uploading JSON file and Validating cards value on Loan Estimate page, 147] -->
                            <pre class="log">done: CardsValidationSteps.WhenUserNavigatesToLoanEstimateCardsPage() (0.4s)</pre>
                        </td>
                        <td>Succeeded in 0.468s</td>
                    </tr>
                    <tr>
                        <td>
                            <pre class="log">Then updated/computed in 5 Years value should display on Loan Estimate</pre>
                        </td>
                        <td>
                            <!-- [TestAssert: Scenario - Uploading JSON file and Validating cards value on Loan Estimate page, 147] -->
                            <pre class="log">NUnit.Framework.AssertionException:   Computed value does not match as expected with the difference of 35619.66
  Expected: 0.0d
  But was:  35619.660000000003d

   at NUnit.Framework.Assert.That[TActual](TActual actual, IResolveConstraint expression, String message, Object[] args)
   at NUnit.Framework.Assert.AreEqual(Object expected, Object actual, String message, Object[] args)
   at TRID.StepDefinitions.CardsValidationSteps.ThenUpdatedComputedIn5YearsValueShouldDisplayOnLoanEstimate() in F:\Projects\TRID QA\trid-462743\QA\UIAutomation\SpecFramework\StepDefinitions\CardsValidationSteps.cs:line 1419
done: CardsValidationSteps.ThenUpdatedComputedIn5YearsValueShouldDisplayOnLoanEstimate() (0.2s)</pre>
                        </td>
                        <td>Succeeded in 0.208s</td>
                    </tr>
                    <tr>
                        <td>
                            <pre class="log">And updated/computed in 5 Years principal value should display on Loan Estimate</pre>
                        </td>
                        <td>
                            <!-- [TestAssert: Scenario - Uploading JSON file and Validating cards value on Loan Estimate page, 147] -->
                            <pre class="log">NUnit.Framework.AssertionException:   Computed value does not match as expected with the difference of 13440.32
  Expected: 0.0d
  But was:  13440.32d

   at NUnit.Framework.Assert.That[TActual](TActual actual, IResolveConstraint expression, String message, Object[] args)
   at NUnit.Framework.Assert.AreEqual(Object expected, Object actual, String message, Object[] args)
   at TRID.StepDefinitions.CardsValidationSteps.ThenUpdatedComputedIn5YearsPrincipalValueShouldDisplayOnLoanEstimate() in F:\Projects\TRID QA\trid-462743\QA\UIAutomation\SpecFramework\StepDefinitions\CardsValidationSteps.cs:line 1468
done: CardsValidationSteps.ThenUpdatedComputedIn5YearsPrincipalValueShouldDisplayOnLoanEstimate() (0.2s)</pre>
                        </td>
                        <td>Succeeded in 0.194s</td>
                    </tr>
                    <tr>
                        <td>
                            <pre class="log"></pre>
                        </td>
                        <td>
                            <!-- [Cleanup: TestAssembly - TRID] -->
                            <pre class="log">##########################################################
##########################################################
====================================================================================
Scenario Number : 147
The total number of cards Failue: 20
Name of cards Failed: || In5Years || : NUnit.Framework.AssertionException:   Computed value does not match as expected with the difference of 35619.66
  Expected: 0.0d
  But was:  35619.660000000003d

   at NUnit.Framework.Assert.That[TActual](TActual actual, IResolveConstraint expression, String message, Object[] args)
   at NUnit.Framework.Assert.AreEqual(Object expected, Object actual, String message, Object[] args)
   at TRID.StepDefinitions.CardsValidationSteps.ThenUpdatedComputedIn5YearsValueShouldDisplayOnLoanEstimate() in F:\Projects\TRID QA\trid-462743\QA\UIAutomation\SpecFramework\StepDefinitions\CardsValidationSteps.cs:line 1419 
 ====================================================================================
|| In5YearsPrincipal || : NUnit.Framework.AssertionException:   Computed value does not match as expected with the difference of 13440.32
  Expected: 0.0d
  But was:  13440.32d

   at NUnit.Framework.Assert.That[TActual](TActual actual, IResolveConstraint expression, String message, Object[] args)
   at NUnit.Framework.Assert.AreEqual(Object expected, Object actual, String message, Object[] args)
   at TRID.StepDefinitions.CardsValidationSteps.ThenUpdatedComputedIn5YearsPrincipalValueShouldDisplayOnLoanEstimate() in F:\Projects\TRID QA\trid-462743\QA\UIAutomation\SpecFramework\StepDefinitions\CardsValidationSteps.cs:line 1468 
 ====================================================================================
|| In5Years || : NUnit.Framework.AssertionException:   Computed value does not match as expected with the difference of 35619.66
  Expected: 0.0d
  But was:  35619.660000000003d

   at NUnit.Framework.Assert.That[TActual](TActual actual, IResolveConstraint expression, String message, Object[] args)
   at NUnit.Framework.Assert.AreEqual(Object expected, Object actual, String message, Object[] args)
   at TRID.StepDefinitions.CardsValidationSteps.ThenUpdatedComputedIn5YearsValueShouldDisplayOnLoanEstimate() in F:\Projects\TRID QA\trid-462743\QA\UIAutomation\SpecFramework\StepDefinitions\CardsValidationSteps.cs:line 1419 
 ====================================================================================
|| In5YearsPrincipal || : NUnit.Framework.AssertionException:   Computed value does not match as expected with the difference of 13440.32
  Expected: 0.0d
  But was:  13440.32d

   at NUnit.Framework.Assert.That[TActual](TActual actual, IResolveConstraint expression, String message, Object[] args)
   at NUnit.Framework.Assert.AreEqual(Object expected, Object actual, String message, Object[] args)
   at TRID.StepDefinitions.CardsValidationSteps.ThenUpdatedComputedIn5YearsPrincipalValueShouldDisplayOnLoanEstimate() in F:\Projects\TRID QA\trid-462743\QA\UIAutomation\SpecFramework\StepDefinitions\CardsValidationSteps.cs:line 1468 
 ====================================================================================
|| In5Years || : NUnit.Framework.AssertionException:   Computed value does not match as expected with the difference of 35619.66
  Expected: 0.0d
  But was:  35619.660000000003d

   at NUnit.Framework.Assert.That[TActual](TActual actual, IResolveConstraint expression, String message, Object[] args)
   at NUnit.Framework.Assert.AreEqual(Object expected, Object actual, String message, Object[] args)
   at TRID.StepDefinitions.CardsValidationSteps.ThenUpdatedComputedIn5YearsValueShouldDisplayOnLoanEstimate() in F:\Projects\TRID QA\trid-462743\QA\UIAutomation\SpecFramework\StepDefinitions\CardsValidationSteps.cs:line 1419 
 ====================================================================================
|| In5YearsPrincipal || : NUnit.Framework.AssertionException:   Computed value does not match as expected with the difference of 13440.32
  Expected: 0.0d
  But was:  13440.32d

   at NUnit.Framework.Assert.That[TActual](TActual actual, IResolveConstraint expression, String message, Object[] args)
   at NUnit.Framework.Assert.AreEqual(Object expected, Object actual, String message, Object[] args)
   at TRID.StepDefinitions.CardsValidationSteps.ThenUpdatedComputedIn5YearsPrincipalValueShouldDisplayOnLoanEstimate() in F:\Projects\TRID QA\trid-462743\QA\UIAutomation\SpecFramework\StepDefinitions\CardsValidationSteps.cs:line 1468 
 ====================================================================================
|| In5Years || : NUnit.Framework.AssertionException:   Computed value does not match as expected with the difference of 36840.01
  Expected: 0.0d
  But was:  36840.010000000002d

   at NUnit.Framework.Assert.That[TActual](TActual actual, IResolveConstraint expression, String message, Object[] args)
   at NUnit.Framework.Assert.AreEqual(Object expected, Object actual, String message, Object[] args)
   at TRID.StepDefinitions.CardsValidationSteps.ThenUpdatedComputedIn5YearsValueShouldDisplayOnLoanEstimate() in F:\Projects\TRID QA\trid-462743\QA\UIAutomation\SpecFramework\StepDefinitions\CardsValidationSteps.cs:line 1419 
 ====================================================================================
|| In5YearsPrincipal || : NUnit.Framework.AssertionException:   Computed value does not match as expected with the difference of 12826.63
  Expected: 0.0d
  But was:  12826.629999999999d

   at NUnit.Framework.Assert.That[TActual](TActual actual, IResolveConstraint expression, String message, Object[] args)
   at NUnit.Framework.Assert.AreEqual(Object expected, Object actual, String message, Object[] args)
   at TRID.StepDefinitions.CardsValidationSteps.ThenUpdatedComputedIn5YearsPrincipalValueShouldDisplayOnLoanEstimate() in F:\Projects\TRID QA\trid-462743\QA\UIAutomation\SpecFramework\StepDefinitions\CardsValidationSteps.cs:line 1468 
 ====================================================================================
|| In5Years || : NUnit.Framework.AssertionException:   Computed value does not match as expected with the difference of 41292.46
  Expected: 0.0d
  But was:  41292.459999999999d

   at NUnit.Framework.Assert.That[TActual](TActual actual, IResolveConstraint expression, String message, Object[] args)
   at NUnit.Framework.Assert.AreEqual(Object expected, Object actual, String message, Object[] args)
   at TRID.StepDefinitions.CardsValidationSteps.ThenUpdatedComputedIn5YearsValueShouldDisplayOnLoanEstimate() in F:\Projects\TRID QA\trid-462743\QA\UIAutomation\SpecFramework\StepDefinitions\CardsValidationSteps.cs:line 1419 
 ====================================================================================
|| In5YearsPrincipal || : NUnit.Framework.AssertionException:   Computed value does not match as expected with the difference of 11123.49
  Expected: 0.0d
  But was:  11123.49d

   at NUnit.Framework.Assert.That[TActual](TActual actual, IResolveConstraint expression, String message, Object[] args)
   at NUnit.Framework.Assert.AreEqual(Object expected, Object actual, String message, Object[] args)
   at TRID.StepDefinitions.CardsValidationSteps.ThenUpdatedComputedIn5YearsPrincipalValueShouldDisplayOnLoanEstimate() in F:\Projects\TRID QA\trid-462743\QA\UIAutomation\SpecFramework\StepDefinitions\CardsValidationSteps.cs:line 1468 
 ====================================================================================
|| In5Years || : NUnit.Framework.AssertionException:   Computed value does not match as expected with the difference of 36840.01
  Expected: 0.0d
  But was:  36840.010000000002d

   at NUnit.Framework.Assert.That[TActual](TActual actual, IResolveConstraint expression, String message, Object[] args)
   at NUnit.Framework.Assert.AreEqual(Object expected, Object actual, String message, Object[] args)
   at TRID.StepDefinitions.CardsValidationSteps.ThenUpdatedComputedIn5YearsValueShouldDisplayOnLoanEstimate() in F:\Projects\TRID QA\trid-462743\QA\UIAutomation\SpecFramework\StepDefinitions\CardsValidationSteps.cs:line 1419 
 ====================================================================================
|| In5YearsPrincipal || : NUnit.Framework.AssertionException:   Computed value does not match as expected with the difference of 12826.63
  Expected: 0.0d
  But was:  12826.629999999999d

   at NUnit.Framework.Assert.That[TActual](TActual actual, IResolveConstraint expression, String message, Object[] args)
   at NUnit.Framework.Assert.AreEqual(Object expected, Object actual, String message, Object[] args)
   at TRID.StepDefinitions.CardsValidationSteps.ThenUpdatedComputedIn5YearsPrincipalValueShouldDisplayOnLoanEstimate() in F:\Projects\TRID QA\trid-462743\QA\UIAutomation\SpecFramework\StepDefinitions\CardsValidationSteps.cs:line 1468 
 ====================================================================================
|| In5Years || : NUnit.Framework.AssertionException:   Computed value does not match as expected with the difference of 36400.89
  Expected: 0.0d
  But was:  36400.889999999999d

   at NUnit.Framework.Assert.That[TActual](TActual actual, IResolveConstraint expression, String message, Object[] args)
   at NUnit.Framework.Assert.AreEqual(Object expected, Object actual, String message, Object[] args)
   at TRID.StepDefinitions.CardsValidationSteps.ThenUpdatedComputedIn5YearsValueShouldDisplayOnLoanEstimate() in F:\Projects\TRID QA\trid-462743\QA\UIAutomation\SpecFramework\StepDefinitions\CardsValidationSteps.cs:line 1419 
 ====================================================================================
|| In5YearsPrincipal || : NUnit.Framework.AssertionException:   Computed value does not match as expected with the difference of 12998.68
  Expected: 0.0d
  But was:  12998.68d

   at NUnit.Framework.Assert.That[TActual](TActual actual, IResolveConstraint expression, String message, Object[] args)
   at NUnit.Framework.Assert.AreEqual(Object expected, Object actual, String message, Object[] args)
   at TRID.StepDefinitions.CardsValidationSteps.ThenUpdatedComputedIn5YearsPrincipalValueShouldDisplayOnLoanEstimate() in F:\Projects\TRID QA\trid-462743\QA\UIAutomation\SpecFramework\StepDefinitions\CardsValidationSteps.cs:line 1468 
 ====================================================================================
|| In5Years || : NUnit.Framework.AssertionException:   Computed value does not match as expected with the difference of 36400.89
  Expected: 0.0d
  But was:  36400.889999999999d

   at NUnit.Framework.Assert.That[TActual](TActual actual, IResolveConstraint expression, String message, Object[] args)
   at NUnit.Framework.Assert.AreEqual(Object expected, Object actual, String message, Object[] args)
   at TRID.StepDefinitions.CardsValidationSteps.ThenUpdatedComputedIn5YearsValueShouldDisplayOnLoanEstimate() in F:\Projects\TRID QA\trid-462743\QA\UIAutomation\SpecFramework\StepDefinitions\CardsValidationSteps.cs:line 1419 
 ====================================================================================
|| In5YearsPrincipal || : NUnit.Framework.AssertionException:   Computed value does not match as expected with the difference of 12998.68
  Expected: 0.0d
  But was:  12998.68d

   at NUnit.Framework.Assert.That[TActual](TActual actual, IResolveConstraint expression, String message, Object[] args)
   at NUnit.Framework.Assert.AreEqual(Object expected, Object actual, String message, Object[] args)
   at TRID.StepDefinitions.CardsValidationSteps.ThenUpdatedComputedIn5YearsPrincipalValueShouldDisplayOnLoanEstimate() in F:\Projects\TRID QA\trid-462743\QA\UIAutomation\SpecFramework\StepDefinitions\CardsValidationSteps.cs:line 1468 
 ====================================================================================
|| In5Years || : NUnit.Framework.AssertionException:   Computed value does not match as expected with the difference of 36400.89
  Expected: 0.0d
  But was:  36400.889999999999d

   at NUnit.Framework.Assert.That[TActual](TActual actual, IResolveConstraint expression, String message, Object[] args)
   at NUnit.Framework.Assert.AreEqual(Object expected, Object actual, String message, Object[] args)
   at TRID.StepDefinitions.CardsValidationSteps.ThenUpdatedComputedIn5YearsValueShouldDisplayOnLoanEstimate() in F:\Projects\TRID QA\trid-462743\QA\UIAutomation\SpecFramework\StepDefinitions\CardsValidationSteps.cs:line 1419 
 ====================================================================================
|| In5YearsPrincipal || : NUnit.Framework.AssertionException:   Computed value does not match as expected with the difference of 12998.68
  Expected: 0.0d
  But was:  12998.68d

   at NUnit.Framework.Assert.That[TActual](TActual actual, IResolveConstraint expression, String message, Object[] args)
   at NUnit.Framework.Assert.AreEqual(Object expected, Object actual, String message, Object[] args)
   at TRID.StepDefinitions.CardsValidationSteps.ThenUpdatedComputedIn5YearsPrincipalValueShouldDisplayOnLoanEstimate() in F:\Projects\TRID QA\trid-462743\QA\UIAutomation\SpecFramework\StepDefinitions\CardsValidationSteps.cs:line 1468 
 ====================================================================================
|| In5Years || : NUnit.Framework.AssertionException:   Computed value does not match as expected with the difference of 35619.66
  Expected: 0.0d
  But was:  35619.660000000003d

   at NUnit.Framework.Assert.That[TActual](TActual actual, IResolveConstraint expression, String message, Object[] args)
   at NUnit.Framework.Assert.AreEqual(Object expected, Object actual, String message, Object[] args)
   at TRID.StepDefinitions.CardsValidationSteps.ThenUpdatedComputedIn5YearsValueShouldDisplayOnLoanEstimate() in F:\Projects\TRID QA\trid-462743\QA\UIAutomation\SpecFramework\StepDefinitions\CardsValidationSteps.cs:line 1419 
 ====================================================================================
|| In5YearsPrincipal || : NUnit.Framework.AssertionException:   Computed value does not match as expected with the difference of 13440.32
  Expected: 0.0d
  But was:  13440.32d

   at NUnit.Framework.Assert.That[TActual](TActual actual, IResolveConstraint expression, String message, Object[] args)
   at NUnit.Framework.Assert.AreEqual(Object expected, Object actual, String message, Object[] args)
   at TRID.StepDefinitions.CardsValidationSteps.ThenUpdatedComputedIn5YearsPrincipalValueShouldDisplayOnLoanEstimate() in F:\Projects\TRID QA\trid-462743\QA\UIAutomation\SpecFramework\StepDefinitions\CardsValidationSteps.cs:line 1468 
 ====================================================================================

====================================================================================
##########################################################
##########################################################</pre>
                                <div class="errorMessage">Test Case failed</div>
                                <pre class="stackTrace">System.Exception: Test Case failed
   at TRID.StepDefinitions.CardsValidationSteps.TearDown() in F:\Projects\TRID QA\trid-462743\QA\UIAutomation\SpecFramework\StepDefinitions\CardsValidationSteps.cs:line 1527
   at lambda_method(Closure , IContextManager )
   at TechTalk.SpecFlow.Bindings.BindingInvoker.InvokeBinding(IBinding binding, IContextManager contextManager, Object[] arguments, ITestTracer testTracer, TimeSpan&amp; duration)
   at TechTalk.SpecFlow.Infrastructure.TestExecutionEngine.FireEvents(HookType bindingEvent)
   at TechTalk.SpecFlow.Infrastructure.TestExecutionEngine.OnTestRunEnd()
   at TechTalk.SpecFlow.TestRunner.OnTestRunEnd()
   at TRID.FeatureFiles.AmortizationValidationFeature.TestRunCleanup()
   at TechTalk.SpecRun.Framework.TaskExecutors.StaticOrInstanceMethodExecutor.ExecuteInternal(ITestThreadExecutionContext testThreadExecutionContext)
   at TechTalk.SpecRun.Framework.TaskExecutors.StaticOrInstanceMethodExecutor.Execute(ITestThreadExecutionContext testThreadExecutionContext)
   at TechTalk.SpecRun.Framework.TaskExecutors.ChainedTaskExecutor.Execute(ITestThreadExecutionContext testThreadExecutionContext)
   at TechTalk.SpecRun.Framework.TestAssemblyExecutor.ExecuteTestNodeTask(TestNode testNode, ITaskExecutor task, TraceEventType eventType)</pre>
                        </td>
                        <td>Failed in 11.474s</td>
                    </tr>
            </table>
	</body>
</html>
</a><div style='position: absolute; top:0px; right:10px; z-index: 1000; text-align: right; font-size: small; color: #FF5555'>
Generated by an evaluation version of SpecRun.<br />
This version can be used for evaluation purposes only.<br />
For obtaining a registered license please visit <a href='http://www.specflow.org/plus'>http://www.specflow.org/plus</a>.
</div>
