VS filter: testpath:TestAssembly:TRID/Feature:CardsValidation/Scenario:Uploading+JSON+file+and+Validating+cards+value+on+Loan+Estimate+page%2c+143 | testpath:TestAssembly:TRID/Feature:CardsValidation/Scenario:Uploading+JSON+file+and+Validating+cards+value+on+Loan+Estimate+page%2c+141 | testpath:TestAssembly:TRID/Feature:CardsValidation/Scenario:Uploading+JSON+file+and+Validating+cards+value+on+Loan+Estimate+page%2c+145 | testpath:TestAssembly:TRID/Feature:CardsValidation/Scenario:Uploading+JSON+file+and+Validating+cards+value+on+Loan+Estimate+page%2c+142 | testpath:TestAssembly:TRID/Feature:CardsValidation/Scenario:Uploading+JSON+file+and+Validating+cards+value+on+Loan+Estimate+page%2c+144 | testpath:TestAssembly:TRID/Feature:CardsValidation/Scenario:Uploading+JSON+file+and+Validating+cards+value+on+Loan+Estimate+page%2c+140 | testpath:TestAssembly:TRID/Feature:CardsValidation/Scenario:Uploading+JSON+file+and+Validating+cards+value+on+Loan+Estimate+page%2c+147 | testpath:TestAssembly:TRID/Feature:CardsValidation/Scenario:Uploading+JSON+file+and+Validating+cards+value+on+Loan+Estimate+page%2c+139 | testpath:TestAssembly:TRID/Feature:CardsValidation/Scenario:Uploading+JSON+file+and+Validating+cards+value+on+Loan+Estimate+page%2c+146 | testpath:TestAssembly:TRID/Feature:CardsValidation/Scenario:Uploading+JSON+file+and+Validating+cards+value+on+Loan+Estimate+page%2c+138
Discovering target: Default
Discovering tests from assembly: F:\Projects\TRID QA\trid-462743\QA\UIAutomation\SpecFramework\bin\Debug\TRID.dll
Appdomain Disposed
Test Suite Dump
#0: TRID/Default - 
#1: Default - 
#2: TRID - 
#122: CardsValidation - 
#131: Uploading JSON file and Validating cards value on Loan Estimate page, 138 - TestAssembly:TRID/Feature:CardsValidation/Scenario:Uploading+JSON+file+and+Validating+cards+value+on+Loan+Estimate+page%2c+138
#132: Uploading JSON file and Validating cards value on Loan Estimate page, 139 - TestAssembly:TRID/Feature:CardsValidation/Scenario:Uploading+JSON+file+and+Validating+cards+value+on+Loan+Estimate+page%2c+139
#133: Uploading JSON file and Validating cards value on Loan Estimate page, 140 - TestAssembly:TRID/Feature:CardsValidation/Scenario:Uploading+JSON+file+and+Validating+cards+value+on+Loan+Estimate+page%2c+140
#134: Uploading JSON file and Validating cards value on Loan Estimate page, 141 - TestAssembly:TRID/Feature:CardsValidation/Scenario:Uploading+JSON+file+and+Validating+cards+value+on+Loan+Estimate+page%2c+141
#135: Uploading JSON file and Validating cards value on Loan Estimate page, 142 - TestAssembly:TRID/Feature:CardsValidation/Scenario:Uploading+JSON+file+and+Validating+cards+value+on+Loan+Estimate+page%2c+142
#136: Uploading JSON file and Validating cards value on Loan Estimate page, 143 - TestAssembly:TRID/Feature:CardsValidation/Scenario:Uploading+JSON+file+and+Validating+cards+value+on+Loan+Estimate+page%2c+143
#137: Uploading JSON file and Validating cards value on Loan Estimate page, 144 - TestAssembly:TRID/Feature:CardsValidation/Scenario:Uploading+JSON+file+and+Validating+cards+value+on+Loan+Estimate+page%2c+144
#138: Uploading JSON file and Validating cards value on Loan Estimate page, 145 - TestAssembly:TRID/Feature:CardsValidation/Scenario:Uploading+JSON+file+and+Validating+cards+value+on+Loan+Estimate+page%2c+145
#139: Uploading JSON file and Validating cards value on Loan Estimate page, 146 - TestAssembly:TRID/Feature:CardsValidation/Scenario:Uploading+JSON+file+and+Validating+cards+value+on+Loan+Estimate+page%2c+146
#140: Uploading JSON file and Validating cards value on Loan Estimate page, 147 - TestAssembly:TRID/Feature:CardsValidation/Scenario:Uploading+JSON+file+and+Validating+cards+value+on+Loan+Estimate+page%2c+147
End: Test Suite Dump
Thread#0:Scheduler: get next test for thread
Thread#:Scheduler: testitem #131 from normal test queue 
Thread#0:Scheduler: considering testitem #131 for thread
Thread#0:Scheduler: using testitem #131 for thread
Thread#0:Scheduler: Test #131 is scheduled for thread
Thread#0:Scheduler: with testItemExecutionIndex 0
Thread #0: creating new test thread executor for TRID, Version=1.0.0.0, Culture=neutral, PublicKeyToken=null (target: Default)
Loading SpecRun type 'TechTalk.SpecRun.Framework.TestAssemblyExecutor' from: C:\Users\sandees\AppData\Local\Temp\VisualStudioTestExplorerExtensions\SpecRun.Runner.1.5.2\tools\TechTalk.SpecRun.Framework.Executor.dll
Thread#0: Test #131/0 is started on thread #0
Thread#0:B:Given user is at TRID application homepage
Thread#0:T:done: CardsValidationSteps.GivenUserIsAtTridApplicationHomepage() (33.1s)
Thread#0:B:And user have closing disclosure data from excel sheet ClosingDisclosure for the scenario 116
Thread#0:T:done: CardsValidationSteps.GivenUserHaveClosingDisclosureDataFromExcelSheetForTheScenario("ClosingDisclosure", 116) (1.1s)
Thread#0:B:When user upload json file for the scenario
Thread#0:T:done: CardsValidationSteps.WhenUserUploadJsonFileForTheScenario() (2.0s)
Thread#0:B:And user navigates to Loan Estimate Cards Page
Thread#0:T:done: CardsValidationSteps.WhenUserNavigatesToLoanEstimateCardsPage() (0.9s)
Thread#0:B:Then updated/computed in 5 Years value should display on Loan Estimate
Thread#0:T:NUnit.Framework.AssertionException:   Computed value does not match as expected with the difference of 35619.66
Thread#0:T:  Expected: 0.0d
Thread#0:T:  But was:  35619.660000000003d
Thread#0:T:   at NUnit.Framework.Assert.That[TActual](TActual actual, IResolveConstraint expression, String message, Object[] args)
Thread#0:T:   at NUnit.Framework.Assert.AreEqual(Object expected, Object actual, String message, Object[] args)
Thread#0:T:   at TRID.StepDefinitions.CardsValidationSteps.ThenUpdatedComputedIn5YearsValueShouldDisplayOnLoanEstimate() in F:\Projects\TRID QA\trid-462743\QA\UIAutomation\SpecFramework\StepDefinitions\CardsValidationSteps.cs:line 1419
Thread#0:T:done: CardsValidationSteps.ThenUpdatedComputedIn5YearsValueShouldDisplayOnLoanEstimate() (0.3s)
Thread#0:B:And updated/computed in 5 Years principal value should display on Loan Estimate
Thread#0:T:NUnit.Framework.AssertionException:   Computed value does not match as expected with the difference of 13440.32
Thread#0:T:  Expected: 0.0d
Thread#0:T:  But was:  13440.32d
Thread#0:T:   at NUnit.Framework.Assert.That[TActual](TActual actual, IResolveConstraint expression, String message, Object[] args)
Thread#0:T:   at NUnit.Framework.Assert.AreEqual(Object expected, Object actual, String message, Object[] args)
Thread#0:T:   at TRID.StepDefinitions.CardsValidationSteps.ThenUpdatedComputedIn5YearsPrincipalValueShouldDisplayOnLoanEstimate() in F:\Projects\TRID QA\trid-462743\QA\UIAutomation\SpecFramework\StepDefinitions\CardsValidationSteps.cs:line 1468
Thread#0:T:done: CardsValidationSteps.ThenUpdatedComputedIn5YearsPrincipalValueShouldDisplayOnLoanEstimate() (0.2s)
Thread#0:Scheduler: get next test for thread
Thread#:Scheduler: testitem #132 from normal test queue 
Thread#0:Scheduler: considering testitem #132 for thread
Thread#0:Scheduler: using testitem #132 for thread
Thread#0:Scheduler: Test #132 is scheduled for thread
Thread#0:Scheduler: with testItemExecutionIndex 0
Thread#0: Test #131/0 is finished on thread #0 as Succeeded within 37.8271157 seconds
Thread#0: Test #132/0 is started on thread #0
Thread#0:B:Given user is at TRID application homepage
Thread#0:T:done: CardsValidationSteps.GivenUserIsAtTridApplicationHomepage() (1.9s)
Thread#0:B:And user have closing disclosure data from excel sheet ClosingDisclosure for the scenario 117
Thread#0:T:done: CardsValidationSteps.GivenUserHaveClosingDisclosureDataFromExcelSheetForTheScenario("ClosingDisclosure", 117) (1.1s)
Thread#0:B:When user upload json file for the scenario
Thread#0:T:done: CardsValidationSteps.WhenUserUploadJsonFileForTheScenario() (2.0s)
Thread#0:B:And user navigates to Loan Estimate Cards Page
Thread#0:T:done: CardsValidationSteps.WhenUserNavigatesToLoanEstimateCardsPage() (0.3s)
Thread#0:B:Then updated/computed in 5 Years value should display on Loan Estimate
Thread#0:T:NUnit.Framework.AssertionException:   Computed value does not match as expected with the difference of 35619.66
Thread#0:T:  Expected: 0.0d
Thread#0:T:  But was:  35619.660000000003d
Thread#0:T:   at NUnit.Framework.Assert.That[TActual](TActual actual, IResolveConstraint expression, String message, Object[] args)
Thread#0:T:   at NUnit.Framework.Assert.AreEqual(Object expected, Object actual, String message, Object[] args)
Thread#0:T:   at TRID.StepDefinitions.CardsValidationSteps.ThenUpdatedComputedIn5YearsValueShouldDisplayOnLoanEstimate() in F:\Projects\TRID QA\trid-462743\QA\UIAutomation\SpecFramework\StepDefinitions\CardsValidationSteps.cs:line 1419
Thread#0:T:done: CardsValidationSteps.ThenUpdatedComputedIn5YearsValueShouldDisplayOnLoanEstimate() (0.2s)
Thread#0:B:And updated/computed in 5 Years principal value should display on Loan Estimate
Thread#0:T:NUnit.Framework.AssertionException:   Computed value does not match as expected with the difference of 13440.32
Thread#0:T:  Expected: 0.0d
Thread#0:T:  But was:  13440.32d
Thread#0:T:   at NUnit.Framework.Assert.That[TActual](TActual actual, IResolveConstraint expression, String message, Object[] args)
Thread#0:T:   at NUnit.Framework.Assert.AreEqual(Object expected, Object actual, String message, Object[] args)
Thread#0:T:   at TRID.StepDefinitions.CardsValidationSteps.ThenUpdatedComputedIn5YearsPrincipalValueShouldDisplayOnLoanEstimate() in F:\Projects\TRID QA\trid-462743\QA\UIAutomation\SpecFramework\StepDefinitions\CardsValidationSteps.cs:line 1468
Thread#0:T:done: CardsValidationSteps.ThenUpdatedComputedIn5YearsPrincipalValueShouldDisplayOnLoanEstimate() (0.2s)
Thread#0:Scheduler: get next test for thread
Thread#:Scheduler: testitem #133 from normal test queue 
Thread#0:Scheduler: considering testitem #133 for thread
Thread#0:Scheduler: using testitem #133 for thread
Thread#0:Scheduler: Test #133 is scheduled for thread
Thread#0:Scheduler: with testItemExecutionIndex 0
Thread#0: Test #132/0 is finished on thread #0 as Succeeded within 6.1004199 seconds
Thread#0: Test #133/0 is started on thread #0
Thread#0:B:Given user is at TRID application homepage
Thread#0:T:done: CardsValidationSteps.GivenUserIsAtTridApplicationHomepage() (1.2s)
Thread#0:B:And user have closing disclosure data from excel sheet ClosingDisclosure for the scenario 118
Thread#0:T:done: CardsValidationSteps.GivenUserHaveClosingDisclosureDataFromExcelSheetForTheScenario("ClosingDisclosure", 118) (1.1s)
Thread#0:B:When user upload json file for the scenario
Thread#0:T:done: CardsValidationSteps.WhenUserUploadJsonFileForTheScenario() (2.0s)
Thread#0:B:And user navigates to Loan Estimate Cards Page
Thread#0:T:done: CardsValidationSteps.WhenUserNavigatesToLoanEstimateCardsPage() (0.3s)
Thread#0:B:Then updated/computed in 5 Years value should display on Loan Estimate
Thread#0:T:NUnit.Framework.AssertionException:   Computed value does not match as expected with the difference of 35619.66
Thread#0:T:  Expected: 0.0d
Thread#0:T:  But was:  35619.660000000003d
Thread#0:T:   at NUnit.Framework.Assert.That[TActual](TActual actual, IResolveConstraint expression, String message, Object[] args)
Thread#0:T:   at NUnit.Framework.Assert.AreEqual(Object expected, Object actual, String message, Object[] args)
Thread#0:T:   at TRID.StepDefinitions.CardsValidationSteps.ThenUpdatedComputedIn5YearsValueShouldDisplayOnLoanEstimate() in F:\Projects\TRID QA\trid-462743\QA\UIAutomation\SpecFramework\StepDefinitions\CardsValidationSteps.cs:line 1419
Thread#0:T:done: CardsValidationSteps.ThenUpdatedComputedIn5YearsValueShouldDisplayOnLoanEstimate() (0.2s)
Thread#0:B:And updated/computed in 5 Years principal value should display on Loan Estimate
Thread#0:T:NUnit.Framework.AssertionException:   Computed value does not match as expected with the difference of 13440.32
Thread#0:T:  Expected: 0.0d
Thread#0:T:  But was:  13440.32d
Thread#0:T:   at NUnit.Framework.Assert.That[TActual](TActual actual, IResolveConstraint expression, String message, Object[] args)
Thread#0:T:   at NUnit.Framework.Assert.AreEqual(Object expected, Object actual, String message, Object[] args)
Thread#0:T:   at TRID.StepDefinitions.CardsValidationSteps.ThenUpdatedComputedIn5YearsPrincipalValueShouldDisplayOnLoanEstimate() in F:\Projects\TRID QA\trid-462743\QA\UIAutomation\SpecFramework\StepDefinitions\CardsValidationSteps.cs:line 1468
Thread#0:T:done: CardsValidationSteps.ThenUpdatedComputedIn5YearsPrincipalValueShouldDisplayOnLoanEstimate() (0.3s)
Thread#0:Scheduler: get next test for thread
Thread#:Scheduler: testitem #134 from normal test queue 
Thread#0:Scheduler: considering testitem #134 for thread
Thread#0:Scheduler: using testitem #134 for thread
Thread#0:Scheduler: Test #134 is scheduled for thread
Thread#0:Scheduler: with testItemExecutionIndex 0
Thread#0: Test #133/0 is finished on thread #0 as Succeeded within 5.5651082 seconds
Thread#0: Test #134/0 is started on thread #0
Thread#0:B:Given user is at TRID application homepage
Thread#0:T:done: CardsValidationSteps.GivenUserIsAtTridApplicationHomepage() (1.2s)
Thread#0:B:And user have closing disclosure data from excel sheet ClosingDisclosure for the scenario 119
Thread#0:T:done: CardsValidationSteps.GivenUserHaveClosingDisclosureDataFromExcelSheetForTheScenario("ClosingDisclosure", 119) (1.0s)
Thread#0:B:When user upload json file for the scenario
Thread#0:T:done: CardsValidationSteps.WhenUserUploadJsonFileForTheScenario() (2.0s)
Thread#0:B:And user navigates to Loan Estimate Cards Page
Thread#0:T:done: CardsValidationSteps.WhenUserNavigatesToLoanEstimateCardsPage() (0.3s)
Thread#0:B:Then updated/computed in 5 Years value should display on Loan Estimate
Thread#0:T:NUnit.Framework.AssertionException:   Computed value does not match as expected with the difference of 36840.01
Thread#0:T:  Expected: 0.0d
Thread#0:T:  But was:  36840.010000000002d
Thread#0:T:   at NUnit.Framework.Assert.That[TActual](TActual actual, IResolveConstraint expression, String message, Object[] args)
Thread#0:T:   at NUnit.Framework.Assert.AreEqual(Object expected, Object actual, String message, Object[] args)
Thread#0:T:   at TRID.StepDefinitions.CardsValidationSteps.ThenUpdatedComputedIn5YearsValueShouldDisplayOnLoanEstimate() in F:\Projects\TRID QA\trid-462743\QA\UIAutomation\SpecFramework\StepDefinitions\CardsValidationSteps.cs:line 1419
Thread#0:T:done: CardsValidationSteps.ThenUpdatedComputedIn5YearsValueShouldDisplayOnLoanEstimate() (0.2s)
Thread#0:B:And updated/computed in 5 Years principal value should display on Loan Estimate
Thread#0:T:NUnit.Framework.AssertionException:   Computed value does not match as expected with the difference of 12826.63
Thread#0:T:  Expected: 0.0d
Thread#0:T:  But was:  12826.629999999999d
Thread#0:T:   at NUnit.Framework.Assert.That[TActual](TActual actual, IResolveConstraint expression, String message, Object[] args)
Thread#0:T:   at NUnit.Framework.Assert.AreEqual(Object expected, Object actual, String message, Object[] args)
Thread#0:T:   at TRID.StepDefinitions.CardsValidationSteps.ThenUpdatedComputedIn5YearsPrincipalValueShouldDisplayOnLoanEstimate() in F:\Projects\TRID QA\trid-462743\QA\UIAutomation\SpecFramework\StepDefinitions\CardsValidationSteps.cs:line 1468
Thread#0:T:done: CardsValidationSteps.ThenUpdatedComputedIn5YearsPrincipalValueShouldDisplayOnLoanEstimate() (0.2s)
Thread#0:Scheduler: get next test for thread
Thread#:Scheduler: testitem #135 from normal test queue 
Thread#0:Scheduler: considering testitem #135 for thread
Thread#0:Scheduler: using testitem #135 for thread
Thread#0:Scheduler: Test #135 is scheduled for thread
Thread#0:Scheduler: with testItemExecutionIndex 0
Thread#0: Test #134/0 is finished on thread #0 as Succeeded within 5.2587463 seconds
Thread#0: Test #135/0 is started on thread #0
Thread#0:B:Given user is at TRID application homepage
Thread#0:T:done: CardsValidationSteps.GivenUserIsAtTridApplicationHomepage() (1.2s)
Thread#0:B:And user have closing disclosure data from excel sheet ClosingDisclosure for the scenario 120
Thread#0:T:done: CardsValidationSteps.GivenUserHaveClosingDisclosureDataFromExcelSheetForTheScenario("ClosingDisclosure", 120) (1.0s)
Thread#0:B:When user upload json file for the scenario
Thread#0:T:done: CardsValidationSteps.WhenUserUploadJsonFileForTheScenario() (2.0s)
Thread#0:B:And user navigates to Loan Estimate Cards Page
Thread#0:T:done: CardsValidationSteps.WhenUserNavigatesToLoanEstimateCardsPage() (0.4s)
Thread#0:B:Then updated/computed in 5 Years value should display on Loan Estimate
Thread#0:T:NUnit.Framework.AssertionException:   Computed value does not match as expected with the difference of 41292.46
Thread#0:T:  Expected: 0.0d
Thread#0:T:  But was:  41292.459999999999d
Thread#0:T:   at NUnit.Framework.Assert.That[TActual](TActual actual, IResolveConstraint expression, String message, Object[] args)
Thread#0:T:   at NUnit.Framework.Assert.AreEqual(Object expected, Object actual, String message, Object[] args)
Thread#0:T:   at TRID.StepDefinitions.CardsValidationSteps.ThenUpdatedComputedIn5YearsValueShouldDisplayOnLoanEstimate() in F:\Projects\TRID QA\trid-462743\QA\UIAutomation\SpecFramework\StepDefinitions\CardsValidationSteps.cs:line 1419
Thread#0:T:done: CardsValidationSteps.ThenUpdatedComputedIn5YearsValueShouldDisplayOnLoanEstimate() (0.2s)
Thread#0:B:And updated/computed in 5 Years principal value should display on Loan Estimate
Thread#0:T:NUnit.Framework.AssertionException:   Computed value does not match as expected with the difference of 11123.49
Thread#0:T:  Expected: 0.0d
Thread#0:T:  But was:  11123.49d
Thread#0:T:   at NUnit.Framework.Assert.That[TActual](TActual actual, IResolveConstraint expression, String message, Object[] args)
Thread#0:T:   at NUnit.Framework.Assert.AreEqual(Object expected, Object actual, String message, Object[] args)
Thread#0:T:   at TRID.StepDefinitions.CardsValidationSteps.ThenUpdatedComputedIn5YearsPrincipalValueShouldDisplayOnLoanEstimate() in F:\Projects\TRID QA\trid-462743\QA\UIAutomation\SpecFramework\StepDefinitions\CardsValidationSteps.cs:line 1468
Thread#0:T:done: CardsValidationSteps.ThenUpdatedComputedIn5YearsPrincipalValueShouldDisplayOnLoanEstimate() (0.2s)
Thread#0:Scheduler: get next test for thread
Thread#:Scheduler: testitem #136 from normal test queue 
Thread#0:Scheduler: considering testitem #136 for thread
Thread#0:Scheduler: using testitem #136 for thread
Thread#0:Scheduler: Test #136 is scheduled for thread
Thread#0:Scheduler: with testItemExecutionIndex 0
Thread#0: Test #135/0 is finished on thread #0 as Succeeded within 5.2526407 seconds
Thread#0: Test #136/0 is started on thread #0
Thread#0:B:Given user is at TRID application homepage
Thread#0:T:done: CardsValidationSteps.GivenUserIsAtTridApplicationHomepage() (1.3s)
Thread#0:B:And user have closing disclosure data from excel sheet ClosingDisclosure for the scenario 121
Thread#0:T:done: CardsValidationSteps.GivenUserHaveClosingDisclosureDataFromExcelSheetForTheScenario("ClosingDisclosure", 121) (0.9s)
Thread#0:B:When user upload json file for the scenario
Thread#0:T:done: CardsValidationSteps.WhenUserUploadJsonFileForTheScenario() (2.0s)
Thread#0:B:And user navigates to Loan Estimate Cards Page
Thread#0:T:done: CardsValidationSteps.WhenUserNavigatesToLoanEstimateCardsPage() (0.4s)
Thread#0:B:Then updated/computed in 5 Years value should display on Loan Estimate
Thread#0:T:NUnit.Framework.AssertionException:   Computed value does not match as expected with the difference of 36840.01
Thread#0:T:  Expected: 0.0d
Thread#0:T:  But was:  36840.010000000002d
Thread#0:T:   at NUnit.Framework.Assert.That[TActual](TActual actual, IResolveConstraint expression, String message, Object[] args)
Thread#0:T:   at NUnit.Framework.Assert.AreEqual(Object expected, Object actual, String message, Object[] args)
Thread#0:T:   at TRID.StepDefinitions.CardsValidationSteps.ThenUpdatedComputedIn5YearsValueShouldDisplayOnLoanEstimate() in F:\Projects\TRID QA\trid-462743\QA\UIAutomation\SpecFramework\StepDefinitions\CardsValidationSteps.cs:line 1419
Thread#0:T:done: CardsValidationSteps.ThenUpdatedComputedIn5YearsValueShouldDisplayOnLoanEstimate() (0.2s)
Thread#0:B:And updated/computed in 5 Years principal value should display on Loan Estimate
Thread#0:T:NUnit.Framework.AssertionException:   Computed value does not match as expected with the difference of 12826.63
Thread#0:T:  Expected: 0.0d
Thread#0:T:  But was:  12826.629999999999d
Thread#0:T:   at NUnit.Framework.Assert.That[TActual](TActual actual, IResolveConstraint expression, String message, Object[] args)
Thread#0:T:   at NUnit.Framework.Assert.AreEqual(Object expected, Object actual, String message, Object[] args)
Thread#0:T:   at TRID.StepDefinitions.CardsValidationSteps.ThenUpdatedComputedIn5YearsPrincipalValueShouldDisplayOnLoanEstimate() in F:\Projects\TRID QA\trid-462743\QA\UIAutomation\SpecFramework\StepDefinitions\CardsValidationSteps.cs:line 1468
Thread#0:T:done: CardsValidationSteps.ThenUpdatedComputedIn5YearsPrincipalValueShouldDisplayOnLoanEstimate() (0.2s)
Thread#0:Scheduler: get next test for thread
Thread#:Scheduler: testitem #137 from normal test queue 
Thread#0:Scheduler: considering testitem #137 for thread
Thread#0:Scheduler: using testitem #137 for thread
Thread#0:Scheduler: Test #137 is scheduled for thread
Thread#0:Scheduler: with testItemExecutionIndex 0
Thread#0: Test #136/0 is finished on thread #0 as Succeeded within 5.282131 seconds
Thread#0: Test #137/0 is started on thread #0
Thread#0:B:Given user is at TRID application homepage
Thread#0:T:done: CardsValidationSteps.GivenUserIsAtTridApplicationHomepage() (1.2s)
Thread#0:B:And user have closing disclosure data from excel sheet ClosingDisclosure for the scenario 122
Thread#0:T:done: CardsValidationSteps.GivenUserHaveClosingDisclosureDataFromExcelSheetForTheScenario("ClosingDisclosure", 122) (1.0s)
Thread#0:B:When user upload json file for the scenario
Thread#0:T:done: CardsValidationSteps.WhenUserUploadJsonFileForTheScenario() (1.9s)
Thread#0:B:And user navigates to Loan Estimate Cards Page
Thread#0:T:done: CardsValidationSteps.WhenUserNavigatesToLoanEstimateCardsPage() (0.5s)
Thread#0:B:Then updated/computed in 5 Years value should display on Loan Estimate
Thread#0:T:NUnit.Framework.AssertionException:   Computed value does not match as expected with the difference of 36400.89
Thread#0:T:  Expected: 0.0d
Thread#0:T:  But was:  36400.889999999999d
Thread#0:T:   at NUnit.Framework.Assert.That[TActual](TActual actual, IResolveConstraint expression, String message, Object[] args)
Thread#0:T:   at NUnit.Framework.Assert.AreEqual(Object expected, Object actual, String message, Object[] args)
Thread#0:T:   at TRID.StepDefinitions.CardsValidationSteps.ThenUpdatedComputedIn5YearsValueShouldDisplayOnLoanEstimate() in F:\Projects\TRID QA\trid-462743\QA\UIAutomation\SpecFramework\StepDefinitions\CardsValidationSteps.cs:line 1419
Thread#0:T:done: CardsValidationSteps.ThenUpdatedComputedIn5YearsValueShouldDisplayOnLoanEstimate() (0.2s)
Thread#0:B:And updated/computed in 5 Years principal value should display on Loan Estimate
Thread#0:T:NUnit.Framework.AssertionException:   Computed value does not match as expected with the difference of 12998.68
Thread#0:T:  Expected: 0.0d
Thread#0:T:  But was:  12998.68d
Thread#0:T:   at NUnit.Framework.Assert.That[TActual](TActual actual, IResolveConstraint expression, String message, Object[] args)
Thread#0:T:   at NUnit.Framework.Assert.AreEqual(Object expected, Object actual, String message, Object[] args)
Thread#0:T:   at TRID.StepDefinitions.CardsValidationSteps.ThenUpdatedComputedIn5YearsPrincipalValueShouldDisplayOnLoanEstimate() in F:\Projects\TRID QA\trid-462743\QA\UIAutomation\SpecFramework\StepDefinitions\CardsValidationSteps.cs:line 1468
Thread#0:T:done: CardsValidationSteps.ThenUpdatedComputedIn5YearsPrincipalValueShouldDisplayOnLoanEstimate() (0.2s)
Thread#0:Scheduler: get next test for thread
Thread#:Scheduler: testitem #138 from normal test queue 
Thread#0:Scheduler: considering testitem #138 for thread
Thread#0:Scheduler: using testitem #138 for thread
Thread#0:Scheduler: Test #138 is scheduled for thread
Thread#0:Scheduler: with testItemExecutionIndex 0
Thread#0: Test #137/0 is finished on thread #0 as Succeeded within 5.2859066 seconds
Thread#0: Test #138/0 is started on thread #0
Thread#0:B:Given user is at TRID application homepage
Thread#0:T:done: CardsValidationSteps.GivenUserIsAtTridApplicationHomepage() (1.2s)
Thread#0:B:And user have closing disclosure data from excel sheet ClosingDisclosure for the scenario 123
Thread#0:T:done: CardsValidationSteps.GivenUserHaveClosingDisclosureDataFromExcelSheetForTheScenario("ClosingDisclosure", 123) (0.9s)
Thread#0:B:When user upload json file for the scenario
Thread#0:T:done: CardsValidationSteps.WhenUserUploadJsonFileForTheScenario() (1.9s)
Thread#0:B:And user navigates to Loan Estimate Cards Page
Thread#0:T:done: CardsValidationSteps.WhenUserNavigatesToLoanEstimateCardsPage() (0.4s)
Thread#0:B:Then updated/computed in 5 Years value should display on Loan Estimate
Thread#0:T:NUnit.Framework.AssertionException:   Computed value does not match as expected with the difference of 36400.89
Thread#0:T:  Expected: 0.0d
Thread#0:T:  But was:  36400.889999999999d
Thread#0:T:   at NUnit.Framework.Assert.That[TActual](TActual actual, IResolveConstraint expression, String message, Object[] args)
Thread#0:T:   at NUnit.Framework.Assert.AreEqual(Object expected, Object actual, String message, Object[] args)
Thread#0:T:   at TRID.StepDefinitions.CardsValidationSteps.ThenUpdatedComputedIn5YearsValueShouldDisplayOnLoanEstimate() in F:\Projects\TRID QA\trid-462743\QA\UIAutomation\SpecFramework\StepDefinitions\CardsValidationSteps.cs:line 1419
Thread#0:T:done: CardsValidationSteps.ThenUpdatedComputedIn5YearsValueShouldDisplayOnLoanEstimate() (0.2s)
Thread#0:B:And updated/computed in 5 Years principal value should display on Loan Estimate
Thread#0:T:NUnit.Framework.AssertionException:   Computed value does not match as expected with the difference of 12998.68
Thread#0:T:  Expected: 0.0d
Thread#0:T:  But was:  12998.68d
Thread#0:T:   at NUnit.Framework.Assert.That[TActual](TActual actual, IResolveConstraint expression, String message, Object[] args)
Thread#0:T:   at NUnit.Framework.Assert.AreEqual(Object expected, Object actual, String message, Object[] args)
Thread#0:T:   at TRID.StepDefinitions.CardsValidationSteps.ThenUpdatedComputedIn5YearsPrincipalValueShouldDisplayOnLoanEstimate() in F:\Projects\TRID QA\trid-462743\QA\UIAutomation\SpecFramework\StepDefinitions\CardsValidationSteps.cs:line 1468
Thread#0:T:done: CardsValidationSteps.ThenUpdatedComputedIn5YearsPrincipalValueShouldDisplayOnLoanEstimate() (0.2s)
Thread#0:Scheduler: get next test for thread
Thread#:Scheduler: testitem #139 from normal test queue 
Thread#0:Scheduler: considering testitem #139 for thread
Thread#0:Scheduler: using testitem #139 for thread
Thread#0:Scheduler: Test #139 is scheduled for thread
Thread#0:Scheduler: with testItemExecutionIndex 0
Thread#0: Test #138/0 is finished on thread #0 as Succeeded within 5.1999252 seconds
Thread#0: Test #139/0 is started on thread #0
Thread#0:B:Given user is at TRID application homepage
Thread#0:T:done: CardsValidationSteps.GivenUserIsAtTridApplicationHomepage() (1.2s)
Thread#0:B:And user have closing disclosure data from excel sheet ClosingDisclosure for the scenario 124
Thread#0:T:done: CardsValidationSteps.GivenUserHaveClosingDisclosureDataFromExcelSheetForTheScenario("ClosingDisclosure", 124) (1.0s)
Thread#0:B:When user upload json file for the scenario
Thread#0:T:done: CardsValidationSteps.WhenUserUploadJsonFileForTheScenario() (2.0s)
Thread#0:B:And user navigates to Loan Estimate Cards Page
Thread#0:T:done: CardsValidationSteps.WhenUserNavigatesToLoanEstimateCardsPage() (0.4s)
Thread#0:B:Then updated/computed in 5 Years value should display on Loan Estimate
Thread#0:T:NUnit.Framework.AssertionException:   Computed value does not match as expected with the difference of 36400.89
Thread#0:T:  Expected: 0.0d
Thread#0:T:  But was:  36400.889999999999d
Thread#0:T:   at NUnit.Framework.Assert.That[TActual](TActual actual, IResolveConstraint expression, String message, Object[] args)
Thread#0:T:   at NUnit.Framework.Assert.AreEqual(Object expected, Object actual, String message, Object[] args)
Thread#0:T:   at TRID.StepDefinitions.CardsValidationSteps.ThenUpdatedComputedIn5YearsValueShouldDisplayOnLoanEstimate() in F:\Projects\TRID QA\trid-462743\QA\UIAutomation\SpecFramework\StepDefinitions\CardsValidationSteps.cs:line 1419
Thread#0:T:done: CardsValidationSteps.ThenUpdatedComputedIn5YearsValueShouldDisplayOnLoanEstimate() (0.2s)
Thread#0:B:And updated/computed in 5 Years principal value should display on Loan Estimate
Thread#0:T:NUnit.Framework.AssertionException:   Computed value does not match as expected with the difference of 12998.68
Thread#0:T:  Expected: 0.0d
Thread#0:T:  But was:  12998.68d
Thread#0:T:   at NUnit.Framework.Assert.That[TActual](TActual actual, IResolveConstraint expression, String message, Object[] args)
Thread#0:T:   at NUnit.Framework.Assert.AreEqual(Object expected, Object actual, String message, Object[] args)
Thread#0:T:   at TRID.StepDefinitions.CardsValidationSteps.ThenUpdatedComputedIn5YearsPrincipalValueShouldDisplayOnLoanEstimate() in F:\Projects\TRID QA\trid-462743\QA\UIAutomation\SpecFramework\StepDefinitions\CardsValidationSteps.cs:line 1468
Thread#0:T:done: CardsValidationSteps.ThenUpdatedComputedIn5YearsPrincipalValueShouldDisplayOnLoanEstimate() (0.2s)
Thread#0:Scheduler: get next test for thread
Thread#:Scheduler: testitem #140 from normal test queue 
Thread#0:Scheduler: considering testitem #140 for thread
Thread#0:Scheduler: using testitem #140 for thread
Thread#0:Scheduler: Test #140 is scheduled for thread
Thread#0:Scheduler: with testItemExecutionIndex 0
Thread#0: Test #139/0 is finished on thread #0 as Succeeded within 5.2298103 seconds
Thread#0: Test #140/0 is started on thread #0
Thread#0:B:Given user is at TRID application homepage
Thread#0:T:done: CardsValidationSteps.GivenUserIsAtTridApplicationHomepage() (1.2s)
Thread#0:B:And user have closing disclosure data from excel sheet ClosingDisclosure for the scenario 125
Thread#0:T:done: CardsValidationSteps.GivenUserHaveClosingDisclosureDataFromExcelSheetForTheScenario("ClosingDisclosure", 125) (1.0s)
Thread#0:B:When user upload json file for the scenario
Thread#0:T:done: CardsValidationSteps.WhenUserUploadJsonFileForTheScenario() (1.9s)
Thread#0:B:And user navigates to Loan Estimate Cards Page
Thread#0:T:done: CardsValidationSteps.WhenUserNavigatesToLoanEstimateCardsPage() (0.4s)
Thread#0:B:Then updated/computed in 5 Years value should display on Loan Estimate
Thread#0:T:NUnit.Framework.AssertionException:   Computed value does not match as expected with the difference of 35619.66
Thread#0:T:  Expected: 0.0d
Thread#0:T:  But was:  35619.660000000003d
Thread#0:T:   at NUnit.Framework.Assert.That[TActual](TActual actual, IResolveConstraint expression, String message, Object[] args)
Thread#0:T:   at NUnit.Framework.Assert.AreEqual(Object expected, Object actual, String message, Object[] args)
Thread#0:T:   at TRID.StepDefinitions.CardsValidationSteps.ThenUpdatedComputedIn5YearsValueShouldDisplayOnLoanEstimate() in F:\Projects\TRID QA\trid-462743\QA\UIAutomation\SpecFramework\StepDefinitions\CardsValidationSteps.cs:line 1419
Thread#0:T:done: CardsValidationSteps.ThenUpdatedComputedIn5YearsValueShouldDisplayOnLoanEstimate() (0.2s)
Thread#0:B:And updated/computed in 5 Years principal value should display on Loan Estimate
Thread#0:T:NUnit.Framework.AssertionException:   Computed value does not match as expected with the difference of 13440.32
Thread#0:T:  Expected: 0.0d
Thread#0:T:  But was:  13440.32d
Thread#0:T:   at NUnit.Framework.Assert.That[TActual](TActual actual, IResolveConstraint expression, String message, Object[] args)
Thread#0:T:   at NUnit.Framework.Assert.AreEqual(Object expected, Object actual, String message, Object[] args)
Thread#0:T:   at TRID.StepDefinitions.CardsValidationSteps.ThenUpdatedComputedIn5YearsPrincipalValueShouldDisplayOnLoanEstimate() in F:\Projects\TRID QA\trid-462743\QA\UIAutomation\SpecFramework\StepDefinitions\CardsValidationSteps.cs:line 1468
Thread#0:T:done: CardsValidationSteps.ThenUpdatedComputedIn5YearsPrincipalValueShouldDisplayOnLoanEstimate() (0.2s)
Thread#0:Scheduler: get next test for thread
Thread#:Scheduler: at the end of normal test queue
Thread#0:Scheduler: enumerator for thread is at end
Thread#0:Scheduler: No more tests for thread 
Thread#0:T:##########################################################
Thread#0:T:##########################################################
Thread#0:T:====================================================================================
Thread#0:T:Scenario Number : 147
Thread#0:T:The total number of cards Failue: 20
Thread#0:T:Name of cards Failed: || In5Years || : NUnit.Framework.AssertionException:   Computed value does not match as expected with the difference of 35619.66
Thread#0:T:  Expected: 0.0d
Thread#0:T:  But was:  35619.660000000003d
Thread#0:T:   at NUnit.Framework.Assert.That[TActual](TActual actual, IResolveConstraint expression, String message, Object[] args)
Thread#0:T:   at NUnit.Framework.Assert.AreEqual(Object expected, Object actual, String message, Object[] args)
Thread#0:T:   at TRID.StepDefinitions.CardsValidationSteps.ThenUpdatedComputedIn5YearsValueShouldDisplayOnLoanEstimate() in F:\Projects\TRID QA\trid-462743\QA\UIAutomation\SpecFramework\StepDefinitions\CardsValidationSteps.cs:line 1419 
Thread#0:T: ====================================================================================
Thread#0:T:|| In5YearsPrincipal || : NUnit.Framework.AssertionException:   Computed value does not match as expected with the difference of 13440.32
Thread#0:T:  Expected: 0.0d
Thread#0:T:  But was:  13440.32d
Thread#0:T:   at NUnit.Framework.Assert.That[TActual](TActual actual, IResolveConstraint expression, String message, Object[] args)
Thread#0:T:   at NUnit.Framework.Assert.AreEqual(Object expected, Object actual, String message, Object[] args)
Thread#0:T:   at TRID.StepDefinitions.CardsValidationSteps.ThenUpdatedComputedIn5YearsPrincipalValueShouldDisplayOnLoanEstimate() in F:\Projects\TRID QA\trid-462743\QA\UIAutomation\SpecFramework\StepDefinitions\CardsValidationSteps.cs:line 1468 
Thread#0:T: ====================================================================================
Thread#0:T:|| In5Years || : NUnit.Framework.AssertionException:   Computed value does not match as expected with the difference of 35619.66
Thread#0:T:  Expected: 0.0d
Thread#0:T:  But was:  35619.660000000003d
Thread#0:T:   at NUnit.Framework.Assert.That[TActual](TActual actual, IResolveConstraint expression, String message, Object[] args)
Thread#0:T:   at NUnit.Framework.Assert.AreEqual(Object expected, Object actual, String message, Object[] args)
Thread#0:T:   at TRID.StepDefinitions.CardsValidationSteps.ThenUpdatedComputedIn5YearsValueShouldDisplayOnLoanEstimate() in F:\Projects\TRID QA\trid-462743\QA\UIAutomation\SpecFramework\StepDefinitions\CardsValidationSteps.cs:line 1419 
Thread#0:T: ====================================================================================
Thread#0:T:|| In5YearsPrincipal || : NUnit.Framework.AssertionException:   Computed value does not match as expected with the difference of 13440.32
Thread#0:T:  Expected: 0.0d
Thread#0:T:  But was:  13440.32d
Thread#0:T:   at NUnit.Framework.Assert.That[TActual](TActual actual, IResolveConstraint expression, String message, Object[] args)
Thread#0:T:   at NUnit.Framework.Assert.AreEqual(Object expected, Object actual, String message, Object[] args)
Thread#0:T:   at TRID.StepDefinitions.CardsValidationSteps.ThenUpdatedComputedIn5YearsPrincipalValueShouldDisplayOnLoanEstimate() in F:\Projects\TRID QA\trid-462743\QA\UIAutomation\SpecFramework\StepDefinitions\CardsValidationSteps.cs:line 1468 
Thread#0:T: ====================================================================================
Thread#0:T:|| In5Years || : NUnit.Framework.AssertionException:   Computed value does not match as expected with the difference of 35619.66
Thread#0:T:  Expected: 0.0d
Thread#0:T:  But was:  35619.660000000003d
Thread#0:T:   at NUnit.Framework.Assert.That[TActual](TActual actual, IResolveConstraint expression, String message, Object[] args)
Thread#0:T:   at NUnit.Framework.Assert.AreEqual(Object expected, Object actual, String message, Object[] args)
Thread#0:T:   at TRID.StepDefinitions.CardsValidationSteps.ThenUpdatedComputedIn5YearsValueShouldDisplayOnLoanEstimate() in F:\Projects\TRID QA\trid-462743\QA\UIAutomation\SpecFramework\StepDefinitions\CardsValidationSteps.cs:line 1419 
Thread#0:T: ====================================================================================
Thread#0:T:|| In5YearsPrincipal || : NUnit.Framework.AssertionException:   Computed value does not match as expected with the difference of 13440.32
Thread#0:T:  Expected: 0.0d
Thread#0:T:  But was:  13440.32d
Thread#0:T:   at NUnit.Framework.Assert.That[TActual](TActual actual, IResolveConstraint expression, String message, Object[] args)
Thread#0:T:   at NUnit.Framework.Assert.AreEqual(Object expected, Object actual, String message, Object[] args)
Thread#0:T:   at TRID.StepDefinitions.CardsValidationSteps.ThenUpdatedComputedIn5YearsPrincipalValueShouldDisplayOnLoanEstimate() in F:\Projects\TRID QA\trid-462743\QA\UIAutomation\SpecFramework\StepDefinitions\CardsValidationSteps.cs:line 1468 
Thread#0:T: ====================================================================================
Thread#0:T:|| In5Years || : NUnit.Framework.AssertionException:   Computed value does not match as expected with the difference of 36840.01
Thread#0:T:  Expected: 0.0d
Thread#0:T:  But was:  36840.010000000002d
Thread#0:T:   at NUnit.Framework.Assert.That[TActual](TActual actual, IResolveConstraint expression, String message, Object[] args)
Thread#0:T:   at NUnit.Framework.Assert.AreEqual(Object expected, Object actual, String message, Object[] args)
Thread#0:T:   at TRID.StepDefinitions.CardsValidationSteps.ThenUpdatedComputedIn5YearsValueShouldDisplayOnLoanEstimate() in F:\Projects\TRID QA\trid-462743\QA\UIAutomation\SpecFramework\StepDefinitions\CardsValidationSteps.cs:line 1419 
Thread#0:T: ====================================================================================
Thread#0:T:|| In5YearsPrincipal || : NUnit.Framework.AssertionException:   Computed value does not match as expected with the difference of 12826.63
Thread#0:T:  Expected: 0.0d
Thread#0:T:  But was:  12826.629999999999d
Thread#0:T:   at NUnit.Framework.Assert.That[TActual](TActual actual, IResolveConstraint expression, String message, Object[] args)
Thread#0:T:   at NUnit.Framework.Assert.AreEqual(Object expected, Object actual, String message, Object[] args)
Thread#0:T:   at TRID.StepDefinitions.CardsValidationSteps.ThenUpdatedComputedIn5YearsPrincipalValueShouldDisplayOnLoanEstimate() in F:\Projects\TRID QA\trid-462743\QA\UIAutomation\SpecFramework\StepDefinitions\CardsValidationSteps.cs:line 1468 
Thread#0:T: ====================================================================================
Thread#0:T:|| In5Years || : NUnit.Framework.AssertionException:   Computed value does not match as expected with the difference of 41292.46
Thread#0:T:  Expected: 0.0d
Thread#0:T:  But was:  41292.459999999999d
Thread#0:T:   at NUnit.Framework.Assert.That[TActual](TActual actual, IResolveConstraint expression, String message, Object[] args)
Thread#0:T:   at NUnit.Framework.Assert.AreEqual(Object expected, Object actual, String message, Object[] args)
Thread#0:T:   at TRID.StepDefinitions.CardsValidationSteps.ThenUpdatedComputedIn5YearsValueShouldDisplayOnLoanEstimate() in F:\Projects\TRID QA\trid-462743\QA\UIAutomation\SpecFramework\StepDefinitions\CardsValidationSteps.cs:line 1419 
Thread#0:T: ====================================================================================
Thread#0:T:|| In5YearsPrincipal || : NUnit.Framework.AssertionException:   Computed value does not match as expected with the difference of 11123.49
Thread#0:T:  Expected: 0.0d
Thread#0:T:  But was:  11123.49d
Thread#0:T:   at NUnit.Framework.Assert.That[TActual](TActual actual, IResolveConstraint expression, String message, Object[] args)
Thread#0:T:   at NUnit.Framework.Assert.AreEqual(Object expected, Object actual, String message, Object[] args)
Thread#0:T:   at TRID.StepDefinitions.CardsValidationSteps.ThenUpdatedComputedIn5YearsPrincipalValueShouldDisplayOnLoanEstimate() in F:\Projects\TRID QA\trid-462743\QA\UIAutomation\SpecFramework\StepDefinitions\CardsValidationSteps.cs:line 1468 
Thread#0:T: ====================================================================================
Thread#0:T:|| In5Years || : NUnit.Framework.AssertionException:   Computed value does not match as expected with the difference of 36840.01
Thread#0:T:  Expected: 0.0d
Thread#0:T:  But was:  36840.010000000002d
Thread#0:T:   at NUnit.Framework.Assert.That[TActual](TActual actual, IResolveConstraint expression, String message, Object[] args)
Thread#0:T:   at NUnit.Framework.Assert.AreEqual(Object expected, Object actual, String message, Object[] args)
Thread#0:T:   at TRID.StepDefinitions.CardsValidationSteps.ThenUpdatedComputedIn5YearsValueShouldDisplayOnLoanEstimate() in F:\Projects\TRID QA\trid-462743\QA\UIAutomation\SpecFramework\StepDefinitions\CardsValidationSteps.cs:line 1419 
Thread#0:T: ====================================================================================
Thread#0:T:|| In5YearsPrincipal || : NUnit.Framework.AssertionException:   Computed value does not match as expected with the difference of 12826.63
Thread#0:T:  Expected: 0.0d
Thread#0:T:  But was:  12826.629999999999d
Thread#0:T:   at NUnit.Framework.Assert.That[TActual](TActual actual, IResolveConstraint expression, String message, Object[] args)
Thread#0:T:   at NUnit.Framework.Assert.AreEqual(Object expected, Object actual, String message, Object[] args)
Thread#0:T:   at TRID.StepDefinitions.CardsValidationSteps.ThenUpdatedComputedIn5YearsPrincipalValueShouldDisplayOnLoanEstimate() in F:\Projects\TRID QA\trid-462743\QA\UIAutomation\SpecFramework\StepDefinitions\CardsValidationSteps.cs:line 1468 
Thread#0:T: ====================================================================================
Thread#0:T:|| In5Years || : NUnit.Framework.AssertionException:   Computed value does not match as expected with the difference of 36400.89
Thread#0:T:  Expected: 0.0d
Thread#0:T:  But was:  36400.889999999999d
Thread#0:T:   at NUnit.Framework.Assert.That[TActual](TActual actual, IResolveConstraint expression, String message, Object[] args)
Thread#0:T:   at NUnit.Framework.Assert.AreEqual(Object expected, Object actual, String message, Object[] args)
Thread#0:T:   at TRID.StepDefinitions.CardsValidationSteps.ThenUpdatedComputedIn5YearsValueShouldDisplayOnLoanEstimate() in F:\Projects\TRID QA\trid-462743\QA\UIAutomation\SpecFramework\StepDefinitions\CardsValidationSteps.cs:line 1419 
Thread#0:T: ====================================================================================
Thread#0:T:|| In5YearsPrincipal || : NUnit.Framework.AssertionException:   Computed value does not match as expected with the difference of 12998.68
Thread#0:T:  Expected: 0.0d
Thread#0:T:  But was:  12998.68d
Thread#0:T:   at NUnit.Framework.Assert.That[TActual](TActual actual, IResolveConstraint expression, String message, Object[] args)
Thread#0:T:   at NUnit.Framework.Assert.AreEqual(Object expected, Object actual, String message, Object[] args)
Thread#0:T:   at TRID.StepDefinitions.CardsValidationSteps.ThenUpdatedComputedIn5YearsPrincipalValueShouldDisplayOnLoanEstimate() in F:\Projects\TRID QA\trid-462743\QA\UIAutomation\SpecFramework\StepDefinitions\CardsValidationSteps.cs:line 1468 
Thread#0:T: ====================================================================================
Thread#0:T:|| In5Years || : NUnit.Framework.AssertionException:   Computed value does not match as expected with the difference of 36400.89
Thread#0:T:  Expected: 0.0d
Thread#0:T:  But was:  36400.889999999999d
Thread#0:T:   at NUnit.Framework.Assert.That[TActual](TActual actual, IResolveConstraint expression, String message, Object[] args)
Thread#0:T:   at NUnit.Framework.Assert.AreEqual(Object expected, Object actual, String message, Object[] args)
Thread#0:T:   at TRID.StepDefinitions.CardsValidationSteps.ThenUpdatedComputedIn5YearsValueShouldDisplayOnLoanEstimate() in F:\Projects\TRID QA\trid-462743\QA\UIAutomation\SpecFramework\StepDefinitions\CardsValidationSteps.cs:line 1419 
Thread#0:T: ====================================================================================
Thread#0:T:|| In5YearsPrincipal || : NUnit.Framework.AssertionException:   Computed value does not match as expected with the difference of 12998.68
Thread#0:T:  Expected: 0.0d
Thread#0:T:  But was:  12998.68d
Thread#0:T:   at NUnit.Framework.Assert.That[TActual](TActual actual, IResolveConstraint expression, String message, Object[] args)
Thread#0:T:   at NUnit.Framework.Assert.AreEqual(Object expected, Object actual, String message, Object[] args)
Thread#0:T:   at TRID.StepDefinitions.CardsValidationSteps.ThenUpdatedComputedIn5YearsPrincipalValueShouldDisplayOnLoanEstimate() in F:\Projects\TRID QA\trid-462743\QA\UIAutomation\SpecFramework\StepDefinitions\CardsValidationSteps.cs:line 1468 
Thread#0:T: ====================================================================================
Thread#0:T:|| In5Years || : NUnit.Framework.AssertionException:   Computed value does not match as expected with the difference of 36400.89
Thread#0:T:  Expected: 0.0d
Thread#0:T:  But was:  36400.889999999999d
Thread#0:T:   at NUnit.Framework.Assert.That[TActual](TActual actual, IResolveConstraint expression, String message, Object[] args)
Thread#0:T:   at NUnit.Framework.Assert.AreEqual(Object expected, Object actual, String message, Object[] args)
Thread#0:T:   at TRID.StepDefinitions.CardsValidationSteps.ThenUpdatedComputedIn5YearsValueShouldDisplayOnLoanEstimate() in F:\Projects\TRID QA\trid-462743\QA\UIAutomation\SpecFramework\StepDefinitions\CardsValidationSteps.cs:line 1419 
Thread#0:T: ====================================================================================
Thread#0:T:|| In5YearsPrincipal || : NUnit.Framework.AssertionException:   Computed value does not match as expected with the difference of 12998.68
Thread#0:T:  Expected: 0.0d
Thread#0:T:  But was:  12998.68d
Thread#0:T:   at NUnit.Framework.Assert.That[TActual](TActual actual, IResolveConstraint expression, String message, Object[] args)
Thread#0:T:   at NUnit.Framework.Assert.AreEqual(Object expected, Object actual, String message, Object[] args)
Thread#0:T:   at TRID.StepDefinitions.CardsValidationSteps.ThenUpdatedComputedIn5YearsPrincipalValueShouldDisplayOnLoanEstimate() in F:\Projects\TRID QA\trid-462743\QA\UIAutomation\SpecFramework\StepDefinitions\CardsValidationSteps.cs:line 1468 
Thread#0:T: ====================================================================================
Thread#0:T:|| In5Years || : NUnit.Framework.AssertionException:   Computed value does not match as expected with the difference of 35619.66
Thread#0:T:  Expected: 0.0d
Thread#0:T:  But was:  35619.660000000003d
Thread#0:T:   at NUnit.Framework.Assert.That[TActual](TActual actual, IResolveConstraint expression, String message, Object[] args)
Thread#0:T:   at NUnit.Framework.Assert.AreEqual(Object expected, Object actual, String message, Object[] args)
Thread#0:T:   at TRID.StepDefinitions.CardsValidationSteps.ThenUpdatedComputedIn5YearsValueShouldDisplayOnLoanEstimate() in F:\Projects\TRID QA\trid-462743\QA\UIAutomation\SpecFramework\StepDefinitions\CardsValidationSteps.cs:line 1419 
Thread#0:T: ====================================================================================
Thread#0:T:|| In5YearsPrincipal || : NUnit.Framework.AssertionException:   Computed value does not match as expected with the difference of 13440.32
Thread#0:T:  Expected: 0.0d
Thread#0:T:  But was:  13440.32d
Thread#0:T:   at NUnit.Framework.Assert.That[TActual](TActual actual, IResolveConstraint expression, String message, Object[] args)
Thread#0:T:   at NUnit.Framework.Assert.AreEqual(Object expected, Object actual, String message, Object[] args)
Thread#0:T:   at TRID.StepDefinitions.CardsValidationSteps.ThenUpdatedComputedIn5YearsPrincipalValueShouldDisplayOnLoanEstimate() in F:\Projects\TRID QA\trid-462743\QA\UIAutomation\SpecFramework\StepDefinitions\CardsValidationSteps.cs:line 1468 
Thread#0:T: ====================================================================================
Thread#0:T:====================================================================================
Thread#0:T:##########################################################
Thread#0:T:##########################################################
Thread#0: Test #140/0 is finished on thread #0 as CleanupFailed within 16.7063874 seconds
Appdomain Disposed
Thread#-1:Scheduler: get next test for thread
Thread#:Scheduler: at the end of normal test queue
Thread#-1:Scheduler: enumerator for thread is at end
Total: 10
Succeeded: 9
Ignored: 0
Pending: 0
Skipped: 0
Failed: 1
